#! /c/Source/iverilog-install/bin/vvp
:ivl_version "12.0 (devel)" "(s20150603-1539-g2693dd32b)";
:ivl_delay_selection "TYPICAL";
:vpi_time_precision - 12;
:vpi_module "C:\iverilog\lib\ivl\system.vpi";
:vpi_module "C:\iverilog\lib\ivl\vhdl_sys.vpi";
:vpi_module "C:\iverilog\lib\ivl\vhdl_textio.vpi";
:vpi_module "C:\iverilog\lib\ivl\v2005_math.vpi";
:vpi_module "C:\iverilog\lib\ivl\va_math.vpi";
S_000001c58d6b9860 .scope module, "control_unit_tb" "control_unit_tb" 2 4;
 .timescale -9 -12;
v000001c58d6a4d50_0 .net "ALUOp", 1 0, v000001c58d6832f0_0;  1 drivers
v000001c58d6a4df0_0 .net "ALUSrc", 0 0, v000001c58d683060_0;  1 drivers
v000001c58d6a4e90_0 .net "Branch", 0 0, v000001c58d682c70_0;  1 drivers
v000001c58d6a4f30_0 .net "MemRead", 0 0, v000001c58d66be40_0;  1 drivers
v000001c58d710040_0 .net "MemWrite", 0 0, v000001c58d66b260_0;  1 drivers
v000001c58d7100e0_0 .net "MemtoReg", 0 0, v000001c58d66b300_0;  1 drivers
v000001c58d710180_0 .net "RegWrite", 0 0, v000001c58d6a4c10_0;  1 drivers
v000001c58d710220_0 .var "opcode", 6 0;
S_000001c58d6b99f0 .scope module, "uut" "control_unit" 2 9, 3 3 0, S_000001c58d6b9860;
 .timescale -9 -12;
    .port_info 0 /INPUT 7 "opcode";
    .port_info 1 /OUTPUT 1 "Branch";
    .port_info 2 /OUTPUT 1 "MemRead";
    .port_info 3 /OUTPUT 1 "MemtoReg";
    .port_info 4 /OUTPUT 2 "ALUOp";
    .port_info 5 /OUTPUT 1 "MemWrite";
    .port_info 6 /OUTPUT 1 "ALUSrc";
    .port_info 7 /OUTPUT 1 "RegWrite";
P_000001c58d6b9b80 .param/l "BRANCH" 1 3 13, C4<1100011>;
P_000001c58d6b9bb8 .param/l "I_TYPE" 1 3 10, C4<0010011>;
P_000001c58d6b9bf0 .param/l "LOAD" 1 3 11, C4<0000011>;
P_000001c58d6b9c28 .param/l "R_TYPE" 1 3 9, C4<0110011>;
P_000001c58d6b9c60 .param/l "STORE" 1 3 12, C4<0100011>;
v000001c58d6832f0_0 .var "ALUOp", 1 0;
v000001c58d683060_0 .var "ALUSrc", 0 0;
v000001c58d682c70_0 .var "Branch", 0 0;
v000001c58d66be40_0 .var "MemRead", 0 0;
v000001c58d66b260_0 .var "MemWrite", 0 0;
v000001c58d66b300_0 .var "MemtoReg", 0 0;
v000001c58d6a4c10_0 .var "RegWrite", 0 0;
v000001c58d6a4cb0_0 .net "opcode", 6 0, v000001c58d710220_0;  1 drivers
E_000001c58d6ab840 .event anyedge, v000001c58d6a4cb0_0;
    .scope S_000001c58d6b99f0;
T_0 ;
    %wait E_000001c58d6ab840;
    %pushi/vec4 0, 0, 1;
    %store/vec4 v000001c58d682c70_0, 0, 1;
    %pushi/vec4 0, 0, 1;
    %store/vec4 v000001c58d66be40_0, 0, 1;
    %pushi/vec4 0, 0, 1;
    %store/vec4 v000001c58d66b300_0, 0, 1;
    %pushi/vec4 0, 0, 2;
    %store/vec4 v000001c58d6832f0_0, 0, 2;
    %pushi/vec4 0, 0, 1;
    %store/vec4 v000001c58d66b260_0, 0, 1;
    %pushi/vec4 0, 0, 1;
    %store/vec4 v000001c58d683060_0, 0, 1;
    %pushi/vec4 0, 0, 1;
    %store/vec4 v000001c58d6a4c10_0, 0, 1;
    %load/vec4 v000001c58d6a4cb0_0;
    %dup/vec4;
    %pushi/vec4 51, 0, 7;
    %cmp/u;
    %jmp/1 T_0.0, 6;
    %dup/vec4;
    %pushi/vec4 19, 0, 7;
    %cmp/u;
    %jmp/1 T_0.1, 6;
    %dup/vec4;
    %pushi/vec4 3, 0, 7;
    %cmp/u;
    %jmp/1 T_0.2, 6;
    %dup/vec4;
    %pushi/vec4 35, 0, 7;
    %cmp/u;
    %jmp/1 T_0.3, 6;
    %dup/vec4;
    %pushi/vec4 99, 0, 7;
    %cmp/u;
    %jmp/1 T_0.4, 6;
    %jmp T_0.5;
T_0.0 ;
    %pushi/vec4 1, 0, 1;
    %store/vec4 v000001c58d6a4c10_0, 0, 1;
    %pushi/vec4 0, 0, 1;
    %store/vec4 v000001c58d683060_0, 0, 1;
    %pushi/vec4 2, 0, 2;
    %store/vec4 v000001c58d6832f0_0, 0, 2;
    %pushi/vec4 0, 0, 1;
    %store/vec4 v000001c58d66b300_0, 0, 1;
    %jmp T_0.5;
T_0.1 ;
    %pushi/vec4 1, 0, 1;
    %store/vec4 v000001c58d6a4c10_0, 0, 1;
    %pushi/vec4 1, 0, 1;
    %store/vec4 v000001c58d683060_0, 0, 1;
    %pushi/vec4 2, 0, 2;
    %store/vec4 v000001c58d6832f0_0, 0, 2;
    %pushi/vec4 0, 0, 1;
    %store/vec4 v000001c58d66b300_0, 0, 1;
    %jmp T_0.5;
T_0.2 ;
    %pushi/vec4 1, 0, 1;
    %store/vec4 v000001c58d6a4c10_0, 0, 1;
    %pushi/vec4 1, 0, 1;
    %store/vec4 v000001c58d66be40_0, 0, 1;
    %pushi/vec4 1, 0, 1;
    %store/vec4 v000001c58d66b300_0, 0, 1;
    %pushi/vec4 1, 0, 1;
    %store/vec4 v000001c58d683060_0, 0, 1;
    %pushi/vec4 0, 0, 2;
    %store/vec4 v000001c58d6832f0_0, 0, 2;
    %jmp T_0.5;
T_0.3 ;
    %pushi/vec4 1, 0, 1;
    %store/vec4 v000001c58d66b260_0, 0, 1;
    %pushi/vec4 1, 0, 1;
    %store/vec4 v000001c58d683060_0, 0, 1;
    %pushi/vec4 0, 0, 2;
    %store/vec4 v000001c58d6832f0_0, 0, 2;
    %jmp T_0.5;
T_0.4 ;
    %pushi/vec4 1, 0, 1;
    %store/vec4 v000001c58d682c70_0, 0, 1;
    %pushi/vec4 1, 0, 2;
    %store/vec4 v000001c58d6832f0_0, 0, 2;
    %jmp T_0.5;
T_0.5 ;
    %pop/vec4 1;
    %jmp T_0;
    .thread T_0, $push;
    .scope S_000001c58d6b9860;
T_1 ;
    %vpi_call 2 15 "$dumpfile", "Control_unit_tb.vcd" {0 0 0};
    %vpi_call 2 16 "$dumpvars", 32'sb00000000000000000000000000000000, S_000001c58d6b9860 {0 0 0};
    %pushi/vec4 51, 0, 7;
    %store/vec4 v000001c58d710220_0, 0, 7;
    %delay 1000, 0;
    %vpi_call 2 19 "$display", "R-TYPE   GOT | Br=%b MR=%b M2R=%b ALUOp=%b MW=%b ASrc=%b RW=%b", v000001c58d6a4e90_0, v000001c58d6a4f30_0, v000001c58d7100e0_0, v000001c58d6a4d50_0, v000001c58d710040_0, v000001c58d6a4df0_0, v000001c58d710180_0 {0 0 0};
    %vpi_call 2 21 "$display", "R-TYPE   EXP | Br=0 MR=0 M2R=0 ALUOp=10 MW=0 ASrc=0 RW=1\012" {0 0 0};
    %pushi/vec4 19, 0, 7;
    %store/vec4 v000001c58d710220_0, 0, 7;
    %delay 1000, 0;
    %vpi_call 2 24 "$display", "I-TYPE   GOT | Br=%b MR=%b M2R=%b ALUOp=%b MW=%b ASrc=%b RW=%b", v000001c58d6a4e90_0, v000001c58d6a4f30_0, v000001c58d7100e0_0, v000001c58d6a4d50_0, v000001c58d710040_0, v000001c58d6a4df0_0, v000001c58d710180_0 {0 0 0};
    %vpi_call 2 26 "$display", "I-TYPE   EXP | Br=0 MR=0 M2R=0 ALUOp=10 MW=0 ASrc=1 RW=1\012" {0 0 0};
    %pushi/vec4 3, 0, 7;
    %store/vec4 v000001c58d710220_0, 0, 7;
    %delay 1000, 0;
    %vpi_call 2 29 "$display", "LOAD     GOT | Br=%b MR=%b M2R=%b ALUOp=%b MW=%b ASrc=%b RW=%b", v000001c58d6a4e90_0, v000001c58d6a4f30_0, v000001c58d7100e0_0, v000001c58d6a4d50_0, v000001c58d710040_0, v000001c58d6a4df0_0, v000001c58d710180_0 {0 0 0};
    %vpi_call 2 31 "$display", "LOAD     EXP | Br=0 MR=1 M2R=1 ALUOp=00 MW=0 ASrc=1 RW=1\012" {0 0 0};
    %pushi/vec4 35, 0, 7;
    %store/vec4 v000001c58d710220_0, 0, 7;
    %delay 1000, 0;
    %vpi_call 2 34 "$display", "STORE    GOT | Br=%b MR=%b M2R=%b ALUOp=%b MW=%b ASrc=%b RW=%b", v000001c58d6a4e90_0, v000001c58d6a4f30_0, v000001c58d7100e0_0, v000001c58d6a4d50_0, v000001c58d710040_0, v000001c58d6a4df0_0, v000001c58d710180_0 {0 0 0};
    %vpi_call 2 36 "$display", "STORE    EXP | Br=0 MR=0 M2R=0 ALUOp=00 MW=1 ASrc=1 RW=0\012" {0 0 0};
    %pushi/vec4 99, 0, 7;
    %store/vec4 v000001c58d710220_0, 0, 7;
    %delay 1000, 0;
    %vpi_call 2 39 "$display", "BRANCH   GOT | Br=%b MR=%b M2R=%b ALUOp=%b MW=%b ASrc=%b RW=%b", v000001c58d6a4e90_0, v000001c58d6a4f30_0, v000001c58d7100e0_0, v000001c58d6a4d50_0, v000001c58d710040_0, v000001c58d6a4df0_0, v000001c58d710180_0 {0 0 0};
    %vpi_call 2 41 "$display", "BRANCH   EXP | Br=1 MR=0 M2R=0 ALUOp=01 MW=0 ASrc=0 RW=0\012" {0 0 0};
    %pushi/vec4 127, 0, 7;
    %store/vec4 v000001c58d710220_0, 0, 7;
    %delay 1000, 0;
    %vpi_call 2 44 "$display", "INVALID  GOT | Br=%b MR=%b M2R=%b ALUOp=%b MW=%b ASrc=%b RW=%b", v000001c58d6a4e90_0, v000001c58d6a4f30_0, v000001c58d7100e0_0, v000001c58d6a4d50_0, v000001c58d710040_0, v000001c58d6a4df0_0, v000001c58d710180_0 {0 0 0};
    %vpi_call 2 46 "$display", "INVALID  EXP | Br=0 MR=0 M2R=0 ALUOp=00 MW=0 ASrc=0 RW=0\012" {0 0 0};
    %vpi_call 2 47 "$finish" {0 0 0};
    %end;
    .thread T_1;
# The file index is used to find the file name in the following table.
:file_names 4;
    "N/A";
    "<interactive>";
    "Control_unit_tb.v";
    "./Control_unit.v";
