#! /usr/bin/vvp
:ivl_version "12.0 (stable)";
:ivl_delay_selection "TYPICAL";
:vpi_time_precision - 12;
:vpi_module "/usr/lib/x86_64-linux-gnu/ivl/system.vpi";
:vpi_module "/usr/lib/x86_64-linux-gnu/ivl/vhdl_sys.vpi";
:vpi_module "/usr/lib/x86_64-linux-gnu/ivl/vhdl_textio.vpi";
:vpi_module "/usr/lib/x86_64-linux-gnu/ivl/v2005_math.vpi";
:vpi_module "/usr/lib/x86_64-linux-gnu/ivl/va_math.vpi";
S_0x56dbe60ba810 .scope module, "DataMem_tb" "DataMem_tb" 2 4;
 .timescale -9 -12;
v0x56dbe60f1830_0 .var "MemRead", 0 0;
v0x56dbe60f18f0_0 .var "MemWrite", 0 0;
v0x56dbe60f1990_0 .var "address", 63 0;
v0x56dbe60f1a60_0 .var "clk", 0 0;
v0x56dbe60f1b30_0 .net "read_data", 63 0, L_0x56dbe60a9720;  1 drivers
v0x56dbe60f1bd0_0 .var "reset", 0 0;
v0x56dbe60f1ca0_0 .var "write_data", 63 0;
S_0x56dbe60ba9a0 .scope task, "check" "check" 2 16, 2 16 0, S_0x56dbe60ba810;
 .timescale -9 -12;
v0x56dbe60a9880_0 .var "addr", 63 0;
v0x56dbe60a9a70_0 .var "expected", 63 0;
v0x56dbe60b08d0_0 .var "got", 63 0;
TD_DataMem_tb.check ;
    %load/vec4 v0x56dbe60b08d0_0;
    %load/vec4 v0x56dbe60a9a70_0;
    %cmp/e;
    %jmp/0xz  T_0.0, 6;
    %vpi_call 2 21 "$display", "PASS | addr=%0d data=%016h", v0x56dbe60a9880_0, v0x56dbe60b08d0_0 {0 0 0};
    %jmp T_0.1;
T_0.0 ;
    %vpi_call 2 23 "$display", "FAIL | addr=%0d expected=%016h got=%016h", v0x56dbe60a9880_0, v0x56dbe60a9a70_0, v0x56dbe60b08d0_0 {0 0 0};
T_0.1 ;
    %end;
S_0x56dbe60f0770 .scope task, "do_read" "do_read" 2 35, 2 35 0, S_0x56dbe60ba810;
 .timescale -9 -12;
v0x56dbe60b0a90_0 .var "addr", 63 0;
E_0x56dbe60b45b0 .event posedge, v0x56dbe60f1140_0;
TD_DataMem_tb.do_read ;
    %load/vec4 v0x56dbe60b0a90_0;
    %store/vec4 v0x56dbe60f1990_0, 0, 64;
    %pushi/vec4 1, 0, 1;
    %store/vec4 v0x56dbe60f1830_0, 0, 1;
    %pushi/vec4 0, 0, 1;
    %store/vec4 v0x56dbe60f18f0_0, 0, 1;
    %wait E_0x56dbe60b45b0;
    %delay 1000, 0;
    %delay 1000, 0;
    %end;
S_0x56dbe60f09f0 .scope task, "do_write" "do_write" 2 26, 2 26 0, S_0x56dbe60ba810;
 .timescale -9 -12;
v0x56dbe60a8a10_0 .var "addr", 63 0;
v0x56dbe60a4260_0 .var "data", 63 0;
TD_DataMem_tb.do_write ;
    %load/vec4 v0x56dbe60a8a10_0;
    %store/vec4 v0x56dbe60f1990_0, 0, 64;
    %load/vec4 v0x56dbe60a4260_0;
    %store/vec4 v0x56dbe60f1ca0_0, 0, 64;
    %pushi/vec4 1, 0, 1;
    %store/vec4 v0x56dbe60f18f0_0, 0, 1;
    %pushi/vec4 0, 0, 1;
    %store/vec4 v0x56dbe60f1830_0, 0, 1;
    %wait E_0x56dbe60b45b0;
    %delay 1000, 0;
    %pushi/vec4 0, 0, 1;
    %store/vec4 v0x56dbe60f18f0_0, 0, 1;
    %end;
S_0x56dbe60f0c50 .scope module, "dut" "DataMem" 2 9, 3 1 0, S_0x56dbe60ba810;
 .timescale -9 -12;
    .port_info 0 /INPUT 1 "clk";
    .port_info 1 /INPUT 1 "reset";
    .port_info 2 /INPUT 64 "address";
    .port_info 3 /INPUT 64 "write_data";
    .port_info 4 /INPUT 1 "MemRead";
    .port_info 5 /INPUT 1 "MemWrite";
    .port_info 6 /OUTPUT 64 "read_data";
L_0x56dbe60a9720 .functor BUFZ 64, v0x56dbe60f14d0_0, C4<0000000000000000000000000000000000000000000000000000000000000000>, C4<0000000000000000000000000000000000000000000000000000000000000000>, C4<0000000000000000000000000000000000000000000000000000000000000000>;
v0x56dbe60f0ee0_0 .net "MemRead", 0 0, v0x56dbe60f1830_0;  1 drivers
v0x56dbe60f0fc0_0 .net "MemWrite", 0 0, v0x56dbe60f18f0_0;  1 drivers
v0x56dbe60f1080_0 .net "address", 63 0, v0x56dbe60f1990_0;  1 drivers
v0x56dbe60f1140_0 .net "clk", 0 0, v0x56dbe60f1a60_0;  1 drivers
v0x56dbe60f1200_0 .var/i "i", 31 0;
v0x56dbe60f1330 .array "memory", 1023 0, 7 0;
v0x56dbe60f13f0_0 .net "read_data", 63 0, L_0x56dbe60a9720;  alias, 1 drivers
v0x56dbe60f14d0_0 .var "read_data_reg", 63 0;
v0x56dbe60f15b0_0 .net "reset", 0 0, v0x56dbe60f1bd0_0;  1 drivers
v0x56dbe60f1670_0 .net "write_data", 63 0, v0x56dbe60f1ca0_0;  1 drivers
    .scope S_0x56dbe60f0c50;
T_3 ;
    %wait E_0x56dbe60b45b0;
    %load/vec4 v0x56dbe60f15b0_0;
    %flag_set/vec4 8;
    %jmp/0xz  T_3.0, 8;
    %pushi/vec4 0, 0, 32;
    %store/vec4 v0x56dbe60f1200_0, 0, 32;
T_3.2 ;
    %load/vec4 v0x56dbe60f1200_0;
    %cmpi/s 1024, 0, 32;
    %jmp/0xz T_3.3, 5;
    %pushi/vec4 0, 0, 8;
    %ix/getv/s 3, v0x56dbe60f1200_0;
    %ix/load 4, 0, 0; Constant delay
    %assign/vec4/a/d v0x56dbe60f1330, 0, 4;
    %load/vec4 v0x56dbe60f1200_0;
    %addi 1, 0, 32;
    %store/vec4 v0x56dbe60f1200_0, 0, 32;
    %jmp T_3.2;
T_3.3 ;
    %pushi/vec4 0, 0, 64;
    %assign/vec4 v0x56dbe60f14d0_0, 0;
    %jmp T_3.1;
T_3.0 ;
    %load/vec4 v0x56dbe60f0fc0_0;
    %flag_set/vec4 9;
    %flag_get/vec4 9;
    %jmp/0 T_3.6, 9;
    %load/vec4 v0x56dbe60f1080_0;
    %cmpi/u 1016, 0, 64;
    %flag_get/vec4 4;
    %flag_get/vec4 5;
    %or;
    %and;
T_3.6;
    %flag_set/vec4 8;
    %jmp/0xz  T_3.4, 8;
    %load/vec4 v0x56dbe60f1670_0;
    %parti/s 8, 56, 7;
    %ix/getv 3, v0x56dbe60f1080_0;
    %ix/load 4, 0, 0; Constant delay
    %assign/vec4/a/d v0x56dbe60f1330, 0, 4;
    %load/vec4 v0x56dbe60f1670_0;
    %parti/s 8, 48, 7;
    %load/vec4 v0x56dbe60f1080_0;
    %addi 1, 0, 64;
    %ix/vec4 3;
    %ix/load 4, 0, 0; Constant delay
    %assign/vec4/a/d v0x56dbe60f1330, 0, 4;
    %load/vec4 v0x56dbe60f1670_0;
    %parti/s 8, 40, 7;
    %load/vec4 v0x56dbe60f1080_0;
    %addi 2, 0, 64;
    %ix/vec4 3;
    %ix/load 4, 0, 0; Constant delay
    %assign/vec4/a/d v0x56dbe60f1330, 0, 4;
    %load/vec4 v0x56dbe60f1670_0;
    %parti/s 8, 32, 7;
    %load/vec4 v0x56dbe60f1080_0;
    %addi 3, 0, 64;
    %ix/vec4 3;
    %ix/load 4, 0, 0; Constant delay
    %assign/vec4/a/d v0x56dbe60f1330, 0, 4;
    %load/vec4 v0x56dbe60f1670_0;
    %parti/s 8, 24, 6;
    %load/vec4 v0x56dbe60f1080_0;
    %addi 4, 0, 64;
    %ix/vec4 3;
    %ix/load 4, 0, 0; Constant delay
    %assign/vec4/a/d v0x56dbe60f1330, 0, 4;
    %load/vec4 v0x56dbe60f1670_0;
    %parti/s 8, 16, 6;
    %load/vec4 v0x56dbe60f1080_0;
    %addi 5, 0, 64;
    %ix/vec4 3;
    %ix/load 4, 0, 0; Constant delay
    %assign/vec4/a/d v0x56dbe60f1330, 0, 4;
    %load/vec4 v0x56dbe60f1670_0;
    %parti/s 8, 8, 5;
    %load/vec4 v0x56dbe60f1080_0;
    %addi 6, 0, 64;
    %ix/vec4 3;
    %ix/load 4, 0, 0; Constant delay
    %assign/vec4/a/d v0x56dbe60f1330, 0, 4;
    %load/vec4 v0x56dbe60f1670_0;
    %parti/s 8, 0, 2;
    %load/vec4 v0x56dbe60f1080_0;
    %addi 7, 0, 64;
    %ix/vec4 3;
    %ix/load 4, 0, 0; Constant delay
    %assign/vec4/a/d v0x56dbe60f1330, 0, 4;
T_3.4 ;
    %load/vec4 v0x56dbe60f0ee0_0;
    %flag_set/vec4 9;
    %flag_get/vec4 9;
    %jmp/0 T_3.9, 9;
    %load/vec4 v0x56dbe60f1080_0;
    %cmpi/u 1016, 0, 64;
    %flag_get/vec4 4;
    %flag_get/vec4 5;
    %or;
    %and;
T_3.9;
    %flag_set/vec4 8;
    %jmp/0xz  T_3.7, 8;
    %ix/getv 4, v0x56dbe60f1080_0;
    %load/vec4a v0x56dbe60f1330, 4;
    %load/vec4 v0x56dbe60f1080_0;
    %addi 1, 0, 64;
    %ix/vec4 4;
    %load/vec4a v0x56dbe60f1330, 4;
    %concat/vec4; draw_concat_vec4
    %load/vec4 v0x56dbe60f1080_0;
    %addi 2, 0, 64;
    %ix/vec4 4;
    %load/vec4a v0x56dbe60f1330, 4;
    %concat/vec4; draw_concat_vec4
    %load/vec4 v0x56dbe60f1080_0;
    %addi 3, 0, 64;
    %ix/vec4 4;
    %load/vec4a v0x56dbe60f1330, 4;
    %concat/vec4; draw_concat_vec4
    %load/vec4 v0x56dbe60f1080_0;
    %addi 4, 0, 64;
    %ix/vec4 4;
    %load/vec4a v0x56dbe60f1330, 4;
    %concat/vec4; draw_concat_vec4
    %load/vec4 v0x56dbe60f1080_0;
    %addi 5, 0, 64;
    %ix/vec4 4;
    %load/vec4a v0x56dbe60f1330, 4;
    %concat/vec4; draw_concat_vec4
    %load/vec4 v0x56dbe60f1080_0;
    %addi 6, 0, 64;
    %ix/vec4 4;
    %load/vec4a v0x56dbe60f1330, 4;
    %concat/vec4; draw_concat_vec4
    %load/vec4 v0x56dbe60f1080_0;
    %addi 7, 0, 64;
    %ix/vec4 4;
    %load/vec4a v0x56dbe60f1330, 4;
    %concat/vec4; draw_concat_vec4
    %assign/vec4 v0x56dbe60f14d0_0, 0;
    %jmp T_3.8;
T_3.7 ;
    %pushi/vec4 0, 0, 64;
    %assign/vec4 v0x56dbe60f14d0_0, 0;
T_3.8 ;
T_3.1 ;
    %jmp T_3;
    .thread T_3;
    .scope S_0x56dbe60ba810;
T_4 ;
    %delay 5000, 0;
    %load/vec4 v0x56dbe60f1a60_0;
    %inv;
    %store/vec4 v0x56dbe60f1a60_0, 0, 1;
    %jmp T_4;
    .thread T_4;
    .scope S_0x56dbe60ba810;
T_5 ;
    %pushi/vec4 0, 0, 1;
    %store/vec4 v0x56dbe60f1a60_0, 0, 1;
    %pushi/vec4 1, 0, 1;
    %store/vec4 v0x56dbe60f1bd0_0, 0, 1;
    %pushi/vec4 0, 0, 64;
    %store/vec4 v0x56dbe60f1990_0, 0, 64;
    %pushi/vec4 0, 0, 64;
    %store/vec4 v0x56dbe60f1ca0_0, 0, 64;
    %pushi/vec4 0, 0, 1;
    %store/vec4 v0x56dbe60f1830_0, 0, 1;
    %pushi/vec4 0, 0, 1;
    %store/vec4 v0x56dbe60f18f0_0, 0, 1;
    %wait E_0x56dbe60b45b0;
    %wait E_0x56dbe60b45b0;
    %delay 1000, 0;
    %pushi/vec4 0, 0, 1;
    %store/vec4 v0x56dbe60f1bd0_0, 0, 1;
    %delay 1000, 0;
    %vpi_call 2 52 "$display", "VCD info: dumpfile datamem_tb.vcd opened for output." {0 0 0};
    %pushi/vec4 0, 0, 64;
    %store/vec4 v0x56dbe60b0a90_0, 0, 64;
    %fork TD_DataMem_tb.do_read, S_0x56dbe60f0770;
    %join;
    %load/vec4 v0x56dbe60f1b30_0;
    %store/vec4 v0x56dbe60b08d0_0, 0, 64;
    %pushi/vec4 0, 0, 64;
    %store/vec4 v0x56dbe60a9a70_0, 0, 64;
    %pushi/vec4 0, 0, 64;
    %store/vec4 v0x56dbe60a9880_0, 0, 64;
    %fork TD_DataMem_tb.check, S_0x56dbe60ba9a0;
    %join;
    %pushi/vec4 0, 0, 1;
    %store/vec4 v0x56dbe60f1830_0, 0, 1;
    %pushi/vec4 100, 0, 64;
    %store/vec4 v0x56dbe60b0a90_0, 0, 64;
    %fork TD_DataMem_tb.do_read, S_0x56dbe60f0770;
    %join;
    %load/vec4 v0x56dbe60f1b30_0;
    %store/vec4 v0x56dbe60b08d0_0, 0, 64;
    %pushi/vec4 0, 0, 64;
    %store/vec4 v0x56dbe60a9a70_0, 0, 64;
    %pushi/vec4 100, 0, 64;
    %store/vec4 v0x56dbe60a9880_0, 0, 64;
    %fork TD_DataMem_tb.check, S_0x56dbe60ba9a0;
    %join;
    %pushi/vec4 0, 0, 1;
    %store/vec4 v0x56dbe60f1830_0, 0, 1;
    %pushi/vec4 0, 0, 64;
    %store/vec4 v0x56dbe60a8a10_0, 0, 64;
    %pushi/vec4 3735928559, 0, 32;
    %concati/vec4 3405691582, 0, 32;
    %store/vec4 v0x56dbe60a4260_0, 0, 64;
    %fork TD_DataMem_tb.do_write, S_0x56dbe60f09f0;
    %join;
    %pushi/vec4 0, 0, 64;
    %store/vec4 v0x56dbe60b0a90_0, 0, 64;
    %fork TD_DataMem_tb.do_read, S_0x56dbe60f0770;
    %join;
    %load/vec4 v0x56dbe60f1b30_0;
    %store/vec4 v0x56dbe60b08d0_0, 0, 64;
    %pushi/vec4 3735928559, 0, 32;
    %concati/vec4 3405691582, 0, 32;
    %store/vec4 v0x56dbe60a9a70_0, 0, 64;
    %pushi/vec4 0, 0, 64;
    %store/vec4 v0x56dbe60a9880_0, 0, 64;
    %fork TD_DataMem_tb.check, S_0x56dbe60ba9a0;
    %join;
    %pushi/vec4 0, 0, 1;
    %store/vec4 v0x56dbe60f1830_0, 0, 1;
    %pushi/vec4 16, 0, 64;
    %store/vec4 v0x56dbe60a8a10_0, 0, 64;
    %pushi/vec4 2164359682, 0, 39;
    %concati/vec4 17172232, 0, 25;
    %store/vec4 v0x56dbe60a4260_0, 0, 64;
    %fork TD_DataMem_tb.do_write, S_0x56dbe60f09f0;
    %join;
    %pushi/vec4 16, 0, 64;
    %store/vec4 v0x56dbe60b0a90_0, 0, 64;
    %fork TD_DataMem_tb.do_read, S_0x56dbe60f0770;
    %join;
    %load/vec4 v0x56dbe60f1b30_0;
    %store/vec4 v0x56dbe60b08d0_0, 0, 64;
    %pushi/vec4 2164359682, 0, 39;
    %concati/vec4 17172232, 0, 25;
    %store/vec4 v0x56dbe60a9a70_0, 0, 64;
    %pushi/vec4 16, 0, 64;
    %store/vec4 v0x56dbe60a9880_0, 0, 64;
    %fork TD_DataMem_tb.check, S_0x56dbe60ba9a0;
    %join;
    %pushi/vec4 0, 0, 1;
    %store/vec4 v0x56dbe60f1830_0, 0, 1;
    %pushi/vec4 17, 0, 64;
    %store/vec4 v0x56dbe60b0a90_0, 0, 64;
    %fork TD_DataMem_tb.do_read, S_0x56dbe60f0770;
    %join;
    %load/vec4 v0x56dbe60f1b30_0;
    %store/vec4 v0x56dbe60b08d0_0, 0, 64;
    %pushi/vec4 2160132417, 0, 38;
    %concati/vec4 34015232, 0, 26;
    %store/vec4 v0x56dbe60a9a70_0, 0, 64;
    %pushi/vec4 17, 0, 64;
    %store/vec4 v0x56dbe60a9880_0, 0, 64;
    %fork TD_DataMem_tb.check, S_0x56dbe60ba9a0;
    %join;
    %pushi/vec4 0, 0, 1;
    %store/vec4 v0x56dbe60f1830_0, 0, 1;
    %pushi/vec4 50, 0, 64;
    %store/vec4 v0x56dbe60a8a10_0, 0, 64;
    %pushi/vec4 2863311530, 0, 32;
    %concati/vec4 2863311530, 0, 32;
    %store/vec4 v0x56dbe60a4260_0, 0, 64;
    %fork TD_DataMem_tb.do_write, S_0x56dbe60f09f0;
    %join;
    %pushi/vec4 50, 0, 64;
    %store/vec4 v0x56dbe60a8a10_0, 0, 64;
    %pushi/vec4 2863311530, 0, 33;
    %concati/vec4 1431655765, 0, 31;
    %store/vec4 v0x56dbe60a4260_0, 0, 64;
    %fork TD_DataMem_tb.do_write, S_0x56dbe60f09f0;
    %join;
    %pushi/vec4 50, 0, 64;
    %store/vec4 v0x56dbe60b0a90_0, 0, 64;
    %fork TD_DataMem_tb.do_read, S_0x56dbe60f0770;
    %join;
    %load/vec4 v0x56dbe60f1b30_0;
    %store/vec4 v0x56dbe60b08d0_0, 0, 64;
    %pushi/vec4 2863311530, 0, 33;
    %concati/vec4 1431655765, 0, 31;
    %store/vec4 v0x56dbe60a9a70_0, 0, 64;
    %pushi/vec4 50, 0, 64;
    %store/vec4 v0x56dbe60a9880_0, 0, 64;
    %fork TD_DataMem_tb.check, S_0x56dbe60ba9a0;
    %join;
    %pushi/vec4 0, 0, 1;
    %store/vec4 v0x56dbe60f1830_0, 0, 1;
    %pushi/vec4 1016, 0, 64;
    %store/vec4 v0x56dbe60a8a10_0, 0, 64;
    %pushi/vec4 3405691582, 0, 32;
    %concati/vec4 3735928559, 0, 32;
    %store/vec4 v0x56dbe60a4260_0, 0, 64;
    %fork TD_DataMem_tb.do_write, S_0x56dbe60f09f0;
    %join;
    %pushi/vec4 1016, 0, 64;
    %store/vec4 v0x56dbe60b0a90_0, 0, 64;
    %fork TD_DataMem_tb.do_read, S_0x56dbe60f0770;
    %join;
    %load/vec4 v0x56dbe60f1b30_0;
    %store/vec4 v0x56dbe60b08d0_0, 0, 64;
    %pushi/vec4 3405691582, 0, 32;
    %concati/vec4 3735928559, 0, 32;
    %store/vec4 v0x56dbe60a9a70_0, 0, 64;
    %pushi/vec4 1016, 0, 64;
    %store/vec4 v0x56dbe60a9880_0, 0, 64;
    %fork TD_DataMem_tb.check, S_0x56dbe60ba9a0;
    %join;
    %pushi/vec4 0, 0, 1;
    %store/vec4 v0x56dbe60f1830_0, 0, 1;
    %pushi/vec4 1017, 0, 64;
    %store/vec4 v0x56dbe60a8a10_0, 0, 64;
    %pushi/vec4 3735936685, 0, 32;
    %concati/vec4 3735936685, 0, 32;
    %store/vec4 v0x56dbe60a4260_0, 0, 64;
    %fork TD_DataMem_tb.do_write, S_0x56dbe60f09f0;
    %join;
    %pushi/vec4 1017, 0, 64;
    %store/vec4 v0x56dbe60b0a90_0, 0, 64;
    %fork TD_DataMem_tb.do_read, S_0x56dbe60f0770;
    %join;
    %load/vec4 v0x56dbe60f1b30_0;
    %store/vec4 v0x56dbe60b08d0_0, 0, 64;
    %pushi/vec4 0, 0, 64;
    %store/vec4 v0x56dbe60a9a70_0, 0, 64;
    %pushi/vec4 1017, 0, 64;
    %store/vec4 v0x56dbe60a9880_0, 0, 64;
    %fork TD_DataMem_tb.check, S_0x56dbe60ba9a0;
    %join;
    %pushi/vec4 0, 0, 1;
    %store/vec4 v0x56dbe60f1830_0, 0, 1;
    %pushi/vec4 1, 0, 1;
    %store/vec4 v0x56dbe60f1bd0_0, 0, 1;
    %wait E_0x56dbe60b45b0;
    %wait E_0x56dbe60b45b0;
    %delay 1000, 0;
    %pushi/vec4 0, 0, 1;
    %store/vec4 v0x56dbe60f1bd0_0, 0, 1;
    %delay 1000, 0;
    %pushi/vec4 0, 0, 64;
    %store/vec4 v0x56dbe60b0a90_0, 0, 64;
    %fork TD_DataMem_tb.do_read, S_0x56dbe60f0770;
    %join;
    %load/vec4 v0x56dbe60f1b30_0;
    %store/vec4 v0x56dbe60b08d0_0, 0, 64;
    %pushi/vec4 0, 0, 64;
    %store/vec4 v0x56dbe60a9a70_0, 0, 64;
    %pushi/vec4 0, 0, 64;
    %store/vec4 v0x56dbe60a9880_0, 0, 64;
    %fork TD_DataMem_tb.check, S_0x56dbe60ba9a0;
    %join;
    %pushi/vec4 0, 0, 1;
    %store/vec4 v0x56dbe60f1830_0, 0, 1;
    %pushi/vec4 1016, 0, 64;
    %store/vec4 v0x56dbe60b0a90_0, 0, 64;
    %fork TD_DataMem_tb.do_read, S_0x56dbe60f0770;
    %join;
    %load/vec4 v0x56dbe60f1b30_0;
    %store/vec4 v0x56dbe60b08d0_0, 0, 64;
    %pushi/vec4 0, 0, 64;
    %store/vec4 v0x56dbe60a9a70_0, 0, 64;
    %pushi/vec4 1016, 0, 64;
    %store/vec4 v0x56dbe60a9880_0, 0, 64;
    %fork TD_DataMem_tb.check, S_0x56dbe60ba9a0;
    %join;
    %pushi/vec4 0, 0, 1;
    %store/vec4 v0x56dbe60f1830_0, 0, 1;
    %pushi/vec4 200, 0, 64;
    %store/vec4 v0x56dbe60a8a10_0, 0, 64;
    %pushi/vec4 4294967295, 0, 32;
    %concati/vec4 4294967295, 0, 32;
    %store/vec4 v0x56dbe60a4260_0, 0, 64;
    %fork TD_DataMem_tb.do_write, S_0x56dbe60f09f0;
    %join;
    %pushi/vec4 200, 0, 64;
    %store/vec4 v0x56dbe60f1990_0, 0, 64;
    %pushi/vec4 0, 0, 1;
    %store/vec4 v0x56dbe60f1830_0, 0, 1;
    %pushi/vec4 0, 0, 1;
    %store/vec4 v0x56dbe60f18f0_0, 0, 1;
    %delay 1000, 0;
    %load/vec4 v0x56dbe60f1b30_0;
    %store/vec4 v0x56dbe60b08d0_0, 0, 64;
    %pushi/vec4 0, 0, 64;
    %store/vec4 v0x56dbe60a9a70_0, 0, 64;
    %pushi/vec4 200, 0, 64;
    %store/vec4 v0x56dbe60a9880_0, 0, 64;
    %fork TD_DataMem_tb.check, S_0x56dbe60ba9a0;
    %join;
    %pushi/vec4 10, 0, 64;
    %store/vec4 v0x56dbe60a8a10_0, 0, 64;
    %pushi/vec4 15, 0, 64;
    %store/vec4 v0x56dbe60a4260_0, 0, 64;
    %fork TD_DataMem_tb.do_write, S_0x56dbe60f09f0;
    %join;
    %pushi/vec4 10, 0, 64;
    %store/vec4 v0x56dbe60b0a90_0, 0, 64;
    %fork TD_DataMem_tb.do_read, S_0x56dbe60f0770;
    %join;
    %load/vec4 v0x56dbe60f1b30_0;
    %store/vec4 v0x56dbe60b08d0_0, 0, 64;
    %pushi/vec4 15, 0, 64;
    %store/vec4 v0x56dbe60a9a70_0, 0, 64;
    %pushi/vec4 10, 0, 64;
    %store/vec4 v0x56dbe60a9880_0, 0, 64;
    %fork TD_DataMem_tb.check, S_0x56dbe60ba9a0;
    %join;
    %pushi/vec4 0, 0, 1;
    %store/vec4 v0x56dbe60f1830_0, 0, 1;
    %pushi/vec4 34, 0, 64;
    %store/vec4 v0x56dbe60a8a10_0, 0, 64;
    %pushi/vec4 4294967295, 0, 32;
    %concati/vec4 4294967291, 0, 32;
    %store/vec4 v0x56dbe60a4260_0, 0, 64;
    %fork TD_DataMem_tb.do_write, S_0x56dbe60f09f0;
    %join;
    %pushi/vec4 34, 0, 64;
    %store/vec4 v0x56dbe60b0a90_0, 0, 64;
    %fork TD_DataMem_tb.do_read, S_0x56dbe60f0770;
    %join;
    %load/vec4 v0x56dbe60f1b30_0;
    %store/vec4 v0x56dbe60b08d0_0, 0, 64;
    %pushi/vec4 4294967295, 0, 32;
    %concati/vec4 4294967291, 0, 32;
    %store/vec4 v0x56dbe60a9a70_0, 0, 64;
    %pushi/vec4 34, 0, 64;
    %store/vec4 v0x56dbe60a9880_0, 0, 64;
    %fork TD_DataMem_tb.check, S_0x56dbe60ba9a0;
    %join;
    %pushi/vec4 0, 0, 1;
    %store/vec4 v0x56dbe60f1830_0, 0, 1;
    %pushi/vec4 300, 0, 64;
    %store/vec4 v0x56dbe60a8a10_0, 0, 64;
    %pushi/vec4 4294967295, 0, 32;
    %concati/vec4 4294967295, 0, 32;
    %store/vec4 v0x56dbe60a4260_0, 0, 64;
    %fork TD_DataMem_tb.do_write, S_0x56dbe60f09f0;
    %join;
    %pushi/vec4 300, 0, 64;
    %store/vec4 v0x56dbe60a8a10_0, 0, 64;
    %pushi/vec4 0, 0, 64;
    %store/vec4 v0x56dbe60a4260_0, 0, 64;
    %fork TD_DataMem_tb.do_write, S_0x56dbe60f09f0;
    %join;
    %pushi/vec4 300, 0, 64;
    %store/vec4 v0x56dbe60b0a90_0, 0, 64;
    %fork TD_DataMem_tb.do_read, S_0x56dbe60f0770;
    %join;
    %load/vec4 v0x56dbe60f1b30_0;
    %store/vec4 v0x56dbe60b08d0_0, 0, 64;
    %pushi/vec4 0, 0, 64;
    %store/vec4 v0x56dbe60a9a70_0, 0, 64;
    %pushi/vec4 300, 0, 64;
    %store/vec4 v0x56dbe60a9880_0, 0, 64;
    %fork TD_DataMem_tb.check, S_0x56dbe60ba9a0;
    %join;
    %pushi/vec4 0, 0, 1;
    %store/vec4 v0x56dbe60f1830_0, 0, 1;
    %vpi_call 2 122 "$finish" {0 0 0};
    %end;
    .thread T_5;
# The file index is used to find the file name in the following table.
:file_names 4;
    "N/A";
    "<interactive>";
    "DataMem_tb.v";
    "./DataMem.v";
