#! /c/Source/iverilog-install/bin/vvp
:ivl_version "12.0 (devel)" "(s20150603-1539-g2693dd32b)";
:ivl_delay_selection "TYPICAL";
:vpi_time_precision - 12;
:vpi_module "C:\iverilog\lib\ivl\system.vpi";
:vpi_module "C:\iverilog\lib\ivl\vhdl_sys.vpi";
:vpi_module "C:\iverilog\lib\ivl\vhdl_textio.vpi";
:vpi_module "C:\iverilog\lib\ivl\v2005_math.vpi";
:vpi_module "C:\iverilog\lib\ivl\va_math.vpi";
S_0000025c899bbc10 .scope module, "instruction_mem_tb" "instruction_mem_tb" 2 4;
 .timescale -9 -12;
v0000025c89c60ed0_0 .var "addr", 63 0;
v0000025c89cc2c50_0 .var "clk", 0 0;
v0000025c89cc10d0_0 .net "instr", 31 0, L_0000025c89cc1490;  1 drivers
v0000025c89cc2e30_0 .var "reset", 0 0;
E_0000025c89c59e20 .event posedge, v0000025c89c60d90_0;
S_0000025c899bbda0 .scope module, "uut" "instruction_mem" 2 8, 3 4 0, S_0000025c899bbc10;
 .timescale -9 -12;
    .port_info 0 /INPUT 1 "clk";
    .port_info 1 /INPUT 1 "reset";
    .port_info 2 /INPUT 64 "addr";
    .port_info 3 /OUTPUT 32 "instr";
L_0000025c89cc3098 .functor BUFT 1, C4<0000000000000000000000000000000000000000000000000000000000000011>, C4<0>, C4<0>, C4<0>;
v0000025c89c616f0_0 .net/2u *"_ivl_0", 63 0, L_0000025c89cc3098;  1 drivers
v0000025c89c61290_0 .net *"_ivl_10", 7 0, L_0000025c89cc12b0;  1 drivers
L_0000025c89cc3128 .functor BUFT 1, C4<0000000000000000000000000000000000000000000000000000000000000001>, C4<0>, C4<0>, C4<0>;
v0000025c89c61b50_0 .net/2u *"_ivl_12", 63 0, L_0000025c89cc3128;  1 drivers
v0000025c89c60f70_0 .net *"_ivl_14", 63 0, L_0000025c89cc2430;  1 drivers
v0000025c89c611f0_0 .net *"_ivl_16", 7 0, L_0000025c89cc1a30;  1 drivers
L_0000025c89cc3170 .functor BUFT 1, C4<0000000000000000000000000000000000000000000000000000000000000010>, C4<0>, C4<0>, C4<0>;
v0000025c89c613d0_0 .net/2u *"_ivl_18", 63 0, L_0000025c89cc3170;  1 drivers
v0000025c89c61150_0 .net *"_ivl_2", 63 0, L_0000025c89cc1350;  1 drivers
v0000025c89c61010_0 .net *"_ivl_20", 63 0, L_0000025c89cc1ad0;  1 drivers
v0000025c89c61470_0 .net *"_ivl_22", 7 0, L_0000025c89cc1b70;  1 drivers
L_0000025c89cc31b8 .functor BUFT 1, C4<0000000000000000000000000000000000000000000000000000000000000011>, C4<0>, C4<0>, C4<0>;
v0000025c89c61330_0 .net/2u *"_ivl_24", 63 0, L_0000025c89cc31b8;  1 drivers
v0000025c89c61510_0 .net *"_ivl_26", 63 0, L_0000025c89cc15d0;  1 drivers
v0000025c89c60e30_0 .net *"_ivl_28", 31 0, L_0000025c89cc1c10;  1 drivers
L_0000025c89cc3200 .functor BUFT 1, C4<00000000000000000000000000000000>, C4<0>, C4<0>, C4<0>;
v0000025c89c61ab0_0 .net/2u *"_ivl_30", 31 0, L_0000025c89cc3200;  1 drivers
L_0000025c89cc30e0 .functor BUFT 1, C4<0000000000000000000000000000000000000000000000000001000000000000>, C4<0>, C4<0>, C4<0>;
v0000025c89c615b0_0 .net/2u *"_ivl_4", 63 0, L_0000025c89cc30e0;  1 drivers
v0000025c89c61650_0 .net *"_ivl_6", 0 0, L_0000025c89cc2250;  1 drivers
v0000025c89c61790_0 .net *"_ivl_8", 7 0, L_0000025c89cc13f0;  1 drivers
v0000025c89c61830_0 .net "addr", 63 0, v0000025c89c60ed0_0;  1 drivers
v0000025c89c60d90_0 .net "clk", 0 0, v0000025c89cc2c50_0;  1 drivers
v0000025c89c60cf0_0 .var/i "file_handle", 31 0;
v0000025c89c618d0_0 .var/i "i", 31 0;
v0000025c89c61970_0 .net "instr", 31 0, L_0000025c89cc1490;  alias, 1 drivers
v0000025c89c61a10 .array "instr_mem", 4095 0, 7 0;
v0000025c89c60c50_0 .net "reset", 0 0, v0000025c89cc2e30_0;  1 drivers
L_0000025c89cc1350 .arith/sum 64, v0000025c89c60ed0_0, L_0000025c89cc3098;
L_0000025c89cc2250 .cmp/gt 64, L_0000025c89cc30e0, L_0000025c89cc1350;
L_0000025c89cc13f0 .array/port v0000025c89c61a10, v0000025c89c60ed0_0;
L_0000025c89cc12b0 .array/port v0000025c89c61a10, L_0000025c89cc2430;
L_0000025c89cc2430 .arith/sum 64, v0000025c89c60ed0_0, L_0000025c89cc3128;
L_0000025c89cc1a30 .array/port v0000025c89c61a10, L_0000025c89cc1ad0;
L_0000025c89cc1ad0 .arith/sum 64, v0000025c89c60ed0_0, L_0000025c89cc3170;
L_0000025c89cc1b70 .array/port v0000025c89c61a10, L_0000025c89cc15d0;
L_0000025c89cc15d0 .arith/sum 64, v0000025c89c60ed0_0, L_0000025c89cc31b8;
L_0000025c89cc1c10 .concat [ 8 8 8 8], L_0000025c89cc1b70, L_0000025c89cc1a30, L_0000025c89cc12b0, L_0000025c89cc13f0;
L_0000025c89cc1490 .functor MUXZ 32, L_0000025c89cc3200, L_0000025c89cc1c10, L_0000025c89cc2250, C4<>;
    .scope S_0000025c899bbda0;
T_0 ;
    %pushi/vec4 0, 0, 32;
    %store/vec4 v0000025c89c618d0_0, 0, 32;
T_0.0 ;
    %load/vec4 v0000025c89c618d0_0;
    %cmpi/s 4096, 0, 32;
    %jmp/0xz T_0.1, 5;
    %pushi/vec4 0, 0, 8;
    %ix/getv/s 4, v0000025c89c618d0_0;
    %store/vec4a v0000025c89c61a10, 4, 0;
    %load/vec4 v0000025c89c618d0_0;
    %addi 1, 0, 32;
    %store/vec4 v0000025c89c618d0_0, 0, 32;
    %jmp T_0.0;
T_0.1 ;
    %vpi_func 3 16 "$fopen" 32, "instructions.txt", "r" {0 0 0};
    %store/vec4 v0000025c89c60cf0_0, 0, 32;
    %load/vec4 v0000025c89c60cf0_0;
    %cmpi/ne 0, 0, 32;
    %jmp/0xz  T_0.2, 4;
    %vpi_call 3 18 "$fclose", v0000025c89c60cf0_0 {0 0 0};
    %vpi_call 3 19 "$readmemh", "instructions.txt", v0000025c89c61a10, 32'sb00000000000000000000000000000000 {0 0 0};
T_0.2 ;
    %end;
    .thread T_0;
    .scope S_0000025c899bbc10;
T_1 ;
    %pushi/vec4 0, 0, 1;
    %store/vec4 v0000025c89cc2c50_0, 0, 1;
    %end;
    .thread T_1;
    .scope S_0000025c899bbc10;
T_2 ;
    %delay 5000, 0;
    %load/vec4 v0000025c89cc2c50_0;
    %inv;
    %store/vec4 v0000025c89cc2c50_0, 0, 1;
    %jmp T_2;
    .thread T_2;
    .scope S_0000025c899bbc10;
T_3 ;
    %vpi_call 2 15 "$dumpfile", "Instruction_mem_tb.vcd" {0 0 0};
    %vpi_call 2 16 "$dumpvars", 32'sb00000000000000000000000000000000, S_0000025c899bbc10 {0 0 0};
    %pushi/vec4 1, 0, 1;
    %store/vec4 v0000025c89cc2e30_0, 0, 1;
    %pushi/vec4 0, 0, 64;
    %store/vec4 v0000025c89c60ed0_0, 0, 64;
    %delay 10000, 0;
    %pushi/vec4 0, 0, 1;
    %store/vec4 v0000025c89cc2e30_0, 0, 1;
    %pushi/vec4 0, 0, 64;
    %store/vec4 v0000025c89c60ed0_0, 0, 64;
    %wait E_0000025c89c59e20;
    %delay 1000, 0;
    %vpi_call 2 25 "$display", "addr 0   | GOT = %h | EXP = 00500113", v0000025c89cc10d0_0 {0 0 0};
    %pushi/vec4 4, 0, 64;
    %store/vec4 v0000025c89c60ed0_0, 0, 64;
    %wait E_0000025c89c59e20;
    %delay 1000, 0;
    %vpi_call 2 29 "$display", "addr 4   | GOT = %h | EXP = 00A00193", v0000025c89cc10d0_0 {0 0 0};
    %pushi/vec4 8, 0, 64;
    %store/vec4 v0000025c89c60ed0_0, 0, 64;
    %wait E_0000025c89c59e20;
    %delay 1000, 0;
    %vpi_call 2 33 "$display", "addr 8   | GOT = %h | EXP = 003100B3", v0000025c89cc10d0_0 {0 0 0};
    %pushi/vec4 32, 0, 64;
    %store/vec4 v0000025c89c60ed0_0, 0, 64;
    %wait E_0000025c89c59e20;
    %delay 1000, 0;
    %vpi_call 2 37 "$display", "addr 32  | GOT = %h | EXP = 0012B023", v0000025c89cc10d0_0 {0 0 0};
    %pushi/vec4 56, 0, 64;
    %store/vec4 v0000025c89c60ed0_0, 0, 64;
    %wait E_0000025c89c59e20;
    %delay 1000, 0;
    %vpi_call 2 41 "$display", "addr 56  | GOT = %h | EXP = 00A086B3", v0000025c89cc10d0_0 {0 0 0};
    %pushi/vec4 100, 0, 64;
    %store/vec4 v0000025c89c60ed0_0, 0, 64;
    %wait E_0000025c89c59e20;
    %delay 1000, 0;
    %vpi_call 2 45 "$display", "addr 100 | GOT = %h | EXP = 00000000", v0000025c89cc10d0_0 {0 0 0};
    %pushi/vec4 1, 0, 1;
    %store/vec4 v0000025c89cc2e30_0, 0, 1;
    %delay 10000, 0;
    %pushi/vec4 0, 0, 1;
    %store/vec4 v0000025c89cc2e30_0, 0, 1;
    %pushi/vec4 0, 0, 64;
    %store/vec4 v0000025c89c60ed0_0, 0, 64;
    %wait E_0000025c89c59e20;
    %delay 1000, 0;
    %vpi_call 2 50 "$display", "after reset addr 0 | GOT = %h | EXP = 00500113", v0000025c89cc10d0_0 {0 0 0};
    %vpi_call 2 51 "$finish" {0 0 0};
    %end;
    .thread T_3;
# The file index is used to find the file name in the following table.
:file_names 4;
    "N/A";
    "<interactive>";
    "Instruction_mem_tb.v";
    "./Instruction_mem.v";
