#! /c/Source/iverilog-install/bin/vvp
:ivl_version "12.0 (devel)" "(s20150603-1539-g2693dd32b)";
:ivl_delay_selection "TYPICAL";
:vpi_time_precision - 12;
:vpi_module "C:\iverilog\lib\ivl\system.vpi";
:vpi_module "C:\iverilog\lib\ivl\vhdl_sys.vpi";
:vpi_module "C:\iverilog\lib\ivl\vhdl_textio.vpi";
:vpi_module "C:\iverilog\lib\ivl\v2005_math.vpi";
:vpi_module "C:\iverilog\lib\ivl\va_math.vpi";
S_000001887b77b8c0 .scope module, "multiplexer_tb" "multiplexer_tb" 2 4;
 .timescale -9 -12;
v000001887b7f2c90_0 .var "I1", 63 0;
v000001887b7f2a10_0 .var "I2", 63 0;
v000001887b7f2b50_0 .var "S", 0 0;
v000001887b7f2d30_0 .net "mux_out", 63 0, L_000001887b804520;  1 drivers
S_000001887b77d360 .scope task, "check" "check" 2 13, 2 13 0, S_000001887b77b8c0;
 .timescale -9 -12;
v000001887b76c120_0 .var "expected", 63 0;
TD_multiplexer_tb.check ;
    %delay 1000, 0;
    %load/vec4 v000001887b7f2d30_0;
    %load/vec4 v000001887b76c120_0;
    %cmp/e;
    %jmp/0xz  T_0.0, 6;
    %vpi_call 2 18 "$display", "PASS | S=%b I1=%h I2=%h -> out=%h", v000001887b7f2b50_0, v000001887b7f2c90_0, v000001887b7f2a10_0, v000001887b7f2d30_0 {0 0 0};
    %jmp T_0.1;
T_0.0 ;
    %vpi_call 2 20 "$display", "FAIL | S=%b expected=%h got=%h", v000001887b7f2b50_0, v000001887b76c120_0, v000001887b7f2d30_0 {0 0 0};
T_0.1 ;
    %end;
S_000001887b6c2760 .scope module, "uut" "multiplexer" 2 9, 3 3 0, S_000001887b77b8c0;
 .timescale -9 -12;
    .port_info 0 /INPUT 64 "I1";
    .port_info 1 /INPUT 64 "I2";
    .port_info 2 /INPUT 1 "S";
    .port_info 3 /OUTPUT 64 "mux_out";
L_000001887b80f510 .functor NOT 1, v000001887b7f2b50_0, C4<0>, C4<0>, C4<0>;
v000001887b7ab200_0 .net "I1", 63 0, v000001887b7f2c90_0;  1 drivers
v000001887b7abd40_0 .net "I2", 63 0, v000001887b7f2a10_0;  1 drivers
v000001887b7ac4c0_0 .net "S", 0 0, v000001887b7f2b50_0;  1 drivers
v000001887b7abac0_0 .net *"_ivl_0", 0 0, L_000001887b76dca0;  1 drivers
v000001887b7ac1a0_0 .net *"_ivl_10", 0 0, L_000001887b76dc30;  1 drivers
v000001887b7ac240_0 .net *"_ivl_100", 0 0, L_000001887b7f6580;  1 drivers
v000001887b7abca0_0 .net *"_ivl_103", 0 0, L_000001887b7f65f0;  1 drivers
v000001887b7abde0_0 .net *"_ivl_106", 0 0, L_000001887b7f6890;  1 drivers
v000001887b7ab2a0_0 .net *"_ivl_110", 0 0, L_000001887b7f69e0;  1 drivers
v000001887b7ac560_0 .net *"_ivl_113", 0 0, L_000001887b7f6820;  1 drivers
v000001887b7ac600_0 .net *"_ivl_116", 0 0, L_000001887b7f6660;  1 drivers
v000001887b7ac6a0_0 .net *"_ivl_120", 0 0, L_000001887b7f6900;  1 drivers
v000001887b7ab700_0 .net *"_ivl_123", 0 0, L_000001887b7f6a50;  1 drivers
v000001887b7ab020_0 .net *"_ivl_126", 0 0, L_000001887b7f6970;  1 drivers
v000001887b7ac100_0 .net *"_ivl_13", 0 0, L_000001887b76ddf0;  1 drivers
v000001887b7abe80_0 .net *"_ivl_130", 0 0, L_000001887b7f6ac0;  1 drivers
v000001887b7abb60_0 .net *"_ivl_133", 0 0, L_000001887b7f6c10;  1 drivers
v000001887b7abf20_0 .net *"_ivl_136", 0 0, L_000001887b7f9ae0;  1 drivers
v000001887b7ab660_0 .net *"_ivl_140", 0 0, L_000001887b7f95a0;  1 drivers
v000001887b7ab8e0_0 .net *"_ivl_143", 0 0, L_000001887b7f9610;  1 drivers
v000001887b7ab3e0_0 .net *"_ivl_146", 0 0, L_000001887b7f98b0;  1 drivers
v000001887b7abfc0_0 .net *"_ivl_150", 0 0, L_000001887b7f96f0;  1 drivers
v000001887b7ab160_0 .net *"_ivl_153", 0 0, L_000001887b7f9680;  1 drivers
v000001887b7ab520_0 .net *"_ivl_156", 0 0, L_000001887b7f9760;  1 drivers
v000001887b7ac2e0_0 .net *"_ivl_16", 0 0, L_000001887b76de60;  1 drivers
v000001887b7ab0c0_0 .net *"_ivl_160", 0 0, L_000001887b7f9bc0;  1 drivers
v000001887b7ab340_0 .net *"_ivl_163", 0 0, L_000001887b7f9300;  1 drivers
v000001887b7ab480_0 .net *"_ivl_166", 0 0, L_000001887b7f9ca0;  1 drivers
v000001887b7ab5c0_0 .net *"_ivl_170", 0 0, L_000001887b7f9c30;  1 drivers
v000001887b7ab7a0_0 .net *"_ivl_173", 0 0, L_000001887b7f9d10;  1 drivers
v000001887b7ab840_0 .net *"_ivl_176", 0 0, L_000001887b7f9f40;  1 drivers
v000001887b7ab980_0 .net *"_ivl_180", 0 0, L_000001887b7f9450;  1 drivers
v000001887b7abc00_0 .net *"_ivl_183", 0 0, L_000001887b7f9fb0;  1 drivers
v000001887b7eb4e0_0 .net *"_ivl_186", 0 0, L_000001887b7f97d0;  1 drivers
v000001887b7eb1c0_0 .net *"_ivl_190", 0 0, L_000001887b7f93e0;  1 drivers
v000001887b7eb120_0 .net *"_ivl_193", 0 0, L_000001887b7f9370;  1 drivers
v000001887b7eb260_0 .net *"_ivl_196", 0 0, L_000001887b7f9530;  1 drivers
v000001887b7ec700_0 .net *"_ivl_20", 0 0, L_000001887b7f6c80;  1 drivers
v000001887b7eacc0_0 .net *"_ivl_200", 0 0, L_000001887b7f9ed0;  1 drivers
v000001887b7eba80_0 .net *"_ivl_203", 0 0, L_000001887b7f9220;  1 drivers
v000001887b7ea4a0_0 .net *"_ivl_206", 0 0, L_000001887b7f9290;  1 drivers
v000001887b7ea2c0_0 .net *"_ivl_210", 0 0, L_000001887b7fa020;  1 drivers
v000001887b7eaae0_0 .net *"_ivl_213", 0 0, L_000001887b7f9840;  1 drivers
v000001887b7ea7c0_0 .net *"_ivl_216", 0 0, L_000001887b7f9d80;  1 drivers
v000001887b7eb300_0 .net *"_ivl_220", 0 0, L_000001887b7f9df0;  1 drivers
v000001887b7eb3a0_0 .net *"_ivl_223", 0 0, L_000001887b7f9e60;  1 drivers
v000001887b7eb580_0 .net *"_ivl_226", 0 0, L_000001887b7fa090;  1 drivers
v000001887b7ead60_0 .net *"_ivl_23", 0 0, L_000001887b7f67b0;  1 drivers
v000001887b7ec660_0 .net *"_ivl_230", 0 0, L_000001887b7f9b50;  1 drivers
v000001887b7eaea0_0 .net *"_ivl_233", 0 0, L_000001887b7f9920;  1 drivers
v000001887b7ea180_0 .net *"_ivl_236", 0 0, L_000001887b7f94c0;  1 drivers
v000001887b7ebd00_0 .net *"_ivl_240", 0 0, L_000001887b7f9990;  1 drivers
v000001887b7eae00_0 .net *"_ivl_243", 0 0, L_000001887b7f9a00;  1 drivers
v000001887b7eb440_0 .net *"_ivl_246", 0 0, L_000001887b7f9a70;  1 drivers
v000001887b7eaf40_0 .net *"_ivl_250", 0 0, L_000001887b7f91b0;  1 drivers
v000001887b7eaa40_0 .net *"_ivl_253", 0 0, L_000001887b7fa5e0;  1 drivers
v000001887b7ec8e0_0 .net *"_ivl_256", 0 0, L_000001887b7fa730;  1 drivers
v000001887b7eb6c0_0 .net *"_ivl_26", 0 0, L_000001887b7f7000;  1 drivers
v000001887b7ea220_0 .net *"_ivl_260", 0 0, L_000001887b7fab20;  1 drivers
v000001887b7ec7a0_0 .net *"_ivl_263", 0 0, L_000001887b7fa570;  1 drivers
v000001887b7ea860_0 .net *"_ivl_266", 0 0, L_000001887b7fb220;  1 drivers
v000001887b7eafe0_0 .net *"_ivl_270", 0 0, L_000001887b7faa40;  1 drivers
v000001887b7eab80_0 .net *"_ivl_273", 0 0, L_000001887b7face0;  1 drivers
v000001887b7ea360_0 .net *"_ivl_276", 0 0, L_000001887b7faf10;  1 drivers
v000001887b7ec480_0 .net *"_ivl_280", 0 0, L_000001887b7fadc0;  1 drivers
v000001887b7eb620_0 .net *"_ivl_283", 0 0, L_000001887b7fb060;  1 drivers
v000001887b7ec840_0 .net *"_ivl_286", 0 0, L_000001887b7fad50;  1 drivers
v000001887b7eb080_0 .net *"_ivl_290", 0 0, L_000001887b7fa960;  1 drivers
v000001887b7ea720_0 .net *"_ivl_293", 0 0, L_000001887b7fa9d0;  1 drivers
v000001887b7ebb20_0 .net *"_ivl_296", 0 0, L_000001887b7fab90;  1 drivers
v000001887b7ea900_0 .net *"_ivl_3", 0 0, L_000001887b76dd80;  1 drivers
v000001887b7eb760_0 .net *"_ivl_30", 0 0, L_000001887b7f66d0;  1 drivers
v000001887b7eb800_0 .net *"_ivl_300", 0 0, L_000001887b7faff0;  1 drivers
v000001887b7ec340_0 .net *"_ivl_303", 0 0, L_000001887b7faf80;  1 drivers
v000001887b7ea400_0 .net *"_ivl_306", 0 0, L_000001887b7faab0;  1 drivers
v000001887b7eb8a0_0 .net *"_ivl_310", 0 0, L_000001887b7fa650;  1 drivers
v000001887b7ebbc0_0 .net *"_ivl_313", 0 0, L_000001887b7fb370;  1 drivers
v000001887b7ec3e0_0 .net *"_ivl_316", 0 0, L_000001887b7fac00;  1 drivers
v000001887b7ea9a0_0 .net *"_ivl_320", 0 0, L_000001887b7fa880;  1 drivers
v000001887b7ec520_0 .net *"_ivl_323", 0 0, L_000001887b7fa6c0;  1 drivers
v000001887b7eb940_0 .net *"_ivl_326", 0 0, L_000001887b7fa7a0;  1 drivers
v000001887b7eac20_0 .net *"_ivl_33", 0 0, L_000001887b7f6740;  1 drivers
v000001887b7ec5c0_0 .net *"_ivl_330", 0 0, L_000001887b7fac70;  1 drivers
v000001887b7eb9e0_0 .net *"_ivl_333", 0 0, L_000001887b7fa810;  1 drivers
v000001887b7ec020_0 .net *"_ivl_336", 0 0, L_000001887b7fa8f0;  1 drivers
v000001887b7ec160_0 .net *"_ivl_340", 0 0, L_000001887b7fb300;  1 drivers
v000001887b7ea540_0 .net *"_ivl_343", 0 0, L_000001887b7fae30;  1 drivers
v000001887b7ec0c0_0 .net *"_ivl_346", 0 0, L_000001887b7faea0;  1 drivers
v000001887b7ea5e0_0 .net *"_ivl_350", 0 0, L_000001887b7fb0d0;  1 drivers
v000001887b7ebc60_0 .net *"_ivl_353", 0 0, L_000001887b7fb140;  1 drivers
v000001887b7ea680_0 .net *"_ivl_356", 0 0, L_000001887b7fb3e0;  1 drivers
v000001887b7ec200_0 .net *"_ivl_36", 0 0, L_000001887b7f6d60;  1 drivers
v000001887b7ebda0_0 .net *"_ivl_360", 0 0, L_000001887b7fb1b0;  1 drivers
v000001887b7ec2a0_0 .net *"_ivl_363", 0 0, L_000001887b7fb290;  1 drivers
v000001887b7ebe40_0 .net *"_ivl_366", 0 0, L_000001887b7fa500;  1 drivers
v000001887b7ebee0_0 .net *"_ivl_370", 0 0, L_000001887b7f7de0;  1 drivers
v000001887b7ebf80_0 .net *"_ivl_373", 0 0, L_000001887b7f8c50;  1 drivers
v000001887b7ed1a0_0 .net *"_ivl_376", 0 0, L_000001887b7f7e50;  1 drivers
v000001887b7ed740_0 .net *"_ivl_380", 0 0, L_000001887b7f7590;  1 drivers
v000001887b7ecf20_0 .net *"_ivl_383", 0 0, L_000001887b7f7980;  1 drivers
v000001887b7ed240_0 .net *"_ivl_386", 0 0, L_000001887b7f7600;  1 drivers
v000001887b7ecca0_0 .net *"_ivl_390", 0 0, L_000001887b7f7ec0;  1 drivers
v000001887b7ed7e0_0 .net *"_ivl_393", 0 0, L_000001887b7f79f0;  1 drivers
v000001887b7eca20_0 .net *"_ivl_396", 0 0, L_000001887b7f7fa0;  1 drivers
v000001887b7ecde0_0 .net *"_ivl_40", 0 0, L_000001887b7f6cf0;  1 drivers
v000001887b7ed6a0_0 .net *"_ivl_400", 0 0, L_000001887b7f8160;  1 drivers
v000001887b7ed600_0 .net *"_ivl_403", 0 0, L_000001887b7f7d70;  1 drivers
v000001887b7ed880_0 .net *"_ivl_406", 0 0, L_000001887b7f77c0;  1 drivers
v000001887b7ed920_0 .net *"_ivl_410", 0 0, L_000001887b7f82b0;  1 drivers
v000001887b7ed060_0 .net *"_ivl_413", 0 0, L_000001887b7f7670;  1 drivers
v000001887b7edba0_0 .net *"_ivl_416", 0 0, L_000001887b7f8a20;  1 drivers
v000001887b7ed100_0 .net *"_ivl_420", 0 0, L_000001887b7f7b40;  1 drivers
v000001887b7ed9c0_0 .net *"_ivl_423", 0 0, L_000001887b7f8080;  1 drivers
v000001887b7eda60_0 .net *"_ivl_426", 0 0, L_000001887b7f8400;  1 drivers
v000001887b7ece80_0 .net *"_ivl_43", 0 0, L_000001887b7f6dd0;  1 drivers
v000001887b7edb00_0 .net *"_ivl_430", 0 0, L_000001887b7f81d0;  1 drivers
v000001887b7edc40_0 .net *"_ivl_433", 0 0, L_000001887b7f86a0;  1 drivers
v000001887b7ed560_0 .net *"_ivl_436", 0 0, L_000001887b7f80f0;  1 drivers
v000001887b7ed420_0 .net *"_ivl_440", 0 0, L_000001887b7f7a60;  1 drivers
v000001887b7ecfc0_0 .net *"_ivl_443", 0 0, L_000001887b7f7bb0;  1 drivers
v000001887b7ed2e0_0 .net *"_ivl_446", 0 0, L_000001887b7f7f30;  1 drivers
v000001887b7edec0_0 .net *"_ivl_450", 0 0, L_000001887b7f72f0;  1 drivers
v000001887b7ecb60_0 .net *"_ivl_453", 0 0, L_000001887b7f71a0;  1 drivers
v000001887b7ed380_0 .net *"_ivl_456", 0 0, L_000001887b7f7c20;  1 drivers
v000001887b7ecd40_0 .net *"_ivl_46", 0 0, L_000001887b7f6e40;  1 drivers
v000001887b7ed4c0_0 .net *"_ivl_460", 0 0, L_000001887b7f8a90;  1 drivers
v000001887b7edce0_0 .net *"_ivl_463", 0 0, L_000001887b7f7280;  1 drivers
v000001887b7edd80_0 .net *"_ivl_466", 0 0, L_000001887b7f8be0;  1 drivers
v000001887b7ede20_0 .net *"_ivl_470", 0 0, L_000001887b7f8010;  1 drivers
v000001887b7ecc00_0 .net *"_ivl_473", 0 0, L_000001887b7f7210;  1 drivers
v000001887b7ecac0_0 .net *"_ivl_476", 0 0, L_000001887b7f8cc0;  1 drivers
v000001887b7edf60_0 .net *"_ivl_480", 0 0, L_000001887b7f76e0;  1 drivers
v000001887b7ee000_0 .net *"_ivl_483", 0 0, L_000001887b7f7750;  1 drivers
v000001887b7ec980_0 .net *"_ivl_486", 0 0, L_000001887b7f7360;  1 drivers
v000001887b7ee690_0 .net *"_ivl_490", 0 0, L_000001887b7f8240;  1 drivers
v000001887b7ee190_0 .net *"_ivl_493", 0 0, L_000001887b7f8d30;  1 drivers
v000001887b7eed70_0 .net *"_ivl_496", 0 0, L_000001887b7f89b0;  1 drivers
v000001887b7f0170_0 .net *"_ivl_50", 0 0, L_000001887b7f7070;  1 drivers
v000001887b7f0710_0 .net *"_ivl_500", 0 0, L_000001887b7f7830;  1 drivers
v000001887b7ee410_0 .net *"_ivl_503", 0 0, L_000001887b7f8b00;  1 drivers
v000001887b7ee2d0_0 .net *"_ivl_506", 0 0, L_000001887b7f73d0;  1 drivers
v000001887b7ee870_0 .net *"_ivl_510", 0 0, L_000001887b7f8b70;  1 drivers
v000001887b7ee370_0 .net *"_ivl_513", 0 0, L_000001887b7f8710;  1 drivers
v000001887b7ef450_0 .net *"_ivl_516", 0 0, L_000001887b7f8320;  1 drivers
v000001887b7ef3b0_0 .net *"_ivl_520", 0 0, L_000001887b7f7440;  1 drivers
v000001887b7ef130_0 .net *"_ivl_523", 0 0, L_000001887b7f74b0;  1 drivers
v000001887b7ef6d0_0 .net *"_ivl_526", 0 0, L_000001887b7f8390;  1 drivers
v000001887b7ee9b0_0 .net *"_ivl_53", 0 0, L_000001887b7f6190;  1 drivers
v000001887b7ef8b0_0 .net *"_ivl_530", 0 0, L_000001887b7f8470;  1 drivers
v000001887b7ee7d0_0 .net *"_ivl_533", 0 0, L_000001887b7f78a0;  1 drivers
v000001887b7eeeb0_0 .net *"_ivl_536", 0 0, L_000001887b7f7520;  1 drivers
v000001887b7ee910_0 .net *"_ivl_540", 0 0, L_000001887b7f7910;  1 drivers
v000001887b7eee10_0 .net *"_ivl_543", 0 0, L_000001887b7f7ad0;  1 drivers
v000001887b7efef0_0 .net *"_ivl_546", 0 0, L_000001887b7f84e0;  1 drivers
v000001887b7efd10_0 .net *"_ivl_550", 0 0, L_000001887b7f7c90;  1 drivers
v000001887b7eecd0_0 .net *"_ivl_553", 0 0, L_000001887b7f7d00;  1 drivers
v000001887b7ee5f0_0 .net *"_ivl_556", 0 0, L_000001887b7f8550;  1 drivers
v000001887b7ee4b0_0 .net *"_ivl_56", 0 0, L_000001887b7f6eb0;  1 drivers
v000001887b7ef270_0 .net *"_ivl_560", 0 0, L_000001887b7f85c0;  1 drivers
v000001887b7eea50_0 .net *"_ivl_563", 0 0, L_000001887b7f8630;  1 drivers
v000001887b7ef950_0 .net *"_ivl_566", 0 0, L_000001887b7f8780;  1 drivers
v000001887b7ee550_0 .net *"_ivl_570", 0 0, L_000001887b7f87f0;  1 drivers
v000001887b7ee230_0 .net *"_ivl_573", 0 0, L_000001887b7f8860;  1 drivers
v000001887b7ef770_0 .net *"_ivl_576", 0 0, L_000001887b7f88d0;  1 drivers
v000001887b7eeaf0_0 .net *"_ivl_580", 0 0, L_000001887b7f8940;  1 drivers
v000001887b7f0490_0 .net *"_ivl_583", 0 0, L_000001887b7f8f60;  1 drivers
v000001887b7ee730_0 .net *"_ivl_586", 0 0, L_000001887b7f8fd0;  1 drivers
v000001887b7f0530_0 .net *"_ivl_590", 0 0, L_000001887b7f8e80;  1 drivers
v000001887b7efc70_0 .net *"_ivl_593", 0 0, L_000001887b7f90b0;  1 drivers
v000001887b7efdb0_0 .net *"_ivl_596", 0 0, L_000001887b7f8ef0;  1 drivers
v000001887b7ef630_0 .net *"_ivl_6", 0 0, L_000001887b76d7d0;  1 drivers
v000001887b7efb30_0 .net *"_ivl_60", 0 0, L_000001887b7f6350;  1 drivers
v000001887b7ef590_0 .net *"_ivl_600", 0 0, L_000001887b7f9040;  1 drivers
v000001887b7eef50_0 .net *"_ivl_603", 0 0, L_000001887b7f8da0;  1 drivers
v000001887b7f0850_0 .net *"_ivl_606", 0 0, L_000001887b7f8e10;  1 drivers
v000001887b7f07b0_0 .net *"_ivl_610", 0 0, L_000001887b80fa50;  1 drivers
v000001887b7eeb90_0 .net *"_ivl_613", 0 0, L_000001887b80e5c0;  1 drivers
v000001887b7eec30_0 .net *"_ivl_616", 0 0, L_000001887b80ecc0;  1 drivers
v000001887b7f08f0_0 .net *"_ivl_620", 0 0, L_000001887b80fba0;  1 drivers
v000001887b7eeff0_0 .net *"_ivl_623", 0 0, L_000001887b80f820;  1 drivers
v000001887b7ef810_0 .net *"_ivl_626", 0 0, L_000001887b80fc80;  1 drivers
v000001887b7ef090_0 .net *"_ivl_63", 0 0, L_000001887b7f6f20;  1 drivers
v000001887b7ef1d0_0 .net *"_ivl_630", 0 0, L_000001887b80efd0;  1 drivers
v000001887b7eff90_0 .net *"_ivl_634", 0 0, L_000001887b80fcf0;  1 drivers
v000001887b7ef310_0 .net *"_ivl_638", 0 0, L_000001887b80e630;  1 drivers
v000001887b7ef4f0_0 .net *"_ivl_66", 0 0, L_000001887b7f6270;  1 drivers
v000001887b7f05d0_0 .net *"_ivl_70", 0 0, L_000001887b7f6200;  1 drivers
v000001887b7ef9f0_0 .net *"_ivl_73", 0 0, L_000001887b7f6b30;  1 drivers
v000001887b7f0670_0 .net *"_ivl_76", 0 0, L_000001887b7f62e0;  1 drivers
v000001887b7efa90_0 .net *"_ivl_80", 0 0, L_000001887b7f6430;  1 drivers
v000001887b7efbd0_0 .net *"_ivl_83", 0 0, L_000001887b7f64a0;  1 drivers
v000001887b7efe50_0 .net *"_ivl_86", 0 0, L_000001887b7f63c0;  1 drivers
v000001887b7f0030_0 .net *"_ivl_90", 0 0, L_000001887b7f6ba0;  1 drivers
v000001887b7f00d0_0 .net *"_ivl_93", 0 0, L_000001887b7f6f90;  1 drivers
v000001887b7f0210_0 .net *"_ivl_96", 0 0, L_000001887b7f6510;  1 drivers
v000001887b7f02b0_0 .net "mux_out", 63 0, L_000001887b804520;  alias, 1 drivers
v000001887b7f0350_0 .net "not_S", 0 0, L_000001887b80f510;  1 drivers
v000001887b7f03f0_0 .net "temp1", 63 0, L_000001887b803f80;  1 drivers
v000001887b7f2830_0 .net "temp2", 63 0, L_000001887b8034e0;  1 drivers
L_000001887b7f25b0 .part v000001887b7f2c90_0, 0, 1;
L_000001887b7f21f0 .part v000001887b7f2a10_0, 0, 1;
L_000001887b7f0c10 .part L_000001887b803f80, 0, 1;
L_000001887b7f28d0 .part L_000001887b8034e0, 0, 1;
L_000001887b7f2010 .part v000001887b7f2c90_0, 1, 1;
L_000001887b7f1930 .part v000001887b7f2a10_0, 1, 1;
L_000001887b7f1070 .part L_000001887b803f80, 1, 1;
L_000001887b7f20b0 .part L_000001887b8034e0, 1, 1;
L_000001887b7f30f0 .part v000001887b7f2c90_0, 2, 1;
L_000001887b7f14d0 .part v000001887b7f2a10_0, 2, 1;
L_000001887b7f2290 .part L_000001887b803f80, 2, 1;
L_000001887b7f16b0 .part L_000001887b8034e0, 2, 1;
L_000001887b7f12f0 .part v000001887b7f2c90_0, 3, 1;
L_000001887b7f23d0 .part v000001887b7f2a10_0, 3, 1;
L_000001887b7f1890 .part L_000001887b803f80, 3, 1;
L_000001887b7f2150 .part L_000001887b8034e0, 3, 1;
L_000001887b7f1570 .part v000001887b7f2c90_0, 4, 1;
L_000001887b7f1110 .part v000001887b7f2a10_0, 4, 1;
L_000001887b7f26f0 .part L_000001887b803f80, 4, 1;
L_000001887b7f19d0 .part L_000001887b8034e0, 4, 1;
L_000001887b7f1cf0 .part v000001887b7f2c90_0, 5, 1;
L_000001887b7f0a30 .part v000001887b7f2a10_0, 5, 1;
L_000001887b7f1430 .part L_000001887b803f80, 5, 1;
L_000001887b7f1390 .part L_000001887b8034e0, 5, 1;
L_000001887b7f2790 .part v000001887b7f2c90_0, 6, 1;
L_000001887b7f0df0 .part v000001887b7f2a10_0, 6, 1;
L_000001887b7f0fd0 .part L_000001887b803f80, 6, 1;
L_000001887b7f2510 .part L_000001887b8034e0, 6, 1;
L_000001887b7f0990 .part v000001887b7f2c90_0, 7, 1;
L_000001887b7f0ad0 .part v000001887b7f2a10_0, 7, 1;
L_000001887b7f0b70 .part L_000001887b803f80, 7, 1;
L_000001887b7f11b0 .part L_000001887b8034e0, 7, 1;
L_000001887b7f2330 .part v000001887b7f2c90_0, 8, 1;
L_000001887b7f1ed0 .part v000001887b7f2a10_0, 8, 1;
L_000001887b7f0cb0 .part L_000001887b803f80, 8, 1;
L_000001887b7f1610 .part L_000001887b8034e0, 8, 1;
L_000001887b7f1750 .part v000001887b7f2c90_0, 9, 1;
L_000001887b7f2470 .part v000001887b7f2a10_0, 9, 1;
L_000001887b7f1250 .part L_000001887b803f80, 9, 1;
L_000001887b7f2dd0 .part L_000001887b8034e0, 9, 1;
L_000001887b7f1c50 .part v000001887b7f2c90_0, 10, 1;
L_000001887b7f2bf0 .part v000001887b7f2a10_0, 10, 1;
L_000001887b7f2fb0 .part L_000001887b803f80, 10, 1;
L_000001887b7f2e70 .part L_000001887b8034e0, 10, 1;
L_000001887b7f2f10 .part v000001887b7f2c90_0, 11, 1;
L_000001887b7f2970 .part v000001887b7f2a10_0, 11, 1;
L_000001887b7f3050 .part L_000001887b803f80, 11, 1;
L_000001887b7f0e90 .part L_000001887b8034e0, 11, 1;
L_000001887b7f0d50 .part v000001887b7f2c90_0, 12, 1;
L_000001887b7f2ab0 .part v000001887b7f2a10_0, 12, 1;
L_000001887b7f17f0 .part L_000001887b803f80, 12, 1;
L_000001887b7f1a70 .part L_000001887b8034e0, 12, 1;
L_000001887b7f0f30 .part v000001887b7f2c90_0, 13, 1;
L_000001887b7f1b10 .part v000001887b7f2a10_0, 13, 1;
L_000001887b7f1bb0 .part L_000001887b803f80, 13, 1;
L_000001887b7f1d90 .part L_000001887b8034e0, 13, 1;
L_000001887b7f1e30 .part v000001887b7f2c90_0, 14, 1;
L_000001887b7f1f70 .part v000001887b7f2a10_0, 14, 1;
L_000001887b7f2650 .part L_000001887b803f80, 14, 1;
L_000001887b7f46d0 .part L_000001887b8034e0, 14, 1;
L_000001887b7f4bd0 .part v000001887b7f2c90_0, 15, 1;
L_000001887b7f3910 .part v000001887b7f2a10_0, 15, 1;
L_000001887b7f50d0 .part L_000001887b803f80, 15, 1;
L_000001887b7f4f90 .part L_000001887b8034e0, 15, 1;
L_000001887b7f4770 .part v000001887b7f2c90_0, 16, 1;
L_000001887b7f49f0 .part v000001887b7f2a10_0, 16, 1;
L_000001887b7f4ef0 .part L_000001887b803f80, 16, 1;
L_000001887b7f3e10 .part L_000001887b8034e0, 16, 1;
L_000001887b7f4130 .part v000001887b7f2c90_0, 17, 1;
L_000001887b7f41d0 .part v000001887b7f2a10_0, 17, 1;
L_000001887b7f4a90 .part L_000001887b803f80, 17, 1;
L_000001887b7f4d10 .part L_000001887b8034e0, 17, 1;
L_000001887b7f4270 .part v000001887b7f2c90_0, 18, 1;
L_000001887b7f3cd0 .part v000001887b7f2a10_0, 18, 1;
L_000001887b7f3eb0 .part L_000001887b803f80, 18, 1;
L_000001887b7f5850 .part L_000001887b8034e0, 18, 1;
L_000001887b7f3d70 .part v000001887b7f2c90_0, 19, 1;
L_000001887b7f4810 .part v000001887b7f2a10_0, 19, 1;
L_000001887b7f48b0 .part L_000001887b803f80, 19, 1;
L_000001887b7f3410 .part L_000001887b8034e0, 19, 1;
L_000001887b7f3870 .part v000001887b7f2c90_0, 20, 1;
L_000001887b7f4b30 .part v000001887b7f2a10_0, 20, 1;
L_000001887b7f4310 .part L_000001887b803f80, 20, 1;
L_000001887b7f39b0 .part L_000001887b8034e0, 20, 1;
L_000001887b7f3af0 .part v000001887b7f2c90_0, 21, 1;
L_000001887b7f3f50 .part v000001887b7f2a10_0, 21, 1;
L_000001887b7f37d0 .part L_000001887b803f80, 21, 1;
L_000001887b7f3a50 .part L_000001887b8034e0, 21, 1;
L_000001887b7f5490 .part v000001887b7f2c90_0, 22, 1;
L_000001887b7f4450 .part v000001887b7f2a10_0, 22, 1;
L_000001887b7f4590 .part L_000001887b803f80, 22, 1;
L_000001887b7f3730 .part L_000001887b8034e0, 22, 1;
L_000001887b7f55d0 .part v000001887b7f2c90_0, 23, 1;
L_000001887b7f35f0 .part v000001887b7f2a10_0, 23, 1;
L_000001887b7f52b0 .part L_000001887b803f80, 23, 1;
L_000001887b7f3ff0 .part L_000001887b8034e0, 23, 1;
L_000001887b7f43b0 .part v000001887b7f2c90_0, 24, 1;
L_000001887b7f4090 .part v000001887b7f2a10_0, 24, 1;
L_000001887b7f3550 .part L_000001887b803f80, 24, 1;
L_000001887b7f44f0 .part L_000001887b8034e0, 24, 1;
L_000001887b7f3b90 .part v000001887b7f2c90_0, 25, 1;
L_000001887b7f3c30 .part v000001887b7f2a10_0, 25, 1;
L_000001887b7f5530 .part L_000001887b803f80, 25, 1;
L_000001887b7f3690 .part L_000001887b8034e0, 25, 1;
L_000001887b7f5670 .part v000001887b7f2c90_0, 26, 1;
L_000001887b7f5350 .part v000001887b7f2a10_0, 26, 1;
L_000001887b7f4630 .part L_000001887b803f80, 26, 1;
L_000001887b7f4950 .part L_000001887b8034e0, 26, 1;
L_000001887b7f4c70 .part v000001887b7f2c90_0, 27, 1;
L_000001887b7f4db0 .part v000001887b7f2a10_0, 27, 1;
L_000001887b7f58f0 .part L_000001887b803f80, 27, 1;
L_000001887b7f4e50 .part L_000001887b8034e0, 27, 1;
L_000001887b7f5170 .part v000001887b7f2c90_0, 28, 1;
L_000001887b7f5030 .part v000001887b7f2a10_0, 28, 1;
L_000001887b7f5210 .part L_000001887b803f80, 28, 1;
L_000001887b7f53f0 .part L_000001887b8034e0, 28, 1;
L_000001887b7f5710 .part v000001887b7f2c90_0, 29, 1;
L_000001887b7f57b0 .part v000001887b7f2a10_0, 29, 1;
L_000001887b7f3190 .part L_000001887b803f80, 29, 1;
L_000001887b7f3230 .part L_000001887b8034e0, 29, 1;
L_000001887b7f32d0 .part v000001887b7f2c90_0, 30, 1;
L_000001887b7f3370 .part v000001887b7f2a10_0, 30, 1;
L_000001887b7f34b0 .part L_000001887b803f80, 30, 1;
L_000001887b7f5fd0 .part L_000001887b8034e0, 30, 1;
L_000001887b7f5c10 .part v000001887b7f2c90_0, 31, 1;
L_000001887b7f5df0 .part v000001887b7f2a10_0, 31, 1;
L_000001887b7f5e90 .part L_000001887b803f80, 31, 1;
L_000001887b7f5b70 .part L_000001887b8034e0, 31, 1;
L_000001887b7f5d50 .part v000001887b7f2c90_0, 32, 1;
L_000001887b7f5f30 .part v000001887b7f2a10_0, 32, 1;
L_000001887b7f5cb0 .part L_000001887b803f80, 32, 1;
L_000001887b7f6070 .part L_000001887b8034e0, 32, 1;
L_000001887b7f5990 .part v000001887b7f2c90_0, 33, 1;
L_000001887b7f5a30 .part v000001887b7f2a10_0, 33, 1;
L_000001887b7f5ad0 .part L_000001887b803f80, 33, 1;
L_000001887b8013c0 .part L_000001887b8034e0, 33, 1;
L_000001887b801960 .part v000001887b7f2c90_0, 34, 1;
L_000001887b800880 .part v000001887b7f2a10_0, 34, 1;
L_000001887b7ffd40 .part L_000001887b803f80, 34, 1;
L_000001887b800560 .part L_000001887b8034e0, 34, 1;
L_000001887b800920 .part v000001887b7f2c90_0, 35, 1;
L_000001887b801e60 .part v000001887b7f2a10_0, 35, 1;
L_000001887b7ff980 .part L_000001887b803f80, 35, 1;
L_000001887b801140 .part L_000001887b8034e0, 35, 1;
L_000001887b7ffa20 .part v000001887b7f2c90_0, 36, 1;
L_000001887b8020e0 .part v000001887b7f2a10_0, 36, 1;
L_000001887b7ffac0 .part L_000001887b803f80, 36, 1;
L_000001887b801460 .part L_000001887b8034e0, 36, 1;
L_000001887b800380 .part v000001887b7f2c90_0, 37, 1;
L_000001887b8004c0 .part v000001887b7f2a10_0, 37, 1;
L_000001887b800600 .part L_000001887b803f80, 37, 1;
L_000001887b7fffc0 .part L_000001887b8034e0, 37, 1;
L_000001887b7ffb60 .part v000001887b7f2c90_0, 38, 1;
L_000001887b7ffde0 .part v000001887b7f2a10_0, 38, 1;
L_000001887b801aa0 .part L_000001887b803f80, 38, 1;
L_000001887b8006a0 .part L_000001887b8034e0, 38, 1;
L_000001887b800ba0 .part v000001887b7f2c90_0, 39, 1;
L_000001887b800740 .part v000001887b7f2a10_0, 39, 1;
L_000001887b7ffe80 .part L_000001887b803f80, 39, 1;
L_000001887b8007e0 .part L_000001887b8034e0, 39, 1;
L_000001887b800100 .part v000001887b7f2c90_0, 40, 1;
L_000001887b8010a0 .part v000001887b7f2a10_0, 40, 1;
L_000001887b8011e0 .part L_000001887b803f80, 40, 1;
L_000001887b801c80 .part L_000001887b8034e0, 40, 1;
L_000001887b801280 .part v000001887b7f2c90_0, 41, 1;
L_000001887b8009c0 .part v000001887b7f2a10_0, 41, 1;
L_000001887b800d80 .part L_000001887b803f80, 41, 1;
L_000001887b801b40 .part L_000001887b8034e0, 41, 1;
L_000001887b800060 .part v000001887b7f2c90_0, 42, 1;
L_000001887b7fff20 .part v000001887b7f2a10_0, 42, 1;
L_000001887b802040 .part L_000001887b803f80, 42, 1;
L_000001887b801000 .part L_000001887b8034e0, 42, 1;
L_000001887b8018c0 .part v000001887b7f2c90_0, 43, 1;
L_000001887b800a60 .part v000001887b7f2a10_0, 43, 1;
L_000001887b8001a0 .part L_000001887b803f80, 43, 1;
L_000001887b801320 .part L_000001887b8034e0, 43, 1;
L_000001887b8016e0 .part v000001887b7f2c90_0, 44, 1;
L_000001887b801780 .part v000001887b7f2a10_0, 44, 1;
L_000001887b800b00 .part L_000001887b803f80, 44, 1;
L_000001887b800240 .part L_000001887b8034e0, 44, 1;
L_000001887b7ffc00 .part v000001887b7f2c90_0, 45, 1;
L_000001887b7ffca0 .part v000001887b7f2a10_0, 45, 1;
L_000001887b8002e0 .part L_000001887b803f80, 45, 1;
L_000001887b801a00 .part L_000001887b8034e0, 45, 1;
L_000001887b800420 .part v000001887b7f2c90_0, 46, 1;
L_000001887b801640 .part v000001887b7f2a10_0, 46, 1;
L_000001887b800c40 .part L_000001887b803f80, 46, 1;
L_000001887b800ce0 .part L_000001887b8034e0, 46, 1;
L_000001887b801500 .part v000001887b7f2c90_0, 47, 1;
L_000001887b801be0 .part v000001887b7f2a10_0, 47, 1;
L_000001887b800e20 .part L_000001887b803f80, 47, 1;
L_000001887b800ec0 .part L_000001887b8034e0, 47, 1;
L_000001887b800f60 .part v000001887b7f2c90_0, 48, 1;
L_000001887b801d20 .part v000001887b7f2a10_0, 48, 1;
L_000001887b8015a0 .part L_000001887b803f80, 48, 1;
L_000001887b801820 .part L_000001887b8034e0, 48, 1;
L_000001887b801dc0 .part v000001887b7f2c90_0, 49, 1;
L_000001887b801f00 .part v000001887b7f2a10_0, 49, 1;
L_000001887b801fa0 .part L_000001887b803f80, 49, 1;
L_000001887b8038a0 .part L_000001887b8034e0, 49, 1;
L_000001887b804020 .part v000001887b7f2c90_0, 50, 1;
L_000001887b8036c0 .part v000001887b7f2a10_0, 50, 1;
L_000001887b802c20 .part L_000001887b803f80, 50, 1;
L_000001887b802e00 .part L_000001887b8034e0, 50, 1;
L_000001887b804660 .part v000001887b7f2c90_0, 51, 1;
L_000001887b802ea0 .part v000001887b7f2a10_0, 51, 1;
L_000001887b802f40 .part L_000001887b803f80, 51, 1;
L_000001887b804160 .part L_000001887b8034e0, 51, 1;
L_000001887b8022c0 .part v000001887b7f2c90_0, 52, 1;
L_000001887b803440 .part v000001887b7f2a10_0, 52, 1;
L_000001887b803bc0 .part L_000001887b803f80, 52, 1;
L_000001887b803120 .part L_000001887b8034e0, 52, 1;
L_000001887b802fe0 .part v000001887b7f2c90_0, 53, 1;
L_000001887b804200 .part v000001887b7f2a10_0, 53, 1;
L_000001887b803760 .part L_000001887b803f80, 53, 1;
L_000001887b804840 .part L_000001887b8034e0, 53, 1;
L_000001887b802a40 .part v000001887b7f2c90_0, 54, 1;
L_000001887b8047a0 .part v000001887b7f2a10_0, 54, 1;
L_000001887b802860 .part L_000001887b803f80, 54, 1;
L_000001887b8027c0 .part L_000001887b8034e0, 54, 1;
L_000001887b802b80 .part v000001887b7f2c90_0, 55, 1;
L_000001887b8039e0 .part v000001887b7f2a10_0, 55, 1;
L_000001887b804700 .part L_000001887b803f80, 55, 1;
L_000001887b804480 .part L_000001887b8034e0, 55, 1;
L_000001887b8042a0 .part v000001887b7f2c90_0, 56, 1;
L_000001887b803620 .part v000001887b7f2a10_0, 56, 1;
L_000001887b803a80 .part L_000001887b803f80, 56, 1;
L_000001887b802900 .part L_000001887b8034e0, 56, 1;
L_000001887b802680 .part v000001887b7f2c90_0, 57, 1;
L_000001887b803d00 .part v000001887b7f2a10_0, 57, 1;
L_000001887b803800 .part L_000001887b803f80, 57, 1;
L_000001887b8040c0 .part L_000001887b8034e0, 57, 1;
L_000001887b802d60 .part v000001887b7f2c90_0, 58, 1;
L_000001887b803080 .part v000001887b7f2a10_0, 58, 1;
L_000001887b8048e0 .part L_000001887b803f80, 58, 1;
L_000001887b803ee0 .part L_000001887b8034e0, 58, 1;
L_000001887b803c60 .part v000001887b7f2c90_0, 59, 1;
L_000001887b804340 .part v000001887b7f2a10_0, 59, 1;
L_000001887b803b20 .part L_000001887b803f80, 59, 1;
L_000001887b803da0 .part L_000001887b8034e0, 59, 1;
L_000001887b8031c0 .part v000001887b7f2c90_0, 60, 1;
L_000001887b803260 .part v000001887b7f2a10_0, 60, 1;
L_000001887b802360 .part L_000001887b803f80, 60, 1;
L_000001887b803300 .part L_000001887b8034e0, 60, 1;
L_000001887b802ae0 .part v000001887b7f2c90_0, 61, 1;
L_000001887b803e40 .part v000001887b7f2a10_0, 61, 1;
L_000001887b802180 .part L_000001887b803f80, 61, 1;
L_000001887b802720 .part L_000001887b8034e0, 61, 1;
L_000001887b8043e0 .part v000001887b7f2c90_0, 62, 1;
L_000001887b802cc0 .part v000001887b7f2a10_0, 62, 1;
L_000001887b803940 .part L_000001887b803f80, 62, 1;
L_000001887b802220 .part L_000001887b8034e0, 62, 1;
LS_000001887b803f80_0_0 .concat8 [ 1 1 1 1], L_000001887b76dca0, L_000001887b76dc30, L_000001887b7f6c80, L_000001887b7f66d0;
LS_000001887b803f80_0_4 .concat8 [ 1 1 1 1], L_000001887b7f6cf0, L_000001887b7f7070, L_000001887b7f6350, L_000001887b7f6200;
LS_000001887b803f80_0_8 .concat8 [ 1 1 1 1], L_000001887b7f6430, L_000001887b7f6ba0, L_000001887b7f6580, L_000001887b7f69e0;
LS_000001887b803f80_0_12 .concat8 [ 1 1 1 1], L_000001887b7f6900, L_000001887b7f6ac0, L_000001887b7f95a0, L_000001887b7f96f0;
LS_000001887b803f80_0_16 .concat8 [ 1 1 1 1], L_000001887b7f9bc0, L_000001887b7f9c30, L_000001887b7f9450, L_000001887b7f93e0;
LS_000001887b803f80_0_20 .concat8 [ 1 1 1 1], L_000001887b7f9ed0, L_000001887b7fa020, L_000001887b7f9df0, L_000001887b7f9b50;
LS_000001887b803f80_0_24 .concat8 [ 1 1 1 1], L_000001887b7f9990, L_000001887b7f91b0, L_000001887b7fab20, L_000001887b7faa40;
LS_000001887b803f80_0_28 .concat8 [ 1 1 1 1], L_000001887b7fadc0, L_000001887b7fa960, L_000001887b7faff0, L_000001887b7fa650;
LS_000001887b803f80_0_32 .concat8 [ 1 1 1 1], L_000001887b7fa880, L_000001887b7fac70, L_000001887b7fb300, L_000001887b7fb0d0;
LS_000001887b803f80_0_36 .concat8 [ 1 1 1 1], L_000001887b7fb1b0, L_000001887b7f7de0, L_000001887b7f7590, L_000001887b7f7ec0;
LS_000001887b803f80_0_40 .concat8 [ 1 1 1 1], L_000001887b7f8160, L_000001887b7f82b0, L_000001887b7f7b40, L_000001887b7f81d0;
LS_000001887b803f80_0_44 .concat8 [ 1 1 1 1], L_000001887b7f7a60, L_000001887b7f72f0, L_000001887b7f8a90, L_000001887b7f8010;
LS_000001887b803f80_0_48 .concat8 [ 1 1 1 1], L_000001887b7f76e0, L_000001887b7f8240, L_000001887b7f7830, L_000001887b7f8b70;
LS_000001887b803f80_0_52 .concat8 [ 1 1 1 1], L_000001887b7f7440, L_000001887b7f8470, L_000001887b7f7910, L_000001887b7f7c90;
LS_000001887b803f80_0_56 .concat8 [ 1 1 1 1], L_000001887b7f85c0, L_000001887b7f87f0, L_000001887b7f8940, L_000001887b7f8e80;
LS_000001887b803f80_0_60 .concat8 [ 1 1 1 1], L_000001887b7f9040, L_000001887b80fa50, L_000001887b80fba0, L_000001887b80efd0;
LS_000001887b803f80_1_0 .concat8 [ 4 4 4 4], LS_000001887b803f80_0_0, LS_000001887b803f80_0_4, LS_000001887b803f80_0_8, LS_000001887b803f80_0_12;
LS_000001887b803f80_1_4 .concat8 [ 4 4 4 4], LS_000001887b803f80_0_16, LS_000001887b803f80_0_20, LS_000001887b803f80_0_24, LS_000001887b803f80_0_28;
LS_000001887b803f80_1_8 .concat8 [ 4 4 4 4], LS_000001887b803f80_0_32, LS_000001887b803f80_0_36, LS_000001887b803f80_0_40, LS_000001887b803f80_0_44;
LS_000001887b803f80_1_12 .concat8 [ 4 4 4 4], LS_000001887b803f80_0_48, LS_000001887b803f80_0_52, LS_000001887b803f80_0_56, LS_000001887b803f80_0_60;
L_000001887b803f80 .concat8 [ 16 16 16 16], LS_000001887b803f80_1_0, LS_000001887b803f80_1_4, LS_000001887b803f80_1_8, LS_000001887b803f80_1_12;
L_000001887b8033a0 .part v000001887b7f2c90_0, 63, 1;
LS_000001887b8034e0_0_0 .concat8 [ 1 1 1 1], L_000001887b76dd80, L_000001887b76ddf0, L_000001887b7f67b0, L_000001887b7f6740;
LS_000001887b8034e0_0_4 .concat8 [ 1 1 1 1], L_000001887b7f6dd0, L_000001887b7f6190, L_000001887b7f6f20, L_000001887b7f6b30;
LS_000001887b8034e0_0_8 .concat8 [ 1 1 1 1], L_000001887b7f64a0, L_000001887b7f6f90, L_000001887b7f65f0, L_000001887b7f6820;
LS_000001887b8034e0_0_12 .concat8 [ 1 1 1 1], L_000001887b7f6a50, L_000001887b7f6c10, L_000001887b7f9610, L_000001887b7f9680;
LS_000001887b8034e0_0_16 .concat8 [ 1 1 1 1], L_000001887b7f9300, L_000001887b7f9d10, L_000001887b7f9fb0, L_000001887b7f9370;
LS_000001887b8034e0_0_20 .concat8 [ 1 1 1 1], L_000001887b7f9220, L_000001887b7f9840, L_000001887b7f9e60, L_000001887b7f9920;
LS_000001887b8034e0_0_24 .concat8 [ 1 1 1 1], L_000001887b7f9a00, L_000001887b7fa5e0, L_000001887b7fa570, L_000001887b7face0;
LS_000001887b8034e0_0_28 .concat8 [ 1 1 1 1], L_000001887b7fb060, L_000001887b7fa9d0, L_000001887b7faf80, L_000001887b7fb370;
LS_000001887b8034e0_0_32 .concat8 [ 1 1 1 1], L_000001887b7fa6c0, L_000001887b7fa810, L_000001887b7fae30, L_000001887b7fb140;
LS_000001887b8034e0_0_36 .concat8 [ 1 1 1 1], L_000001887b7fb290, L_000001887b7f8c50, L_000001887b7f7980, L_000001887b7f79f0;
LS_000001887b8034e0_0_40 .concat8 [ 1 1 1 1], L_000001887b7f7d70, L_000001887b7f7670, L_000001887b7f8080, L_000001887b7f86a0;
LS_000001887b8034e0_0_44 .concat8 [ 1 1 1 1], L_000001887b7f7bb0, L_000001887b7f71a0, L_000001887b7f7280, L_000001887b7f7210;
LS_000001887b8034e0_0_48 .concat8 [ 1 1 1 1], L_000001887b7f7750, L_000001887b7f8d30, L_000001887b7f8b00, L_000001887b7f8710;
LS_000001887b8034e0_0_52 .concat8 [ 1 1 1 1], L_000001887b7f74b0, L_000001887b7f78a0, L_000001887b7f7ad0, L_000001887b7f7d00;
LS_000001887b8034e0_0_56 .concat8 [ 1 1 1 1], L_000001887b7f8630, L_000001887b7f8860, L_000001887b7f8f60, L_000001887b7f90b0;
LS_000001887b8034e0_0_60 .concat8 [ 1 1 1 1], L_000001887b7f8da0, L_000001887b80e5c0, L_000001887b80f820, L_000001887b80fcf0;
LS_000001887b8034e0_1_0 .concat8 [ 4 4 4 4], LS_000001887b8034e0_0_0, LS_000001887b8034e0_0_4, LS_000001887b8034e0_0_8, LS_000001887b8034e0_0_12;
LS_000001887b8034e0_1_4 .concat8 [ 4 4 4 4], LS_000001887b8034e0_0_16, LS_000001887b8034e0_0_20, LS_000001887b8034e0_0_24, LS_000001887b8034e0_0_28;
LS_000001887b8034e0_1_8 .concat8 [ 4 4 4 4], LS_000001887b8034e0_0_32, LS_000001887b8034e0_0_36, LS_000001887b8034e0_0_40, LS_000001887b8034e0_0_44;
LS_000001887b8034e0_1_12 .concat8 [ 4 4 4 4], LS_000001887b8034e0_0_48, LS_000001887b8034e0_0_52, LS_000001887b8034e0_0_56, LS_000001887b8034e0_0_60;
L_000001887b8034e0 .concat8 [ 16 16 16 16], LS_000001887b8034e0_1_0, LS_000001887b8034e0_1_4, LS_000001887b8034e0_1_8, LS_000001887b8034e0_1_12;
L_000001887b803580 .part v000001887b7f2a10_0, 63, 1;
LS_000001887b804520_0_0 .concat8 [ 1 1 1 1], L_000001887b76d7d0, L_000001887b76de60, L_000001887b7f7000, L_000001887b7f6d60;
LS_000001887b804520_0_4 .concat8 [ 1 1 1 1], L_000001887b7f6e40, L_000001887b7f6eb0, L_000001887b7f6270, L_000001887b7f62e0;
LS_000001887b804520_0_8 .concat8 [ 1 1 1 1], L_000001887b7f63c0, L_000001887b7f6510, L_000001887b7f6890, L_000001887b7f6660;
LS_000001887b804520_0_12 .concat8 [ 1 1 1 1], L_000001887b7f6970, L_000001887b7f9ae0, L_000001887b7f98b0, L_000001887b7f9760;
LS_000001887b804520_0_16 .concat8 [ 1 1 1 1], L_000001887b7f9ca0, L_000001887b7f9f40, L_000001887b7f97d0, L_000001887b7f9530;
LS_000001887b804520_0_20 .concat8 [ 1 1 1 1], L_000001887b7f9290, L_000001887b7f9d80, L_000001887b7fa090, L_000001887b7f94c0;
LS_000001887b804520_0_24 .concat8 [ 1 1 1 1], L_000001887b7f9a70, L_000001887b7fa730, L_000001887b7fb220, L_000001887b7faf10;
LS_000001887b804520_0_28 .concat8 [ 1 1 1 1], L_000001887b7fad50, L_000001887b7fab90, L_000001887b7faab0, L_000001887b7fac00;
LS_000001887b804520_0_32 .concat8 [ 1 1 1 1], L_000001887b7fa7a0, L_000001887b7fa8f0, L_000001887b7faea0, L_000001887b7fb3e0;
LS_000001887b804520_0_36 .concat8 [ 1 1 1 1], L_000001887b7fa500, L_000001887b7f7e50, L_000001887b7f7600, L_000001887b7f7fa0;
LS_000001887b804520_0_40 .concat8 [ 1 1 1 1], L_000001887b7f77c0, L_000001887b7f8a20, L_000001887b7f8400, L_000001887b7f80f0;
LS_000001887b804520_0_44 .concat8 [ 1 1 1 1], L_000001887b7f7f30, L_000001887b7f7c20, L_000001887b7f8be0, L_000001887b7f8cc0;
LS_000001887b804520_0_48 .concat8 [ 1 1 1 1], L_000001887b7f7360, L_000001887b7f89b0, L_000001887b7f73d0, L_000001887b7f8320;
LS_000001887b804520_0_52 .concat8 [ 1 1 1 1], L_000001887b7f8390, L_000001887b7f7520, L_000001887b7f84e0, L_000001887b7f8550;
LS_000001887b804520_0_56 .concat8 [ 1 1 1 1], L_000001887b7f8780, L_000001887b7f88d0, L_000001887b7f8fd0, L_000001887b7f8ef0;
LS_000001887b804520_0_60 .concat8 [ 1 1 1 1], L_000001887b7f8e10, L_000001887b80ecc0, L_000001887b80fc80, L_000001887b80e630;
LS_000001887b804520_1_0 .concat8 [ 4 4 4 4], LS_000001887b804520_0_0, LS_000001887b804520_0_4, LS_000001887b804520_0_8, LS_000001887b804520_0_12;
LS_000001887b804520_1_4 .concat8 [ 4 4 4 4], LS_000001887b804520_0_16, LS_000001887b804520_0_20, LS_000001887b804520_0_24, LS_000001887b804520_0_28;
LS_000001887b804520_1_8 .concat8 [ 4 4 4 4], LS_000001887b804520_0_32, LS_000001887b804520_0_36, LS_000001887b804520_0_40, LS_000001887b804520_0_44;
LS_000001887b804520_1_12 .concat8 [ 4 4 4 4], LS_000001887b804520_0_48, LS_000001887b804520_0_52, LS_000001887b804520_0_56, LS_000001887b804520_0_60;
L_000001887b804520 .concat8 [ 16 16 16 16], LS_000001887b804520_1_0, LS_000001887b804520_1_4, LS_000001887b804520_1_8, LS_000001887b804520_1_12;
L_000001887b8045c0 .part L_000001887b803f80, 63, 1;
L_000001887b802400 .part L_000001887b8034e0, 63, 1;
S_000001887b6c28f0 .scope generate, "genblk1[0]" "genblk1[0]" 3 9, 3 9 0, S_000001887b6c2760;
 .timescale -9 -12;
P_000001887b77fa30 .param/l "i" 0 3 9, +C4<00>;
L_000001887b76dca0 .functor AND 1, L_000001887b7f25b0, L_000001887b80f510, C4<1>, C4<1>;
L_000001887b76dd80 .functor AND 1, L_000001887b7f21f0, v000001887b7f2b50_0, C4<1>, C4<1>;
L_000001887b76d7d0 .functor OR 1, L_000001887b7f0c10, L_000001887b7f28d0, C4<0>, C4<0>;
v000001887b76d020_0 .net *"_ivl_1", 0 0, L_000001887b7f25b0;  1 drivers
v000001887b76c260_0 .net *"_ivl_3", 0 0, L_000001887b7f21f0;  1 drivers
v000001887b76d0c0_0 .net *"_ivl_5", 0 0, L_000001887b7f0c10;  1 drivers
v000001887b76d200_0 .net *"_ivl_6", 0 0, L_000001887b7f28d0;  1 drivers
S_000001887b6c2a80 .scope generate, "genblk1[1]" "genblk1[1]" 3 9, 3 9 0, S_000001887b6c2760;
 .timescale -9 -12;
P_000001887b77faf0 .param/l "i" 0 3 9, +C4<01>;
L_000001887b76dc30 .functor AND 1, L_000001887b7f2010, L_000001887b80f510, C4<1>, C4<1>;
L_000001887b76ddf0 .functor AND 1, L_000001887b7f1930, v000001887b7f2b50_0, C4<1>, C4<1>;
L_000001887b76de60 .functor OR 1, L_000001887b7f1070, L_000001887b7f20b0, C4<0>, C4<0>;
v000001887b76bfe0_0 .net *"_ivl_1", 0 0, L_000001887b7f2010;  1 drivers
v000001887b76bcc0_0 .net *"_ivl_3", 0 0, L_000001887b7f1930;  1 drivers
v000001887b76bd60_0 .net *"_ivl_5", 0 0, L_000001887b7f1070;  1 drivers
v000001887b76c4e0_0 .net *"_ivl_6", 0 0, L_000001887b7f20b0;  1 drivers
S_000001887b7e18c0 .scope generate, "genblk1[2]" "genblk1[2]" 3 9, 3 9 0, S_000001887b6c2760;
 .timescale -9 -12;
P_000001887b77fdb0 .param/l "i" 0 3 9, +C4<010>;
L_000001887b7f6c80 .functor AND 1, L_000001887b7f30f0, L_000001887b80f510, C4<1>, C4<1>;
L_000001887b7f67b0 .functor AND 1, L_000001887b7f14d0, v000001887b7f2b50_0, C4<1>, C4<1>;
L_000001887b7f7000 .functor OR 1, L_000001887b7f2290, L_000001887b7f16b0, C4<0>, C4<0>;
v000001887b76be00_0 .net *"_ivl_1", 0 0, L_000001887b7f30f0;  1 drivers
v000001887b76c440_0 .net *"_ivl_3", 0 0, L_000001887b7f14d0;  1 drivers
v000001887b76c6c0_0 .net *"_ivl_5", 0 0, L_000001887b7f2290;  1 drivers
v000001887b7694c0_0 .net *"_ivl_6", 0 0, L_000001887b7f16b0;  1 drivers
S_000001887b7e1a50 .scope generate, "genblk1[3]" "genblk1[3]" 3 9, 3 9 0, S_000001887b6c2760;
 .timescale -9 -12;
P_000001887b780030 .param/l "i" 0 3 9, +C4<011>;
L_000001887b7f66d0 .functor AND 1, L_000001887b7f12f0, L_000001887b80f510, C4<1>, C4<1>;
L_000001887b7f6740 .functor AND 1, L_000001887b7f23d0, v000001887b7f2b50_0, C4<1>, C4<1>;
L_000001887b7f6d60 .functor OR 1, L_000001887b7f1890, L_000001887b7f2150, C4<0>, C4<0>;
v000001887b769600_0 .net *"_ivl_1", 0 0, L_000001887b7f12f0;  1 drivers
v000001887b769c40_0 .net *"_ivl_3", 0 0, L_000001887b7f23d0;  1 drivers
v000001887b76aaa0_0 .net *"_ivl_5", 0 0, L_000001887b7f1890;  1 drivers
v000001887b76a820_0 .net *"_ivl_6", 0 0, L_000001887b7f2150;  1 drivers
S_000001887b7e1be0 .scope generate, "genblk1[4]" "genblk1[4]" 3 9, 3 9 0, S_000001887b6c2760;
 .timescale -9 -12;
P_000001887b7800f0 .param/l "i" 0 3 9, +C4<0100>;
L_000001887b7f6cf0 .functor AND 1, L_000001887b7f1570, L_000001887b80f510, C4<1>, C4<1>;
L_000001887b7f6dd0 .functor AND 1, L_000001887b7f1110, v000001887b7f2b50_0, C4<1>, C4<1>;
L_000001887b7f6e40 .functor OR 1, L_000001887b7f26f0, L_000001887b7f19d0, C4<0>, C4<0>;
v000001887b76abe0_0 .net *"_ivl_1", 0 0, L_000001887b7f1570;  1 drivers
v000001887b769920_0 .net *"_ivl_3", 0 0, L_000001887b7f1110;  1 drivers
v000001887b76a640_0 .net *"_ivl_5", 0 0, L_000001887b7f26f0;  1 drivers
v000001887b7699c0_0 .net *"_ivl_6", 0 0, L_000001887b7f19d0;  1 drivers
S_000001887b7e1d70 .scope generate, "genblk1[5]" "genblk1[5]" 3 9, 3 9 0, S_000001887b6c2760;
 .timescale -9 -12;
P_000001887b77fab0 .param/l "i" 0 3 9, +C4<0101>;
L_000001887b7f7070 .functor AND 1, L_000001887b7f1cf0, L_000001887b80f510, C4<1>, C4<1>;
L_000001887b7f6190 .functor AND 1, L_000001887b7f0a30, v000001887b7f2b50_0, C4<1>, C4<1>;
L_000001887b7f6eb0 .functor OR 1, L_000001887b7f1430, L_000001887b7f1390, C4<0>, C4<0>;
v000001887b769d80_0 .net *"_ivl_1", 0 0, L_000001887b7f1cf0;  1 drivers
v000001887b76b720_0 .net *"_ivl_3", 0 0, L_000001887b7f0a30;  1 drivers
v000001887b76a1e0_0 .net *"_ivl_5", 0 0, L_000001887b7f1430;  1 drivers
v000001887b769a60_0 .net *"_ivl_6", 0 0, L_000001887b7f1390;  1 drivers
S_000001887b7a18f0 .scope generate, "genblk1[6]" "genblk1[6]" 3 9, 3 9 0, S_000001887b6c2760;
 .timescale -9 -12;
P_000001887b77fd30 .param/l "i" 0 3 9, +C4<0110>;
L_000001887b7f6350 .functor AND 1, L_000001887b7f2790, L_000001887b80f510, C4<1>, C4<1>;
L_000001887b7f6f20 .functor AND 1, L_000001887b7f0df0, v000001887b7f2b50_0, C4<1>, C4<1>;
L_000001887b7f6270 .functor OR 1, L_000001887b7f0fd0, L_000001887b7f2510, C4<0>, C4<0>;
v000001887b76a280_0 .net *"_ivl_1", 0 0, L_000001887b7f2790;  1 drivers
v000001887b769f60_0 .net *"_ivl_3", 0 0, L_000001887b7f0df0;  1 drivers
v000001887b76a0a0_0 .net *"_ivl_5", 0 0, L_000001887b7f0fd0;  1 drivers
v000001887b76adc0_0 .net *"_ivl_6", 0 0, L_000001887b7f2510;  1 drivers
S_000001887b7a1a80 .scope generate, "genblk1[7]" "genblk1[7]" 3 9, 3 9 0, S_000001887b6c2760;
 .timescale -9 -12;
P_000001887b780630 .param/l "i" 0 3 9, +C4<0111>;
L_000001887b7f6200 .functor AND 1, L_000001887b7f0990, L_000001887b80f510, C4<1>, C4<1>;
L_000001887b7f6b30 .functor AND 1, L_000001887b7f0ad0, v000001887b7f2b50_0, C4<1>, C4<1>;
L_000001887b7f62e0 .functor OR 1, L_000001887b7f0b70, L_000001887b7f11b0, C4<0>, C4<0>;
v000001887b76ae60_0 .net *"_ivl_1", 0 0, L_000001887b7f0990;  1 drivers
v000001887b76af00_0 .net *"_ivl_3", 0 0, L_000001887b7f0ad0;  1 drivers
v000001887b76afa0_0 .net *"_ivl_5", 0 0, L_000001887b7f0b70;  1 drivers
v000001887b75bbf0_0 .net *"_ivl_6", 0 0, L_000001887b7f11b0;  1 drivers
S_000001887b7a1c10 .scope generate, "genblk1[8]" "genblk1[8]" 3 9, 3 9 0, S_000001887b6c2760;
 .timescale -9 -12;
P_000001887b780570 .param/l "i" 0 3 9, +C4<01000>;
L_000001887b7f6430 .functor AND 1, L_000001887b7f2330, L_000001887b80f510, C4<1>, C4<1>;
L_000001887b7f64a0 .functor AND 1, L_000001887b7f1ed0, v000001887b7f2b50_0, C4<1>, C4<1>;
L_000001887b7f63c0 .functor OR 1, L_000001887b7f0cb0, L_000001887b7f1610, C4<0>, C4<0>;
v000001887b75c190_0 .net *"_ivl_1", 0 0, L_000001887b7f2330;  1 drivers
v000001887b75b510_0 .net *"_ivl_3", 0 0, L_000001887b7f1ed0;  1 drivers
v000001887b75c230_0 .net *"_ivl_5", 0 0, L_000001887b7f0cb0;  1 drivers
v000001887b75bdd0_0 .net *"_ivl_6", 0 0, L_000001887b7f1610;  1 drivers
S_000001887b7a1da0 .scope generate, "genblk1[9]" "genblk1[9]" 3 9, 3 9 0, S_000001887b6c2760;
 .timescale -9 -12;
P_000001887b77fa70 .param/l "i" 0 3 9, +C4<01001>;
L_000001887b7f6ba0 .functor AND 1, L_000001887b7f1750, L_000001887b80f510, C4<1>, C4<1>;
L_000001887b7f6f90 .functor AND 1, L_000001887b7f2470, v000001887b7f2b50_0, C4<1>, C4<1>;
L_000001887b7f6510 .functor OR 1, L_000001887b7f1250, L_000001887b7f2dd0, C4<0>, C4<0>;
v000001887b75be70_0 .net *"_ivl_1", 0 0, L_000001887b7f1750;  1 drivers
v000001887b75b5b0_0 .net *"_ivl_3", 0 0, L_000001887b7f2470;  1 drivers
v000001887b75acf0_0 .net *"_ivl_5", 0 0, L_000001887b7f1250;  1 drivers
v000001887b75ae30_0 .net *"_ivl_6", 0 0, L_000001887b7f2dd0;  1 drivers
S_000001887b7a1f30 .scope generate, "genblk1[10]" "genblk1[10]" 3 9, 3 9 0, S_000001887b6c2760;
 .timescale -9 -12;
P_000001887b77f930 .param/l "i" 0 3 9, +C4<01010>;
L_000001887b7f6580 .functor AND 1, L_000001887b7f1c50, L_000001887b80f510, C4<1>, C4<1>;
L_000001887b7f65f0 .functor AND 1, L_000001887b7f2bf0, v000001887b7f2b50_0, C4<1>, C4<1>;
L_000001887b7f6890 .functor OR 1, L_000001887b7f2fb0, L_000001887b7f2e70, C4<0>, C4<0>;
v000001887b75b790_0 .net *"_ivl_1", 0 0, L_000001887b7f1c50;  1 drivers
v000001887b75aed0_0 .net *"_ivl_3", 0 0, L_000001887b7f2bf0;  1 drivers
v000001887b75a250_0 .net *"_ivl_5", 0 0, L_000001887b7f2fb0;  1 drivers
v000001887b7593f0_0 .net *"_ivl_6", 0 0, L_000001887b7f2e70;  1 drivers
S_000001887b7a20c0 .scope generate, "genblk1[11]" "genblk1[11]" 3 9, 3 9 0, S_000001887b6c2760;
 .timescale -9 -12;
P_000001887b77fb30 .param/l "i" 0 3 9, +C4<01011>;
L_000001887b7f69e0 .functor AND 1, L_000001887b7f2f10, L_000001887b80f510, C4<1>, C4<1>;
L_000001887b7f6820 .functor AND 1, L_000001887b7f2970, v000001887b7f2b50_0, C4<1>, C4<1>;
L_000001887b7f6660 .functor OR 1, L_000001887b7f3050, L_000001887b7f0e90, C4<0>, C4<0>;
v000001887b758bd0_0 .net *"_ivl_1", 0 0, L_000001887b7f2f10;  1 drivers
v000001887b758590_0 .net *"_ivl_3", 0 0, L_000001887b7f2970;  1 drivers
v000001887b759850_0 .net *"_ivl_5", 0 0, L_000001887b7f3050;  1 drivers
v000001887b7598f0_0 .net *"_ivl_6", 0 0, L_000001887b7f0e90;  1 drivers
S_000001887b7a2250 .scope generate, "genblk1[12]" "genblk1[12]" 3 9, 3 9 0, S_000001887b6c2760;
 .timescale -9 -12;
P_000001887b77fb70 .param/l "i" 0 3 9, +C4<01100>;
L_000001887b7f6900 .functor AND 1, L_000001887b7f0d50, L_000001887b80f510, C4<1>, C4<1>;
L_000001887b7f6a50 .functor AND 1, L_000001887b7f2ab0, v000001887b7f2b50_0, C4<1>, C4<1>;
L_000001887b7f6970 .functor OR 1, L_000001887b7f17f0, L_000001887b7f1a70, C4<0>, C4<0>;
v000001887b75ab10_0 .net *"_ivl_1", 0 0, L_000001887b7f0d50;  1 drivers
v000001887b759ad0_0 .net *"_ivl_3", 0 0, L_000001887b7f2ab0;  1 drivers
v000001887b759cb0_0 .net *"_ivl_5", 0 0, L_000001887b7f17f0;  1 drivers
v000001887b758770_0 .net *"_ivl_6", 0 0, L_000001887b7f1a70;  1 drivers
S_000001887b7a23e0 .scope generate, "genblk1[13]" "genblk1[13]" 3 9, 3 9 0, S_000001887b6c2760;
 .timescale -9 -12;
P_000001887b77f9f0 .param/l "i" 0 3 9, +C4<01101>;
L_000001887b7f6ac0 .functor AND 1, L_000001887b7f0f30, L_000001887b80f510, C4<1>, C4<1>;
L_000001887b7f6c10 .functor AND 1, L_000001887b7f1b10, v000001887b7f2b50_0, C4<1>, C4<1>;
L_000001887b7f9ae0 .functor OR 1, L_000001887b7f1bb0, L_000001887b7f1d90, C4<0>, C4<0>;
v000001887b75a070_0 .net *"_ivl_1", 0 0, L_000001887b7f0f30;  1 drivers
v000001887b75a2f0_0 .net *"_ivl_3", 0 0, L_000001887b7f1b10;  1 drivers
v000001887b75a750_0 .net *"_ivl_5", 0 0, L_000001887b7f1bb0;  1 drivers
v000001887b75a390_0 .net *"_ivl_6", 0 0, L_000001887b7f1d90;  1 drivers
S_000001887b7a2c00 .scope generate, "genblk1[14]" "genblk1[14]" 3 9, 3 9 0, S_000001887b6c2760;
 .timescale -9 -12;
P_000001887b77fbb0 .param/l "i" 0 3 9, +C4<01110>;
L_000001887b7f95a0 .functor AND 1, L_000001887b7f1e30, L_000001887b80f510, C4<1>, C4<1>;
L_000001887b7f9610 .functor AND 1, L_000001887b7f1f70, v000001887b7f2b50_0, C4<1>, C4<1>;
L_000001887b7f98b0 .functor OR 1, L_000001887b7f2650, L_000001887b7f46d0, C4<0>, C4<0>;
v000001887b75a4d0_0 .net *"_ivl_1", 0 0, L_000001887b7f1e30;  1 drivers
v000001887b75a890_0 .net *"_ivl_3", 0 0, L_000001887b7f1f70;  1 drivers
v000001887b7588b0_0 .net *"_ivl_5", 0 0, L_000001887b7f2650;  1 drivers
v000001887b758c70_0 .net *"_ivl_6", 0 0, L_000001887b7f46d0;  1 drivers
S_000001887b7a33d0 .scope generate, "genblk1[15]" "genblk1[15]" 3 9, 3 9 0, S_000001887b6c2760;
 .timescale -9 -12;
P_000001887b77f970 .param/l "i" 0 3 9, +C4<01111>;
L_000001887b7f96f0 .functor AND 1, L_000001887b7f4bd0, L_000001887b80f510, C4<1>, C4<1>;
L_000001887b7f9680 .functor AND 1, L_000001887b7f3910, v000001887b7f2b50_0, C4<1>, C4<1>;
L_000001887b7f9760 .functor OR 1, L_000001887b7f50d0, L_000001887b7f4f90, C4<0>, C4<0>;
v000001887b759170_0 .net *"_ivl_1", 0 0, L_000001887b7f4bd0;  1 drivers
v000001887b70ed10_0 .net *"_ivl_3", 0 0, L_000001887b7f3910;  1 drivers
v000001887b70f5d0_0 .net *"_ivl_5", 0 0, L_000001887b7f50d0;  1 drivers
v000001887b710a70_0 .net *"_ivl_6", 0 0, L_000001887b7f4f90;  1 drivers
S_000001887b7a2750 .scope generate, "genblk1[16]" "genblk1[16]" 3 9, 3 9 0, S_000001887b6c2760;
 .timescale -9 -12;
P_000001887b77f8f0 .param/l "i" 0 3 9, +C4<010000>;
L_000001887b7f9bc0 .functor AND 1, L_000001887b7f4770, L_000001887b80f510, C4<1>, C4<1>;
L_000001887b7f9300 .functor AND 1, L_000001887b7f49f0, v000001887b7f2b50_0, C4<1>, C4<1>;
L_000001887b7f9ca0 .functor OR 1, L_000001887b7f4ef0, L_000001887b7f3e10, C4<0>, C4<0>;
v000001887b70f3f0_0 .net *"_ivl_1", 0 0, L_000001887b7f4770;  1 drivers
v000001887b710110_0 .net *"_ivl_3", 0 0, L_000001887b7f49f0;  1 drivers
v000001887b710250_0 .net *"_ivl_5", 0 0, L_000001887b7f4ef0;  1 drivers
v000001887b710b10_0 .net *"_ivl_6", 0 0, L_000001887b7f3e10;  1 drivers
S_000001887b7a2d90 .scope generate, "genblk1[17]" "genblk1[17]" 3 9, 3 9 0, S_000001887b6c2760;
 .timescale -9 -12;
P_000001887b780130 .param/l "i" 0 3 9, +C4<010001>;
L_000001887b7f9c30 .functor AND 1, L_000001887b7f4130, L_000001887b80f510, C4<1>, C4<1>;
L_000001887b7f9d10 .functor AND 1, L_000001887b7f41d0, v000001887b7f2b50_0, C4<1>, C4<1>;
L_000001887b7f9f40 .functor OR 1, L_000001887b7f4a90, L_000001887b7f4d10, C4<0>, C4<0>;
v000001887b70eef0_0 .net *"_ivl_1", 0 0, L_000001887b7f4130;  1 drivers
v000001887b710750_0 .net *"_ivl_3", 0 0, L_000001887b7f41d0;  1 drivers
v000001887b70f350_0 .net *"_ivl_5", 0 0, L_000001887b7f4a90;  1 drivers
v000001887b710930_0 .net *"_ivl_6", 0 0, L_000001887b7f4d10;  1 drivers
S_000001887b7a28e0 .scope generate, "genblk1[18]" "genblk1[18]" 3 9, 3 9 0, S_000001887b6c2760;
 .timescale -9 -12;
P_000001887b77f870 .param/l "i" 0 3 9, +C4<010010>;
L_000001887b7f9450 .functor AND 1, L_000001887b7f4270, L_000001887b80f510, C4<1>, C4<1>;
L_000001887b7f9fb0 .functor AND 1, L_000001887b7f3cd0, v000001887b7f2b50_0, C4<1>, C4<1>;
L_000001887b7f97d0 .functor OR 1, L_000001887b7f3eb0, L_000001887b7f5850, C4<0>, C4<0>;
v000001887b70f490_0 .net *"_ivl_1", 0 0, L_000001887b7f4270;  1 drivers
v000001887b70fa30_0 .net *"_ivl_3", 0 0, L_000001887b7f3cd0;  1 drivers
v000001887b70fad0_0 .net *"_ivl_5", 0 0, L_000001887b7f3eb0;  1 drivers
v000001887b70fb70_0 .net *"_ivl_6", 0 0, L_000001887b7f5850;  1 drivers
S_000001887b7a2f20 .scope generate, "genblk1[19]" "genblk1[19]" 3 9, 3 9 0, S_000001887b6c2760;
 .timescale -9 -12;
P_000001887b7805f0 .param/l "i" 0 3 9, +C4<010011>;
L_000001887b7f93e0 .functor AND 1, L_000001887b7f3d70, L_000001887b80f510, C4<1>, C4<1>;
L_000001887b7f9370 .functor AND 1, L_000001887b7f4810, v000001887b7f2b50_0, C4<1>, C4<1>;
L_000001887b7f9530 .functor OR 1, L_000001887b7f48b0, L_000001887b7f3410, C4<0>, C4<0>;
v000001887b7198c0_0 .net *"_ivl_1", 0 0, L_000001887b7f3d70;  1 drivers
v000001887b718240_0 .net *"_ivl_3", 0 0, L_000001887b7f4810;  1 drivers
v000001887b718b00_0 .net *"_ivl_5", 0 0, L_000001887b7f48b0;  1 drivers
v000001887b718920_0 .net *"_ivl_6", 0 0, L_000001887b7f3410;  1 drivers
S_000001887b7a30b0 .scope generate, "genblk1[20]" "genblk1[20]" 3 9, 3 9 0, S_000001887b6c2760;
 .timescale -9 -12;
P_000001887b77fbf0 .param/l "i" 0 3 9, +C4<010100>;
L_000001887b7f9ed0 .functor AND 1, L_000001887b7f3870, L_000001887b80f510, C4<1>, C4<1>;
L_000001887b7f9220 .functor AND 1, L_000001887b7f4b30, v000001887b7f2b50_0, C4<1>, C4<1>;
L_000001887b7f9290 .functor OR 1, L_000001887b7f4310, L_000001887b7f39b0, C4<0>, C4<0>;
v000001887b719c80_0 .net *"_ivl_1", 0 0, L_000001887b7f3870;  1 drivers
v000001887b719f00_0 .net *"_ivl_3", 0 0, L_000001887b7f4b30;  1 drivers
v000001887b718ce0_0 .net *"_ivl_5", 0 0, L_000001887b7f4310;  1 drivers
v000001887b7182e0_0 .net *"_ivl_6", 0 0, L_000001887b7f39b0;  1 drivers
S_000001887b7a3240 .scope generate, "genblk1[21]" "genblk1[21]" 3 9, 3 9 0, S_000001887b6c2760;
 .timescale -9 -12;
P_000001887b780670 .param/l "i" 0 3 9, +C4<010101>;
L_000001887b7fa020 .functor AND 1, L_000001887b7f3af0, L_000001887b80f510, C4<1>, C4<1>;
L_000001887b7f9840 .functor AND 1, L_000001887b7f3f50, v000001887b7f2b50_0, C4<1>, C4<1>;
L_000001887b7f9d80 .functor OR 1, L_000001887b7f37d0, L_000001887b7f3a50, C4<0>, C4<0>;
v000001887b7184c0_0 .net *"_ivl_1", 0 0, L_000001887b7f3af0;  1 drivers
v000001887b7196e0_0 .net *"_ivl_3", 0 0, L_000001887b7f3f50;  1 drivers
v000001887b718d80_0 .net *"_ivl_5", 0 0, L_000001887b7f37d0;  1 drivers
v000001887b718ec0_0 .net *"_ivl_6", 0 0, L_000001887b7f3a50;  1 drivers
S_000001887b7a25c0 .scope generate, "genblk1[22]" "genblk1[22]" 3 9, 3 9 0, S_000001887b6c2760;
 .timescale -9 -12;
P_000001887b77fc30 .param/l "i" 0 3 9, +C4<010110>;
L_000001887b7f9df0 .functor AND 1, L_000001887b7f5490, L_000001887b80f510, C4<1>, C4<1>;
L_000001887b7f9e60 .functor AND 1, L_000001887b7f4450, v000001887b7f2b50_0, C4<1>, C4<1>;
L_000001887b7fa090 .functor OR 1, L_000001887b7f4590, L_000001887b7f3730, C4<0>, C4<0>;
v000001887b718f60_0 .net *"_ivl_1", 0 0, L_000001887b7f5490;  1 drivers
v000001887b719320_0 .net *"_ivl_3", 0 0, L_000001887b7f4450;  1 drivers
v000001887b719500_0 .net *"_ivl_5", 0 0, L_000001887b7f4590;  1 drivers
v000001887b7206f0_0 .net *"_ivl_6", 0 0, L_000001887b7f3730;  1 drivers
S_000001887b7a2a70 .scope generate, "genblk1[23]" "genblk1[23]" 3 9, 3 9 0, S_000001887b6c2760;
 .timescale -9 -12;
P_000001887b7801b0 .param/l "i" 0 3 9, +C4<010111>;
L_000001887b7f9b50 .functor AND 1, L_000001887b7f55d0, L_000001887b80f510, C4<1>, C4<1>;
L_000001887b7f9920 .functor AND 1, L_000001887b7f35f0, v000001887b7f2b50_0, C4<1>, C4<1>;
L_000001887b7f94c0 .functor OR 1, L_000001887b7f52b0, L_000001887b7f3ff0, C4<0>, C4<0>;
v000001887b720fb0_0 .net *"_ivl_1", 0 0, L_000001887b7f55d0;  1 drivers
v000001887b720330_0 .net *"_ivl_3", 0 0, L_000001887b7f35f0;  1 drivers
v000001887b71fa70_0 .net *"_ivl_5", 0 0, L_000001887b7f52b0;  1 drivers
v000001887b71fe30_0 .net *"_ivl_6", 0 0, L_000001887b7f3ff0;  1 drivers
S_000001887b7a3760 .scope generate, "genblk1[24]" "genblk1[24]" 3 9, 3 9 0, S_000001887b6c2760;
 .timescale -9 -12;
P_000001887b77fcb0 .param/l "i" 0 3 9, +C4<011000>;
L_000001887b7f9990 .functor AND 1, L_000001887b7f43b0, L_000001887b80f510, C4<1>, C4<1>;
L_000001887b7f9a00 .functor AND 1, L_000001887b7f4090, v000001887b7f2b50_0, C4<1>, C4<1>;
L_000001887b7f9a70 .functor OR 1, L_000001887b7f3550, L_000001887b7f44f0, C4<0>, C4<0>;
v000001887b7203d0_0 .net *"_ivl_1", 0 0, L_000001887b7f43b0;  1 drivers
v000001887b7205b0_0 .net *"_ivl_3", 0 0, L_000001887b7f4090;  1 drivers
v000001887b720650_0 .net *"_ivl_5", 0 0, L_000001887b7f3550;  1 drivers
v000001887b7210f0_0 .net *"_ivl_6", 0 0, L_000001887b7f44f0;  1 drivers
S_000001887b7a35d0 .scope generate, "genblk1[25]" "genblk1[25]" 3 9, 3 9 0, S_000001887b6c2760;
 .timescale -9 -12;
P_000001887b77fdf0 .param/l "i" 0 3 9, +C4<011001>;
L_000001887b7f91b0 .functor AND 1, L_000001887b7f3b90, L_000001887b80f510, C4<1>, C4<1>;
L_000001887b7fa5e0 .functor AND 1, L_000001887b7f3c30, v000001887b7f2b50_0, C4<1>, C4<1>;
L_000001887b7fa730 .functor OR 1, L_000001887b7f5530, L_000001887b7f3690, C4<0>, C4<0>;
v000001887b71ff70_0 .net *"_ivl_1", 0 0, L_000001887b7f3b90;  1 drivers
v000001887b7208d0_0 .net *"_ivl_3", 0 0, L_000001887b7f3c30;  1 drivers
v000001887b720970_0 .net *"_ivl_5", 0 0, L_000001887b7f5530;  1 drivers
v000001887b720ab0_0 .net *"_ivl_6", 0 0, L_000001887b7f3690;  1 drivers
S_000001887b7a4890 .scope generate, "genblk1[26]" "genblk1[26]" 3 9, 3 9 0, S_000001887b6c2760;
 .timescale -9 -12;
P_000001887b77fd70 .param/l "i" 0 3 9, +C4<011010>;
L_000001887b7fab20 .functor AND 1, L_000001887b7f5670, L_000001887b80f510, C4<1>, C4<1>;
L_000001887b7fa570 .functor AND 1, L_000001887b7f5350, v000001887b7f2b50_0, C4<1>, C4<1>;
L_000001887b7fb220 .functor OR 1, L_000001887b7f4630, L_000001887b7f4950, C4<0>, C4<0>;
v000001887b720f10_0 .net *"_ivl_1", 0 0, L_000001887b7f5670;  1 drivers
v000001887b71f750_0 .net *"_ivl_3", 0 0, L_000001887b7f5350;  1 drivers
v000001887b729330_0 .net *"_ivl_5", 0 0, L_000001887b7f4630;  1 drivers
v000001887b72a2d0_0 .net *"_ivl_6", 0 0, L_000001887b7f4950;  1 drivers
S_000001887b7a38f0 .scope generate, "genblk1[27]" "genblk1[27]" 3 9, 3 9 0, S_000001887b6c2760;
 .timescale -9 -12;
P_000001887b780170 .param/l "i" 0 3 9, +C4<011011>;
L_000001887b7faa40 .functor AND 1, L_000001887b7f4c70, L_000001887b80f510, C4<1>, C4<1>;
L_000001887b7face0 .functor AND 1, L_000001887b7f4db0, v000001887b7f2b50_0, C4<1>, C4<1>;
L_000001887b7faf10 .functor OR 1, L_000001887b7f58f0, L_000001887b7f4e50, C4<0>, C4<0>;
v000001887b72a690_0 .net *"_ivl_1", 0 0, L_000001887b7f4c70;  1 drivers
v000001887b72a370_0 .net *"_ivl_3", 0 0, L_000001887b7f4db0;  1 drivers
v000001887b729650_0 .net *"_ivl_5", 0 0, L_000001887b7f58f0;  1 drivers
v000001887b72a870_0 .net *"_ivl_6", 0 0, L_000001887b7f4e50;  1 drivers
S_000001887b7a4d40 .scope generate, "genblk1[28]" "genblk1[28]" 3 9, 3 9 0, S_000001887b6c2760;
 .timescale -9 -12;
P_000001887b77fc70 .param/l "i" 0 3 9, +C4<011100>;
L_000001887b7fadc0 .functor AND 1, L_000001887b7f5170, L_000001887b80f510, C4<1>, C4<1>;
L_000001887b7fb060 .functor AND 1, L_000001887b7f5030, v000001887b7f2b50_0, C4<1>, C4<1>;
L_000001887b7fad50 .functor OR 1, L_000001887b7f5210, L_000001887b7f53f0, C4<0>, C4<0>;
v000001887b728b10_0 .net *"_ivl_1", 0 0, L_000001887b7f5170;  1 drivers
v000001887b728c50_0 .net *"_ivl_3", 0 0, L_000001887b7f5030;  1 drivers
v000001887b729830_0 .net *"_ivl_5", 0 0, L_000001887b7f5210;  1 drivers
v000001887b728d90_0 .net *"_ivl_6", 0 0, L_000001887b7f53f0;  1 drivers
S_000001887b7a5060 .scope generate, "genblk1[29]" "genblk1[29]" 3 9, 3 9 0, S_000001887b6c2760;
 .timescale -9 -12;
P_000001887b7800b0 .param/l "i" 0 3 9, +C4<011101>;
L_000001887b7fa960 .functor AND 1, L_000001887b7f5710, L_000001887b80f510, C4<1>, C4<1>;
L_000001887b7fa9d0 .functor AND 1, L_000001887b7f57b0, v000001887b7f2b50_0, C4<1>, C4<1>;
L_000001887b7fab90 .functor OR 1, L_000001887b7f3190, L_000001887b7f3230, C4<0>, C4<0>;
v000001887b729ab0_0 .net *"_ivl_1", 0 0, L_000001887b7f5710;  1 drivers
v000001887b729bf0_0 .net *"_ivl_3", 0 0, L_000001887b7f57b0;  1 drivers
v000001887b729010_0 .net *"_ivl_5", 0 0, L_000001887b7f3190;  1 drivers
v000001887b729150_0 .net *"_ivl_6", 0 0, L_000001887b7f3230;  1 drivers
S_000001887b7a4ed0 .scope generate, "genblk1[30]" "genblk1[30]" 3 9, 3 9 0, S_000001887b6c2760;
 .timescale -9 -12;
P_000001887b780830 .param/l "i" 0 3 9, +C4<011110>;
L_000001887b7faff0 .functor AND 1, L_000001887b7f32d0, L_000001887b80f510, C4<1>, C4<1>;
L_000001887b7faf80 .functor AND 1, L_000001887b7f3370, v000001887b7f2b50_0, C4<1>, C4<1>;
L_000001887b7faab0 .functor OR 1, L_000001887b7f34b0, L_000001887b7f5fd0, C4<0>, C4<0>;
v000001887b7293d0_0 .net *"_ivl_1", 0 0, L_000001887b7f32d0;  1 drivers
v000001887b7329c0_0 .net *"_ivl_3", 0 0, L_000001887b7f3370;  1 drivers
v000001887b7340e0_0 .net *"_ivl_5", 0 0, L_000001887b7f34b0;  1 drivers
v000001887b733be0_0 .net *"_ivl_6", 0 0, L_000001887b7f5fd0;  1 drivers
S_000001887b7a4700 .scope generate, "genblk1[31]" "genblk1[31]" 3 9, 3 9 0, S_000001887b6c2760;
 .timescale -9 -12;
P_000001887b77fcf0 .param/l "i" 0 3 9, +C4<011111>;
L_000001887b7fa650 .functor AND 1, L_000001887b7f5c10, L_000001887b80f510, C4<1>, C4<1>;
L_000001887b7fb370 .functor AND 1, L_000001887b7f5df0, v000001887b7f2b50_0, C4<1>, C4<1>;
L_000001887b7fac00 .functor OR 1, L_000001887b7f5e90, L_000001887b7f5b70, C4<0>, C4<0>;
v000001887b732a60_0 .net *"_ivl_1", 0 0, L_000001887b7f5c10;  1 drivers
v000001887b7324c0_0 .net *"_ivl_3", 0 0, L_000001887b7f5df0;  1 drivers
v000001887b732b00_0 .net *"_ivl_5", 0 0, L_000001887b7f5e90;  1 drivers
v000001887b733c80_0 .net *"_ivl_6", 0 0, L_000001887b7f5b70;  1 drivers
S_000001887b7a4570 .scope generate, "genblk1[32]" "genblk1[32]" 3 9, 3 9 0, S_000001887b6c2760;
 .timescale -9 -12;
P_000001887b77feb0 .param/l "i" 0 3 9, +C4<0100000>;
L_000001887b7fa880 .functor AND 1, L_000001887b7f5d50, L_000001887b80f510, C4<1>, C4<1>;
L_000001887b7fa6c0 .functor AND 1, L_000001887b7f5f30, v000001887b7f2b50_0, C4<1>, C4<1>;
L_000001887b7fa7a0 .functor OR 1, L_000001887b7f5cb0, L_000001887b7f6070, C4<0>, C4<0>;
v000001887b732ba0_0 .net *"_ivl_1", 0 0, L_000001887b7f5d50;  1 drivers
v000001887b7326a0_0 .net *"_ivl_3", 0 0, L_000001887b7f5f30;  1 drivers
v000001887b732740_0 .net *"_ivl_5", 0 0, L_000001887b7f5cb0;  1 drivers
v000001887b732d80_0 .net *"_ivl_6", 0 0, L_000001887b7f6070;  1 drivers
S_000001887b7a3f30 .scope generate, "genblk1[33]" "genblk1[33]" 3 9, 3 9 0, S_000001887b6c2760;
 .timescale -9 -12;
P_000001887b77fe70 .param/l "i" 0 3 9, +C4<0100001>;
L_000001887b7fac70 .functor AND 1, L_000001887b7f5990, L_000001887b80f510, C4<1>, C4<1>;
L_000001887b7fa810 .functor AND 1, L_000001887b7f5a30, v000001887b7f2b50_0, C4<1>, C4<1>;
L_000001887b7fa8f0 .functor OR 1, L_000001887b7f5ad0, L_000001887b8013c0, C4<0>, C4<0>;
v000001887b732380_0 .net *"_ivl_1", 0 0, L_000001887b7f5990;  1 drivers
v000001887b733dc0_0 .net *"_ivl_3", 0 0, L_000001887b7f5a30;  1 drivers
v000001887b733d20_0 .net *"_ivl_5", 0 0, L_000001887b7f5ad0;  1 drivers
v000001887b732e20_0 .net *"_ivl_6", 0 0, L_000001887b8013c0;  1 drivers
S_000001887b7a3a80 .scope generate, "genblk1[34]" "genblk1[34]" 3 9, 3 9 0, S_000001887b6c2760;
 .timescale -9 -12;
P_000001887b77fef0 .param/l "i" 0 3 9, +C4<0100010>;
L_000001887b7fb300 .functor AND 1, L_000001887b801960, L_000001887b80f510, C4<1>, C4<1>;
L_000001887b7fae30 .functor AND 1, L_000001887b800880, v000001887b7f2b50_0, C4<1>, C4<1>;
L_000001887b7faea0 .functor OR 1, L_000001887b7ffd40, L_000001887b800560, C4<0>, C4<0>;
v000001887b73bb40_0 .net *"_ivl_1", 0 0, L_000001887b801960;  1 drivers
v000001887b73baa0_0 .net *"_ivl_3", 0 0, L_000001887b800880;  1 drivers
v000001887b73b1e0_0 .net *"_ivl_5", 0 0, L_000001887b7ffd40;  1 drivers
v000001887b73a740_0 .net *"_ivl_6", 0 0, L_000001887b800560;  1 drivers
S_000001887b7a4bb0 .scope generate, "genblk1[35]" "genblk1[35]" 3 9, 3 9 0, S_000001887b6c2760;
 .timescale -9 -12;
P_000001887b77f8b0 .param/l "i" 0 3 9, +C4<0100011>;
L_000001887b7fb0d0 .functor AND 1, L_000001887b800920, L_000001887b80f510, C4<1>, C4<1>;
L_000001887b7fb140 .functor AND 1, L_000001887b801e60, v000001887b7f2b50_0, C4<1>, C4<1>;
L_000001887b7fb3e0 .functor OR 1, L_000001887b7ff980, L_000001887b801140, C4<0>, C4<0>;
v000001887b73c040_0 .net *"_ivl_1", 0 0, L_000001887b800920;  1 drivers
v000001887b73aa60_0 .net *"_ivl_3", 0 0, L_000001887b801e60;  1 drivers
v000001887b73b6e0_0 .net *"_ivl_5", 0 0, L_000001887b7ff980;  1 drivers
v000001887b73b8c0_0 .net *"_ivl_6", 0 0, L_000001887b801140;  1 drivers
S_000001887b7a43e0 .scope generate, "genblk1[36]" "genblk1[36]" 3 9, 3 9 0, S_000001887b6c2760;
 .timescale -9 -12;
P_000001887b7807f0 .param/l "i" 0 3 9, +C4<0100100>;
L_000001887b7fb1b0 .functor AND 1, L_000001887b7ffa20, L_000001887b80f510, C4<1>, C4<1>;
L_000001887b7fb290 .functor AND 1, L_000001887b8020e0, v000001887b7f2b50_0, C4<1>, C4<1>;
L_000001887b7fa500 .functor OR 1, L_000001887b7ffac0, L_000001887b801460, C4<0>, C4<0>;
v000001887b73c4a0_0 .net *"_ivl_1", 0 0, L_000001887b7ffa20;  1 drivers
v000001887b73b780_0 .net *"_ivl_3", 0 0, L_000001887b8020e0;  1 drivers
v000001887b73a880_0 .net *"_ivl_5", 0 0, L_000001887b7ffac0;  1 drivers
v000001887b73c540_0 .net *"_ivl_6", 0 0, L_000001887b801460;  1 drivers
S_000001887b7a40c0 .scope generate, "genblk1[37]" "genblk1[37]" 3 9, 3 9 0, S_000001887b6c2760;
 .timescale -9 -12;
P_000001887b780270 .param/l "i" 0 3 9, +C4<0100101>;
L_000001887b7f7de0 .functor AND 1, L_000001887b800380, L_000001887b80f510, C4<1>, C4<1>;
L_000001887b7f8c50 .functor AND 1, L_000001887b8004c0, v000001887b7f2b50_0, C4<1>, C4<1>;
L_000001887b7f7e50 .functor OR 1, L_000001887b800600, L_000001887b7fffc0, C4<0>, C4<0>;
v000001887b73ace0_0 .net *"_ivl_1", 0 0, L_000001887b800380;  1 drivers
v000001887b73ad80_0 .net *"_ivl_3", 0 0, L_000001887b8004c0;  1 drivers
v000001887b73ae20_0 .net *"_ivl_5", 0 0, L_000001887b800600;  1 drivers
v000001887b744260_0 .net *"_ivl_6", 0 0, L_000001887b7fffc0;  1 drivers
S_000001887b7a3c10 .scope generate, "genblk1[38]" "genblk1[38]" 3 9, 3 9 0, S_000001887b6c2760;
 .timescale -9 -12;
P_000001887b77ff30 .param/l "i" 0 3 9, +C4<0100110>;
L_000001887b7f7590 .functor AND 1, L_000001887b7ffb60, L_000001887b80f510, C4<1>, C4<1>;
L_000001887b7f7980 .functor AND 1, L_000001887b7ffde0, v000001887b7f2b50_0, C4<1>, C4<1>;
L_000001887b7f7600 .functor OR 1, L_000001887b801aa0, L_000001887b8006a0, C4<0>, C4<0>;
v000001887b743a40_0 .net *"_ivl_1", 0 0, L_000001887b7ffb60;  1 drivers
v000001887b7434a0_0 .net *"_ivl_3", 0 0, L_000001887b7ffde0;  1 drivers
v000001887b744b20_0 .net *"_ivl_5", 0 0, L_000001887b801aa0;  1 drivers
v000001887b743b80_0 .net *"_ivl_6", 0 0, L_000001887b8006a0;  1 drivers
S_000001887b7a3da0 .scope generate, "genblk1[39]" "genblk1[39]" 3 9, 3 9 0, S_000001887b6c2760;
 .timescale -9 -12;
P_000001887b780430 .param/l "i" 0 3 9, +C4<0100111>;
L_000001887b7f7ec0 .functor AND 1, L_000001887b800ba0, L_000001887b80f510, C4<1>, C4<1>;
L_000001887b7f79f0 .functor AND 1, L_000001887b800740, v000001887b7f2b50_0, C4<1>, C4<1>;
L_000001887b7f7fa0 .functor OR 1, L_000001887b7ffe80, L_000001887b8007e0, C4<0>, C4<0>;
v000001887b743f40_0 .net *"_ivl_1", 0 0, L_000001887b800ba0;  1 drivers
v000001887b743540_0 .net *"_ivl_3", 0 0, L_000001887b800740;  1 drivers
v000001887b744940_0 .net *"_ivl_5", 0 0, L_000001887b7ffe80;  1 drivers
v000001887b744c60_0 .net *"_ivl_6", 0 0, L_000001887b8007e0;  1 drivers
S_000001887b7a4250 .scope generate, "genblk1[40]" "genblk1[40]" 3 9, 3 9 0, S_000001887b6c2760;
 .timescale -9 -12;
P_000001887b77ff70 .param/l "i" 0 3 9, +C4<0101000>;
L_000001887b7f8160 .functor AND 1, L_000001887b800100, L_000001887b80f510, C4<1>, C4<1>;
L_000001887b7f7d70 .functor AND 1, L_000001887b8010a0, v000001887b7f2b50_0, C4<1>, C4<1>;
L_000001887b7f77c0 .functor OR 1, L_000001887b8011e0, L_000001887b801c80, C4<0>, C4<0>;
v000001887b743cc0_0 .net *"_ivl_1", 0 0, L_000001887b800100;  1 drivers
v000001887b743860_0 .net *"_ivl_3", 0 0, L_000001887b8010a0;  1 drivers
v000001887b743ea0_0 .net *"_ivl_5", 0 0, L_000001887b8011e0;  1 drivers
v000001887b744080_0 .net *"_ivl_6", 0 0, L_000001887b801c80;  1 drivers
S_000001887b7a4a20 .scope generate, "genblk1[41]" "genblk1[41]" 3 9, 3 9 0, S_000001887b6c2760;
 .timescale -9 -12;
P_000001887b7804f0 .param/l "i" 0 3 9, +C4<0101001>;
L_000001887b7f82b0 .functor AND 1, L_000001887b801280, L_000001887b80f510, C4<1>, C4<1>;
L_000001887b7f7670 .functor AND 1, L_000001887b8009c0, v000001887b7f2b50_0, C4<1>, C4<1>;
L_000001887b7f8a20 .functor OR 1, L_000001887b800d80, L_000001887b801b40, C4<0>, C4<0>;
v000001887b744120_0 .net *"_ivl_1", 0 0, L_000001887b801280;  1 drivers
v000001887b744300_0 .net *"_ivl_3", 0 0, L_000001887b8009c0;  1 drivers
v000001887b74fb70_0 .net *"_ivl_5", 0 0, L_000001887b800d80;  1 drivers
v000001887b74e1d0_0 .net *"_ivl_6", 0 0, L_000001887b801b40;  1 drivers
S_000001887b7a51f0 .scope generate, "genblk1[42]" "genblk1[42]" 3 9, 3 9 0, S_000001887b6c2760;
 .timescale -9 -12;
P_000001887b77fff0 .param/l "i" 0 3 9, +C4<0101010>;
L_000001887b7f7b40 .functor AND 1, L_000001887b800060, L_000001887b80f510, C4<1>, C4<1>;
L_000001887b7f8080 .functor AND 1, L_000001887b7fff20, v000001887b7f2b50_0, C4<1>, C4<1>;
L_000001887b7f8400 .functor OR 1, L_000001887b802040, L_000001887b801000, C4<0>, C4<0>;
v000001887b74e310_0 .net *"_ivl_1", 0 0, L_000001887b800060;  1 drivers
v000001887b74f3f0_0 .net *"_ivl_3", 0 0, L_000001887b7fff20;  1 drivers
v000001887b74f0d0_0 .net *"_ivl_5", 0 0, L_000001887b802040;  1 drivers
v000001887b74f670_0 .net *"_ivl_6", 0 0, L_000001887b801000;  1 drivers
S_000001887b7a5380 .scope generate, "genblk1[43]" "genblk1[43]" 3 9, 3 9 0, S_000001887b6c2760;
 .timescale -9 -12;
P_000001887b7801f0 .param/l "i" 0 3 9, +C4<0101011>;
L_000001887b7f81d0 .functor AND 1, L_000001887b8018c0, L_000001887b80f510, C4<1>, C4<1>;
L_000001887b7f86a0 .functor AND 1, L_000001887b800a60, v000001887b7f2b50_0, C4<1>, C4<1>;
L_000001887b7f80f0 .functor OR 1, L_000001887b8001a0, L_000001887b801320, C4<0>, C4<0>;
v000001887b74e770_0 .net *"_ivl_1", 0 0, L_000001887b8018c0;  1 drivers
v000001887b74f990_0 .net *"_ivl_3", 0 0, L_000001887b800a60;  1 drivers
v000001887b74f710_0 .net *"_ivl_5", 0 0, L_000001887b8001a0;  1 drivers
v000001887b74e8b0_0 .net *"_ivl_6", 0 0, L_000001887b801320;  1 drivers
S_000001887b7a77a0 .scope generate, "genblk1[44]" "genblk1[44]" 3 9, 3 9 0, S_000001887b6c2760;
 .timescale -9 -12;
P_000001887b7802f0 .param/l "i" 0 3 9, +C4<0101100>;
L_000001887b7f7a60 .functor AND 1, L_000001887b8016e0, L_000001887b80f510, C4<1>, C4<1>;
L_000001887b7f7bb0 .functor AND 1, L_000001887b801780, v000001887b7f2b50_0, C4<1>, C4<1>;
L_000001887b7f7f30 .functor OR 1, L_000001887b800b00, L_000001887b800240, C4<0>, C4<0>;
v000001887b74f030_0 .net *"_ivl_1", 0 0, L_000001887b8016e0;  1 drivers
v000001887b74e270_0 .net *"_ivl_3", 0 0, L_000001887b801780;  1 drivers
v000001887b74e950_0 .net *"_ivl_5", 0 0, L_000001887b800b00;  1 drivers
v000001887b74fa30_0 .net *"_ivl_6", 0 0, L_000001887b800240;  1 drivers
S_000001887b7a6b20 .scope generate, "genblk1[45]" "genblk1[45]" 3 9, 3 9 0, S_000001887b6c2760;
 .timescale -9 -12;
P_000001887b780230 .param/l "i" 0 3 9, +C4<0101101>;
L_000001887b7f72f0 .functor AND 1, L_000001887b7ffc00, L_000001887b80f510, C4<1>, C4<1>;
L_000001887b7f71a0 .functor AND 1, L_000001887b7ffca0, v000001887b7f2b50_0, C4<1>, C4<1>;
L_000001887b7f7c20 .functor OR 1, L_000001887b8002e0, L_000001887b801a00, C4<0>, C4<0>;
v000001887b74f8f0_0 .net *"_ivl_1", 0 0, L_000001887b7ffc00;  1 drivers
v000001887b709b70_0 .net *"_ivl_3", 0 0, L_000001887b7ffca0;  1 drivers
v000001887b709e90_0 .net *"_ivl_5", 0 0, L_000001887b8002e0;  1 drivers
v000001887b709210_0 .net *"_ivl_6", 0 0, L_000001887b801a00;  1 drivers
S_000001887b7a6990 .scope generate, "genblk1[46]" "genblk1[46]" 3 9, 3 9 0, S_000001887b6c2760;
 .timescale -9 -12;
P_000001887b77f9b0 .param/l "i" 0 3 9, +C4<0101110>;
L_000001887b7f8a90 .functor AND 1, L_000001887b800420, L_000001887b80f510, C4<1>, C4<1>;
L_000001887b7f7280 .functor AND 1, L_000001887b801640, v000001887b7f2b50_0, C4<1>, C4<1>;
L_000001887b7f8be0 .functor OR 1, L_000001887b800c40, L_000001887b800ce0, C4<0>, C4<0>;
v000001887b709850_0 .net *"_ivl_1", 0 0, L_000001887b800420;  1 drivers
v000001887b7098f0_0 .net *"_ivl_3", 0 0, L_000001887b801640;  1 drivers
v000001887b709490_0 .net *"_ivl_5", 0 0, L_000001887b800c40;  1 drivers
v000001887b709670_0 .net *"_ivl_6", 0 0, L_000001887b800ce0;  1 drivers
S_000001887b7a6cb0 .scope generate, "genblk1[47]" "genblk1[47]" 3 9, 3 9 0, S_000001887b6c2760;
 .timescale -9 -12;
P_000001887b7802b0 .param/l "i" 0 3 9, +C4<0101111>;
L_000001887b7f8010 .functor AND 1, L_000001887b801500, L_000001887b80f510, C4<1>, C4<1>;
L_000001887b7f7210 .functor AND 1, L_000001887b801be0, v000001887b7f2b50_0, C4<1>, C4<1>;
L_000001887b7f8cc0 .functor OR 1, L_000001887b800e20, L_000001887b800ec0, C4<0>, C4<0>;
v000001887b7a8820_0 .net *"_ivl_1", 0 0, L_000001887b801500;  1 drivers
v000001887b7a9fe0_0 .net *"_ivl_3", 0 0, L_000001887b801be0;  1 drivers
v000001887b7aabc0_0 .net *"_ivl_5", 0 0, L_000001887b800e20;  1 drivers
v000001887b7a95e0_0 .net *"_ivl_6", 0 0, L_000001887b800ec0;  1 drivers
S_000001887b7a6e40 .scope generate, "genblk1[48]" "genblk1[48]" 3 9, 3 9 0, S_000001887b6c2760;
 .timescale -9 -12;
P_000001887b780330 .param/l "i" 0 3 9, +C4<0110000>;
L_000001887b7f76e0 .functor AND 1, L_000001887b800f60, L_000001887b80f510, C4<1>, C4<1>;
L_000001887b7f7750 .functor AND 1, L_000001887b801d20, v000001887b7f2b50_0, C4<1>, C4<1>;
L_000001887b7f7360 .functor OR 1, L_000001887b8015a0, L_000001887b801820, C4<0>, C4<0>;
v000001887b7a8dc0_0 .net *"_ivl_1", 0 0, L_000001887b800f60;  1 drivers
v000001887b7a8960_0 .net *"_ivl_3", 0 0, L_000001887b801d20;  1 drivers
v000001887b7a8f00_0 .net *"_ivl_5", 0 0, L_000001887b8015a0;  1 drivers
v000001887b7a9cc0_0 .net *"_ivl_6", 0 0, L_000001887b801820;  1 drivers
S_000001887b7a7ac0 .scope generate, "genblk1[49]" "genblk1[49]" 3 9, 3 9 0, S_000001887b6c2760;
 .timescale -9 -12;
P_000001887b780370 .param/l "i" 0 3 9, +C4<0110001>;
L_000001887b7f8240 .functor AND 1, L_000001887b801dc0, L_000001887b80f510, C4<1>, C4<1>;
L_000001887b7f8d30 .functor AND 1, L_000001887b801f00, v000001887b7f2b50_0, C4<1>, C4<1>;
L_000001887b7f89b0 .functor OR 1, L_000001887b801fa0, L_000001887b8038a0, C4<0>, C4<0>;
v000001887b7a9d60_0 .net *"_ivl_1", 0 0, L_000001887b801dc0;  1 drivers
v000001887b7a9e00_0 .net *"_ivl_3", 0 0, L_000001887b801f00;  1 drivers
v000001887b7a88c0_0 .net *"_ivl_5", 0 0, L_000001887b801fa0;  1 drivers
v000001887b7a9860_0 .net *"_ivl_6", 0 0, L_000001887b8038a0;  1 drivers
S_000001887b7a7f70 .scope generate, "genblk1[50]" "genblk1[50]" 3 9, 3 9 0, S_000001887b6c2760;
 .timescale -9 -12;
P_000001887b7803b0 .param/l "i" 0 3 9, +C4<0110010>;
L_000001887b7f7830 .functor AND 1, L_000001887b804020, L_000001887b80f510, C4<1>, C4<1>;
L_000001887b7f8b00 .functor AND 1, L_000001887b8036c0, v000001887b7f2b50_0, C4<1>, C4<1>;
L_000001887b7f73d0 .functor OR 1, L_000001887b802c20, L_000001887b802e00, C4<0>, C4<0>;
v000001887b7aab20_0 .net *"_ivl_1", 0 0, L_000001887b804020;  1 drivers
v000001887b7aa440_0 .net *"_ivl_3", 0 0, L_000001887b8036c0;  1 drivers
v000001887b7a9540_0 .net *"_ivl_5", 0 0, L_000001887b802c20;  1 drivers
v000001887b7a94a0_0 .net *"_ivl_6", 0 0, L_000001887b802e00;  1 drivers
S_000001887b7a6fd0 .scope generate, "genblk1[51]" "genblk1[51]" 3 9, 3 9 0, S_000001887b6c2760;
 .timescale -9 -12;
P_000001887b7803f0 .param/l "i" 0 3 9, +C4<0110011>;
L_000001887b7f8b70 .functor AND 1, L_000001887b804660, L_000001887b80f510, C4<1>, C4<1>;
L_000001887b7f8710 .functor AND 1, L_000001887b802ea0, v000001887b7f2b50_0, C4<1>, C4<1>;
L_000001887b7f8320 .functor OR 1, L_000001887b802f40, L_000001887b804160, C4<0>, C4<0>;
v000001887b7aa800_0 .net *"_ivl_1", 0 0, L_000001887b804660;  1 drivers
v000001887b7aa080_0 .net *"_ivl_3", 0 0, L_000001887b802ea0;  1 drivers
v000001887b7aa3a0_0 .net *"_ivl_5", 0 0, L_000001887b802f40;  1 drivers
v000001887b7a9720_0 .net *"_ivl_6", 0 0, L_000001887b804160;  1 drivers
S_000001887b7a7160 .scope generate, "genblk1[52]" "genblk1[52]" 3 9, 3 9 0, S_000001887b6c2760;
 .timescale -9 -12;
P_000001887b780530 .param/l "i" 0 3 9, +C4<0110100>;
L_000001887b7f7440 .functor AND 1, L_000001887b8022c0, L_000001887b80f510, C4<1>, C4<1>;
L_000001887b7f74b0 .functor AND 1, L_000001887b803440, v000001887b7f2b50_0, C4<1>, C4<1>;
L_000001887b7f8390 .functor OR 1, L_000001887b803bc0, L_000001887b803120, C4<0>, C4<0>;
v000001887b7aa260_0 .net *"_ivl_1", 0 0, L_000001887b8022c0;  1 drivers
v000001887b7a9900_0 .net *"_ivl_3", 0 0, L_000001887b803440;  1 drivers
v000001887b7a8a00_0 .net *"_ivl_5", 0 0, L_000001887b803bc0;  1 drivers
v000001887b7aa120_0 .net *"_ivl_6", 0 0, L_000001887b803120;  1 drivers
S_000001887b7a72f0 .scope generate, "genblk1[53]" "genblk1[53]" 3 9, 3 9 0, S_000001887b6c2760;
 .timescale -9 -12;
P_000001887b7805b0 .param/l "i" 0 3 9, +C4<0110101>;
L_000001887b7f8470 .functor AND 1, L_000001887b802fe0, L_000001887b80f510, C4<1>, C4<1>;
L_000001887b7f78a0 .functor AND 1, L_000001887b804200, v000001887b7f2b50_0, C4<1>, C4<1>;
L_000001887b7f7520 .functor OR 1, L_000001887b803760, L_000001887b804840, C4<0>, C4<0>;
v000001887b7a9680_0 .net *"_ivl_1", 0 0, L_000001887b802fe0;  1 drivers
v000001887b7a97c0_0 .net *"_ivl_3", 0 0, L_000001887b804200;  1 drivers
v000001887b7a9b80_0 .net *"_ivl_5", 0 0, L_000001887b803760;  1 drivers
v000001887b7aa8a0_0 .net *"_ivl_6", 0 0, L_000001887b804840;  1 drivers
S_000001887b7a6800 .scope generate, "genblk1[54]" "genblk1[54]" 3 9, 3 9 0, S_000001887b6c2760;
 .timescale -9 -12;
P_000001887b7806f0 .param/l "i" 0 3 9, +C4<0110110>;
L_000001887b7f7910 .functor AND 1, L_000001887b802a40, L_000001887b80f510, C4<1>, C4<1>;
L_000001887b7f7ad0 .functor AND 1, L_000001887b8047a0, v000001887b7f2b50_0, C4<1>, C4<1>;
L_000001887b7f84e0 .functor OR 1, L_000001887b802860, L_000001887b8027c0, C4<0>, C4<0>;
v000001887b7a8aa0_0 .net *"_ivl_1", 0 0, L_000001887b802a40;  1 drivers
v000001887b7a8fa0_0 .net *"_ivl_3", 0 0, L_000001887b8047a0;  1 drivers
v000001887b7a92c0_0 .net *"_ivl_5", 0 0, L_000001887b802860;  1 drivers
v000001887b7a9a40_0 .net *"_ivl_6", 0 0, L_000001887b8027c0;  1 drivers
S_000001887b7a8420 .scope generate, "genblk1[55]" "genblk1[55]" 3 9, 3 9 0, S_000001887b6c2760;
 .timescale -9 -12;
P_000001887b780730 .param/l "i" 0 3 9, +C4<0110111>;
L_000001887b7f7c90 .functor AND 1, L_000001887b802b80, L_000001887b80f510, C4<1>, C4<1>;
L_000001887b7f7d00 .functor AND 1, L_000001887b8039e0, v000001887b7f2b50_0, C4<1>, C4<1>;
L_000001887b7f8550 .functor OR 1, L_000001887b804700, L_000001887b804480, C4<0>, C4<0>;
v000001887b7a8b40_0 .net *"_ivl_1", 0 0, L_000001887b802b80;  1 drivers
v000001887b7aaee0_0 .net *"_ivl_3", 0 0, L_000001887b8039e0;  1 drivers
v000001887b7aa4e0_0 .net *"_ivl_5", 0 0, L_000001887b804700;  1 drivers
v000001887b7a8be0_0 .net *"_ivl_6", 0 0, L_000001887b804480;  1 drivers
S_000001887b7a7480 .scope generate, "genblk1[56]" "genblk1[56]" 3 9, 3 9 0, S_000001887b6c2760;
 .timescale -9 -12;
P_000001887b780770 .param/l "i" 0 3 9, +C4<0111000>;
L_000001887b7f85c0 .functor AND 1, L_000001887b8042a0, L_000001887b80f510, C4<1>, C4<1>;
L_000001887b7f8630 .functor AND 1, L_000001887b803620, v000001887b7f2b50_0, C4<1>, C4<1>;
L_000001887b7f8780 .functor OR 1, L_000001887b803a80, L_000001887b802900, C4<0>, C4<0>;
v000001887b7aa940_0 .net *"_ivl_1", 0 0, L_000001887b8042a0;  1 drivers
v000001887b7a9ea0_0 .net *"_ivl_3", 0 0, L_000001887b803620;  1 drivers
v000001887b7aac60_0 .net *"_ivl_5", 0 0, L_000001887b803a80;  1 drivers
v000001887b7a9040_0 .net *"_ivl_6", 0 0, L_000001887b802900;  1 drivers
S_000001887b7a7930 .scope generate, "genblk1[57]" "genblk1[57]" 3 9, 3 9 0, S_000001887b6c2760;
 .timescale -9 -12;
P_000001887b7807b0 .param/l "i" 0 3 9, +C4<0111001>;
L_000001887b7f87f0 .functor AND 1, L_000001887b802680, L_000001887b80f510, C4<1>, C4<1>;
L_000001887b7f8860 .functor AND 1, L_000001887b803d00, v000001887b7f2b50_0, C4<1>, C4<1>;
L_000001887b7f88d0 .functor OR 1, L_000001887b803800, L_000001887b8040c0, C4<0>, C4<0>;
v000001887b7a8c80_0 .net *"_ivl_1", 0 0, L_000001887b802680;  1 drivers
v000001887b7a9360_0 .net *"_ivl_3", 0 0, L_000001887b803d00;  1 drivers
v000001887b7a90e0_0 .net *"_ivl_5", 0 0, L_000001887b803800;  1 drivers
v000001887b7a9400_0 .net *"_ivl_6", 0 0, L_000001887b8040c0;  1 drivers
S_000001887b7a7c50 .scope generate, "genblk1[58]" "genblk1[58]" 3 9, 3 9 0, S_000001887b6c2760;
 .timescale -9 -12;
P_000001887b781570 .param/l "i" 0 3 9, +C4<0111010>;
L_000001887b7f8940 .functor AND 1, L_000001887b802d60, L_000001887b80f510, C4<1>, C4<1>;
L_000001887b7f8f60 .functor AND 1, L_000001887b803080, v000001887b7f2b50_0, C4<1>, C4<1>;
L_000001887b7f8fd0 .functor OR 1, L_000001887b8048e0, L_000001887b803ee0, C4<0>, C4<0>;
v000001887b7a99a0_0 .net *"_ivl_1", 0 0, L_000001887b802d60;  1 drivers
v000001887b7a8e60_0 .net *"_ivl_3", 0 0, L_000001887b803080;  1 drivers
v000001887b7a9180_0 .net *"_ivl_5", 0 0, L_000001887b8048e0;  1 drivers
v000001887b7aa580_0 .net *"_ivl_6", 0 0, L_000001887b803ee0;  1 drivers
S_000001887b7a7de0 .scope generate, "genblk1[59]" "genblk1[59]" 3 9, 3 9 0, S_000001887b6c2760;
 .timescale -9 -12;
P_000001887b780f30 .param/l "i" 0 3 9, +C4<0111011>;
L_000001887b7f8e80 .functor AND 1, L_000001887b803c60, L_000001887b80f510, C4<1>, C4<1>;
L_000001887b7f90b0 .functor AND 1, L_000001887b804340, v000001887b7f2b50_0, C4<1>, C4<1>;
L_000001887b7f8ef0 .functor OR 1, L_000001887b803b20, L_000001887b803da0, C4<0>, C4<0>;
v000001887b7a8d20_0 .net *"_ivl_1", 0 0, L_000001887b803c60;  1 drivers
v000001887b7aaa80_0 .net *"_ivl_3", 0 0, L_000001887b804340;  1 drivers
v000001887b7a9ae0_0 .net *"_ivl_5", 0 0, L_000001887b803b20;  1 drivers
v000001887b7a9220_0 .net *"_ivl_6", 0 0, L_000001887b803da0;  1 drivers
S_000001887b7a7610 .scope generate, "genblk1[60]" "genblk1[60]" 3 9, 3 9 0, S_000001887b6c2760;
 .timescale -9 -12;
P_000001887b780cb0 .param/l "i" 0 3 9, +C4<0111100>;
L_000001887b7f9040 .functor AND 1, L_000001887b8031c0, L_000001887b80f510, C4<1>, C4<1>;
L_000001887b7f8da0 .functor AND 1, L_000001887b803260, v000001887b7f2b50_0, C4<1>, C4<1>;
L_000001887b7f8e10 .functor OR 1, L_000001887b802360, L_000001887b803300, C4<0>, C4<0>;
v000001887b7a9c20_0 .net *"_ivl_1", 0 0, L_000001887b8031c0;  1 drivers
v000001887b7aad00_0 .net *"_ivl_3", 0 0, L_000001887b803260;  1 drivers
v000001887b7aa6c0_0 .net *"_ivl_5", 0 0, L_000001887b802360;  1 drivers
v000001887b7aa760_0 .net *"_ivl_6", 0 0, L_000001887b803300;  1 drivers
S_000001887b7a8100 .scope generate, "genblk1[61]" "genblk1[61]" 3 9, 3 9 0, S_000001887b6c2760;
 .timescale -9 -12;
P_000001887b7811f0 .param/l "i" 0 3 9, +C4<0111101>;
L_000001887b80fa50 .functor AND 1, L_000001887b802ae0, L_000001887b80f510, C4<1>, C4<1>;
L_000001887b80e5c0 .functor AND 1, L_000001887b803e40, v000001887b7f2b50_0, C4<1>, C4<1>;
L_000001887b80ecc0 .functor OR 1, L_000001887b802180, L_000001887b802720, C4<0>, C4<0>;
v000001887b7aa1c0_0 .net *"_ivl_1", 0 0, L_000001887b802ae0;  1 drivers
v000001887b7a9f40_0 .net *"_ivl_3", 0 0, L_000001887b803e40;  1 drivers
v000001887b7aa300_0 .net *"_ivl_5", 0 0, L_000001887b802180;  1 drivers
v000001887b7aa620_0 .net *"_ivl_6", 0 0, L_000001887b802720;  1 drivers
S_000001887b7a85b0 .scope generate, "genblk1[62]" "genblk1[62]" 3 9, 3 9 0, S_000001887b6c2760;
 .timescale -9 -12;
P_000001887b781770 .param/l "i" 0 3 9, +C4<0111110>;
L_000001887b80fba0 .functor AND 1, L_000001887b8043e0, L_000001887b80f510, C4<1>, C4<1>;
L_000001887b80f820 .functor AND 1, L_000001887b802cc0, v000001887b7f2b50_0, C4<1>, C4<1>;
L_000001887b80fc80 .functor OR 1, L_000001887b803940, L_000001887b802220, C4<0>, C4<0>;
v000001887b7aa9e0_0 .net *"_ivl_1", 0 0, L_000001887b8043e0;  1 drivers
v000001887b7aada0_0 .net *"_ivl_3", 0 0, L_000001887b802cc0;  1 drivers
v000001887b7aae40_0 .net *"_ivl_5", 0 0, L_000001887b803940;  1 drivers
v000001887b7aaf80_0 .net *"_ivl_6", 0 0, L_000001887b802220;  1 drivers
S_000001887b7a8290 .scope generate, "genblk1[63]" "genblk1[63]" 3 9, 3 9 0, S_000001887b6c2760;
 .timescale -9 -12;
P_000001887b7815b0 .param/l "i" 0 3 9, +C4<0111111>;
L_000001887b80efd0 .functor AND 1, L_000001887b8033a0, L_000001887b80f510, C4<1>, C4<1>;
L_000001887b80fcf0 .functor AND 1, L_000001887b803580, v000001887b7f2b50_0, C4<1>, C4<1>;
L_000001887b80e630 .functor OR 1, L_000001887b8045c0, L_000001887b802400, C4<0>, C4<0>;
v000001887b7aba20_0 .net *"_ivl_1", 0 0, L_000001887b8033a0;  1 drivers
v000001887b7ac420_0 .net *"_ivl_3", 0 0, L_000001887b803580;  1 drivers
v000001887b7ac380_0 .net *"_ivl_5", 0 0, L_000001887b8045c0;  1 drivers
v000001887b7ac060_0 .net *"_ivl_6", 0 0, L_000001887b802400;  1 drivers
    .scope S_000001887b77b8c0;
T_1 ;
    %vpi_call 2 25 "$dumpfile", "multiplexer_tb.vcd" {0 0 0};
    %vpi_call 2 26 "$dumpvars", 32'sb00000000000000000000000000000000, S_000001887b77b8c0 {0 0 0};
    %pushi/vec4 170, 0, 64;
    %store/vec4 v000001887b7f2c90_0, 0, 64;
    %pushi/vec4 187, 0, 64;
    %store/vec4 v000001887b7f2a10_0, 0, 64;
    %pushi/vec4 0, 0, 1;
    %store/vec4 v000001887b7f2b50_0, 0, 1;
    %pushi/vec4 170, 0, 64;
    %store/vec4 v000001887b76c120_0, 0, 64;
    %fork TD_multiplexer_tb.check, S_000001887b77d360;
    %join;
    %pushi/vec4 1, 0, 1;
    %store/vec4 v000001887b7f2b50_0, 0, 1;
    %pushi/vec4 187, 0, 64;
    %store/vec4 v000001887b76c120_0, 0, 64;
    %fork TD_multiplexer_tb.check, S_000001887b77d360;
    %join;
    %pushi/vec4 0, 0, 64;
    %store/vec4 v000001887b7f2c90_0, 0, 64;
    %pushi/vec4 0, 0, 64;
    %store/vec4 v000001887b7f2a10_0, 0, 64;
    %pushi/vec4 0, 0, 1;
    %store/vec4 v000001887b7f2b50_0, 0, 1;
    %pushi/vec4 0, 0, 64;
    %store/vec4 v000001887b76c120_0, 0, 64;
    %fork TD_multiplexer_tb.check, S_000001887b77d360;
    %join;
    %pushi/vec4 1, 0, 1;
    %store/vec4 v000001887b7f2b50_0, 0, 1;
    %pushi/vec4 0, 0, 64;
    %store/vec4 v000001887b76c120_0, 0, 64;
    %fork TD_multiplexer_tb.check, S_000001887b77d360;
    %join;
    %pushi/vec4 4294967295, 0, 32;
    %concati/vec4 4294967295, 0, 32;
    %store/vec4 v000001887b7f2c90_0, 0, 64;
    %pushi/vec4 4294967295, 0, 32;
    %concati/vec4 4294967295, 0, 32;
    %store/vec4 v000001887b7f2a10_0, 0, 64;
    %pushi/vec4 0, 0, 1;
    %store/vec4 v000001887b7f2b50_0, 0, 1;
    %pushi/vec4 4294967295, 0, 32;
    %concati/vec4 4294967295, 0, 32;
    %store/vec4 v000001887b76c120_0, 0, 64;
    %fork TD_multiplexer_tb.check, S_000001887b77d360;
    %join;
    %pushi/vec4 1, 0, 1;
    %store/vec4 v000001887b7f2b50_0, 0, 1;
    %pushi/vec4 4294967295, 0, 32;
    %concati/vec4 4294967295, 0, 32;
    %store/vec4 v000001887b76c120_0, 0, 64;
    %fork TD_multiplexer_tb.check, S_000001887b77d360;
    %join;
    %pushi/vec4 2863311530, 0, 32;
    %concati/vec4 2863311530, 0, 32;
    %store/vec4 v000001887b7f2c90_0, 0, 64;
    %pushi/vec4 2863311530, 0, 33;
    %concati/vec4 1431655765, 0, 31;
    %store/vec4 v000001887b7f2a10_0, 0, 64;
    %pushi/vec4 0, 0, 1;
    %store/vec4 v000001887b7f2b50_0, 0, 1;
    %pushi/vec4 2863311530, 0, 32;
    %concati/vec4 2863311530, 0, 32;
    %store/vec4 v000001887b76c120_0, 0, 64;
    %fork TD_multiplexer_tb.check, S_000001887b77d360;
    %join;
    %pushi/vec4 1, 0, 1;
    %store/vec4 v000001887b7f2b50_0, 0, 1;
    %pushi/vec4 2863311530, 0, 33;
    %concati/vec4 1431655765, 0, 31;
    %store/vec4 v000001887b76c120_0, 0, 64;
    %fork TD_multiplexer_tb.check, S_000001887b77d360;
    %join;
    %pushi/vec4 4294967295, 0, 32;
    %concati/vec4 4294967295, 0, 32;
    %store/vec4 v000001887b7f2c90_0, 0, 64;
    %pushi/vec4 0, 0, 64;
    %store/vec4 v000001887b7f2a10_0, 0, 64;
    %pushi/vec4 1, 0, 1;
    %store/vec4 v000001887b7f2b50_0, 0, 1;
    %pushi/vec4 0, 0, 64;
    %store/vec4 v000001887b76c120_0, 0, 64;
    %fork TD_multiplexer_tb.check, S_000001887b77d360;
    %join;
    %pushi/vec4 0, 0, 1;
    %store/vec4 v000001887b7f2b50_0, 0, 1;
    %pushi/vec4 4294967295, 0, 32;
    %concati/vec4 4294967295, 0, 32;
    %store/vec4 v000001887b76c120_0, 0, 64;
    %fork TD_multiplexer_tb.check, S_000001887b77d360;
    %join;
    %vpi_call 2 54 "$finish" {0 0 0};
    %end;
    .thread T_1;
# The file index is used to find the file name in the following table.
:file_names 4;
    "N/A";
    "<interactive>";
    "Multiplexer_tb.v";
    "./Multiplexer.v";
