#! /usr/bin/vvp
:ivl_version "12.0 (stable)";
:ivl_delay_selection "TYPICAL";
:vpi_time_precision - 12;
:vpi_module "/usr/lib/x86_64-linux-gnu/ivl/system.vpi";
:vpi_module "/usr/lib/x86_64-linux-gnu/ivl/vhdl_sys.vpi";
:vpi_module "/usr/lib/x86_64-linux-gnu/ivl/vhdl_textio.vpi";
:vpi_module "/usr/lib/x86_64-linux-gnu/ivl/v2005_math.vpi";
:vpi_module "/usr/lib/x86_64-linux-gnu/ivl/va_math.vpi";
S_0x63a28b522c90 .scope module, "pc_tb" "pc_tb" 2 4;
 .timescale -9 -12;
v0x63a28b54c3a0_0 .var "clk", 0 0;
v0x63a28b54c460_0 .var "pc_in", 63 0;
v0x63a28b54c530_0 .net "pc_out", 63 0, L_0x63a28b54c700;  1 drivers
v0x63a28b54c630_0 .var "reset", 0 0;
S_0x63a28b523cb0 .scope module, "uut" "pc" 2 8, 3 3 0, S_0x63a28b522c90;
 .timescale -9 -12;
    .port_info 0 /INPUT 1 "clk";
    .port_info 1 /INPUT 1 "reset";
    .port_info 2 /INPUT 64 "pc_in";
    .port_info 3 /OUTPUT 64 "pc_out";
L_0x63a28b54c700 .functor BUFZ 64, v0x63a28b54c130_0, C4<0000000000000000000000000000000000000000000000000000000000000000>, C4<0000000000000000000000000000000000000000000000000000000000000000>, C4<0000000000000000000000000000000000000000000000000000000000000000>;
v0x63a28b532570_0 .net "clk", 0 0, v0x63a28b54c3a0_0;  1 drivers
v0x63a28b54bf90_0 .net "pc_in", 63 0, v0x63a28b54c460_0;  1 drivers
v0x63a28b54c070_0 .net "pc_out", 63 0, L_0x63a28b54c700;  alias, 1 drivers
v0x63a28b54c130_0 .var "pc_reg", 63 0;
v0x63a28b54c210_0 .net "reset", 0 0, v0x63a28b54c630_0;  1 drivers
E_0x63a28b4f8fc0 .event posedge, v0x63a28b54c210_0, v0x63a28b532570_0;
    .scope S_0x63a28b523cb0;
T_0 ;
    %wait E_0x63a28b4f8fc0;
    %load/vec4 v0x63a28b54c210_0;
    %flag_set/vec4 8;
    %jmp/0xz  T_0.0, 8;
    %pushi/vec4 0, 0, 64;
    %assign/vec4 v0x63a28b54c130_0, 0;
    %jmp T_0.1;
T_0.0 ;
    %load/vec4 v0x63a28b54bf90_0;
    %assign/vec4 v0x63a28b54c130_0, 0;
T_0.1 ;
    %jmp T_0;
    .thread T_0;
    .scope S_0x63a28b522c90;
T_1 ;
    %pushi/vec4 0, 0, 1;
    %store/vec4 v0x63a28b54c3a0_0, 0, 1;
    %end;
    .thread T_1;
    .scope S_0x63a28b522c90;
T_2 ;
    %delay 5000, 0;
    %load/vec4 v0x63a28b54c3a0_0;
    %inv;
    %store/vec4 v0x63a28b54c3a0_0, 0, 1;
    %jmp T_2;
    .thread T_2;
    .scope S_0x63a28b522c90;
T_3 ;
    %vpi_call 2 15 "$dumpfile", "Pc_tb.vcd" {0 0 0};
    %vpi_call 2 16 "$dumpvars", 32'sb00000000000000000000000000000000, S_0x63a28b522c90 {0 0 0};
    %pushi/vec4 1, 0, 1;
    %store/vec4 v0x63a28b54c630_0, 0, 1;
    %pushi/vec4 0, 0, 64;
    %store/vec4 v0x63a28b54c460_0, 0, 64;
    %delay 10000, 0;
    %vpi_call 2 20 "$display", "After reset:       pc_out = %0d (expected 0)", v0x63a28b54c530_0 {0 0 0};
    %pushi/vec4 0, 0, 1;
    %store/vec4 v0x63a28b54c630_0, 0, 1;
    %pushi/vec4 4, 0, 64;
    %store/vec4 v0x63a28b54c460_0, 0, 64;
    %delay 10000, 0;
    %vpi_call 2 25 "$display", "PC+4:              pc_out = %0d (expected 4)", v0x63a28b54c530_0 {0 0 0};
    %pushi/vec4 8, 0, 64;
    %store/vec4 v0x63a28b54c460_0, 0, 64;
    %delay 10000, 0;
    %vpi_call 2 29 "$display", "PC+4:              pc_out = %0d (expected 8)", v0x63a28b54c530_0 {0 0 0};
    %pushi/vec4 12, 0, 64;
    %store/vec4 v0x63a28b54c460_0, 0, 64;
    %delay 10000, 0;
    %vpi_call 2 33 "$display", "PC+4:              pc_out = %0d (expected 12)", v0x63a28b54c530_0 {0 0 0};
    %pushi/vec4 40, 0, 64;
    %store/vec4 v0x63a28b54c460_0, 0, 64;
    %delay 10000, 0;
    %vpi_call 2 37 "$display", "Branch to 40:      pc_out = %0d (expected 40)", v0x63a28b54c530_0 {0 0 0};
    %pushi/vec4 44, 0, 64;
    %store/vec4 v0x63a28b54c460_0, 0, 64;
    %delay 10000, 0;
    %vpi_call 2 41 "$display", "PC+4 after branch: pc_out = %0d (expected 44)", v0x63a28b54c530_0 {0 0 0};
    %pushi/vec4 1, 0, 1;
    %store/vec4 v0x63a28b54c630_0, 0, 1;
    %delay 10000, 0;
    %vpi_call 2 45 "$display", "Mid-run reset:     pc_out = %0d (expected 0)", v0x63a28b54c530_0 {0 0 0};
    %pushi/vec4 0, 0, 1;
    %store/vec4 v0x63a28b54c630_0, 0, 1;
    %pushi/vec4 4, 0, 64;
    %store/vec4 v0x63a28b54c460_0, 0, 64;
    %delay 10000, 0;
    %vpi_call 2 50 "$display", "Resume after reset: pc_out = %0d (expected 4)", v0x63a28b54c530_0 {0 0 0};
    %vpi_call 2 51 "$display", "\012All PC tests completed." {0 0 0};
    %vpi_call 2 52 "$finish" {0 0 0};
    %end;
    .thread T_3;
# The file index is used to find the file name in the following table.
:file_names 4;
    "N/A";
    "<interactive>";
    "PC_tb.v";
    "./PC.v";
