#! /c/Source/iverilog-install/bin/vvp
:ivl_version "12.0 (devel)" "(s20150603-1539-g2693dd32b)";
:ivl_delay_selection "TYPICAL";
:vpi_time_precision - 12;
:vpi_module "C:\iverilog\lib\ivl\system.vpi";
:vpi_module "C:\iverilog\lib\ivl\vhdl_sys.vpi";
:vpi_module "C:\iverilog\lib\ivl\vhdl_textio.vpi";
:vpi_module "C:\iverilog\lib\ivl\v2005_math.vpi";
:vpi_module "C:\iverilog\lib\ivl\va_math.vpi";
S_000002494e99b5e0 .scope module, "RegMem_tb" "RegMem_tb" 2 4;
 .timescale -9 -12;
v000002494ea0c2c0_0 .var "clk", 0 0;
v000002494ea0ac40_0 .net "read_data1", 63 0, L_000002494ea0ace0;  1 drivers
v000002494ea0b5a0_0 .net "read_data2", 63 0, L_000002494ea0c680;  1 drivers
v000002494ea0bdc0_0 .var "read_reg1", 4 0;
v000002494ea0c360_0 .var "read_reg2", 4 0;
v000002494ea0bb40_0 .var "reg_write_en", 0 0;
v000002494ea0c0e0_0 .var "reset", 0 0;
v000002494ea0ae20_0 .var "write_data", 63 0;
v000002494ea0b8c0_0 .var "write_reg", 4 0;
E_000002494e9a39a0 .event posedge, v000002494e99f1b0_0;
S_000002494e99dd90 .scope module, "uut" "RegMem" 2 10, 3 3 0, S_000002494e99b5e0;
 .timescale -9 -12;
    .port_info 0 /INPUT 1 "clk";
    .port_info 1 /INPUT 1 "reset";
    .port_info 2 /INPUT 5 "read_reg1";
    .port_info 3 /INPUT 5 "read_reg2";
    .port_info 4 /INPUT 5 "write_reg";
    .port_info 5 /INPUT 64 "write_data";
    .port_info 6 /INPUT 1 "reg_write_en";
    .port_info 7 /OUTPUT 64 "read_data1";
    .port_info 8 /OUTPUT 64 "read_data2";
L_000002494ea0ca28 .functor BUFT 1, C4<00000>, C4<0>, C4<0>, C4<0>;
v000002494e99e990_0 .net/2u *"_ivl_0", 4 0, L_000002494ea0ca28;  1 drivers
L_000002494ea0cab8 .functor BUFT 1, C4<00>, C4<0>, C4<0>, C4<0>;
v000002494e99f070_0 .net *"_ivl_11", 1 0, L_000002494ea0cab8;  1 drivers
L_000002494ea0cb00 .functor BUFT 1, C4<00000>, C4<0>, C4<0>, C4<0>;
v000002494e99f570_0 .net/2u *"_ivl_14", 4 0, L_000002494ea0cb00;  1 drivers
v000002494e99ed50_0 .net *"_ivl_16", 0 0, L_000002494ea0c5e0;  1 drivers
L_000002494ea0cb48 .functor BUFT 1, C4<0000000000000000000000000000000000000000000000000000000000000000>, C4<0>, C4<0>, C4<0>;
v000002494e99e670_0 .net/2u *"_ivl_18", 63 0, L_000002494ea0cb48;  1 drivers
v000002494e99f110_0 .net *"_ivl_2", 0 0, L_000002494ea0b280;  1 drivers
v000002494e99f2f0_0 .net *"_ivl_20", 63 0, L_000002494ea0ad80;  1 drivers
v000002494e99e8f0_0 .net *"_ivl_22", 6 0, L_000002494ea0b140;  1 drivers
L_000002494ea0cb90 .functor BUFT 1, C4<00>, C4<0>, C4<0>, C4<0>;
v000002494e99ef30_0 .net *"_ivl_25", 1 0, L_000002494ea0cb90;  1 drivers
L_000002494ea0ca70 .functor BUFT 1, C4<0000000000000000000000000000000000000000000000000000000000000000>, C4<0>, C4<0>, C4<0>;
v000002494e99ee90_0 .net/2u *"_ivl_4", 63 0, L_000002494ea0ca70;  1 drivers
v000002494e99eb70_0 .net *"_ivl_6", 63 0, L_000002494ea0bd20;  1 drivers
v000002494e99efd0_0 .net *"_ivl_8", 6 0, L_000002494ea0b780;  1 drivers
v000002494e99f1b0_0 .net "clk", 0 0, v000002494ea0c2c0_0;  1 drivers
v000002494e99ead0_0 .var/i "i", 31 0;
v000002494e99ea30_0 .net "read_data1", 63 0, L_000002494ea0ace0;  alias, 1 drivers
v000002494e99f250_0 .net "read_data2", 63 0, L_000002494ea0c680;  alias, 1 drivers
v000002494e99f390_0 .net "read_reg1", 4 0, v000002494ea0bdc0_0;  1 drivers
v000002494e99f430_0 .net "read_reg2", 4 0, v000002494ea0c360_0;  1 drivers
v000002494e99ec10_0 .net "reg_write_en", 0 0, v000002494ea0bb40_0;  1 drivers
v000002494e99ecb0 .array "registers", 31 0, 63 0;
v000002494ea0b0a0_0 .net "reset", 0 0, v000002494ea0c0e0_0;  1 drivers
v000002494ea0aba0_0 .net "write_data", 63 0, v000002494ea0ae20_0;  1 drivers
v000002494ea0c180_0 .net "write_reg", 4 0, v000002494ea0b8c0_0;  1 drivers
E_000002494e9a3320 .event posedge, v000002494ea0b0a0_0, v000002494e99f1b0_0;
L_000002494ea0b280 .cmp/eq 5, v000002494ea0bdc0_0, L_000002494ea0ca28;
L_000002494ea0bd20 .array/port v000002494e99ecb0, L_000002494ea0b780;
L_000002494ea0b780 .concat [ 5 2 0 0], v000002494ea0bdc0_0, L_000002494ea0cab8;
L_000002494ea0ace0 .functor MUXZ 64, L_000002494ea0bd20, L_000002494ea0ca70, L_000002494ea0b280, C4<>;
L_000002494ea0c5e0 .cmp/eq 5, v000002494ea0c360_0, L_000002494ea0cb00;
L_000002494ea0ad80 .array/port v000002494e99ecb0, L_000002494ea0b140;
L_000002494ea0b140 .concat [ 5 2 0 0], v000002494ea0c360_0, L_000002494ea0cb90;
L_000002494ea0c680 .functor MUXZ 64, L_000002494ea0ad80, L_000002494ea0cb48, L_000002494ea0c5e0, C4<>;
S_000002494e99c150 .scope task, "dump_registers" "dump_registers" 3 21, 3 21 0, S_000002494e99dd90;
 .timescale -9 -12;
v000002494e99e710_0 .var/i "cycle_count", 31 0;
v000002494e99e7b0_0 .var/i "file_handle", 31 0;
v000002494e99e850_0 .var/i "j", 31 0;
TD_RegMem_tb.uut.dump_registers ;
    %vpi_func 3 26 "$fopen" 32, "register_file.txt", "w" {0 0 0};
    %store/vec4 v000002494e99e7b0_0, 0, 32;
    %pushi/vec4 0, 0, 32;
    %store/vec4 v000002494e99e850_0, 0, 32;
T_0.0 ;
    %load/vec4 v000002494e99e850_0;
    %cmpi/s 32, 0, 32;
    %jmp/0xz T_0.1, 5;
    %vpi_call 3 28 "$fwrite", v000002494e99e7b0_0, "%016h\012", &A<v000002494e99ecb0, v000002494e99e850_0 > {0 0 0};
    %load/vec4 v000002494e99e850_0;
    %addi 1, 0, 32;
    %store/vec4 v000002494e99e850_0, 0, 32;
    %jmp T_0.0;
T_0.1 ;
    %vpi_call 3 30 "$fwrite", v000002494e99e7b0_0, "%0d\012", v000002494e99e710_0 {0 0 0};
    %vpi_call 3 31 "$fclose", v000002494e99e7b0_0 {0 0 0};
    %end;
    .scope S_000002494e99dd90;
T_1 ;
    %wait E_000002494e9a3320;
    %load/vec4 v000002494ea0b0a0_0;
    %flag_set/vec4 8;
    %jmp/0xz  T_1.0, 8;
    %pushi/vec4 0, 0, 32;
    %store/vec4 v000002494e99ead0_0, 0, 32;
T_1.2 ;
    %load/vec4 v000002494e99ead0_0;
    %cmpi/s 32, 0, 32;
    %jmp/0xz T_1.3, 5;
    %pushi/vec4 0, 0, 64;
    %ix/getv/s 3, v000002494e99ead0_0;
    %ix/load 4, 0, 0; Constant delay
    %assign/vec4/a/d v000002494e99ecb0, 0, 4;
    %load/vec4 v000002494e99ead0_0;
    %addi 1, 0, 32;
    %store/vec4 v000002494e99ead0_0, 0, 32;
    %jmp T_1.2;
T_1.3 ;
    %jmp T_1.1;
T_1.0 ;
    %load/vec4 v000002494e99ec10_0;
    %flag_set/vec4 9;
    %flag_get/vec4 9;
    %jmp/0 T_1.6, 9;
    %load/vec4 v000002494ea0c180_0;
    %pushi/vec4 0, 0, 5;
    %cmp/ne;
    %flag_get/vec4 4;
    %and;
T_1.6;
    %flag_set/vec4 8;
    %jmp/0xz  T_1.4, 8;
    %load/vec4 v000002494ea0aba0_0;
    %load/vec4 v000002494ea0c180_0;
    %pad/u 7;
    %ix/vec4 3;
    %ix/load 4, 0, 0; Constant delay
    %assign/vec4/a/d v000002494e99ecb0, 0, 4;
T_1.4 ;
T_1.1 ;
    %jmp T_1;
    .thread T_1;
    .scope S_000002494e99b5e0;
T_2 ;
    %pushi/vec4 0, 0, 1;
    %store/vec4 v000002494ea0c2c0_0, 0, 1;
    %end;
    .thread T_2;
    .scope S_000002494e99b5e0;
T_3 ;
    %delay 5000, 0;
    %load/vec4 v000002494ea0c2c0_0;
    %inv;
    %store/vec4 v000002494ea0c2c0_0, 0, 1;
    %jmp T_3;
    .thread T_3;
    .scope S_000002494e99b5e0;
T_4 ;
    %vpi_call 2 20 "$dumpfile", "RegMem_tb.vcd" {0 0 0};
    %vpi_call 2 21 "$dumpvars", 32'sb00000000000000000000000000000000, S_000002494e99b5e0 {0 0 0};
    %pushi/vec4 1, 0, 1;
    %store/vec4 v000002494ea0c0e0_0, 0, 1;
    %pushi/vec4 0, 0, 1;
    %store/vec4 v000002494ea0bb40_0, 0, 1;
    %pushi/vec4 0, 0, 5;
    %store/vec4 v000002494ea0bdc0_0, 0, 5;
    %pushi/vec4 0, 0, 5;
    %store/vec4 v000002494ea0c360_0, 0, 5;
    %pushi/vec4 0, 0, 5;
    %store/vec4 v000002494ea0b8c0_0, 0, 5;
    %pushi/vec4 0, 0, 64;
    %store/vec4 v000002494ea0ae20_0, 0, 64;
    %delay 10000, 0;
    %pushi/vec4 0, 0, 1;
    %store/vec4 v000002494ea0c0e0_0, 0, 1;
    %pushi/vec4 1, 0, 5;
    %store/vec4 v000002494ea0bdc0_0, 0, 5;
    %delay 1000, 0;
    %vpi_call 2 33 "$display", "RESET TEST: x1 = %h (expected 0)", v000002494ea0ac40_0 {0 0 0};
    %wait E_000002494e9a39a0;
    %pushi/vec4 1, 0, 1;
    %store/vec4 v000002494ea0bb40_0, 0, 1;
    %pushi/vec4 1, 0, 5;
    %store/vec4 v000002494ea0b8c0_0, 0, 5;
    %pushi/vec4 3735928559, 0, 32;
    %concati/vec4 3405691582, 0, 32;
    %store/vec4 v000002494ea0ae20_0, 0, 64;
    %wait E_000002494e9a39a0;
    %pushi/vec4 0, 0, 1;
    %store/vec4 v000002494ea0bb40_0, 0, 1;
    %pushi/vec4 1, 0, 5;
    %store/vec4 v000002494ea0bdc0_0, 0, 5;
    %pushi/vec4 0, 0, 5;
    %store/vec4 v000002494ea0c360_0, 0, 5;
    %delay 1000, 0;
    %vpi_call 2 45 "$display", "WRITE TEST: x1 = %h (expected DEAD_BEEF_CAFE_BABE)", v000002494ea0ac40_0 {0 0 0};
    %vpi_call 2 46 "$display", "WRITE TEST: x0 = %h (expected 0)", v000002494ea0b5a0_0 {0 0 0};
    %wait E_000002494e9a39a0;
    %pushi/vec4 1, 0, 1;
    %store/vec4 v000002494ea0bb40_0, 0, 1;
    %pushi/vec4 0, 0, 5;
    %store/vec4 v000002494ea0b8c0_0, 0, 5;
    %pushi/vec4 4294967295, 0, 32;
    %concati/vec4 4294967295, 0, 32;
    %store/vec4 v000002494ea0ae20_0, 0, 64;
    %wait E_000002494e9a39a0;
    %pushi/vec4 0, 0, 1;
    %store/vec4 v000002494ea0bb40_0, 0, 1;
    %pushi/vec4 0, 0, 5;
    %store/vec4 v000002494ea0bdc0_0, 0, 5;
    %delay 1000, 0;
    %vpi_call 2 57 "$display", "x0 TEST: x0 = %h (expected 0)", v000002494ea0ac40_0 {0 0 0};
    %wait E_000002494e9a39a0;
    %pushi/vec4 1, 0, 1;
    %store/vec4 v000002494ea0bb40_0, 0, 1;
    %pushi/vec4 2, 0, 5;
    %store/vec4 v000002494ea0b8c0_0, 0, 5;
    %pushi/vec4 10, 0, 64;
    %store/vec4 v000002494ea0ae20_0, 0, 64;
    %wait E_000002494e9a39a0;
    %pushi/vec4 3, 0, 5;
    %store/vec4 v000002494ea0b8c0_0, 0, 5;
    %pushi/vec4 20, 0, 64;
    %store/vec4 v000002494ea0ae20_0, 0, 64;
    %wait E_000002494e9a39a0;
    %pushi/vec4 0, 0, 1;
    %store/vec4 v000002494ea0bb40_0, 0, 1;
    %pushi/vec4 2, 0, 5;
    %store/vec4 v000002494ea0bdc0_0, 0, 5;
    %pushi/vec4 3, 0, 5;
    %store/vec4 v000002494ea0c360_0, 0, 5;
    %delay 1000, 0;
    %vpi_call 2 69 "$display", "MULTI WRITE: x2 = %d (expected 10)", v000002494ea0ac40_0 {0 0 0};
    %vpi_call 2 70 "$display", "MULTI WRITE: x3 = %d (expected 20)", v000002494ea0b5a0_0 {0 0 0};
    %pushi/vec4 3, 0, 5;
    %store/vec4 v000002494ea0bdc0_0, 0, 5;
    %pushi/vec4 3, 0, 5;
    %store/vec4 v000002494ea0c360_0, 0, 5;
    %delay 1000, 0;
    %vpi_call 2 75 "$display", "DUAL READ: x3 = %d , %d (expected 20,20)", v000002494ea0ac40_0, v000002494ea0b5a0_0 {0 0 0};
    %pushi/vec4 1, 0, 1;
    %store/vec4 v000002494ea0c0e0_0, 0, 1;
    %delay 10000, 0;
    %pushi/vec4 0, 0, 1;
    %store/vec4 v000002494ea0c0e0_0, 0, 1;
    %pushi/vec4 1, 0, 5;
    %store/vec4 v000002494ea0bdc0_0, 0, 5;
    %pushi/vec4 2, 0, 5;
    %store/vec4 v000002494ea0c360_0, 0, 5;
    %delay 1000, 0;
    %vpi_call 2 80 "$display", "RESET AFTER WRITE: x1=%h x2=%h (expected 0,0)", v000002494ea0ac40_0, v000002494ea0b5a0_0 {0 0 0};
    %wait E_000002494e9a39a0;
    %pushi/vec4 1, 0, 1;
    %store/vec4 v000002494ea0bb40_0, 0, 1;
    %pushi/vec4 5, 0, 5;
    %store/vec4 v000002494ea0b8c0_0, 0, 5;
    %pushi/vec4 2443359172, 0, 35;
    %concati/vec4 448585456, 0, 29;
    %store/vec4 v000002494ea0ae20_0, 0, 64;
    %wait E_000002494e9a39a0;
    %pushi/vec4 0, 0, 1;
    %store/vec4 v000002494ea0bb40_0, 0, 1;
    %pushi/vec4 5, 0, 5;
    %store/vec4 v000002494ea0bdc0_0, 0, 5;
    %delay 1000, 0;
    %vpi_call 2 90 "$display", "POST RESET WRITE: x5=%h (expected 123456789ABCDEF0)", v000002494ea0ac40_0 {0 0 0};
    %pushi/vec4 42, 0, 32;
    %store/vec4 v000002494e99e710_0, 0, 32;
    %fork TD_RegMem_tb.uut.dump_registers, S_000002494e99c150;
    %join;
    %vpi_call 2 93 "$display", "register_file.txt dumped (cycle_count = 42)" {0 0 0};
    %vpi_call 2 94 "$finish" {0 0 0};
    %end;
    .thread T_4;
# The file index is used to find the file name in the following table.
:file_names 4;
    "N/A";
    "<interactive>";
    "RegMem_tb.v";
    "./RegMem.v";
