#! /c/Source/iverilog-install/bin/vvp
:ivl_version "12.0 (devel)" "(s20150603-1539-g2693dd32b)";
:ivl_delay_selection "TYPICAL";
:vpi_time_precision - 12;
:vpi_module "C:\iverilog\lib\ivl\system.vpi";
:vpi_module "C:\iverilog\lib\ivl\vhdl_sys.vpi";
:vpi_module "C:\iverilog\lib\ivl\vhdl_textio.vpi";
:vpi_module "C:\iverilog\lib\ivl\v2005_math.vpi";
:vpi_module "C:\iverilog\lib\ivl\va_math.vpi";
S_0000019f424aba60 .scope module, "DataMem_tb" "DataMem_tb" 2 4;
 .timescale -9 -12;
v0000019f42559750_0 .var "MemRead", 0 0;
v0000019f425597f0_0 .var "MemWrite", 0 0;
v0000019f42559d40_0 .var "address", 9 0;
v0000019f42559980_0 .var "clk", 0 0;
v0000019f42559ac0_0 .net "read_data", 63 0, v0000019f425592a0_0;  1 drivers
v0000019f4255a420_0 .var "reset", 0 0;
v0000019f42559de0_0 .var "write_data", 63 0;
S_0000019f424abcc0 .scope task, "read_and_check" "read_and_check" 2 35, 2 35 0, S_0000019f424aba60;
 .timescale -9 -12;
v0000019f424f01d0_0 .var "addr", 9 0;
v0000019f424c2c50_0 .var "expected", 63 0;
E_0000019f424ed160 .event posedge, v0000019f424f46c0_0;
E_0000019f424ecc60 .event negedge, v0000019f424f46c0_0;
TD_DataMem_tb.read_and_check ;
    %wait E_0000019f424ecc60;
    %load/vec4 v0000019f424f01d0_0;
    %store/vec4 v0000019f42559d40_0, 0, 10;
    %pushi/vec4 1, 0, 1;
    %store/vec4 v0000019f42559750_0, 0, 1;
    %pushi/vec4 0, 0, 1;
    %store/vec4 v0000019f425597f0_0, 0, 1;
    %wait E_0000019f424ed160;
    %pushi/vec4 0, 0, 1;
    %store/vec4 v0000019f42559750_0, 0, 1;
    %wait E_0000019f424ed160;
    %delay 1000, 0;
    %load/vec4 v0000019f42559ac0_0;
    %load/vec4 v0000019f424c2c50_0;
    %cmp/e;
    %jmp/0xz  T_0.0, 6;
    %vpi_call 2 48 "$display", "PASS | addr=%0d data=%h", v0000019f424f01d0_0, v0000019f42559ac0_0 {0 0 0};
    %jmp T_0.1;
T_0.0 ;
    %vpi_call 2 50 "$display", "FAIL | addr=%0d expected=%h got=%h", v0000019f424f01d0_0, v0000019f424c2c50_0, v0000019f42559ac0_0 {0 0 0};
T_0.1 ;
    %end;
S_0000019f42559070 .scope module, "uut" "DataMem" 2 11, 3 3 0, S_0000019f424aba60;
 .timescale -9 -12;
    .port_info 0 /INPUT 1 "clk";
    .port_info 1 /INPUT 1 "reset";
    .port_info 2 /INPUT 10 "address";
    .port_info 3 /INPUT 64 "write_data";
    .port_info 4 /INPUT 1 "MemRead";
    .port_info 5 /INPUT 1 "MemWrite";
    .port_info 6 /OUTPUT 64 "read_data";
v0000019f424c2eb0_0 .net "MemRead", 0 0, v0000019f42559750_0;  1 drivers
v0000019f42504f70_0 .net "MemWrite", 0 0, v0000019f425597f0_0;  1 drivers
v0000019f424abe50_0 .net "address", 9 0, v0000019f42559d40_0;  1 drivers
v0000019f424f46c0_0 .net "clk", 0 0, v0000019f42559980_0;  1 drivers
v0000019f424f4760_0 .var/i "i", 31 0;
v0000019f42559200 .array "memory", 1023 0, 7 0;
v0000019f425592a0_0 .var "read_data", 63 0;
v0000019f42559340_0 .net "reset", 0 0, v0000019f4255a420_0;  1 drivers
v0000019f425593e0_0 .net "write_data", 63 0, v0000019f42559de0_0;  1 drivers
S_0000019f42559480 .scope task, "write" "write" 2 21, 2 21 0, S_0000019f424aba60;
 .timescale -9 -12;
v0000019f42559610_0 .var "addr", 9 0;
v0000019f425596b0_0 .var "data", 63 0;
TD_DataMem_tb.write ;
    %wait E_0000019f424ecc60;
    %load/vec4 v0000019f42559610_0;
    %store/vec4 v0000019f42559d40_0, 0, 10;
    %load/vec4 v0000019f425596b0_0;
    %store/vec4 v0000019f42559de0_0, 0, 64;
    %pushi/vec4 1, 0, 1;
    %store/vec4 v0000019f425597f0_0, 0, 1;
    %pushi/vec4 0, 0, 1;
    %store/vec4 v0000019f42559750_0, 0, 1;
    %wait E_0000019f424ed160;
    %delay 1000, 0;
    %pushi/vec4 0, 0, 1;
    %store/vec4 v0000019f425597f0_0, 0, 1;
    %end;
    .scope S_0000019f42559070;
T_2 ;
    %wait E_0000019f424ed160;
    %load/vec4 v0000019f42559340_0;
    %flag_set/vec4 8;
    %jmp/0xz  T_2.0, 8;
    %pushi/vec4 0, 0, 32;
    %store/vec4 v0000019f424f4760_0, 0, 32;
T_2.2 ;
    %load/vec4 v0000019f424f4760_0;
    %cmpi/s 1024, 0, 32;
    %jmp/0xz T_2.3, 5;
    %pushi/vec4 0, 0, 8;
    %ix/getv/s 3, v0000019f424f4760_0;
    %ix/load 4, 0, 0; Constant delay
    %assign/vec4/a/d v0000019f42559200, 0, 4;
    %load/vec4 v0000019f424f4760_0;
    %addi 1, 0, 32;
    %store/vec4 v0000019f424f4760_0, 0, 32;
    %jmp T_2.2;
T_2.3 ;
    %pushi/vec4 0, 0, 64;
    %assign/vec4 v0000019f425592a0_0, 0;
    %jmp T_2.1;
T_2.0 ;
    %load/vec4 v0000019f42504f70_0;
    %flag_set/vec4 10;
    %flag_get/vec4 10;
    %jmp/0 T_2.7, 10;
    %load/vec4 v0000019f424c2eb0_0;
    %nor/r;
    %and;
T_2.7;
    %flag_set/vec4 9;
    %flag_get/vec4 9;
    %jmp/0 T_2.6, 9;
    %load/vec4 v0000019f424abe50_0;
    %cmpi/u 1016, 0, 10;
    %flag_get/vec4 4;
    %flag_get/vec4 5;
    %or;
    %and;
T_2.6;
    %flag_set/vec4 8;
    %jmp/0xz  T_2.4, 8;
    %load/vec4 v0000019f425593e0_0;
    %parti/s 8, 56, 7;
    %load/vec4 v0000019f424abe50_0;
    %pad/u 12;
    %ix/vec4 3;
    %ix/load 4, 0, 0; Constant delay
    %assign/vec4/a/d v0000019f42559200, 0, 4;
    %load/vec4 v0000019f425593e0_0;
    %parti/s 8, 48, 7;
    %load/vec4 v0000019f424abe50_0;
    %pad/u 32;
    %addi 1, 0, 32;
    %ix/vec4 3;
    %ix/load 4, 0, 0; Constant delay
    %assign/vec4/a/d v0000019f42559200, 0, 4;
    %load/vec4 v0000019f425593e0_0;
    %parti/s 8, 40, 7;
    %load/vec4 v0000019f424abe50_0;
    %pad/u 32;
    %addi 2, 0, 32;
    %ix/vec4 3;
    %ix/load 4, 0, 0; Constant delay
    %assign/vec4/a/d v0000019f42559200, 0, 4;
    %load/vec4 v0000019f425593e0_0;
    %parti/s 8, 32, 7;
    %load/vec4 v0000019f424abe50_0;
    %pad/u 32;
    %addi 3, 0, 32;
    %ix/vec4 3;
    %ix/load 4, 0, 0; Constant delay
    %assign/vec4/a/d v0000019f42559200, 0, 4;
    %load/vec4 v0000019f425593e0_0;
    %parti/s 8, 24, 6;
    %load/vec4 v0000019f424abe50_0;
    %pad/u 32;
    %addi 4, 0, 32;
    %ix/vec4 3;
    %ix/load 4, 0, 0; Constant delay
    %assign/vec4/a/d v0000019f42559200, 0, 4;
    %load/vec4 v0000019f425593e0_0;
    %parti/s 8, 16, 6;
    %load/vec4 v0000019f424abe50_0;
    %pad/u 32;
    %addi 5, 0, 32;
    %ix/vec4 3;
    %ix/load 4, 0, 0; Constant delay
    %assign/vec4/a/d v0000019f42559200, 0, 4;
    %load/vec4 v0000019f425593e0_0;
    %parti/s 8, 8, 5;
    %load/vec4 v0000019f424abe50_0;
    %pad/u 32;
    %addi 6, 0, 32;
    %ix/vec4 3;
    %ix/load 4, 0, 0; Constant delay
    %assign/vec4/a/d v0000019f42559200, 0, 4;
    %load/vec4 v0000019f425593e0_0;
    %parti/s 8, 0, 2;
    %load/vec4 v0000019f424abe50_0;
    %pad/u 32;
    %addi 7, 0, 32;
    %ix/vec4 3;
    %ix/load 4, 0, 0; Constant delay
    %assign/vec4/a/d v0000019f42559200, 0, 4;
T_2.4 ;
    %load/vec4 v0000019f424c2eb0_0;
    %flag_set/vec4 10;
    %flag_get/vec4 10;
    %jmp/0 T_2.11, 10;
    %load/vec4 v0000019f42504f70_0;
    %nor/r;
    %and;
T_2.11;
    %flag_set/vec4 9;
    %flag_get/vec4 9;
    %jmp/0 T_2.10, 9;
    %load/vec4 v0000019f424abe50_0;
    %cmpi/u 1016, 0, 10;
    %flag_get/vec4 4;
    %flag_get/vec4 5;
    %or;
    %and;
T_2.10;
    %flag_set/vec4 8;
    %jmp/0xz  T_2.8, 8;
    %load/vec4 v0000019f424abe50_0;
    %pad/u 12;
    %ix/vec4 4;
    %load/vec4a v0000019f42559200, 4;
    %load/vec4 v0000019f424abe50_0;
    %pad/u 32;
    %addi 1, 0, 32;
    %ix/vec4 4;
    %load/vec4a v0000019f42559200, 4;
    %concat/vec4; draw_concat_vec4
    %load/vec4 v0000019f424abe50_0;
    %pad/u 32;
    %addi 2, 0, 32;
    %ix/vec4 4;
    %load/vec4a v0000019f42559200, 4;
    %concat/vec4; draw_concat_vec4
    %load/vec4 v0000019f424abe50_0;
    %pad/u 32;
    %addi 3, 0, 32;
    %ix/vec4 4;
    %load/vec4a v0000019f42559200, 4;
    %concat/vec4; draw_concat_vec4
    %load/vec4 v0000019f424abe50_0;
    %pad/u 32;
    %addi 4, 0, 32;
    %ix/vec4 4;
    %load/vec4a v0000019f42559200, 4;
    %concat/vec4; draw_concat_vec4
    %load/vec4 v0000019f424abe50_0;
    %pad/u 32;
    %addi 5, 0, 32;
    %ix/vec4 4;
    %load/vec4a v0000019f42559200, 4;
    %concat/vec4; draw_concat_vec4
    %load/vec4 v0000019f424abe50_0;
    %pad/u 32;
    %addi 6, 0, 32;
    %ix/vec4 4;
    %load/vec4a v0000019f42559200, 4;
    %concat/vec4; draw_concat_vec4
    %load/vec4 v0000019f424abe50_0;
    %pad/u 32;
    %addi 7, 0, 32;
    %ix/vec4 4;
    %load/vec4a v0000019f42559200, 4;
    %concat/vec4; draw_concat_vec4
    %assign/vec4 v0000019f425592a0_0, 0;
    %jmp T_2.9;
T_2.8 ;
    %pushi/vec4 0, 0, 64;
    %assign/vec4 v0000019f425592a0_0, 0;
T_2.9 ;
T_2.1 ;
    %jmp T_2;
    .thread T_2;
    .scope S_0000019f424aba60;
T_3 ;
    %delay 5000, 0;
    %load/vec4 v0000019f42559980_0;
    %inv;
    %store/vec4 v0000019f42559980_0, 0, 1;
    %jmp T_3;
    .thread T_3;
    .scope S_0000019f424aba60;
T_4 ;
    %vpi_call 2 55 "$dumpfile", "DataMem_tb.vcd" {0 0 0};
    %vpi_call 2 56 "$dumpvars", 32'sb00000000000000000000000000000000, S_0000019f424aba60 {0 0 0};
    %pushi/vec4 0, 0, 1;
    %store/vec4 v0000019f42559980_0, 0, 1;
    %pushi/vec4 1, 0, 1;
    %store/vec4 v0000019f4255a420_0, 0, 1;
    %pushi/vec4 0, 0, 1;
    %store/vec4 v0000019f42559750_0, 0, 1;
    %pushi/vec4 0, 0, 1;
    %store/vec4 v0000019f425597f0_0, 0, 1;
    %pushi/vec4 0, 0, 10;
    %store/vec4 v0000019f42559d40_0, 0, 10;
    %pushi/vec4 0, 0, 64;
    %store/vec4 v0000019f42559de0_0, 0, 64;
    %wait E_0000019f424ed160;
    %delay 1000, 0;
    %pushi/vec4 0, 0, 1;
    %store/vec4 v0000019f4255a420_0, 0, 1;
    %pushi/vec4 0, 0, 10;
    %store/vec4 v0000019f424f01d0_0, 0, 10;
    %pushi/vec4 0, 0, 64;
    %store/vec4 v0000019f424c2c50_0, 0, 64;
    %fork TD_DataMem_tb.read_and_check, S_0000019f424abcc0;
    %join;
    %pushi/vec4 0, 0, 10;
    %store/vec4 v0000019f42559610_0, 0, 10;
    %pushi/vec4 3735928559, 0, 32;
    %concati/vec4 3405691582, 0, 32;
    %store/vec4 v0000019f425596b0_0, 0, 64;
    %fork TD_DataMem_tb.write, S_0000019f42559480;
    %join;
    %pushi/vec4 0, 0, 10;
    %store/vec4 v0000019f424f01d0_0, 0, 10;
    %pushi/vec4 3735928559, 0, 32;
    %concati/vec4 3405691582, 0, 32;
    %store/vec4 v0000019f424c2c50_0, 0, 64;
    %fork TD_DataMem_tb.read_and_check, S_0000019f424abcc0;
    %join;
    %pushi/vec4 8, 0, 10;
    %store/vec4 v0000019f42559610_0, 0, 10;
    %pushi/vec4 2863311530, 0, 32;
    %concati/vec4 2863311530, 0, 32;
    %store/vec4 v0000019f425596b0_0, 0, 64;
    %fork TD_DataMem_tb.write, S_0000019f42559480;
    %join;
    %pushi/vec4 8, 0, 10;
    %store/vec4 v0000019f424f01d0_0, 0, 10;
    %pushi/vec4 2863311530, 0, 32;
    %concati/vec4 2863311530, 0, 32;
    %store/vec4 v0000019f424c2c50_0, 0, 64;
    %fork TD_DataMem_tb.read_and_check, S_0000019f424abcc0;
    %join;
    %pushi/vec4 16, 0, 10;
    %store/vec4 v0000019f42559610_0, 0, 10;
    %pushi/vec4 4294967295, 0, 32;
    %concati/vec4 4294967295, 0, 32;
    %store/vec4 v0000019f425596b0_0, 0, 64;
    %fork TD_DataMem_tb.write, S_0000019f42559480;
    %join;
    %pushi/vec4 16, 0, 10;
    %store/vec4 v0000019f424f01d0_0, 0, 10;
    %pushi/vec4 4294967295, 0, 32;
    %concati/vec4 4294967295, 0, 32;
    %store/vec4 v0000019f424c2c50_0, 0, 64;
    %fork TD_DataMem_tb.read_and_check, S_0000019f424abcc0;
    %join;
    %pushi/vec4 3, 0, 10;
    %store/vec4 v0000019f42559610_0, 0, 10;
    %pushi/vec4 2164359682, 0, 39;
    %concati/vec4 17172232, 0, 25;
    %store/vec4 v0000019f425596b0_0, 0, 64;
    %fork TD_DataMem_tb.write, S_0000019f42559480;
    %join;
    %pushi/vec4 3, 0, 10;
    %store/vec4 v0000019f424f01d0_0, 0, 10;
    %pushi/vec4 2164359682, 0, 39;
    %concati/vec4 17172232, 0, 25;
    %store/vec4 v0000019f424c2c50_0, 0, 64;
    %fork TD_DataMem_tb.read_and_check, S_0000019f424abcc0;
    %join;
    %pushi/vec4 4, 0, 10;
    %store/vec4 v0000019f424f01d0_0, 0, 10;
    %pushi/vec4 2160132417, 0, 38;
    %concati/vec4 34015402, 0, 26;
    %store/vec4 v0000019f424c2c50_0, 0, 64;
    %fork TD_DataMem_tb.read_and_check, S_0000019f424abcc0;
    %join;
    %pushi/vec4 1016, 0, 10;
    %store/vec4 v0000019f42559610_0, 0, 10;
    %pushi/vec4 4275878552, 0, 32;
    %concati/vec4 1985229328, 0, 32;
    %store/vec4 v0000019f425596b0_0, 0, 64;
    %fork TD_DataMem_tb.write, S_0000019f42559480;
    %join;
    %pushi/vec4 1016, 0, 10;
    %store/vec4 v0000019f424f01d0_0, 0, 10;
    %pushi/vec4 4275878552, 0, 32;
    %concati/vec4 1985229328, 0, 32;
    %store/vec4 v0000019f424c2c50_0, 0, 64;
    %fork TD_DataMem_tb.read_and_check, S_0000019f424abcc0;
    %join;
    %pushi/vec4 200, 0, 10;
    %store/vec4 v0000019f424f01d0_0, 0, 10;
    %pushi/vec4 0, 0, 64;
    %store/vec4 v0000019f424c2c50_0, 0, 64;
    %fork TD_DataMem_tb.read_and_check, S_0000019f424abcc0;
    %join;
    %wait E_0000019f424ecc60;
    %pushi/vec4 64, 0, 10;
    %store/vec4 v0000019f42559d40_0, 0, 10;
    %pushi/vec4 3203383023, 0, 32;
    %concati/vec4 3203383023, 0, 32;
    %store/vec4 v0000019f42559de0_0, 0, 64;
    %pushi/vec4 1, 0, 1;
    %store/vec4 v0000019f42559750_0, 0, 1;
    %pushi/vec4 1, 0, 1;
    %store/vec4 v0000019f425597f0_0, 0, 1;
    %wait E_0000019f424ed160;
    %pushi/vec4 0, 0, 1;
    %store/vec4 v0000019f42559750_0, 0, 1;
    %pushi/vec4 0, 0, 1;
    %store/vec4 v0000019f425597f0_0, 0, 1;
    %pushi/vec4 64, 0, 10;
    %store/vec4 v0000019f424f01d0_0, 0, 10;
    %pushi/vec4 0, 0, 64;
    %store/vec4 v0000019f424c2c50_0, 0, 64;
    %fork TD_DataMem_tb.read_and_check, S_0000019f424abcc0;
    %join;
    %wait E_0000019f424ecc60;
    %pushi/vec4 1, 0, 1;
    %store/vec4 v0000019f4255a420_0, 0, 1;
    %wait E_0000019f424ed160;
    %delay 1000, 0;
    %pushi/vec4 0, 0, 1;
    %store/vec4 v0000019f4255a420_0, 0, 1;
    %pushi/vec4 0, 0, 10;
    %store/vec4 v0000019f424f01d0_0, 0, 10;
    %pushi/vec4 0, 0, 64;
    %store/vec4 v0000019f424c2c50_0, 0, 64;
    %fork TD_DataMem_tb.read_and_check, S_0000019f424abcc0;
    %join;
    %pushi/vec4 1016, 0, 10;
    %store/vec4 v0000019f424f01d0_0, 0, 10;
    %pushi/vec4 0, 0, 64;
    %store/vec4 v0000019f424c2c50_0, 0, 64;
    %fork TD_DataMem_tb.read_and_check, S_0000019f424abcc0;
    %join;
    %pushi/vec4 0, 0, 10;
    %store/vec4 v0000019f42559610_0, 0, 10;
    %pushi/vec4 3405695742, 0, 32;
    %concati/vec4 3405695742, 0, 32;
    %store/vec4 v0000019f425596b0_0, 0, 64;
    %fork TD_DataMem_tb.write, S_0000019f42559480;
    %join;
    %pushi/vec4 0, 0, 10;
    %store/vec4 v0000019f424f01d0_0, 0, 10;
    %pushi/vec4 3405695742, 0, 32;
    %concati/vec4 3405695742, 0, 32;
    %store/vec4 v0000019f424c2c50_0, 0, 64;
    %fork TD_DataMem_tb.read_and_check, S_0000019f424abcc0;
    %join;
    %vpi_call 2 109 "$finish" {0 0 0};
    %end;
    .thread T_4;
# The file index is used to find the file name in the following table.
:file_names 4;
    "N/A";
    "<interactive>";
    "DataMem_tb.v";
    "./DataMem.v";
