#! /c/Source/iverilog-install/bin/vvp
:ivl_version "12.0 (devel)" "(s20150603-1539-g2693dd32b)";
:ivl_delay_selection "TYPICAL";
:vpi_time_precision - 12;
:vpi_module "C:\iverilog\lib\ivl\system.vpi";
:vpi_module "C:\iverilog\lib\ivl\vhdl_sys.vpi";
:vpi_module "C:\iverilog\lib\ivl\vhdl_textio.vpi";
:vpi_module "C:\iverilog\lib\ivl\v2005_math.vpi";
:vpi_module "C:\iverilog\lib\ivl\va_math.vpi";
S_000002432b5cbca0 .scope module, "ALU_control_tb" "ALU_control_tb" 2 4;
 .timescale -9 -12;
v000002432b5ca8b0_0 .net "ALUControl", 3 0, v000002432b453280_0;  1 drivers
v000002432b5ca950_0 .var "ALUOp", 1 0;
v000002432b5cadd0_0 .var "funct3", 2 0;
v000002432b5cae70_0 .var "funct7_5", 0 0;
S_000002432b5cac40 .scope module, "uut" "ALU_control" 2 9, 3 1 0, S_000002432b5cbca0;
 .timescale -9 -12;
    .port_info 0 /INPUT 2 "ALUOp";
    .port_info 1 /INPUT 1 "funct7_5";
    .port_info 2 /INPUT 3 "funct3";
    .port_info 3 /OUTPUT 4 "ALUControl";
v000002432b453280_0 .var "ALUControl", 3 0;
v000002432b452c70_0 .net "ALUOp", 1 0, v000002432b5ca950_0;  1 drivers
v000002432b453040_0 .net "funct3", 2 0, v000002432b5cadd0_0;  1 drivers
v000002432b5cbe30_0 .net "funct7_5", 0 0, v000002432b5cae70_0;  1 drivers
E_000002432b5c88a0 .event anyedge, v000002432b452c70_0, v000002432b453040_0, v000002432b5cbe30_0;
    .scope S_000002432b5cac40;
T_0 ;
    %wait E_000002432b5c88a0;
    %load/vec4 v000002432b452c70_0;
    %dup/vec4;
    %pushi/vec4 0, 0, 2;
    %cmp/u;
    %jmp/1 T_0.0, 6;
    %dup/vec4;
    %pushi/vec4 1, 0, 2;
    %cmp/u;
    %jmp/1 T_0.1, 6;
    %dup/vec4;
    %pushi/vec4 2, 0, 2;
    %cmp/u;
    %jmp/1 T_0.2, 6;
    %dup/vec4;
    %pushi/vec4 3, 0, 2;
    %cmp/u;
    %jmp/1 T_0.3, 6;
    %pushi/vec4 2, 0, 4;
    %store/vec4 v000002432b453280_0, 0, 4;
    %jmp T_0.5;
T_0.0 ;
    %pushi/vec4 2, 0, 4;
    %store/vec4 v000002432b453280_0, 0, 4;
    %jmp T_0.5;
T_0.1 ;
    %pushi/vec4 6, 0, 4;
    %store/vec4 v000002432b453280_0, 0, 4;
    %jmp T_0.5;
T_0.2 ;
    %load/vec4 v000002432b453040_0;
    %dup/vec4;
    %pushi/vec4 0, 0, 3;
    %cmp/u;
    %jmp/1 T_0.6, 6;
    %dup/vec4;
    %pushi/vec4 7, 0, 3;
    %cmp/u;
    %jmp/1 T_0.7, 6;
    %dup/vec4;
    %pushi/vec4 6, 0, 3;
    %cmp/u;
    %jmp/1 T_0.8, 6;
    %pushi/vec4 2, 0, 4;
    %store/vec4 v000002432b453280_0, 0, 4;
    %jmp T_0.10;
T_0.6 ;
    %load/vec4 v000002432b5cbe30_0;
    %flag_set/vec4 8;
    %jmp/0xz  T_0.11, 8;
    %pushi/vec4 6, 0, 4;
    %store/vec4 v000002432b453280_0, 0, 4;
    %jmp T_0.12;
T_0.11 ;
    %pushi/vec4 2, 0, 4;
    %store/vec4 v000002432b453280_0, 0, 4;
T_0.12 ;
    %jmp T_0.10;
T_0.7 ;
    %pushi/vec4 0, 0, 4;
    %store/vec4 v000002432b453280_0, 0, 4;
    %jmp T_0.10;
T_0.8 ;
    %pushi/vec4 1, 0, 4;
    %store/vec4 v000002432b453280_0, 0, 4;
    %jmp T_0.10;
T_0.10 ;
    %pop/vec4 1;
    %jmp T_0.5;
T_0.3 ;
    %load/vec4 v000002432b453040_0;
    %dup/vec4;
    %pushi/vec4 0, 0, 3;
    %cmp/u;
    %jmp/1 T_0.13, 6;
    %dup/vec4;
    %pushi/vec4 7, 0, 3;
    %cmp/u;
    %jmp/1 T_0.14, 6;
    %dup/vec4;
    %pushi/vec4 6, 0, 3;
    %cmp/u;
    %jmp/1 T_0.15, 6;
    %pushi/vec4 2, 0, 4;
    %store/vec4 v000002432b453280_0, 0, 4;
    %jmp T_0.17;
T_0.13 ;
    %pushi/vec4 2, 0, 4;
    %store/vec4 v000002432b453280_0, 0, 4;
    %jmp T_0.17;
T_0.14 ;
    %pushi/vec4 0, 0, 4;
    %store/vec4 v000002432b453280_0, 0, 4;
    %jmp T_0.17;
T_0.15 ;
    %pushi/vec4 1, 0, 4;
    %store/vec4 v000002432b453280_0, 0, 4;
    %jmp T_0.17;
T_0.17 ;
    %pop/vec4 1;
    %jmp T_0.5;
T_0.5 ;
    %pop/vec4 1;
    %jmp T_0;
    .thread T_0, $push;
    .scope S_000002432b5cbca0;
T_1 ;
    %vpi_call 2 15 "$dumpfile", "ALU_control_tb.vcd" {0 0 0};
    %vpi_call 2 16 "$dumpvars", 32'sb00000000000000000000000000000000, S_000002432b5cbca0 {0 0 0};
    %pushi/vec4 0, 0, 2;
    %store/vec4 v000002432b5ca950_0, 0, 2;
    %pushi/vec4 0, 0, 1;
    %store/vec4 v000002432b5cae70_0, 0, 1;
    %pushi/vec4 0, 0, 3;
    %store/vec4 v000002432b5cadd0_0, 0, 3;
    %delay 5000, 0;
    %vpi_call 2 19 "$display", "ALUOp=00 -> %b (Expected 0010 ADD)", v000002432b5ca8b0_0 {0 0 0};
    %pushi/vec4 1, 0, 2;
    %store/vec4 v000002432b5ca950_0, 0, 2;
    %pushi/vec4 0, 0, 1;
    %store/vec4 v000002432b5cae70_0, 0, 1;
    %pushi/vec4 0, 0, 3;
    %store/vec4 v000002432b5cadd0_0, 0, 3;
    %delay 5000, 0;
    %vpi_call 2 22 "$display", "ALUOp=01 -> %b (Expected 0110 SUB)", v000002432b5ca8b0_0 {0 0 0};
    %pushi/vec4 2, 0, 2;
    %store/vec4 v000002432b5ca950_0, 0, 2;
    %pushi/vec4 0, 0, 1;
    %store/vec4 v000002432b5cae70_0, 0, 1;
    %pushi/vec4 0, 0, 3;
    %store/vec4 v000002432b5cadd0_0, 0, 3;
    %delay 5000, 0;
    %vpi_call 2 25 "$display", "R-ADD -> %b (Expected 0010)", v000002432b5ca8b0_0 {0 0 0};
    %pushi/vec4 2, 0, 2;
    %store/vec4 v000002432b5ca950_0, 0, 2;
    %pushi/vec4 1, 0, 1;
    %store/vec4 v000002432b5cae70_0, 0, 1;
    %pushi/vec4 0, 0, 3;
    %store/vec4 v000002432b5cadd0_0, 0, 3;
    %delay 5000, 0;
    %vpi_call 2 28 "$display", "R-SUB -> %b (Expected 0110)", v000002432b5ca8b0_0 {0 0 0};
    %pushi/vec4 2, 0, 2;
    %store/vec4 v000002432b5ca950_0, 0, 2;
    %pushi/vec4 0, 0, 1;
    %store/vec4 v000002432b5cae70_0, 0, 1;
    %pushi/vec4 7, 0, 3;
    %store/vec4 v000002432b5cadd0_0, 0, 3;
    %delay 5000, 0;
    %vpi_call 2 31 "$display", "R-AND -> %b (Expected 0000)", v000002432b5ca8b0_0 {0 0 0};
    %pushi/vec4 2, 0, 2;
    %store/vec4 v000002432b5ca950_0, 0, 2;
    %pushi/vec4 0, 0, 1;
    %store/vec4 v000002432b5cae70_0, 0, 1;
    %pushi/vec4 6, 0, 3;
    %store/vec4 v000002432b5cadd0_0, 0, 3;
    %delay 5000, 0;
    %vpi_call 2 34 "$display", "R-OR  -> %b (Expected 0001)", v000002432b5ca8b0_0 {0 0 0};
    %pushi/vec4 3, 0, 2;
    %store/vec4 v000002432b5ca950_0, 0, 2;
    %pushi/vec4 0, 0, 1;
    %store/vec4 v000002432b5cae70_0, 0, 1;
    %pushi/vec4 0, 0, 3;
    %store/vec4 v000002432b5cadd0_0, 0, 3;
    %delay 5000, 0;
    %vpi_call 2 37 "$display", "DEFAULT -> %b (Expected 0010 ADD)", v000002432b5ca8b0_0 {0 0 0};
    %vpi_call 2 38 "$finish" {0 0 0};
    %end;
    .thread T_1;
# The file index is used to find the file name in the following table.
:file_names 4;
    "N/A";
    "<interactive>";
    "ALU_control_tb.v";
    "./ALU_control.v";
