#! /c/Source/iverilog-install/bin/vvp
:ivl_version "12.0 (devel)" "(s20150603-1539-g2693dd32b)";
:ivl_delay_selection "TYPICAL";
:vpi_time_precision - 12;
:vpi_module "C:\iverilog\lib\ivl\system.vpi";
:vpi_module "C:\iverilog\lib\ivl\vhdl_sys.vpi";
:vpi_module "C:\iverilog\lib\ivl\vhdl_textio.vpi";
:vpi_module "C:\iverilog\lib\ivl\v2005_math.vpi";
:vpi_module "C:\iverilog\lib\ivl\va_math.vpi";
S_00000283eb8a8fb0 .scope module, "DataMem_tb" "DataMem_tb" 2 4;
 .timescale -9 -12;
v00000283eb91e070_0 .var "MemRead", 0 0;
v00000283eb91ebb0_0 .var "MemWrite", 0 0;
v00000283eb91dcb0_0 .var "address", 63 0;
v00000283eb91e6b0_0 .var "clk", 0 0;
v00000283eb91dd50_0 .net "read_data", 63 0, L_00000283eb91f5b0;  1 drivers
v00000283eb91e4d0_0 .var "reset", 0 0;
v00000283eb91ecf0_0 .var "write_data", 63 0;
S_00000283eb8a9140 .scope task, "check" "check" 2 16, 2 16 0, S_00000283eb8a8fb0;
 .timescale -9 -12;
v00000283eb89cbe0_0 .var "addr", 63 0;
v00000283eb89cb40_0 .var "expected", 63 0;
v00000283eb89d180_0 .var "got", 63 0;
TD_DataMem_tb.check ;
    %load/vec4 v00000283eb89d180_0;
    %load/vec4 v00000283eb89cb40_0;
    %cmp/e;
    %jmp/0xz  T_0.0, 6;
    %vpi_call 2 21 "$display", "PASS | addr=%0d data=%016h", v00000283eb89cbe0_0, v00000283eb89d180_0 {0 0 0};
    %jmp T_0.1;
T_0.0 ;
    %vpi_call 2 23 "$display", "FAIL | addr=%0d expected=%016h got=%016h", v00000283eb89cbe0_0, v00000283eb89cb40_0, v00000283eb89d180_0 {0 0 0};
T_0.1 ;
    %end;
S_00000283eb8a4620 .scope task, "do_read" "do_read" 2 35, 2 35 0, S_00000283eb8a8fb0;
 .timescale -9 -12;
v00000283eb89d360_0 .var "addr", 63 0;
TD_DataMem_tb.do_read ;
    %load/vec4 v00000283eb89d360_0;
    %store/vec4 v00000283eb91dcb0_0, 0, 64;
    %pushi/vec4 1, 0, 1;
    %store/vec4 v00000283eb91e070_0, 0, 1;
    %pushi/vec4 0, 0, 1;
    %store/vec4 v00000283eb91ebb0_0, 0, 1;
    %delay 1000, 0;
    %end;
S_00000283eb8c1fc0 .scope task, "do_write" "do_write" 2 26, 2 26 0, S_00000283eb8a8fb0;
 .timescale -9 -12;
v00000283eb89d0e0_0 .var "addr", 63 0;
v00000283eb89d220_0 .var "data", 63 0;
E_00000283eb8a2060 .event posedge, v00000283eb91de90_0;
TD_DataMem_tb.do_write ;
    %load/vec4 v00000283eb89d0e0_0;
    %store/vec4 v00000283eb91dcb0_0, 0, 64;
    %load/vec4 v00000283eb89d220_0;
    %store/vec4 v00000283eb91ecf0_0, 0, 64;
    %pushi/vec4 1, 0, 1;
    %store/vec4 v00000283eb91ebb0_0, 0, 1;
    %pushi/vec4 0, 0, 1;
    %store/vec4 v00000283eb91e070_0, 0, 1;
    %wait E_00000283eb8a2060;
    %delay 1000, 0;
    %pushi/vec4 0, 0, 1;
    %store/vec4 v00000283eb91ebb0_0, 0, 1;
    %end;
S_00000283eb8c2150 .scope module, "dut" "DataMem" 2 9, 3 1 0, S_00000283eb8a8fb0;
 .timescale -9 -12;
    .port_info 0 /INPUT 1 "clk";
    .port_info 1 /INPUT 1 "reset";
    .port_info 2 /INPUT 64 "address";
    .port_info 3 /INPUT 64 "write_data";
    .port_info 4 /INPUT 1 "MemRead";
    .port_info 5 /INPUT 1 "MemWrite";
    .port_info 6 /OUTPUT 64 "read_data";
L_00000283eb8b2650 .functor AND 1, v00000283eb91e070_0, L_00000283eb91e750, C4<1>, C4<1>;
v00000283eb89cfa0_0 .net "MemRead", 0 0, v00000283eb91e070_0;  1 drivers
v00000283eb89c780_0 .net "MemWrite", 0 0, v00000283eb91ebb0_0;  1 drivers
L_00000283eb960088 .functor BUFT 1, C4<0000000000000000000000000000000000000000000000000000001111111000>, C4<0>, C4<0>, C4<0>;
v00000283eb89caa0_0 .net/2u *"_ivl_0", 63 0, L_00000283eb960088;  1 drivers
L_00000283eb9600d0 .functor BUFT 1, C4<0000000000000000000000000000000000000000000000000000000000000001>, C4<0>, C4<0>, C4<0>;
v00000283eb89c460_0 .net/2u *"_ivl_10", 63 0, L_00000283eb9600d0;  1 drivers
v00000283eb89c820_0 .net *"_ivl_12", 63 0, L_00000283eb91f650;  1 drivers
v00000283eb89c8c0_0 .net *"_ivl_14", 7 0, L_00000283eb91df30;  1 drivers
L_00000283eb960118 .functor BUFT 1, C4<0000000000000000000000000000000000000000000000000000000000000010>, C4<0>, C4<0>, C4<0>;
v00000283eb89cdc0_0 .net/2u *"_ivl_16", 63 0, L_00000283eb960118;  1 drivers
v00000283eb89c500_0 .net *"_ivl_18", 63 0, L_00000283eb91f150;  1 drivers
v00000283eb89d2c0_0 .net *"_ivl_2", 0 0, L_00000283eb91e750;  1 drivers
v00000283eb89c5a0_0 .net *"_ivl_20", 7 0, L_00000283eb91f510;  1 drivers
L_00000283eb960160 .functor BUFT 1, C4<0000000000000000000000000000000000000000000000000000000000000011>, C4<0>, C4<0>, C4<0>;
v00000283eb89c640_0 .net/2u *"_ivl_22", 63 0, L_00000283eb960160;  1 drivers
v00000283eb89cc80_0 .net *"_ivl_24", 63 0, L_00000283eb91ed90;  1 drivers
v00000283eb89c960_0 .net *"_ivl_26", 7 0, L_00000283eb91e2f0;  1 drivers
L_00000283eb9601a8 .functor BUFT 1, C4<0000000000000000000000000000000000000000000000000000000000000100>, C4<0>, C4<0>, C4<0>;
v00000283eb89cd20_0 .net/2u *"_ivl_28", 63 0, L_00000283eb9601a8;  1 drivers
v00000283eb89ce60_0 .net *"_ivl_30", 63 0, L_00000283eb91e390;  1 drivers
v00000283eb89d040_0 .net *"_ivl_32", 7 0, L_00000283eb91ee30;  1 drivers
L_00000283eb9601f0 .functor BUFT 1, C4<0000000000000000000000000000000000000000000000000000000000000101>, C4<0>, C4<0>, C4<0>;
v00000283eb91e110_0 .net/2u *"_ivl_34", 63 0, L_00000283eb9601f0;  1 drivers
v00000283eb91eed0_0 .net *"_ivl_36", 63 0, L_00000283eb91ef70;  1 drivers
v00000283eb91e7f0_0 .net *"_ivl_38", 7 0, L_00000283eb91f970;  1 drivers
L_00000283eb960238 .functor BUFT 1, C4<0000000000000000000000000000000000000000000000000000000000000110>, C4<0>, C4<0>, C4<0>;
v00000283eb91db70_0 .net/2u *"_ivl_40", 63 0, L_00000283eb960238;  1 drivers
v00000283eb91dc10_0 .net *"_ivl_42", 63 0, L_00000283eb91f010;  1 drivers
v00000283eb91f470_0 .net *"_ivl_44", 7 0, L_00000283eb91f0b0;  1 drivers
L_00000283eb960280 .functor BUFT 1, C4<0000000000000000000000000000000000000000000000000000000000000111>, C4<0>, C4<0>, C4<0>;
v00000283eb91e250_0 .net/2u *"_ivl_46", 63 0, L_00000283eb960280;  1 drivers
v00000283eb91f8d0_0 .net *"_ivl_48", 63 0, L_00000283eb91f1f0;  1 drivers
v00000283eb91ea70_0 .net *"_ivl_5", 0 0, L_00000283eb8b2650;  1 drivers
v00000283eb91ec50_0 .net *"_ivl_50", 63 0, L_00000283eb91f290;  1 drivers
L_00000283eb9602c8 .functor BUFT 1, C4<0000000000000000000000000000000000000000000000000000000000000000>, C4<0>, C4<0>, C4<0>;
v00000283eb91e570_0 .net/2u *"_ivl_52", 63 0, L_00000283eb9602c8;  1 drivers
v00000283eb91e9d0_0 .net *"_ivl_6", 7 0, L_00000283eb91e1b0;  1 drivers
v00000283eb91eb10_0 .net *"_ivl_8", 7 0, L_00000283eb91ddf0;  1 drivers
v00000283eb91e890_0 .net "address", 63 0, v00000283eb91dcb0_0;  1 drivers
v00000283eb91de90_0 .net "clk", 0 0, v00000283eb91e6b0_0;  1 drivers
v00000283eb91dfd0_0 .var/i "i", 31 0;
v00000283eb91e430 .array "memory", 1023 0, 7 0;
v00000283eb91e610_0 .net "read_data", 63 0, L_00000283eb91f5b0;  alias, 1 drivers
v00000283eb91f3d0_0 .net "reset", 0 0, v00000283eb91e4d0_0;  1 drivers
v00000283eb91e930_0 .net "write_data", 63 0, v00000283eb91ecf0_0;  1 drivers
L_00000283eb91e750 .cmp/ge 64, L_00000283eb960088, v00000283eb91dcb0_0;
L_00000283eb91e1b0 .array/port v00000283eb91e430, v00000283eb91dcb0_0;
L_00000283eb91ddf0 .array/port v00000283eb91e430, L_00000283eb91f650;
L_00000283eb91f650 .arith/sum 64, v00000283eb91dcb0_0, L_00000283eb9600d0;
L_00000283eb91df30 .array/port v00000283eb91e430, L_00000283eb91f150;
L_00000283eb91f150 .arith/sum 64, v00000283eb91dcb0_0, L_00000283eb960118;
L_00000283eb91f510 .array/port v00000283eb91e430, L_00000283eb91ed90;
L_00000283eb91ed90 .arith/sum 64, v00000283eb91dcb0_0, L_00000283eb960160;
L_00000283eb91e2f0 .array/port v00000283eb91e430, L_00000283eb91e390;
L_00000283eb91e390 .arith/sum 64, v00000283eb91dcb0_0, L_00000283eb9601a8;
L_00000283eb91ee30 .array/port v00000283eb91e430, L_00000283eb91ef70;
L_00000283eb91ef70 .arith/sum 64, v00000283eb91dcb0_0, L_00000283eb9601f0;
L_00000283eb91f970 .array/port v00000283eb91e430, L_00000283eb91f010;
L_00000283eb91f010 .arith/sum 64, v00000283eb91dcb0_0, L_00000283eb960238;
L_00000283eb91f0b0 .array/port v00000283eb91e430, L_00000283eb91f1f0;
L_00000283eb91f1f0 .arith/sum 64, v00000283eb91dcb0_0, L_00000283eb960280;
LS_00000283eb91f290_0_0 .concat [ 8 8 8 8], L_00000283eb91f0b0, L_00000283eb91f970, L_00000283eb91ee30, L_00000283eb91e2f0;
LS_00000283eb91f290_0_4 .concat [ 8 8 8 8], L_00000283eb91f510, L_00000283eb91df30, L_00000283eb91ddf0, L_00000283eb91e1b0;
L_00000283eb91f290 .concat [ 32 32 0 0], LS_00000283eb91f290_0_0, LS_00000283eb91f290_0_4;
L_00000283eb91f5b0 .functor MUXZ 64, L_00000283eb9602c8, L_00000283eb91f290, L_00000283eb8b2650, C4<>;
    .scope S_00000283eb8c2150;
T_3 ;
    %wait E_00000283eb8a2060;
    %load/vec4 v00000283eb91f3d0_0;
    %flag_set/vec4 8;
    %jmp/0xz  T_3.0, 8;
    %pushi/vec4 0, 0, 32;
    %store/vec4 v00000283eb91dfd0_0, 0, 32;
T_3.2 ;
    %load/vec4 v00000283eb91dfd0_0;
    %cmpi/s 1024, 0, 32;
    %jmp/0xz T_3.3, 5;
    %pushi/vec4 0, 0, 8;
    %ix/getv/s 3, v00000283eb91dfd0_0;
    %ix/load 4, 0, 0; Constant delay
    %assign/vec4/a/d v00000283eb91e430, 0, 4;
    %load/vec4 v00000283eb91dfd0_0;
    %addi 1, 0, 32;
    %store/vec4 v00000283eb91dfd0_0, 0, 32;
    %jmp T_3.2;
T_3.3 ;
    %jmp T_3.1;
T_3.0 ;
    %load/vec4 v00000283eb89c780_0;
    %flag_set/vec4 9;
    %flag_get/vec4 9;
    %jmp/0 T_3.6, 9;
    %load/vec4 v00000283eb91e890_0;
    %cmpi/u 1016, 0, 64;
    %flag_get/vec4 4;
    %flag_get/vec4 5;
    %or;
    %and;
T_3.6;
    %flag_set/vec4 8;
    %jmp/0xz  T_3.4, 8;
    %load/vec4 v00000283eb91e930_0;
    %parti/s 8, 56, 7;
    %ix/getv 3, v00000283eb91e890_0;
    %ix/load 4, 0, 0; Constant delay
    %assign/vec4/a/d v00000283eb91e430, 0, 4;
    %load/vec4 v00000283eb91e930_0;
    %parti/s 8, 48, 7;
    %load/vec4 v00000283eb91e890_0;
    %addi 1, 0, 64;
    %ix/vec4 3;
    %ix/load 4, 0, 0; Constant delay
    %assign/vec4/a/d v00000283eb91e430, 0, 4;
    %load/vec4 v00000283eb91e930_0;
    %parti/s 8, 40, 7;
    %load/vec4 v00000283eb91e890_0;
    %addi 2, 0, 64;
    %ix/vec4 3;
    %ix/load 4, 0, 0; Constant delay
    %assign/vec4/a/d v00000283eb91e430, 0, 4;
    %load/vec4 v00000283eb91e930_0;
    %parti/s 8, 32, 7;
    %load/vec4 v00000283eb91e890_0;
    %addi 3, 0, 64;
    %ix/vec4 3;
    %ix/load 4, 0, 0; Constant delay
    %assign/vec4/a/d v00000283eb91e430, 0, 4;
    %load/vec4 v00000283eb91e930_0;
    %parti/s 8, 24, 6;
    %load/vec4 v00000283eb91e890_0;
    %addi 4, 0, 64;
    %ix/vec4 3;
    %ix/load 4, 0, 0; Constant delay
    %assign/vec4/a/d v00000283eb91e430, 0, 4;
    %load/vec4 v00000283eb91e930_0;
    %parti/s 8, 16, 6;
    %load/vec4 v00000283eb91e890_0;
    %addi 5, 0, 64;
    %ix/vec4 3;
    %ix/load 4, 0, 0; Constant delay
    %assign/vec4/a/d v00000283eb91e430, 0, 4;
    %load/vec4 v00000283eb91e930_0;
    %parti/s 8, 8, 5;
    %load/vec4 v00000283eb91e890_0;
    %addi 6, 0, 64;
    %ix/vec4 3;
    %ix/load 4, 0, 0; Constant delay
    %assign/vec4/a/d v00000283eb91e430, 0, 4;
    %load/vec4 v00000283eb91e930_0;
    %parti/s 8, 0, 2;
    %load/vec4 v00000283eb91e890_0;
    %addi 7, 0, 64;
    %ix/vec4 3;
    %ix/load 4, 0, 0; Constant delay
    %assign/vec4/a/d v00000283eb91e430, 0, 4;
T_3.4 ;
T_3.1 ;
    %jmp T_3;
    .thread T_3;
    .scope S_00000283eb8a8fb0;
T_4 ;
    %delay 5000, 0;
    %load/vec4 v00000283eb91e6b0_0;
    %inv;
    %store/vec4 v00000283eb91e6b0_0, 0, 1;
    %jmp T_4;
    .thread T_4;
    .scope S_00000283eb8a8fb0;
T_5 ;
    %pushi/vec4 0, 0, 1;
    %store/vec4 v00000283eb91e6b0_0, 0, 1;
    %pushi/vec4 1, 0, 1;
    %store/vec4 v00000283eb91e4d0_0, 0, 1;
    %pushi/vec4 0, 0, 64;
    %store/vec4 v00000283eb91dcb0_0, 0, 64;
    %pushi/vec4 0, 0, 64;
    %store/vec4 v00000283eb91ecf0_0, 0, 64;
    %pushi/vec4 0, 0, 1;
    %store/vec4 v00000283eb91e070_0, 0, 1;
    %pushi/vec4 0, 0, 1;
    %store/vec4 v00000283eb91ebb0_0, 0, 1;
    %wait E_00000283eb8a2060;
    %wait E_00000283eb8a2060;
    %delay 1000, 0;
    %pushi/vec4 0, 0, 1;
    %store/vec4 v00000283eb91e4d0_0, 0, 1;
    %delay 1000, 0;
    %vpi_call 2 51 "$display", "VCD info: dumpfile datamem_tb.vcd opened for output." {0 0 0};
    %pushi/vec4 0, 0, 64;
    %store/vec4 v00000283eb89d360_0, 0, 64;
    %fork TD_DataMem_tb.do_read, S_00000283eb8a4620;
    %join;
    %load/vec4 v00000283eb91dd50_0;
    %store/vec4 v00000283eb89d180_0, 0, 64;
    %pushi/vec4 0, 0, 64;
    %store/vec4 v00000283eb89cb40_0, 0, 64;
    %pushi/vec4 0, 0, 64;
    %store/vec4 v00000283eb89cbe0_0, 0, 64;
    %fork TD_DataMem_tb.check, S_00000283eb8a9140;
    %join;
    %pushi/vec4 0, 0, 1;
    %store/vec4 v00000283eb91e070_0, 0, 1;
    %pushi/vec4 100, 0, 64;
    %store/vec4 v00000283eb89d360_0, 0, 64;
    %fork TD_DataMem_tb.do_read, S_00000283eb8a4620;
    %join;
    %load/vec4 v00000283eb91dd50_0;
    %store/vec4 v00000283eb89d180_0, 0, 64;
    %pushi/vec4 0, 0, 64;
    %store/vec4 v00000283eb89cb40_0, 0, 64;
    %pushi/vec4 100, 0, 64;
    %store/vec4 v00000283eb89cbe0_0, 0, 64;
    %fork TD_DataMem_tb.check, S_00000283eb8a9140;
    %join;
    %pushi/vec4 0, 0, 1;
    %store/vec4 v00000283eb91e070_0, 0, 1;
    %pushi/vec4 0, 0, 64;
    %store/vec4 v00000283eb89d0e0_0, 0, 64;
    %pushi/vec4 3735928559, 0, 32;
    %concati/vec4 3405691582, 0, 32;
    %store/vec4 v00000283eb89d220_0, 0, 64;
    %fork TD_DataMem_tb.do_write, S_00000283eb8c1fc0;
    %join;
    %pushi/vec4 0, 0, 64;
    %store/vec4 v00000283eb89d360_0, 0, 64;
    %fork TD_DataMem_tb.do_read, S_00000283eb8a4620;
    %join;
    %load/vec4 v00000283eb91dd50_0;
    %store/vec4 v00000283eb89d180_0, 0, 64;
    %pushi/vec4 3735928559, 0, 32;
    %concati/vec4 3405691582, 0, 32;
    %store/vec4 v00000283eb89cb40_0, 0, 64;
    %pushi/vec4 0, 0, 64;
    %store/vec4 v00000283eb89cbe0_0, 0, 64;
    %fork TD_DataMem_tb.check, S_00000283eb8a9140;
    %join;
    %pushi/vec4 0, 0, 1;
    %store/vec4 v00000283eb91e070_0, 0, 1;
    %pushi/vec4 16, 0, 64;
    %store/vec4 v00000283eb89d0e0_0, 0, 64;
    %pushi/vec4 2164359682, 0, 39;
    %concati/vec4 17172232, 0, 25;
    %store/vec4 v00000283eb89d220_0, 0, 64;
    %fork TD_DataMem_tb.do_write, S_00000283eb8c1fc0;
    %join;
    %pushi/vec4 16, 0, 64;
    %store/vec4 v00000283eb89d360_0, 0, 64;
    %fork TD_DataMem_tb.do_read, S_00000283eb8a4620;
    %join;
    %load/vec4 v00000283eb91dd50_0;
    %store/vec4 v00000283eb89d180_0, 0, 64;
    %pushi/vec4 2164359682, 0, 39;
    %concati/vec4 17172232, 0, 25;
    %store/vec4 v00000283eb89cb40_0, 0, 64;
    %pushi/vec4 16, 0, 64;
    %store/vec4 v00000283eb89cbe0_0, 0, 64;
    %fork TD_DataMem_tb.check, S_00000283eb8a9140;
    %join;
    %pushi/vec4 0, 0, 1;
    %store/vec4 v00000283eb91e070_0, 0, 1;
    %pushi/vec4 17, 0, 64;
    %store/vec4 v00000283eb89d360_0, 0, 64;
    %fork TD_DataMem_tb.do_read, S_00000283eb8a4620;
    %join;
    %load/vec4 v00000283eb91dd50_0;
    %store/vec4 v00000283eb89d180_0, 0, 64;
    %pushi/vec4 2160132417, 0, 38;
    %concati/vec4 34015232, 0, 26;
    %store/vec4 v00000283eb89cb40_0, 0, 64;
    %pushi/vec4 17, 0, 64;
    %store/vec4 v00000283eb89cbe0_0, 0, 64;
    %fork TD_DataMem_tb.check, S_00000283eb8a9140;
    %join;
    %pushi/vec4 0, 0, 1;
    %store/vec4 v00000283eb91e070_0, 0, 1;
    %pushi/vec4 50, 0, 64;
    %store/vec4 v00000283eb89d0e0_0, 0, 64;
    %pushi/vec4 2863311530, 0, 32;
    %concati/vec4 2863311530, 0, 32;
    %store/vec4 v00000283eb89d220_0, 0, 64;
    %fork TD_DataMem_tb.do_write, S_00000283eb8c1fc0;
    %join;
    %pushi/vec4 50, 0, 64;
    %store/vec4 v00000283eb89d0e0_0, 0, 64;
    %pushi/vec4 2863311530, 0, 33;
    %concati/vec4 1431655765, 0, 31;
    %store/vec4 v00000283eb89d220_0, 0, 64;
    %fork TD_DataMem_tb.do_write, S_00000283eb8c1fc0;
    %join;
    %pushi/vec4 50, 0, 64;
    %store/vec4 v00000283eb89d360_0, 0, 64;
    %fork TD_DataMem_tb.do_read, S_00000283eb8a4620;
    %join;
    %load/vec4 v00000283eb91dd50_0;
    %store/vec4 v00000283eb89d180_0, 0, 64;
    %pushi/vec4 2863311530, 0, 33;
    %concati/vec4 1431655765, 0, 31;
    %store/vec4 v00000283eb89cb40_0, 0, 64;
    %pushi/vec4 50, 0, 64;
    %store/vec4 v00000283eb89cbe0_0, 0, 64;
    %fork TD_DataMem_tb.check, S_00000283eb8a9140;
    %join;
    %pushi/vec4 0, 0, 1;
    %store/vec4 v00000283eb91e070_0, 0, 1;
    %pushi/vec4 1016, 0, 64;
    %store/vec4 v00000283eb89d0e0_0, 0, 64;
    %pushi/vec4 3405691582, 0, 32;
    %concati/vec4 3735928559, 0, 32;
    %store/vec4 v00000283eb89d220_0, 0, 64;
    %fork TD_DataMem_tb.do_write, S_00000283eb8c1fc0;
    %join;
    %pushi/vec4 1016, 0, 64;
    %store/vec4 v00000283eb89d360_0, 0, 64;
    %fork TD_DataMem_tb.do_read, S_00000283eb8a4620;
    %join;
    %load/vec4 v00000283eb91dd50_0;
    %store/vec4 v00000283eb89d180_0, 0, 64;
    %pushi/vec4 3405691582, 0, 32;
    %concati/vec4 3735928559, 0, 32;
    %store/vec4 v00000283eb89cb40_0, 0, 64;
    %pushi/vec4 1016, 0, 64;
    %store/vec4 v00000283eb89cbe0_0, 0, 64;
    %fork TD_DataMem_tb.check, S_00000283eb8a9140;
    %join;
    %pushi/vec4 0, 0, 1;
    %store/vec4 v00000283eb91e070_0, 0, 1;
    %pushi/vec4 1017, 0, 64;
    %store/vec4 v00000283eb89d0e0_0, 0, 64;
    %pushi/vec4 3735936685, 0, 32;
    %concati/vec4 3735936685, 0, 32;
    %store/vec4 v00000283eb89d220_0, 0, 64;
    %fork TD_DataMem_tb.do_write, S_00000283eb8c1fc0;
    %join;
    %pushi/vec4 1017, 0, 64;
    %store/vec4 v00000283eb89d360_0, 0, 64;
    %fork TD_DataMem_tb.do_read, S_00000283eb8a4620;
    %join;
    %load/vec4 v00000283eb91dd50_0;
    %store/vec4 v00000283eb89d180_0, 0, 64;
    %pushi/vec4 0, 0, 64;
    %store/vec4 v00000283eb89cb40_0, 0, 64;
    %pushi/vec4 1017, 0, 64;
    %store/vec4 v00000283eb89cbe0_0, 0, 64;
    %fork TD_DataMem_tb.check, S_00000283eb8a9140;
    %join;
    %pushi/vec4 0, 0, 1;
    %store/vec4 v00000283eb91e070_0, 0, 1;
    %pushi/vec4 1, 0, 1;
    %store/vec4 v00000283eb91e4d0_0, 0, 1;
    %wait E_00000283eb8a2060;
    %wait E_00000283eb8a2060;
    %delay 1000, 0;
    %pushi/vec4 0, 0, 1;
    %store/vec4 v00000283eb91e4d0_0, 0, 1;
    %delay 1000, 0;
    %pushi/vec4 0, 0, 64;
    %store/vec4 v00000283eb89d360_0, 0, 64;
    %fork TD_DataMem_tb.do_read, S_00000283eb8a4620;
    %join;
    %load/vec4 v00000283eb91dd50_0;
    %store/vec4 v00000283eb89d180_0, 0, 64;
    %pushi/vec4 0, 0, 64;
    %store/vec4 v00000283eb89cb40_0, 0, 64;
    %pushi/vec4 0, 0, 64;
    %store/vec4 v00000283eb89cbe0_0, 0, 64;
    %fork TD_DataMem_tb.check, S_00000283eb8a9140;
    %join;
    %pushi/vec4 0, 0, 1;
    %store/vec4 v00000283eb91e070_0, 0, 1;
    %pushi/vec4 1016, 0, 64;
    %store/vec4 v00000283eb89d360_0, 0, 64;
    %fork TD_DataMem_tb.do_read, S_00000283eb8a4620;
    %join;
    %load/vec4 v00000283eb91dd50_0;
    %store/vec4 v00000283eb89d180_0, 0, 64;
    %pushi/vec4 0, 0, 64;
    %store/vec4 v00000283eb89cb40_0, 0, 64;
    %pushi/vec4 1016, 0, 64;
    %store/vec4 v00000283eb89cbe0_0, 0, 64;
    %fork TD_DataMem_tb.check, S_00000283eb8a9140;
    %join;
    %pushi/vec4 0, 0, 1;
    %store/vec4 v00000283eb91e070_0, 0, 1;
    %pushi/vec4 200, 0, 64;
    %store/vec4 v00000283eb89d0e0_0, 0, 64;
    %pushi/vec4 4294967295, 0, 32;
    %concati/vec4 4294967295, 0, 32;
    %store/vec4 v00000283eb89d220_0, 0, 64;
    %fork TD_DataMem_tb.do_write, S_00000283eb8c1fc0;
    %join;
    %pushi/vec4 200, 0, 64;
    %store/vec4 v00000283eb91dcb0_0, 0, 64;
    %pushi/vec4 0, 0, 1;
    %store/vec4 v00000283eb91e070_0, 0, 1;
    %pushi/vec4 0, 0, 1;
    %store/vec4 v00000283eb91ebb0_0, 0, 1;
    %delay 1000, 0;
    %load/vec4 v00000283eb91dd50_0;
    %store/vec4 v00000283eb89d180_0, 0, 64;
    %pushi/vec4 0, 0, 64;
    %store/vec4 v00000283eb89cb40_0, 0, 64;
    %pushi/vec4 200, 0, 64;
    %store/vec4 v00000283eb89cbe0_0, 0, 64;
    %fork TD_DataMem_tb.check, S_00000283eb8a9140;
    %join;
    %pushi/vec4 10, 0, 64;
    %store/vec4 v00000283eb89d0e0_0, 0, 64;
    %pushi/vec4 15, 0, 64;
    %store/vec4 v00000283eb89d220_0, 0, 64;
    %fork TD_DataMem_tb.do_write, S_00000283eb8c1fc0;
    %join;
    %pushi/vec4 10, 0, 64;
    %store/vec4 v00000283eb89d360_0, 0, 64;
    %fork TD_DataMem_tb.do_read, S_00000283eb8a4620;
    %join;
    %load/vec4 v00000283eb91dd50_0;
    %store/vec4 v00000283eb89d180_0, 0, 64;
    %pushi/vec4 15, 0, 64;
    %store/vec4 v00000283eb89cb40_0, 0, 64;
    %pushi/vec4 10, 0, 64;
    %store/vec4 v00000283eb89cbe0_0, 0, 64;
    %fork TD_DataMem_tb.check, S_00000283eb8a9140;
    %join;
    %pushi/vec4 0, 0, 1;
    %store/vec4 v00000283eb91e070_0, 0, 1;
    %pushi/vec4 34, 0, 64;
    %store/vec4 v00000283eb89d0e0_0, 0, 64;
    %pushi/vec4 4294967295, 0, 32;
    %concati/vec4 4294967291, 0, 32;
    %store/vec4 v00000283eb89d220_0, 0, 64;
    %fork TD_DataMem_tb.do_write, S_00000283eb8c1fc0;
    %join;
    %pushi/vec4 34, 0, 64;
    %store/vec4 v00000283eb89d360_0, 0, 64;
    %fork TD_DataMem_tb.do_read, S_00000283eb8a4620;
    %join;
    %load/vec4 v00000283eb91dd50_0;
    %store/vec4 v00000283eb89d180_0, 0, 64;
    %pushi/vec4 4294967295, 0, 32;
    %concati/vec4 4294967291, 0, 32;
    %store/vec4 v00000283eb89cb40_0, 0, 64;
    %pushi/vec4 34, 0, 64;
    %store/vec4 v00000283eb89cbe0_0, 0, 64;
    %fork TD_DataMem_tb.check, S_00000283eb8a9140;
    %join;
    %pushi/vec4 0, 0, 1;
    %store/vec4 v00000283eb91e070_0, 0, 1;
    %pushi/vec4 300, 0, 64;
    %store/vec4 v00000283eb89d0e0_0, 0, 64;
    %pushi/vec4 4294967295, 0, 32;
    %concati/vec4 4294967295, 0, 32;
    %store/vec4 v00000283eb89d220_0, 0, 64;
    %fork TD_DataMem_tb.do_write, S_00000283eb8c1fc0;
    %join;
    %pushi/vec4 300, 0, 64;
    %store/vec4 v00000283eb89d0e0_0, 0, 64;
    %pushi/vec4 0, 0, 64;
    %store/vec4 v00000283eb89d220_0, 0, 64;
    %fork TD_DataMem_tb.do_write, S_00000283eb8c1fc0;
    %join;
    %pushi/vec4 300, 0, 64;
    %store/vec4 v00000283eb89d360_0, 0, 64;
    %fork TD_DataMem_tb.do_read, S_00000283eb8a4620;
    %join;
    %load/vec4 v00000283eb91dd50_0;
    %store/vec4 v00000283eb89d180_0, 0, 64;
    %pushi/vec4 0, 0, 64;
    %store/vec4 v00000283eb89cb40_0, 0, 64;
    %pushi/vec4 300, 0, 64;
    %store/vec4 v00000283eb89cbe0_0, 0, 64;
    %fork TD_DataMem_tb.check, S_00000283eb8a9140;
    %join;
    %pushi/vec4 0, 0, 1;
    %store/vec4 v00000283eb91e070_0, 0, 1;
    %vpi_call 2 121 "$finish" {0 0 0};
    %end;
    .thread T_5;
# The file index is used to find the file name in the following table.
:file_names 4;
    "N/A";
    "<interactive>";
    "DataMem_tb.v";
    "./DataMem.v";
