#! /c/Source/iverilog-install/bin/vvp
:ivl_version "12.0 (devel)" "(s20150603-1539-g2693dd32b)";
:ivl_delay_selection "TYPICAL";
:vpi_time_precision - 12;
:vpi_module "C:\iverilog\lib\ivl\system.vpi";
:vpi_module "C:\iverilog\lib\ivl\vhdl_sys.vpi";
:vpi_module "C:\iverilog\lib\ivl\vhdl_textio.vpi";
:vpi_module "C:\iverilog\lib\ivl\v2005_math.vpi";
:vpi_module "C:\iverilog\lib\ivl\va_math.vpi";
S_0000020c228d10f0 .scope module, "DataMem_tb" "DataMem_tb" 2 4;
 .timescale -9 -12;
v0000020c2297bb40_0 .var "MemRead", 0 0;
v0000020c2297b500_0 .var "MemWrite", 0 0;
v0000020c2297b820_0 .var "address", 63 0;
v0000020c2297b960_0 .var "clk", 0 0;
v0000020c2297b8c0_0 .var/i "fail_count", 31 0;
v0000020c2297baa0_0 .var/i "pass_count", 31 0;
v0000020c2297b320_0 .net "read_data", 63 0, v0000020c228df480_0;  1 drivers
v0000020c2297bbe0_0 .var "reset", 0 0;
v0000020c2297b5a0_0 .var/i "test_num", 31 0;
v0000020c2297ba00_0 .var "write_data", 63 0;
S_0000020c228c5be0 .scope task, "check" "check" 2 53, 2 53 0, S_0000020c228d10f0;
 .timescale -9 -12;
v0000020c228a3380_0 .var "expected", 63 0;
TD_DataMem_tb.check ;
    %load/vec4 v0000020c2297b5a0_0;
    %addi 1, 0, 32;
    %store/vec4 v0000020c2297b5a0_0, 0, 32;
    %load/vec4 v0000020c2297b320_0;
    %load/vec4 v0000020c228a3380_0;
    %cmp/e;
    %jmp/0xz  T_0.0, 6;
    %vpi_call 2 58 "$display", "PASS | Test %0d | addr=%0d data=%h", v0000020c2297b5a0_0, v0000020c2297b820_0, v0000020c2297b320_0 {0 0 0};
    %load/vec4 v0000020c2297baa0_0;
    %addi 1, 0, 32;
    %store/vec4 v0000020c2297baa0_0, 0, 32;
    %jmp T_0.1;
T_0.0 ;
    %vpi_call 2 61 "$display", "FAIL | Test %0d | addr=%0d expected=%h got=%h", v0000020c2297b5a0_0, v0000020c2297b820_0, v0000020c228a3380_0, v0000020c2297b320_0 {0 0 0};
    %load/vec4 v0000020c2297b8c0_0;
    %addi 1, 0, 32;
    %store/vec4 v0000020c2297b8c0_0, 0, 32;
T_0.1 ;
    %end;
S_0000020c229251a0 .scope task, "do_reset" "do_reset" 2 68, 2 68 0, S_0000020c228d10f0;
 .timescale -9 -12;
E_0000020c2290e7c0 .event posedge, v0000020c228df2a0_0;
E_0000020c2290ea80 .event negedge, v0000020c228df2a0_0;
TD_DataMem_tb.do_reset ;
    %wait E_0000020c2290ea80;
    %pushi/vec4 1, 0, 1;
    %store/vec4 v0000020c2297bbe0_0, 0, 1;
    %wait E_0000020c2290e7c0;
    %delay 1000, 0;
    %pushi/vec4 0, 0, 1;
    %store/vec4 v0000020c2297bbe0_0, 0, 1;
    %end;
S_0000020c22925330 .scope task, "read_mem" "read_mem" 2 40, 2 40 0, S_0000020c228d10f0;
 .timescale -9 -12;
v0000020c228d4f80_0 .var "addr", 63 0;
TD_DataMem_tb.read_mem ;
    %wait E_0000020c2290ea80;
    %load/vec4 v0000020c228d4f80_0;
    %store/vec4 v0000020c2297b820_0, 0, 64;
    %pushi/vec4 1, 0, 1;
    %store/vec4 v0000020c2297bb40_0, 0, 1;
    %pushi/vec4 0, 0, 1;
    %store/vec4 v0000020c2297b500_0, 0, 1;
    %wait E_0000020c2290e7c0;
    %delay 1000, 0;
    %pushi/vec4 0, 0, 1;
    %store/vec4 v0000020c2297bb40_0, 0, 1;
    %end;
S_0000020c228c50c0 .scope module, "uut" "DataMem" 2 12, 3 3 0, S_0000020c228d10f0;
 .timescale -9 -12;
    .port_info 0 /INPUT 1 "clk";
    .port_info 1 /INPUT 1 "reset";
    .port_info 2 /INPUT 64 "address";
    .port_info 3 /INPUT 64 "write_data";
    .port_info 4 /INPUT 1 "MemRead";
    .port_info 5 /INPUT 1 "MemWrite";
    .port_info 6 /OUTPUT 64 "read_data";
v0000020c22922af0_0 .net "MemRead", 0 0, v0000020c2297bb40_0;  1 drivers
v0000020c228c8610_0 .net "MemWrite", 0 0, v0000020c2297b500_0;  1 drivers
v0000020c228c86b0_0 .net "address", 63 0, v0000020c2297b820_0;  1 drivers
v0000020c228df2a0_0 .net "clk", 0 0, v0000020c2297b960_0;  1 drivers
v0000020c228df340_0 .var/i "i", 31 0;
v0000020c228df3e0 .array "memory", 1023 0, 7 0;
v0000020c228df480_0 .var "read_data", 63 0;
v0000020c228df520_0 .net "reset", 0 0, v0000020c2297bbe0_0;  1 drivers
v0000020c228df5c0_0 .net "write_data", 63 0, v0000020c2297ba00_0;  1 drivers
S_0000020c228c5250 .scope task, "dump_memory" "dump_memory" 3 46, 3 46 0, S_0000020c228c50c0;
 .timescale -9 -12;
v0000020c228c5970_0 .var/i "f", 31 0;
v0000020c228c5d70_0 .var/i "j", 31 0;
TD_DataMem_tb.uut.dump_memory ;
    %vpi_func 3 50 "$fopen" 32, "data_mem.txt", "w" {0 0 0};
    %store/vec4 v0000020c228c5970_0, 0, 32;
    %load/vec4 v0000020c228c5970_0;
    %cmpi/ne 0, 0, 32;
    %jmp/0xz  T_3.2, 4;
    %pushi/vec4 0, 0, 32;
    %store/vec4 v0000020c228c5d70_0, 0, 32;
T_3.4 ;
    %load/vec4 v0000020c228c5d70_0;
    %cmpi/s 1024, 0, 32;
    %jmp/0xz T_3.5, 5;
    %vpi_call 3 53 "$fwrite", v0000020c228c5970_0, "%02h\012", &A<v0000020c228df3e0, v0000020c228c5d70_0 > {0 0 0};
    %load/vec4 v0000020c228c5d70_0;
    %addi 1, 0, 32;
    %store/vec4 v0000020c228c5d70_0, 0, 32;
    %jmp T_3.4;
T_3.5 ;
    %vpi_call 3 54 "$fclose", v0000020c228c5970_0 {0 0 0};
    %jmp T_3.3;
T_3.2 ;
    %vpi_call 3 57 "$display", "Error opening data_mem.txt" {0 0 0};
T_3.3 ;
    %end;
S_0000020c228a2d20 .scope task, "write_mem" "write_mem" 2 26, 2 26 0, S_0000020c228d10f0;
 .timescale -9 -12;
v0000020c228df660_0 .var "addr", 63 0;
v0000020c228a2eb0_0 .var "data", 63 0;
TD_DataMem_tb.write_mem ;
    %wait E_0000020c2290ea80;
    %load/vec4 v0000020c228df660_0;
    %store/vec4 v0000020c2297b820_0, 0, 64;
    %load/vec4 v0000020c228a2eb0_0;
    %store/vec4 v0000020c2297ba00_0, 0, 64;
    %pushi/vec4 1, 0, 1;
    %store/vec4 v0000020c2297b500_0, 0, 1;
    %pushi/vec4 0, 0, 1;
    %store/vec4 v0000020c2297bb40_0, 0, 1;
    %wait E_0000020c2290e7c0;
    %delay 1000, 0;
    %pushi/vec4 0, 0, 1;
    %store/vec4 v0000020c2297b500_0, 0, 1;
    %end;
    .scope S_0000020c228c50c0;
T_5 ;
    %pushi/vec4 0, 0, 32;
    %store/vec4 v0000020c228df340_0, 0, 32;
T_5.0 ;
    %load/vec4 v0000020c228df340_0;
    %cmpi/s 1024, 0, 32;
    %jmp/0xz T_5.1, 5;
    %pushi/vec4 0, 0, 8;
    %ix/getv/s 4, v0000020c228df340_0;
    %store/vec4a v0000020c228df3e0, 4, 0;
    %load/vec4 v0000020c228df340_0;
    %addi 1, 0, 32;
    %store/vec4 v0000020c228df340_0, 0, 32;
    %jmp T_5.0;
T_5.1 ;
    %pushi/vec4 0, 0, 64;
    %store/vec4 v0000020c228df480_0, 0, 64;
    %end;
    .thread T_5;
    .scope S_0000020c228c50c0;
T_6 ;
    %wait E_0000020c2290e7c0;
    %load/vec4 v0000020c228df520_0;
    %flag_set/vec4 8;
    %jmp/0xz  T_6.0, 8;
    %pushi/vec4 0, 0, 32;
    %store/vec4 v0000020c228df340_0, 0, 32;
T_6.2 ;
    %load/vec4 v0000020c228df340_0;
    %cmpi/s 1024, 0, 32;
    %jmp/0xz T_6.3, 5;
    %pushi/vec4 0, 0, 8;
    %ix/getv/s 3, v0000020c228df340_0;
    %ix/load 4, 0, 0; Constant delay
    %assign/vec4/a/d v0000020c228df3e0, 0, 4;
    %load/vec4 v0000020c228df340_0;
    %addi 1, 0, 32;
    %store/vec4 v0000020c228df340_0, 0, 32;
    %jmp T_6.2;
T_6.3 ;
    %pushi/vec4 0, 0, 64;
    %assign/vec4 v0000020c228df480_0, 0;
    %jmp T_6.1;
T_6.0 ;
    %load/vec4 v0000020c228c8610_0;
    %flag_set/vec4 9;
    %flag_get/vec4 9;
    %jmp/0 T_6.6, 9;
    %load/vec4 v0000020c228c86b0_0;
    %cmpi/u 1016, 0, 64;
    %flag_get/vec4 4;
    %flag_get/vec4 5;
    %or;
    %and;
T_6.6;
    %flag_set/vec4 8;
    %jmp/0xz  T_6.4, 8;
    %load/vec4 v0000020c228df5c0_0;
    %parti/s 8, 56, 7;
    %ix/getv 3, v0000020c228c86b0_0;
    %ix/load 4, 0, 0; Constant delay
    %assign/vec4/a/d v0000020c228df3e0, 0, 4;
    %load/vec4 v0000020c228df5c0_0;
    %parti/s 8, 48, 7;
    %load/vec4 v0000020c228c86b0_0;
    %addi 1, 0, 64;
    %ix/vec4 3;
    %ix/load 4, 0, 0; Constant delay
    %assign/vec4/a/d v0000020c228df3e0, 0, 4;
    %load/vec4 v0000020c228df5c0_0;
    %parti/s 8, 40, 7;
    %load/vec4 v0000020c228c86b0_0;
    %addi 2, 0, 64;
    %ix/vec4 3;
    %ix/load 4, 0, 0; Constant delay
    %assign/vec4/a/d v0000020c228df3e0, 0, 4;
    %load/vec4 v0000020c228df5c0_0;
    %parti/s 8, 32, 7;
    %load/vec4 v0000020c228c86b0_0;
    %addi 3, 0, 64;
    %ix/vec4 3;
    %ix/load 4, 0, 0; Constant delay
    %assign/vec4/a/d v0000020c228df3e0, 0, 4;
    %load/vec4 v0000020c228df5c0_0;
    %parti/s 8, 24, 6;
    %load/vec4 v0000020c228c86b0_0;
    %addi 4, 0, 64;
    %ix/vec4 3;
    %ix/load 4, 0, 0; Constant delay
    %assign/vec4/a/d v0000020c228df3e0, 0, 4;
    %load/vec4 v0000020c228df5c0_0;
    %parti/s 8, 16, 6;
    %load/vec4 v0000020c228c86b0_0;
    %addi 5, 0, 64;
    %ix/vec4 3;
    %ix/load 4, 0, 0; Constant delay
    %assign/vec4/a/d v0000020c228df3e0, 0, 4;
    %load/vec4 v0000020c228df5c0_0;
    %parti/s 8, 8, 5;
    %load/vec4 v0000020c228c86b0_0;
    %addi 6, 0, 64;
    %ix/vec4 3;
    %ix/load 4, 0, 0; Constant delay
    %assign/vec4/a/d v0000020c228df3e0, 0, 4;
    %load/vec4 v0000020c228df5c0_0;
    %parti/s 8, 0, 2;
    %load/vec4 v0000020c228c86b0_0;
    %addi 7, 0, 64;
    %ix/vec4 3;
    %ix/load 4, 0, 0; Constant delay
    %assign/vec4/a/d v0000020c228df3e0, 0, 4;
    %jmp T_6.5;
T_6.4 ;
    %load/vec4 v0000020c22922af0_0;
    %flag_set/vec4 9;
    %flag_get/vec4 9;
    %jmp/0 T_6.9, 9;
    %load/vec4 v0000020c228c86b0_0;
    %cmpi/u 1016, 0, 64;
    %flag_get/vec4 4;
    %flag_get/vec4 5;
    %or;
    %and;
T_6.9;
    %flag_set/vec4 8;
    %jmp/0xz  T_6.7, 8;
    %ix/getv 4, v0000020c228c86b0_0;
    %load/vec4a v0000020c228df3e0, 4;
    %load/vec4 v0000020c228c86b0_0;
    %addi 1, 0, 64;
    %ix/vec4 4;
    %load/vec4a v0000020c228df3e0, 4;
    %concat/vec4; draw_concat_vec4
    %load/vec4 v0000020c228c86b0_0;
    %addi 2, 0, 64;
    %ix/vec4 4;
    %load/vec4a v0000020c228df3e0, 4;
    %concat/vec4; draw_concat_vec4
    %load/vec4 v0000020c228c86b0_0;
    %addi 3, 0, 64;
    %ix/vec4 4;
    %load/vec4a v0000020c228df3e0, 4;
    %concat/vec4; draw_concat_vec4
    %load/vec4 v0000020c228c86b0_0;
    %addi 4, 0, 64;
    %ix/vec4 4;
    %load/vec4a v0000020c228df3e0, 4;
    %concat/vec4; draw_concat_vec4
    %load/vec4 v0000020c228c86b0_0;
    %addi 5, 0, 64;
    %ix/vec4 4;
    %load/vec4a v0000020c228df3e0, 4;
    %concat/vec4; draw_concat_vec4
    %load/vec4 v0000020c228c86b0_0;
    %addi 6, 0, 64;
    %ix/vec4 4;
    %load/vec4a v0000020c228df3e0, 4;
    %concat/vec4; draw_concat_vec4
    %load/vec4 v0000020c228c86b0_0;
    %addi 7, 0, 64;
    %ix/vec4 4;
    %load/vec4a v0000020c228df3e0, 4;
    %concat/vec4; draw_concat_vec4
    %assign/vec4 v0000020c228df480_0, 0;
    %jmp T_6.8;
T_6.7 ;
    %pushi/vec4 0, 0, 64;
    %assign/vec4 v0000020c228df480_0, 0;
T_6.8 ;
T_6.5 ;
T_6.1 ;
    %jmp T_6;
    .thread T_6;
    .scope S_0000020c228d10f0;
T_7 ;
    %delay 5000, 0;
    %load/vec4 v0000020c2297b960_0;
    %inv;
    %store/vec4 v0000020c2297b960_0, 0, 1;
    %jmp T_7;
    .thread T_7;
    .scope S_0000020c228d10f0;
T_8 ;
    %vpi_call 2 80 "$dumpfile", "DataMem_tb.vcd" {0 0 0};
    %vpi_call 2 81 "$dumpvars", 32'sb00000000000000000000000000000000, S_0000020c228d10f0 {0 0 0};
    %pushi/vec4 0, 0, 1;
    %store/vec4 v0000020c2297b960_0, 0, 1;
    %pushi/vec4 0, 0, 1;
    %store/vec4 v0000020c2297bbe0_0, 0, 1;
    %pushi/vec4 0, 0, 1;
    %store/vec4 v0000020c2297bb40_0, 0, 1;
    %pushi/vec4 0, 0, 1;
    %store/vec4 v0000020c2297b500_0, 0, 1;
    %pushi/vec4 0, 0, 64;
    %store/vec4 v0000020c2297b820_0, 0, 64;
    %pushi/vec4 0, 0, 64;
    %store/vec4 v0000020c2297ba00_0, 0, 64;
    %pushi/vec4 0, 0, 32;
    %store/vec4 v0000020c2297baa0_0, 0, 32;
    %pushi/vec4 0, 0, 32;
    %store/vec4 v0000020c2297b8c0_0, 0, 32;
    %pushi/vec4 0, 0, 32;
    %store/vec4 v0000020c2297b5a0_0, 0, 32;
    %vpi_call 2 91 "$display", "\012--- A. Basic Operations ---" {0 0 0};
    %fork TD_DataMem_tb.do_reset, S_0000020c229251a0;
    %join;
    %pushi/vec4 0, 0, 64;
    %store/vec4 v0000020c228d4f80_0, 0, 64;
    %fork TD_DataMem_tb.read_mem, S_0000020c22925330;
    %join;
    %pushi/vec4 0, 0, 64;
    %store/vec4 v0000020c228a3380_0, 0, 64;
    %fork TD_DataMem_tb.check, S_0000020c228c5be0;
    %join;
    %pushi/vec4 0, 0, 64;
    %store/vec4 v0000020c228df660_0, 0, 64;
    %pushi/vec4 3735928559, 0, 32;
    %concati/vec4 3405691582, 0, 32;
    %store/vec4 v0000020c228a2eb0_0, 0, 64;
    %fork TD_DataMem_tb.write_mem, S_0000020c228a2d20;
    %join;
    %pushi/vec4 0, 0, 64;
    %store/vec4 v0000020c228d4f80_0, 0, 64;
    %fork TD_DataMem_tb.read_mem, S_0000020c22925330;
    %join;
    %pushi/vec4 3735928559, 0, 32;
    %concati/vec4 3405691582, 0, 32;
    %store/vec4 v0000020c228a3380_0, 0, 64;
    %fork TD_DataMem_tb.check, S_0000020c228c5be0;
    %join;
    %pushi/vec4 0, 0, 64;
    %store/vec4 v0000020c228df660_0, 0, 64;
    %pushi/vec4 2443359172, 0, 35;
    %concati/vec4 279694831, 0, 29;
    %store/vec4 v0000020c228a2eb0_0, 0, 64;
    %fork TD_DataMem_tb.write_mem, S_0000020c228a2d20;
    %join;
    %pushi/vec4 0, 0, 64;
    %store/vec4 v0000020c228d4f80_0, 0, 64;
    %fork TD_DataMem_tb.read_mem, S_0000020c22925330;
    %join;
    %pushi/vec4 2443359172, 0, 35;
    %concati/vec4 279694831, 0, 29;
    %store/vec4 v0000020c228a3380_0, 0, 64;
    %fork TD_DataMem_tb.check, S_0000020c228c5be0;
    %join;
    %vpi_call 2 111 "$display", "\012--- B. Data Patterns ---" {0 0 0};
    %fork TD_DataMem_tb.do_reset, S_0000020c229251a0;
    %join;
    %pushi/vec4 0, 0, 64;
    %store/vec4 v0000020c228df660_0, 0, 64;
    %pushi/vec4 0, 0, 64;
    %store/vec4 v0000020c228a2eb0_0, 0, 64;
    %fork TD_DataMem_tb.write_mem, S_0000020c228a2d20;
    %join;
    %pushi/vec4 0, 0, 64;
    %store/vec4 v0000020c228d4f80_0, 0, 64;
    %fork TD_DataMem_tb.read_mem, S_0000020c22925330;
    %join;
    %pushi/vec4 0, 0, 64;
    %store/vec4 v0000020c228a3380_0, 0, 64;
    %fork TD_DataMem_tb.check, S_0000020c228c5be0;
    %join;
    %pushi/vec4 8, 0, 64;
    %store/vec4 v0000020c228df660_0, 0, 64;
    %pushi/vec4 4294967295, 0, 32;
    %concati/vec4 4294967295, 0, 32;
    %store/vec4 v0000020c228a2eb0_0, 0, 64;
    %fork TD_DataMem_tb.write_mem, S_0000020c228a2d20;
    %join;
    %pushi/vec4 8, 0, 64;
    %store/vec4 v0000020c228d4f80_0, 0, 64;
    %fork TD_DataMem_tb.read_mem, S_0000020c22925330;
    %join;
    %pushi/vec4 4294967295, 0, 32;
    %concati/vec4 4294967295, 0, 32;
    %store/vec4 v0000020c228a3380_0, 0, 64;
    %fork TD_DataMem_tb.check, S_0000020c228c5be0;
    %join;
    %pushi/vec4 16, 0, 64;
    %store/vec4 v0000020c228df660_0, 0, 64;
    %pushi/vec4 2863311530, 0, 32;
    %concati/vec4 2863311530, 0, 32;
    %store/vec4 v0000020c228a2eb0_0, 0, 64;
    %fork TD_DataMem_tb.write_mem, S_0000020c228a2d20;
    %join;
    %pushi/vec4 16, 0, 64;
    %store/vec4 v0000020c228d4f80_0, 0, 64;
    %fork TD_DataMem_tb.read_mem, S_0000020c22925330;
    %join;
    %pushi/vec4 2863311530, 0, 32;
    %concati/vec4 2863311530, 0, 32;
    %store/vec4 v0000020c228a3380_0, 0, 64;
    %fork TD_DataMem_tb.check, S_0000020c228c5be0;
    %join;
    %pushi/vec4 24, 0, 64;
    %store/vec4 v0000020c228df660_0, 0, 64;
    %pushi/vec4 2863311530, 0, 33;
    %concati/vec4 1431655765, 0, 31;
    %store/vec4 v0000020c228a2eb0_0, 0, 64;
    %fork TD_DataMem_tb.write_mem, S_0000020c228a2d20;
    %join;
    %pushi/vec4 24, 0, 64;
    %store/vec4 v0000020c228d4f80_0, 0, 64;
    %fork TD_DataMem_tb.read_mem, S_0000020c22925330;
    %join;
    %pushi/vec4 2863311530, 0, 33;
    %concati/vec4 1431655765, 0, 31;
    %store/vec4 v0000020c228a3380_0, 0, 64;
    %fork TD_DataMem_tb.check, S_0000020c228c5be0;
    %join;
    %pushi/vec4 32, 0, 64;
    %store/vec4 v0000020c228df660_0, 0, 64;
    %pushi/vec4 2147483648, 0, 32;
    %concati/vec4 0, 0, 32;
    %store/vec4 v0000020c228a2eb0_0, 0, 64;
    %fork TD_DataMem_tb.write_mem, S_0000020c228a2d20;
    %join;
    %pushi/vec4 32, 0, 64;
    %store/vec4 v0000020c228d4f80_0, 0, 64;
    %fork TD_DataMem_tb.read_mem, S_0000020c22925330;
    %join;
    %pushi/vec4 2147483648, 0, 32;
    %concati/vec4 0, 0, 32;
    %store/vec4 v0000020c228a3380_0, 0, 64;
    %fork TD_DataMem_tb.check, S_0000020c228c5be0;
    %join;
    %pushi/vec4 40, 0, 64;
    %store/vec4 v0000020c228df660_0, 0, 64;
    %pushi/vec4 1, 0, 64;
    %store/vec4 v0000020c228a2eb0_0, 0, 64;
    %fork TD_DataMem_tb.write_mem, S_0000020c228a2d20;
    %join;
    %pushi/vec4 40, 0, 64;
    %store/vec4 v0000020c228d4f80_0, 0, 64;
    %fork TD_DataMem_tb.read_mem, S_0000020c22925330;
    %join;
    %pushi/vec4 1, 0, 64;
    %store/vec4 v0000020c228a3380_0, 0, 64;
    %fork TD_DataMem_tb.check, S_0000020c228c5be0;
    %join;
    %pushi/vec4 48, 0, 64;
    %store/vec4 v0000020c228df660_0, 0, 64;
    %pushi/vec4 4278255360, 0, 32;
    %concati/vec4 4278255360, 0, 32;
    %store/vec4 v0000020c228a2eb0_0, 0, 64;
    %fork TD_DataMem_tb.write_mem, S_0000020c228a2d20;
    %join;
    %pushi/vec4 48, 0, 64;
    %store/vec4 v0000020c228d4f80_0, 0, 64;
    %fork TD_DataMem_tb.read_mem, S_0000020c22925330;
    %join;
    %pushi/vec4 4278255360, 0, 32;
    %concati/vec4 4278255360, 0, 32;
    %store/vec4 v0000020c228a3380_0, 0, 64;
    %fork TD_DataMem_tb.check, S_0000020c228c5be0;
    %join;
    %pushi/vec4 56, 0, 64;
    %store/vec4 v0000020c228df660_0, 0, 64;
    %pushi/vec4 2164359682, 0, 39;
    %concati/vec4 17172232, 0, 25;
    %store/vec4 v0000020c228a2eb0_0, 0, 64;
    %fork TD_DataMem_tb.write_mem, S_0000020c228a2d20;
    %join;
    %pushi/vec4 56, 0, 64;
    %store/vec4 v0000020c228d4f80_0, 0, 64;
    %fork TD_DataMem_tb.read_mem, S_0000020c22925330;
    %join;
    %pushi/vec4 2164359682, 0, 39;
    %concati/vec4 17172232, 0, 25;
    %store/vec4 v0000020c228a3380_0, 0, 64;
    %fork TD_DataMem_tb.check, S_0000020c228c5be0;
    %join;
    %pushi/vec4 64, 0, 64;
    %store/vec4 v0000020c228df660_0, 0, 64;
    %pushi/vec4 2868903936, 0, 32;
    %concati/vec4 0, 0, 32;
    %store/vec4 v0000020c228a2eb0_0, 0, 64;
    %fork TD_DataMem_tb.write_mem, S_0000020c228a2d20;
    %join;
    %pushi/vec4 64, 0, 64;
    %store/vec4 v0000020c228d4f80_0, 0, 64;
    %fork TD_DataMem_tb.read_mem, S_0000020c22925330;
    %join;
    %pushi/vec4 2868903936, 0, 32;
    %concati/vec4 0, 0, 32;
    %store/vec4 v0000020c228a3380_0, 0, 64;
    %fork TD_DataMem_tb.check, S_0000020c228c5be0;
    %join;
    %pushi/vec4 72, 0, 64;
    %store/vec4 v0000020c228df660_0, 0, 64;
    %pushi/vec4 205, 0, 64;
    %store/vec4 v0000020c228a2eb0_0, 0, 64;
    %fork TD_DataMem_tb.write_mem, S_0000020c228a2d20;
    %join;
    %pushi/vec4 72, 0, 64;
    %store/vec4 v0000020c228d4f80_0, 0, 64;
    %fork TD_DataMem_tb.read_mem, S_0000020c22925330;
    %join;
    %pushi/vec4 205, 0, 64;
    %store/vec4 v0000020c228a3380_0, 0, 64;
    %fork TD_DataMem_tb.check, S_0000020c228c5be0;
    %join;
    %vpi_call 2 167 "$display", "\012--- C. Address Edge Cases ---" {0 0 0};
    %fork TD_DataMem_tb.do_reset, S_0000020c229251a0;
    %join;
    %pushi/vec4 0, 0, 64;
    %store/vec4 v0000020c228df660_0, 0, 64;
    %pushi/vec4 2863315899, 0, 32;
    %concati/vec4 3435978205, 0, 32;
    %store/vec4 v0000020c228a2eb0_0, 0, 64;
    %fork TD_DataMem_tb.write_mem, S_0000020c228a2d20;
    %join;
    %pushi/vec4 0, 0, 64;
    %store/vec4 v0000020c228d4f80_0, 0, 64;
    %fork TD_DataMem_tb.read_mem, S_0000020c22925330;
    %join;
    %pushi/vec4 2863315899, 0, 32;
    %concati/vec4 3435978205, 0, 32;
    %store/vec4 v0000020c228a3380_0, 0, 64;
    %fork TD_DataMem_tb.check, S_0000020c228c5be0;
    %join;
    %pushi/vec4 1, 0, 64;
    %store/vec4 v0000020c228df660_0, 0, 64;
    %pushi/vec4 2290684177, 0, 35;
    %concati/vec4 322126916, 0, 29;
    %store/vec4 v0000020c228a2eb0_0, 0, 64;
    %fork TD_DataMem_tb.write_mem, S_0000020c228a2d20;
    %join;
    %pushi/vec4 1, 0, 64;
    %store/vec4 v0000020c228d4f80_0, 0, 64;
    %fork TD_DataMem_tb.read_mem, S_0000020c22925330;
    %join;
    %pushi/vec4 2290684177, 0, 35;
    %concati/vec4 322126916, 0, 29;
    %store/vec4 v0000020c228a3380_0, 0, 64;
    %fork TD_DataMem_tb.check, S_0000020c228c5be0;
    %join;
    %pushi/vec4 3, 0, 64;
    %store/vec4 v0000020c228df660_0, 0, 64;
    %pushi/vec4 2882400001, 0, 32;
    %concati/vec4 591751049, 0, 32;
    %store/vec4 v0000020c228a2eb0_0, 0, 64;
    %fork TD_DataMem_tb.write_mem, S_0000020c228a2d20;
    %join;
    %pushi/vec4 3, 0, 64;
    %store/vec4 v0000020c228d4f80_0, 0, 64;
    %fork TD_DataMem_tb.read_mem, S_0000020c22925330;
    %join;
    %pushi/vec4 2882400001, 0, 32;
    %concati/vec4 591751049, 0, 32;
    %store/vec4 v0000020c228a3380_0, 0, 64;
    %fork TD_DataMem_tb.check, S_0000020c228c5be0;
    %join;
    %pushi/vec4 7, 0, 64;
    %store/vec4 v0000020c228df660_0, 0, 64;
    %pushi/vec4 4275878552, 0, 32;
    %concati/vec4 1985229328, 0, 32;
    %store/vec4 v0000020c228a2eb0_0, 0, 64;
    %fork TD_DataMem_tb.write_mem, S_0000020c228a2d20;
    %join;
    %pushi/vec4 7, 0, 64;
    %store/vec4 v0000020c228d4f80_0, 0, 64;
    %fork TD_DataMem_tb.read_mem, S_0000020c22925330;
    %join;
    %pushi/vec4 4275878552, 0, 32;
    %concati/vec4 1985229328, 0, 32;
    %store/vec4 v0000020c228a3380_0, 0, 64;
    %fork TD_DataMem_tb.check, S_0000020c228c5be0;
    %join;
    %pushi/vec4 1016, 0, 64;
    %store/vec4 v0000020c228df660_0, 0, 64;
    %pushi/vec4 4275878552, 0, 32;
    %concati/vec4 1985229328, 0, 32;
    %store/vec4 v0000020c228a2eb0_0, 0, 64;
    %fork TD_DataMem_tb.write_mem, S_0000020c228a2d20;
    %join;
    %pushi/vec4 1016, 0, 64;
    %store/vec4 v0000020c228d4f80_0, 0, 64;
    %fork TD_DataMem_tb.read_mem, S_0000020c22925330;
    %join;
    %pushi/vec4 4275878552, 0, 32;
    %concati/vec4 1985229328, 0, 32;
    %store/vec4 v0000020c228a3380_0, 0, 64;
    %fork TD_DataMem_tb.check, S_0000020c228c5be0;
    %join;
    %pushi/vec4 1017, 0, 64;
    %store/vec4 v0000020c228df660_0, 0, 64;
    %pushi/vec4 3134959034, 0, 32;
    %concati/vec4 3685595856, 0, 32;
    %store/vec4 v0000020c228a2eb0_0, 0, 64;
    %fork TD_DataMem_tb.write_mem, S_0000020c228a2d20;
    %join;
    %pushi/vec4 1017, 0, 64;
    %store/vec4 v0000020c228d4f80_0, 0, 64;
    %fork TD_DataMem_tb.read_mem, S_0000020c22925330;
    %join;
    %pushi/vec4 0, 0, 64;
    %store/vec4 v0000020c228a3380_0, 0, 64;
    %fork TD_DataMem_tb.check, S_0000020c228c5be0;
    %join;
    %pushi/vec4 1018, 0, 64;
    %store/vec4 v0000020c228df660_0, 0, 64;
    %pushi/vec4 3735936685, 0, 32;
    %concati/vec4 3735936685, 0, 32;
    %store/vec4 v0000020c228a2eb0_0, 0, 64;
    %fork TD_DataMem_tb.write_mem, S_0000020c228a2d20;
    %join;
    %pushi/vec4 1018, 0, 64;
    %store/vec4 v0000020c228d4f80_0, 0, 64;
    %fork TD_DataMem_tb.read_mem, S_0000020c22925330;
    %join;
    %pushi/vec4 0, 0, 64;
    %store/vec4 v0000020c228a3380_0, 0, 64;
    %fork TD_DataMem_tb.check, S_0000020c228c5be0;
    %join;
    %pushi/vec4 2000, 0, 64;
    %store/vec4 v0000020c228df660_0, 0, 64;
    %pushi/vec4 2443359168, 0, 35;
    %concati/vec4 305419896, 0, 29;
    %store/vec4 v0000020c228a2eb0_0, 0, 64;
    %fork TD_DataMem_tb.write_mem, S_0000020c228a2d20;
    %join;
    %pushi/vec4 2000, 0, 64;
    %store/vec4 v0000020c228d4f80_0, 0, 64;
    %fork TD_DataMem_tb.read_mem, S_0000020c22925330;
    %join;
    %pushi/vec4 0, 0, 64;
    %store/vec4 v0000020c228a3380_0, 0, 64;
    %fork TD_DataMem_tb.check, S_0000020c228c5be0;
    %join;
    %pushi/vec4 500, 0, 64;
    %store/vec4 v0000020c228d4f80_0, 0, 64;
    %fork TD_DataMem_tb.read_mem, S_0000020c22925330;
    %join;
    %pushi/vec4 0, 0, 64;
    %store/vec4 v0000020c228a3380_0, 0, 64;
    %fork TD_DataMem_tb.check, S_0000020c228c5be0;
    %join;
    %pushi/vec4 800, 0, 64;
    %store/vec4 v0000020c228d4f80_0, 0, 64;
    %fork TD_DataMem_tb.read_mem, S_0000020c22925330;
    %join;
    %pushi/vec4 0, 0, 64;
    %store/vec4 v0000020c228a3380_0, 0, 64;
    %fork TD_DataMem_tb.check, S_0000020c228c5be0;
    %join;
    %vpi_call 2 221 "$display", "\012--- D. Byte Ordering & Overlap ---" {0 0 0};
    %fork TD_DataMem_tb.do_reset, S_0000020c229251a0;
    %join;
    %pushi/vec4 0, 0, 64;
    %store/vec4 v0000020c228df660_0, 0, 64;
    %pushi/vec4 2164359682, 0, 39;
    %concati/vec4 17172232, 0, 25;
    %store/vec4 v0000020c228a2eb0_0, 0, 64;
    %fork TD_DataMem_tb.write_mem, S_0000020c228a2d20;
    %join;
    %pushi/vec4 0, 0, 64;
    %store/vec4 v0000020c228d4f80_0, 0, 64;
    %fork TD_DataMem_tb.read_mem, S_0000020c22925330;
    %join;
    %pushi/vec4 2164359682, 0, 39;
    %concati/vec4 17172232, 0, 25;
    %store/vec4 v0000020c228a3380_0, 0, 64;
    %fork TD_DataMem_tb.check, S_0000020c228c5be0;
    %join;
    %pushi/vec4 1, 0, 64;
    %store/vec4 v0000020c228d4f80_0, 0, 64;
    %fork TD_DataMem_tb.read_mem, S_0000020c22925330;
    %join;
    %pushi/vec4 2160132417, 0, 38;
    %concati/vec4 34015232, 0, 26;
    %store/vec4 v0000020c228a3380_0, 0, 64;
    %fork TD_DataMem_tb.check, S_0000020c228c5be0;
    %join;
    %pushi/vec4 4, 0, 64;
    %store/vec4 v0000020c228d4f80_0, 0, 64;
    %fork TD_DataMem_tb.read_mem, S_0000020c22925330;
    %join;
    %pushi/vec4 2696995072, 0, 37;
    %concati/vec4 0, 0, 27;
    %store/vec4 v0000020c228a3380_0, 0, 64;
    %fork TD_DataMem_tb.check, S_0000020c228c5be0;
    %join;
    %pushi/vec4 8, 0, 64;
    %store/vec4 v0000020c228df660_0, 0, 64;
    %pushi/vec4 4293844428, 0, 32;
    %concati/vec4 3148519816, 0, 32;
    %store/vec4 v0000020c228a2eb0_0, 0, 64;
    %fork TD_DataMem_tb.write_mem, S_0000020c228a2d20;
    %join;
    %pushi/vec4 4, 0, 64;
    %store/vec4 v0000020c228d4f80_0, 0, 64;
    %fork TD_DataMem_tb.read_mem, S_0000020c22925330;
    %join;
    %pushi/vec4 2696995103, 0, 37;
    %concati/vec4 133094860, 0, 27;
    %store/vec4 v0000020c228a3380_0, 0, 64;
    %fork TD_DataMem_tb.check, S_0000020c228c5be0;
    %join;
    %fork TD_DataMem_tb.do_reset, S_0000020c229251a0;
    %join;
    %pushi/vec4 100, 0, 64;
    %store/vec4 v0000020c228df660_0, 0, 64;
    %pushi/vec4 2882400000, 0, 32;
    %concati/vec4 287454020, 0, 32;
    %store/vec4 v0000020c228a2eb0_0, 0, 64;
    %fork TD_DataMem_tb.write_mem, S_0000020c228a2d20;
    %join;
    %pushi/vec4 100, 0, 64;
    %store/vec4 v0000020c228d4f80_0, 0, 64;
    %fork TD_DataMem_tb.read_mem, S_0000020c22925330;
    %join;
    %pushi/vec4 2882400000, 0, 32;
    %concati/vec4 287454020, 0, 32;
    %store/vec4 v0000020c228a3380_0, 0, 64;
    %fork TD_DataMem_tb.check, S_0000020c228c5be0;
    %join;
    %pushi/vec4 101, 0, 64;
    %store/vec4 v0000020c228d4f80_0, 0, 64;
    %fork TD_DataMem_tb.read_mem, S_0000020c22925330;
    %join;
    %pushi/vec4 3454992401, 0, 32;
    %concati/vec4 573785088, 0, 32;
    %store/vec4 v0000020c228a3380_0, 0, 64;
    %fork TD_DataMem_tb.check, S_0000020c228c5be0;
    %join;
    %vpi_call 2 261 "$display", "\012--- E. Control Signal Edge Cases ---" {0 0 0};
    %fork TD_DataMem_tb.do_reset, S_0000020c229251a0;
    %join;
    %wait E_0000020c2290ea80;
    %pushi/vec4 64, 0, 64;
    %store/vec4 v0000020c2297b820_0, 0, 64;
    %pushi/vec4 3203383023, 0, 32;
    %concati/vec4 3203383023, 0, 32;
    %store/vec4 v0000020c2297ba00_0, 0, 64;
    %pushi/vec4 1, 0, 1;
    %store/vec4 v0000020c2297bb40_0, 0, 1;
    %pushi/vec4 1, 0, 1;
    %store/vec4 v0000020c2297b500_0, 0, 1;
    %wait E_0000020c2290e7c0;
    %delay 1000, 0;
    %pushi/vec4 0, 0, 1;
    %store/vec4 v0000020c2297bb40_0, 0, 1;
    %pushi/vec4 0, 0, 1;
    %store/vec4 v0000020c2297b500_0, 0, 1;
    %pushi/vec4 64, 0, 64;
    %store/vec4 v0000020c228d4f80_0, 0, 64;
    %fork TD_DataMem_tb.read_mem, S_0000020c22925330;
    %join;
    %pushi/vec4 3203383023, 0, 32;
    %concati/vec4 3203383023, 0, 32;
    %store/vec4 v0000020c228a3380_0, 0, 64;
    %fork TD_DataMem_tb.check, S_0000020c228c5be0;
    %join;
    %pushi/vec4 80, 0, 64;
    %store/vec4 v0000020c228df660_0, 0, 64;
    %pushi/vec4 3735936685, 0, 32;
    %concati/vec4 3735936685, 0, 32;
    %store/vec4 v0000020c228a2eb0_0, 0, 64;
    %fork TD_DataMem_tb.write_mem, S_0000020c228a2d20;
    %join;
    %pushi/vec4 80, 0, 64;
    %store/vec4 v0000020c228d4f80_0, 0, 64;
    %fork TD_DataMem_tb.read_mem, S_0000020c22925330;
    %join;
    %pushi/vec4 3735936685, 0, 32;
    %concati/vec4 3735936685, 0, 32;
    %store/vec4 v0000020c228a3380_0, 0, 64;
    %fork TD_DataMem_tb.check, S_0000020c228c5be0;
    %join;
    %wait E_0000020c2290ea80;
    %pushi/vec4 0, 0, 1;
    %store/vec4 v0000020c2297bb40_0, 0, 1;
    %pushi/vec4 0, 0, 1;
    %store/vec4 v0000020c2297b500_0, 0, 1;
    %wait E_0000020c2290e7c0;
    %delay 1000, 0;
    %load/vec4 v0000020c2297b5a0_0;
    %addi 1, 0, 32;
    %store/vec4 v0000020c2297b5a0_0, 0, 32;
    %load/vec4 v0000020c2297b320_0;
    %cmpi/e 0, 0, 64;
    %jmp/0xz  T_8.0, 6;
    %vpi_call 2 290 "$display", "PASS | Test %0d | idle cycle: read_data=0", v0000020c2297b5a0_0 {0 0 0};
    %load/vec4 v0000020c2297baa0_0;
    %addi 1, 0, 32;
    %store/vec4 v0000020c2297baa0_0, 0, 32;
    %jmp T_8.1;
T_8.0 ;
    %vpi_call 2 293 "$display", "FAIL | Test %0d | idle cycle: expected=0 got=%h", v0000020c2297b5a0_0, v0000020c2297b320_0 {0 0 0};
    %load/vec4 v0000020c2297b8c0_0;
    %addi 1, 0, 32;
    %store/vec4 v0000020c2297b8c0_0, 0, 32;
T_8.1 ;
    %pushi/vec4 88, 0, 64;
    %store/vec4 v0000020c228df660_0, 0, 64;
    %pushi/vec4 2863311530, 0, 32;
    %concati/vec4 2863311530, 0, 32;
    %store/vec4 v0000020c228a2eb0_0, 0, 64;
    %fork TD_DataMem_tb.write_mem, S_0000020c228a2d20;
    %join;
    %pushi/vec4 88, 0, 64;
    %store/vec4 v0000020c228df660_0, 0, 64;
    %pushi/vec4 3149642683, 0, 32;
    %concati/vec4 3149642683, 0, 32;
    %store/vec4 v0000020c228a2eb0_0, 0, 64;
    %fork TD_DataMem_tb.write_mem, S_0000020c228a2d20;
    %join;
    %pushi/vec4 88, 0, 64;
    %store/vec4 v0000020c228df660_0, 0, 64;
    %pushi/vec4 3435973836, 0, 32;
    %concati/vec4 3435973836, 0, 32;
    %store/vec4 v0000020c228a2eb0_0, 0, 64;
    %fork TD_DataMem_tb.write_mem, S_0000020c228a2d20;
    %join;
    %pushi/vec4 88, 0, 64;
    %store/vec4 v0000020c228d4f80_0, 0, 64;
    %fork TD_DataMem_tb.read_mem, S_0000020c22925330;
    %join;
    %pushi/vec4 3435973836, 0, 32;
    %concati/vec4 3435973836, 0, 32;
    %store/vec4 v0000020c228a3380_0, 0, 64;
    %fork TD_DataMem_tb.check, S_0000020c228c5be0;
    %join;
    %wait E_0000020c2290ea80;
    %pushi/vec4 96, 0, 64;
    %store/vec4 v0000020c2297b820_0, 0, 64;
    %pushi/vec4 2299632162, 0, 35;
    %concati/vec4 359036808, 0, 29;
    %store/vec4 v0000020c2297ba00_0, 0, 64;
    %pushi/vec4 1, 0, 1;
    %store/vec4 v0000020c2297b500_0, 0, 1;
    %pushi/vec4 0, 0, 1;
    %store/vec4 v0000020c2297bb40_0, 0, 1;
    %wait E_0000020c2290e7c0;
    %delay 1000, 0;
    %pushi/vec4 0, 0, 1;
    %store/vec4 v0000020c2297b500_0, 0, 1;
    %pushi/vec4 96, 0, 64;
    %store/vec4 v0000020c228d4f80_0, 0, 64;
    %fork TD_DataMem_tb.read_mem, S_0000020c22925330;
    %join;
    %pushi/vec4 2299632162, 0, 35;
    %concati/vec4 359036808, 0, 29;
    %store/vec4 v0000020c228a3380_0, 0, 64;
    %fork TD_DataMem_tb.check, S_0000020c228c5be0;
    %join;
    %vpi_call 2 319 "$display", "\012--- F. Reset Behaviour ---" {0 0 0};
    %pushi/vec4 0, 0, 64;
    %store/vec4 v0000020c228df660_0, 0, 64;
    %pushi/vec4 2290649224, 0, 35;
    %concati/vec4 286331153, 0, 29;
    %store/vec4 v0000020c228a2eb0_0, 0, 64;
    %fork TD_DataMem_tb.write_mem, S_0000020c228a2d20;
    %join;
    %pushi/vec4 100, 0, 64;
    %store/vec4 v0000020c228df660_0, 0, 64;
    %pushi/vec4 2290649224, 0, 34;
    %concati/vec4 572662306, 0, 30;
    %store/vec4 v0000020c228a2eb0_0, 0, 64;
    %fork TD_DataMem_tb.write_mem, S_0000020c228a2d20;
    %join;
    %pushi/vec4 500, 0, 64;
    %store/vec4 v0000020c228df660_0, 0, 64;
    %pushi/vec4 3435973836, 0, 34;
    %concati/vec4 858993459, 0, 30;
    %store/vec4 v0000020c228a2eb0_0, 0, 64;
    %fork TD_DataMem_tb.write_mem, S_0000020c228a2d20;
    %join;
    %pushi/vec4 1016, 0, 64;
    %store/vec4 v0000020c228df660_0, 0, 64;
    %pushi/vec4 2290649224, 0, 33;
    %concati/vec4 1145324612, 0, 31;
    %store/vec4 v0000020c228a2eb0_0, 0, 64;
    %fork TD_DataMem_tb.write_mem, S_0000020c228a2d20;
    %join;
    %fork TD_DataMem_tb.do_reset, S_0000020c229251a0;
    %join;
    %pushi/vec4 0, 0, 64;
    %store/vec4 v0000020c228d4f80_0, 0, 64;
    %fork TD_DataMem_tb.read_mem, S_0000020c22925330;
    %join;
    %pushi/vec4 0, 0, 64;
    %store/vec4 v0000020c228a3380_0, 0, 64;
    %fork TD_DataMem_tb.check, S_0000020c228c5be0;
    %join;
    %pushi/vec4 100, 0, 64;
    %store/vec4 v0000020c228d4f80_0, 0, 64;
    %fork TD_DataMem_tb.read_mem, S_0000020c22925330;
    %join;
    %pushi/vec4 0, 0, 64;
    %store/vec4 v0000020c228a3380_0, 0, 64;
    %fork TD_DataMem_tb.check, S_0000020c228c5be0;
    %join;
    %pushi/vec4 500, 0, 64;
    %store/vec4 v0000020c228d4f80_0, 0, 64;
    %fork TD_DataMem_tb.read_mem, S_0000020c22925330;
    %join;
    %pushi/vec4 0, 0, 64;
    %store/vec4 v0000020c228a3380_0, 0, 64;
    %fork TD_DataMem_tb.check, S_0000020c228c5be0;
    %join;
    %pushi/vec4 1016, 0, 64;
    %store/vec4 v0000020c228d4f80_0, 0, 64;
    %fork TD_DataMem_tb.read_mem, S_0000020c22925330;
    %join;
    %pushi/vec4 0, 0, 64;
    %store/vec4 v0000020c228a3380_0, 0, 64;
    %fork TD_DataMem_tb.check, S_0000020c228c5be0;
    %join;
    %pushi/vec4 0, 0, 64;
    %store/vec4 v0000020c228df660_0, 0, 64;
    %pushi/vec4 3405695742, 0, 32;
    %concati/vec4 3405695742, 0, 32;
    %store/vec4 v0000020c228a2eb0_0, 0, 64;
    %fork TD_DataMem_tb.write_mem, S_0000020c228a2d20;
    %join;
    %pushi/vec4 0, 0, 64;
    %store/vec4 v0000020c228d4f80_0, 0, 64;
    %fork TD_DataMem_tb.read_mem, S_0000020c22925330;
    %join;
    %pushi/vec4 3405695742, 0, 32;
    %concati/vec4 3405695742, 0, 32;
    %store/vec4 v0000020c228a3380_0, 0, 64;
    %fork TD_DataMem_tb.check, S_0000020c228c5be0;
    %join;
    %vpi_call 2 347 "$display", "\012--- G. Memory Independence ---" {0 0 0};
    %fork TD_DataMem_tb.do_reset, S_0000020c229251a0;
    %join;
    %pushi/vec4 0, 0, 64;
    %store/vec4 v0000020c228df660_0, 0, 64;
    %pushi/vec4 2290649224, 0, 35;
    %concati/vec4 286331153, 0, 29;
    %store/vec4 v0000020c228a2eb0_0, 0, 64;
    %fork TD_DataMem_tb.write_mem, S_0000020c228a2d20;
    %join;
    %pushi/vec4 8, 0, 64;
    %store/vec4 v0000020c228df660_0, 0, 64;
    %pushi/vec4 2290649224, 0, 34;
    %concati/vec4 572662306, 0, 30;
    %store/vec4 v0000020c228a2eb0_0, 0, 64;
    %fork TD_DataMem_tb.write_mem, S_0000020c228a2d20;
    %join;
    %pushi/vec4 16, 0, 64;
    %store/vec4 v0000020c228df660_0, 0, 64;
    %pushi/vec4 3435973836, 0, 34;
    %concati/vec4 858993459, 0, 30;
    %store/vec4 v0000020c228a2eb0_0, 0, 64;
    %fork TD_DataMem_tb.write_mem, S_0000020c228a2d20;
    %join;
    %pushi/vec4 24, 0, 64;
    %store/vec4 v0000020c228df660_0, 0, 64;
    %pushi/vec4 2290649224, 0, 33;
    %concati/vec4 1145324612, 0, 31;
    %store/vec4 v0000020c228a2eb0_0, 0, 64;
    %fork TD_DataMem_tb.write_mem, S_0000020c228a2d20;
    %join;
    %pushi/vec4 100, 0, 64;
    %store/vec4 v0000020c228df660_0, 0, 64;
    %pushi/vec4 2863311530, 0, 33;
    %concati/vec4 1431655765, 0, 31;
    %store/vec4 v0000020c228a2eb0_0, 0, 64;
    %fork TD_DataMem_tb.write_mem, S_0000020c228a2d20;
    %join;
    %pushi/vec4 200, 0, 64;
    %store/vec4 v0000020c228df660_0, 0, 64;
    %pushi/vec4 3435973836, 0, 33;
    %concati/vec4 1717986918, 0, 31;
    %store/vec4 v0000020c228a2eb0_0, 0, 64;
    %fork TD_DataMem_tb.write_mem, S_0000020c228a2d20;
    %join;
    %pushi/vec4 1000, 0, 64;
    %store/vec4 v0000020c228df660_0, 0, 64;
    %pushi/vec4 4008636142, 0, 33;
    %concati/vec4 2004318071, 0, 31;
    %store/vec4 v0000020c228a2eb0_0, 0, 64;
    %fork TD_DataMem_tb.write_mem, S_0000020c228a2d20;
    %join;
    %pushi/vec4 1016, 0, 64;
    %store/vec4 v0000020c228df660_0, 0, 64;
    %pushi/vec4 2290649224, 0, 32;
    %concati/vec4 2290649224, 0, 32;
    %store/vec4 v0000020c228a2eb0_0, 0, 64;
    %fork TD_DataMem_tb.write_mem, S_0000020c228a2d20;
    %join;
    %pushi/vec4 0, 0, 64;
    %store/vec4 v0000020c228d4f80_0, 0, 64;
    %fork TD_DataMem_tb.read_mem, S_0000020c22925330;
    %join;
    %pushi/vec4 2290649224, 0, 35;
    %concati/vec4 286331153, 0, 29;
    %store/vec4 v0000020c228a3380_0, 0, 64;
    %fork TD_DataMem_tb.check, S_0000020c228c5be0;
    %join;
    %pushi/vec4 8, 0, 64;
    %store/vec4 v0000020c228d4f80_0, 0, 64;
    %fork TD_DataMem_tb.read_mem, S_0000020c22925330;
    %join;
    %pushi/vec4 2290649224, 0, 34;
    %concati/vec4 572662306, 0, 30;
    %store/vec4 v0000020c228a3380_0, 0, 64;
    %fork TD_DataMem_tb.check, S_0000020c228c5be0;
    %join;
    %pushi/vec4 16, 0, 64;
    %store/vec4 v0000020c228d4f80_0, 0, 64;
    %fork TD_DataMem_tb.read_mem, S_0000020c22925330;
    %join;
    %pushi/vec4 3435973836, 0, 34;
    %concati/vec4 858993459, 0, 30;
    %store/vec4 v0000020c228a3380_0, 0, 64;
    %fork TD_DataMem_tb.check, S_0000020c228c5be0;
    %join;
    %pushi/vec4 24, 0, 64;
    %store/vec4 v0000020c228d4f80_0, 0, 64;
    %fork TD_DataMem_tb.read_mem, S_0000020c22925330;
    %join;
    %pushi/vec4 2290649224, 0, 33;
    %concati/vec4 1145324612, 0, 31;
    %store/vec4 v0000020c228a3380_0, 0, 64;
    %fork TD_DataMem_tb.check, S_0000020c228c5be0;
    %join;
    %pushi/vec4 100, 0, 64;
    %store/vec4 v0000020c228d4f80_0, 0, 64;
    %fork TD_DataMem_tb.read_mem, S_0000020c22925330;
    %join;
    %pushi/vec4 2863311530, 0, 33;
    %concati/vec4 1431655765, 0, 31;
    %store/vec4 v0000020c228a3380_0, 0, 64;
    %fork TD_DataMem_tb.check, S_0000020c228c5be0;
    %join;
    %pushi/vec4 200, 0, 64;
    %store/vec4 v0000020c228d4f80_0, 0, 64;
    %fork TD_DataMem_tb.read_mem, S_0000020c22925330;
    %join;
    %pushi/vec4 3435973836, 0, 33;
    %concati/vec4 1717986918, 0, 31;
    %store/vec4 v0000020c228a3380_0, 0, 64;
    %fork TD_DataMem_tb.check, S_0000020c228c5be0;
    %join;
    %pushi/vec4 1000, 0, 64;
    %store/vec4 v0000020c228d4f80_0, 0, 64;
    %fork TD_DataMem_tb.read_mem, S_0000020c22925330;
    %join;
    %pushi/vec4 4008636142, 0, 33;
    %concati/vec4 2004318071, 0, 31;
    %store/vec4 v0000020c228a3380_0, 0, 64;
    %fork TD_DataMem_tb.check, S_0000020c228c5be0;
    %join;
    %pushi/vec4 1016, 0, 64;
    %store/vec4 v0000020c228d4f80_0, 0, 64;
    %fork TD_DataMem_tb.read_mem, S_0000020c22925330;
    %join;
    %pushi/vec4 2290649224, 0, 32;
    %concati/vec4 2290649224, 0, 32;
    %store/vec4 v0000020c228a3380_0, 0, 64;
    %fork TD_DataMem_tb.check, S_0000020c228c5be0;
    %join;
    %pushi/vec4 16, 0, 64;
    %store/vec4 v0000020c228df660_0, 0, 64;
    %pushi/vec4 3735929054, 0, 32;
    %concati/vec4 3735929054, 0, 32;
    %store/vec4 v0000020c228a2eb0_0, 0, 64;
    %fork TD_DataMem_tb.write_mem, S_0000020c228a2d20;
    %join;
    %pushi/vec4 0, 0, 64;
    %store/vec4 v0000020c228d4f80_0, 0, 64;
    %fork TD_DataMem_tb.read_mem, S_0000020c22925330;
    %join;
    %pushi/vec4 2290649224, 0, 35;
    %concati/vec4 286331153, 0, 29;
    %store/vec4 v0000020c228a3380_0, 0, 64;
    %fork TD_DataMem_tb.check, S_0000020c228c5be0;
    %join;
    %pushi/vec4 8, 0, 64;
    %store/vec4 v0000020c228d4f80_0, 0, 64;
    %fork TD_DataMem_tb.read_mem, S_0000020c22925330;
    %join;
    %pushi/vec4 2290649224, 0, 34;
    %concati/vec4 572662306, 0, 30;
    %store/vec4 v0000020c228a3380_0, 0, 64;
    %fork TD_DataMem_tb.check, S_0000020c228c5be0;
    %join;
    %pushi/vec4 16, 0, 64;
    %store/vec4 v0000020c228d4f80_0, 0, 64;
    %fork TD_DataMem_tb.read_mem, S_0000020c22925330;
    %join;
    %pushi/vec4 3735929054, 0, 32;
    %concati/vec4 3735929054, 0, 32;
    %store/vec4 v0000020c228a3380_0, 0, 64;
    %fork TD_DataMem_tb.check, S_0000020c228c5be0;
    %join;
    %pushi/vec4 24, 0, 64;
    %store/vec4 v0000020c228d4f80_0, 0, 64;
    %fork TD_DataMem_tb.read_mem, S_0000020c22925330;
    %join;
    %pushi/vec4 2290649224, 0, 33;
    %concati/vec4 1145324612, 0, 31;
    %store/vec4 v0000020c228a3380_0, 0, 64;
    %fork TD_DataMem_tb.check, S_0000020c228c5be0;
    %join;
    %vpi_call 2 380 "$display", "\012--- H. Dump Memory ---" {0 0 0};
    %fork TD_DataMem_tb.uut.dump_memory, S_0000020c228c5250;
    %join;
    %vpi_call 2 382 "$display", "Memory contents written to data_mem.txt" {0 0 0};
    %vpi_call 2 387 "$display", "\012=================================" {0 0 0};
    %vpi_call 2 388 "$display", "  PASSED: %0d", v0000020c2297baa0_0 {0 0 0};
    %vpi_call 2 389 "$display", "  FAILED: %0d", v0000020c2297b8c0_0 {0 0 0};
    %load/vec4 v0000020c2297baa0_0;
    %load/vec4 v0000020c2297b8c0_0;
    %add;
    %vpi_call 2 390 "$display", "  TOTAL : %0d", S<0,vec4,s32> {1 0 0};
    %vpi_call 2 391 "$display", "=================================\012" {0 0 0};
    %vpi_call 2 393 "$finish" {0 0 0};
    %end;
    .thread T_8;
# The file index is used to find the file name in the following table.
:file_names 4;
    "N/A";
    "<interactive>";
    "DataMem_tb.v";
    "./DataMem.v";
