#! /c/Source/iverilog-install/bin/vvp
:ivl_version "12.0 (devel)" "(s20150603-1539-g2693dd32b)";
:ivl_delay_selection "TYPICAL";
:vpi_time_precision - 12;
:vpi_module "C:\iverilog\lib\ivl\system.vpi";
:vpi_module "C:\iverilog\lib\ivl\vhdl_sys.vpi";
:vpi_module "C:\iverilog\lib\ivl\vhdl_textio.vpi";
:vpi_module "C:\iverilog\lib\ivl\v2005_math.vpi";
:vpi_module "C:\iverilog\lib\ivl\va_math.vpi";
S_000001e372cb5020 .scope module, "Immediate_gen_tb" "Immediate_gen_tb" 2 4;
 .timescale -9 -12;
v000001e372cb5770_0 .net "immediate_val", 63 0, v000001e372c93060_0;  1 drivers
v000001e372cc45e0_0 .var "instr", 31 0;
S_000001e372cb5540 .scope module, "uut" "immediate_gen" 2 7, 3 1 0, S_000001e372cb5020;
 .timescale -9 -12;
    .port_info 0 /INPUT 32 "instr";
    .port_info 1 /OUTPUT 64 "immediate_val";
P_000001e372cb51b0 .param/l "B_TYPE" 1 3 7, C4<1100011>;
P_000001e372cb51e8 .param/l "I_TYPE_ALU" 1 3 4, C4<0010011>;
P_000001e372cb5220 .param/l "I_TYPE_LD" 1 3 5, C4<0000011>;
P_000001e372cb5258 .param/l "S_TYPE" 1 3 6, C4<0100011>;
v000001e372c93060_0 .var "immediate_val", 63 0;
v000001e372cb56d0_0 .net "instr", 31 0, v000001e372cc45e0_0;  1 drivers
E_000001e372c092f0 .event anyedge, v000001e372cb56d0_0;
    .scope S_000001e372cb5540;
T_0 ;
    %wait E_000001e372c092f0;
    %load/vec4 v000001e372cb56d0_0;
    %parti/s 7, 0, 2;
    %dup/vec4;
    %pushi/vec4 19, 0, 7;
    %cmp/u;
    %jmp/1 T_0.0, 6;
    %dup/vec4;
    %pushi/vec4 3, 0, 7;
    %cmp/u;
    %jmp/1 T_0.1, 6;
    %dup/vec4;
    %pushi/vec4 35, 0, 7;
    %cmp/u;
    %jmp/1 T_0.2, 6;
    %dup/vec4;
    %pushi/vec4 99, 0, 7;
    %cmp/u;
    %jmp/1 T_0.3, 6;
    %pushi/vec4 0, 0, 64;
    %store/vec4 v000001e372c93060_0, 0, 64;
    %jmp T_0.5;
T_0.0 ;
    %load/vec4 v000001e372cb56d0_0;
    %parti/s 1, 31, 6;
    %replicate 52;
    %load/vec4 v000001e372cb56d0_0;
    %parti/s 12, 20, 6;
    %concat/vec4; draw_concat_vec4
    %store/vec4 v000001e372c93060_0, 0, 64;
    %jmp T_0.5;
T_0.1 ;
    %load/vec4 v000001e372cb56d0_0;
    %parti/s 1, 31, 6;
    %replicate 52;
    %load/vec4 v000001e372cb56d0_0;
    %parti/s 12, 20, 6;
    %concat/vec4; draw_concat_vec4
    %store/vec4 v000001e372c93060_0, 0, 64;
    %jmp T_0.5;
T_0.2 ;
    %load/vec4 v000001e372cb56d0_0;
    %parti/s 1, 31, 6;
    %replicate 52;
    %load/vec4 v000001e372cb56d0_0;
    %parti/s 7, 25, 6;
    %concat/vec4; draw_concat_vec4
    %load/vec4 v000001e372cb56d0_0;
    %parti/s 5, 7, 4;
    %concat/vec4; draw_concat_vec4
    %store/vec4 v000001e372c93060_0, 0, 64;
    %jmp T_0.5;
T_0.3 ;
    %load/vec4 v000001e372cb56d0_0;
    %parti/s 1, 31, 6;
    %replicate 52;
    %load/vec4 v000001e372cb56d0_0;
    %parti/s 1, 31, 6;
    %concat/vec4; draw_concat_vec4
    %load/vec4 v000001e372cb56d0_0;
    %parti/s 1, 7, 4;
    %concat/vec4; draw_concat_vec4
    %load/vec4 v000001e372cb56d0_0;
    %parti/s 6, 25, 6;
    %concat/vec4; draw_concat_vec4
    %load/vec4 v000001e372cb56d0_0;
    %parti/s 4, 8, 5;
    %concat/vec4; draw_concat_vec4
    %store/vec4 v000001e372c93060_0, 0, 64;
    %jmp T_0.5;
T_0.5 ;
    %pop/vec4 1;
    %jmp T_0;
    .thread T_0, $push;
    .scope S_000001e372cb5020;
T_1 ;
    %vpi_call 2 11 "$dumpfile", "Immediate_gen_tb.vcd" {0 0 0};
    %vpi_call 2 12 "$dumpvars", 32'sb00000000000000000000000000000000, S_000001e372cb5020 {0 0 0};
    %pushi/vec4 2146435219, 0, 32;
    %store/vec4 v000001e372cc45e0_0, 0, 32;
    %delay 1000, 0;
    %load/vec4 v000001e372cb5770_0;
    %vpi_call 2 15 "$display", "I-type max  (+2047) = %0d", S<0,vec4,s64> {1 0 0};
    %pushi/vec4 2147483795, 0, 32;
    %store/vec4 v000001e372cc45e0_0, 0, 32;
    %delay 1000, 0;
    %load/vec4 v000001e372cb5770_0;
    %vpi_call 2 17 "$display", "I-type min  (-2048) = %0d", S<0,vec4,s64> {1 0 0};
    %pushi/vec4 2115157923, 0, 32;
    %store/vec4 v000001e372cc45e0_0, 0, 32;
    %delay 1000, 0;
    %load/vec4 v000001e372cb5770_0;
    %vpi_call 2 20 "$display", "S-type max  (+2047) = %0d", S<0,vec4,s64> {1 0 0};
    %pushi/vec4 2148708387, 0, 32;
    %store/vec4 v000001e372cc45e0_0, 0, 32;
    %delay 1000, 0;
    %load/vec4 v000001e372cb5770_0;
    %vpi_call 2 22 "$display", "S-type min  (-2048) = %0d", S<0,vec4,s64> {1 0 0};
    %pushi/vec4 355, 0, 32;
    %store/vec4 v000001e372cc45e0_0, 0, 32;
    %delay 1000, 0;
    %load/vec4 v000001e372cb5770_0;
    %vpi_call 2 25 "$display", "B-type min  (+1)    = %0d", S<0,vec4,s64> {1 0 0};
    %pushi/vec4 4261416931, 0, 32;
    %store/vec4 v000001e372cc45e0_0, 0, 32;
    %delay 1000, 0;
    %load/vec4 v000001e372cb5770_0;
    %vpi_call 2 27 "$display", "B-type min  (-1)    = %0d", S<0,vec4,s64> {1 0 0};
    %pushi/vec4 2113937379, 0, 32;
    %store/vec4 v000001e372cc45e0_0, 0, 32;
    %delay 1000, 0;
    %load/vec4 v000001e372cb5770_0;
    %vpi_call 2 29 "$display", "B-type max  (+2047) = %0d", S<0,vec4,s64> {1 0 0};
    %pushi/vec4 2147483747, 0, 32;
    %store/vec4 v000001e372cc45e0_0, 0, 32;
    %delay 1000, 0;
    %load/vec4 v000001e372cb5770_0;
    %vpi_call 2 31 "$display", "B-type min  (-2048) = %0d", S<0,vec4,s64> {1 0 0};
    %pushi/vec4 3211443, 0, 32;
    %store/vec4 v000001e372cc45e0_0, 0, 32;
    %delay 1000, 0;
    %load/vec4 v000001e372cb5770_0;
    %vpi_call 2 34 "$display", "R-type imm          = %0d", S<0,vec4,s64> {1 0 0};
    %vpi_call 2 35 "$finish" {0 0 0};
    %end;
    .thread T_1;
# The file index is used to find the file name in the following table.
:file_names 4;
    "N/A";
    "<interactive>";
    "Immediate_gen_tb.v";
    "./Immediate_gen.v";
