#! /c/Source/iverilog-install/bin/vvp
:ivl_version "12.0 (devel)" "(s20150603-1539-g2693dd32b)";
:ivl_delay_selection "TYPICAL";
:vpi_time_precision - 12;
:vpi_module "C:\iverilog\lib\ivl\system.vpi";
:vpi_module "C:\iverilog\lib\ivl\vhdl_sys.vpi";
:vpi_module "C:\iverilog\lib\ivl\vhdl_textio.vpi";
:vpi_module "C:\iverilog\lib\ivl\v2005_math.vpi";
:vpi_module "C:\iverilog\lib\ivl\va_math.vpi";
S_000002767309bb00 .scope module, "instruction_mem_tb" "instruction_mem_tb" 2 4;
 .timescale -9 -12;
v00000276730e0ef0_0 .var "addr", 63 0;
v00000276731436b0_0 .var "clk", 0 0;
v0000027673142fd0_0 .net "instr", 31 0, L_0000027673142030;  1 drivers
v0000027673141b30_0 .var "reset", 0 0;
E_00000276730d98e0 .event posedge, v00000276730e1c10_0;
S_00000276730da270 .scope module, "uut" "instruction_mem" 2 8, 3 4 0, S_000002767309bb00;
 .timescale -9 -12;
    .port_info 0 /INPUT 1 "clk";
    .port_info 1 /INPUT 1 "reset";
    .port_info 2 /INPUT 64 "addr";
    .port_info 3 /OUTPUT 32 "instr";
L_0000027673143918 .functor BUFT 1, C4<0000000000000000000000000000000000000000000000000000000000000011>, C4<0>, C4<0>, C4<0>;
v00000276730e15d0_0 .net/2u *"_ivl_0", 63 0, L_0000027673143918;  1 drivers
v00000276730e1670_0 .net *"_ivl_10", 7 0, L_0000027673142d50;  1 drivers
L_00000276731439a8 .functor BUFT 1, C4<0000000000000000000000000000000000000000000000000000000000000001>, C4<0>, C4<0>, C4<0>;
v00000276730e0f90_0 .net/2u *"_ivl_12", 63 0, L_00000276731439a8;  1 drivers
v00000276730e17b0_0 .net *"_ivl_14", 63 0, L_00000276731432f0;  1 drivers
v00000276730e1350_0 .net *"_ivl_16", 7 0, L_0000027673142490;  1 drivers
L_00000276731439f0 .functor BUFT 1, C4<0000000000000000000000000000000000000000000000000000000000000010>, C4<0>, C4<0>, C4<0>;
v00000276730e13f0_0 .net/2u *"_ivl_18", 63 0, L_00000276731439f0;  1 drivers
v00000276730e18f0_0 .net *"_ivl_2", 63 0, L_00000276731428f0;  1 drivers
v00000276730e1490_0 .net *"_ivl_20", 63 0, L_0000027673141e50;  1 drivers
v00000276730e1850_0 .net *"_ivl_22", 7 0, L_0000027673143110;  1 drivers
L_0000027673143a38 .functor BUFT 1, C4<0000000000000000000000000000000000000000000000000000000000000011>, C4<0>, C4<0>, C4<0>;
v00000276730e10d0_0 .net/2u *"_ivl_24", 63 0, L_0000027673143a38;  1 drivers
v00000276730e1a30_0 .net *"_ivl_26", 63 0, L_00000276731425d0;  1 drivers
v00000276730e0db0_0 .net *"_ivl_28", 31 0, L_00000276731431b0;  1 drivers
L_0000027673143a80 .functor BUFT 1, C4<00000000000000000000000000000000>, C4<0>, C4<0>, C4<0>;
v00000276730e1990_0 .net/2u *"_ivl_30", 31 0, L_0000027673143a80;  1 drivers
L_0000027673143960 .functor BUFT 1, C4<0000000000000000000000000000000000000000000000000001000000000000>, C4<0>, C4<0>, C4<0>;
v00000276730e1710_0 .net/2u *"_ivl_4", 63 0, L_0000027673143960;  1 drivers
v00000276730e1530_0 .net *"_ivl_6", 0 0, L_0000027673143750;  1 drivers
v00000276730e1ad0_0 .net *"_ivl_8", 7 0, L_0000027673141a90;  1 drivers
v00000276730e1b70_0 .net "addr", 63 0, v00000276730e0ef0_0;  1 drivers
v00000276730e1c10_0 .net "clk", 0 0, v00000276731436b0_0;  1 drivers
v00000276730e1030_0 .var/i "file_handle", 31 0;
v00000276730e1170_0 .var/i "i", 31 0;
v00000276730e1210_0 .net "instr", 31 0, L_0000027673142030;  alias, 1 drivers
v00000276730e0d10 .array "instr_mem", 4095 0, 7 0;
v00000276730e0e50_0 .net "reset", 0 0, v0000027673141b30_0;  1 drivers
L_00000276731428f0 .arith/sum 64, v00000276730e0ef0_0, L_0000027673143918;
L_0000027673143750 .cmp/gt 64, L_0000027673143960, L_00000276731428f0;
L_0000027673141a90 .array/port v00000276730e0d10, v00000276730e0ef0_0;
L_0000027673142d50 .array/port v00000276730e0d10, L_00000276731432f0;
L_00000276731432f0 .arith/sum 64, v00000276730e0ef0_0, L_00000276731439a8;
L_0000027673142490 .array/port v00000276730e0d10, L_0000027673141e50;
L_0000027673141e50 .arith/sum 64, v00000276730e0ef0_0, L_00000276731439f0;
L_0000027673143110 .array/port v00000276730e0d10, L_00000276731425d0;
L_00000276731425d0 .arith/sum 64, v00000276730e0ef0_0, L_0000027673143a38;
L_00000276731431b0 .concat [ 8 8 8 8], L_0000027673143110, L_0000027673142490, L_0000027673142d50, L_0000027673141a90;
L_0000027673142030 .functor MUXZ 32, L_0000027673143a80, L_00000276731431b0, L_0000027673143750, C4<>;
    .scope S_00000276730da270;
T_0 ;
    %pushi/vec4 0, 0, 32;
    %store/vec4 v00000276730e1170_0, 0, 32;
T_0.0 ;
    %load/vec4 v00000276730e1170_0;
    %cmpi/s 4096, 0, 32;
    %jmp/0xz T_0.1, 5;
    %pushi/vec4 0, 0, 8;
    %ix/getv/s 4, v00000276730e1170_0;
    %store/vec4a v00000276730e0d10, 4, 0;
    %load/vec4 v00000276730e1170_0;
    %addi 1, 0, 32;
    %store/vec4 v00000276730e1170_0, 0, 32;
    %jmp T_0.0;
T_0.1 ;
    %vpi_func 3 16 "$fopen" 32, "instructions.txt", "r" {0 0 0};
    %store/vec4 v00000276730e1030_0, 0, 32;
    %load/vec4 v00000276730e1030_0;
    %cmpi/ne 0, 0, 32;
    %jmp/0xz  T_0.2, 4;
    %vpi_call 3 18 "$fclose", v00000276730e1030_0 {0 0 0};
    %vpi_call 3 19 "$readmemh", "instructions.txt", v00000276730e0d10, 32'sb00000000000000000000000000000000 {0 0 0};
T_0.2 ;
    %end;
    .thread T_0;
    .scope S_000002767309bb00;
T_1 ;
    %pushi/vec4 0, 0, 1;
    %store/vec4 v00000276731436b0_0, 0, 1;
    %end;
    .thread T_1;
    .scope S_000002767309bb00;
T_2 ;
    %delay 5000, 0;
    %load/vec4 v00000276731436b0_0;
    %inv;
    %store/vec4 v00000276731436b0_0, 0, 1;
    %jmp T_2;
    .thread T_2;
    .scope S_000002767309bb00;
T_3 ;
    %vpi_call 2 15 "$dumpfile", "Instruction_mem_tb.vcd" {0 0 0};
    %vpi_call 2 16 "$dumpvars", 32'sb00000000000000000000000000000000, S_000002767309bb00 {0 0 0};
    %pushi/vec4 1, 0, 1;
    %store/vec4 v0000027673141b30_0, 0, 1;
    %pushi/vec4 0, 0, 64;
    %store/vec4 v00000276730e0ef0_0, 0, 64;
    %delay 10000, 0;
    %pushi/vec4 0, 0, 1;
    %store/vec4 v0000027673141b30_0, 0, 1;
    %pushi/vec4 0, 0, 64;
    %store/vec4 v00000276730e0ef0_0, 0, 64;
    %wait E_00000276730d98e0;
    %delay 1000, 0;
    %vpi_call 2 25 "$display", "addr 0   | GOT = %h | EXP = 00500113", v0000027673142fd0_0 {0 0 0};
    %pushi/vec4 4, 0, 64;
    %store/vec4 v00000276730e0ef0_0, 0, 64;
    %wait E_00000276730d98e0;
    %delay 1000, 0;
    %vpi_call 2 29 "$display", "addr 4   | GOT = %h | EXP = 00A00193", v0000027673142fd0_0 {0 0 0};
    %pushi/vec4 8, 0, 64;
    %store/vec4 v00000276730e0ef0_0, 0, 64;
    %wait E_00000276730d98e0;
    %delay 1000, 0;
    %vpi_call 2 33 "$display", "addr 8   | GOT = %h | EXP = 003100B3", v0000027673142fd0_0 {0 0 0};
    %pushi/vec4 32, 0, 64;
    %store/vec4 v00000276730e0ef0_0, 0, 64;
    %wait E_00000276730d98e0;
    %delay 1000, 0;
    %vpi_call 2 37 "$display", "addr 32  | GOT = %h | EXP = 0012B023", v0000027673142fd0_0 {0 0 0};
    %pushi/vec4 56, 0, 64;
    %store/vec4 v00000276730e0ef0_0, 0, 64;
    %wait E_00000276730d98e0;
    %delay 1000, 0;
    %vpi_call 2 41 "$display", "addr 56  | GOT = %h | EXP = 00A086B3", v0000027673142fd0_0 {0 0 0};
    %pushi/vec4 100, 0, 64;
    %store/vec4 v00000276730e0ef0_0, 0, 64;
    %wait E_00000276730d98e0;
    %delay 1000, 0;
    %vpi_call 2 45 "$display", "addr 100 | GOT = %h | EXP = 00000000", v0000027673142fd0_0 {0 0 0};
    %pushi/vec4 1, 0, 1;
    %store/vec4 v0000027673141b30_0, 0, 1;
    %delay 10000, 0;
    %pushi/vec4 0, 0, 1;
    %store/vec4 v0000027673141b30_0, 0, 1;
    %pushi/vec4 0, 0, 64;
    %store/vec4 v00000276730e0ef0_0, 0, 64;
    %wait E_00000276730d98e0;
    %delay 1000, 0;
    %vpi_call 2 50 "$display", "after reset addr 0 | GOT = %h | EXP = 00500113", v0000027673142fd0_0 {0 0 0};
    %vpi_call 2 51 "$finish" {0 0 0};
    %end;
    .thread T_3;
# The file index is used to find the file name in the following table.
:file_names 4;
    "N/A";
    "<interactive>";
    "Instruction_mem_tb.v";
    "./Instruction_mem.v";
