#! /c/Source/iverilog-install/bin/vvp
:ivl_version "12.0 (devel)" "(s20150603-1539-g2693dd32b)";
:ivl_delay_selection "TYPICAL";
:vpi_time_precision - 12;
:vpi_module "C:\iverilog\lib\ivl\system.vpi";
:vpi_module "C:\iverilog\lib\ivl\vhdl_sys.vpi";
:vpi_module "C:\iverilog\lib\ivl\vhdl_textio.vpi";
:vpi_module "C:\iverilog\lib\ivl\v2005_math.vpi";
:vpi_module "C:\iverilog\lib\ivl\va_math.vpi";
S_000002e3937ab8a0 .scope module, "multiplexer_tb" "multiplexer_tb" 2 4;
 .timescale -9 -12;
v000002e3938255d0_0 .var "I1", 63 0;
v000002e393824810_0 .var "I2", 63 0;
v000002e3938244f0_0 .var "S", 0 0;
v000002e3938234b0_0 .net "mux_out", 63 0, L_000002e393830ec0;  1 drivers
S_000002e3937ad340 .scope task, "check" "check" 2 13, 2 13 0, S_000002e3937ab8a0;
 .timescale -9 -12;
v000002e3937995e0_0 .var "expected", 63 0;
TD_multiplexer_tb.check ;
    %delay 1000, 0;
    %load/vec4 v000002e3938234b0_0;
    %load/vec4 v000002e3937995e0_0;
    %cmp/e;
    %jmp/0xz  T_0.0, 6;
    %vpi_call 2 18 "$display", "PASS | S=%b I1=%h I2=%h -> out=%h", v000002e3938244f0_0, v000002e3938255d0_0, v000002e393824810_0, v000002e3938234b0_0 {0 0 0};
    %jmp T_0.1;
T_0.0 ;
    %vpi_call 2 20 "$display", "FAIL | S=%b expected=%h got=%h", v000002e3938244f0_0, v000002e3937995e0_0, v000002e3938234b0_0 {0 0 0};
T_0.1 ;
    %end;
S_000002e3936f2870 .scope module, "uut" "multiplexer" 2 9, 3 3 0, S_000002e3937ab8a0;
 .timescale -9 -12;
    .port_info 0 /INPUT 64 "I1";
    .port_info 1 /INPUT 64 "I2";
    .port_info 2 /INPUT 1 "S";
    .port_info 3 /OUTPUT 64 "mux_out";
L_000002e39383fac0 .functor NOT 1, v000002e3938244f0_0, C4<0>, C4<0>, C4<0>;
v000002e3937dbfa0_0 .net "I1", 63 0, v000002e3938255d0_0;  1 drivers
v000002e3937dc040_0 .net "I2", 63 0, v000002e393824810_0;  1 drivers
v000002e3937dba00_0 .net "S", 0 0, v000002e3938244f0_0;  1 drivers
v000002e3937dbdc0_0 .net *"_ivl_0", 0 0, L_000002e39379da50;  1 drivers
v000002e3937dbb40_0 .net *"_ivl_10", 0 0, L_000002e39379e2a0;  1 drivers
v000002e3937dc0e0_0 .net *"_ivl_100", 0 0, L_000002e393826d60;  1 drivers
v000002e3937db8c0_0 .net *"_ivl_103", 0 0, L_000002e393826ac0;  1 drivers
v000002e3937dbbe0_0 .net *"_ivl_106", 0 0, L_000002e393826430;  1 drivers
v000002e3937dbc80_0 .net *"_ivl_110", 0 0, L_000002e393826b30;  1 drivers
v000002e3937dbd20_0 .net *"_ivl_113", 0 0, L_000002e393826510;  1 drivers
v000002e3937dc220_0 .net *"_ivl_116", 0 0, L_000002e3938269e0;  1 drivers
v000002e3937dc2c0_0 .net *"_ivl_120", 0 0, L_000002e393826ba0;  1 drivers
v000002e3937db500_0 .net *"_ivl_123", 0 0, L_000002e393826580;  1 drivers
v000002e3937db6e0_0 .net *"_ivl_126", 0 0, L_000002e3938265f0;  1 drivers
v000002e3937dc4a0_0 .net *"_ivl_13", 0 0, L_000002e39379d9e0;  1 drivers
v000002e3937db960_0 .net *"_ivl_130", 0 0, L_000002e393826dd0;  1 drivers
v000002e3937db3c0_0 .net *"_ivl_133", 0 0, L_000002e393826c10;  1 drivers
v000002e3937db780_0 .net *"_ivl_136", 0 0, L_000002e393829b50;  1 drivers
v000002e3937dc5e0_0 .net *"_ivl_140", 0 0, L_000002e3938296f0;  1 drivers
v000002e3937dbe60_0 .net *"_ivl_143", 0 0, L_000002e393829610;  1 drivers
v000002e3937dbf00_0 .net *"_ivl_146", 0 0, L_000002e393829760;  1 drivers
v000002e3937db460_0 .net *"_ivl_150", 0 0, L_000002e3938294c0;  1 drivers
v000002e3937dc360_0 .net *"_ivl_153", 0 0, L_000002e3938293e0;  1 drivers
v000002e3937dc400_0 .net *"_ivl_156", 0 0, L_000002e39382a020;  1 drivers
v000002e3937dc540_0 .net *"_ivl_16", 0 0, L_000002e39379e070;  1 drivers
v000002e3937dc680_0 .net *"_ivl_160", 0 0, L_000002e393829fb0;  1 drivers
v000002e3937db000_0 .net *"_ivl_163", 0 0, L_000002e39382a090;  1 drivers
v000002e3937db0a0_0 .net *"_ivl_166", 0 0, L_000002e3938297d0;  1 drivers
v000002e3937db140_0 .net *"_ivl_170", 0 0, L_000002e393829bc0;  1 drivers
v000002e3937db5a0_0 .net *"_ivl_173", 0 0, L_000002e393829ed0;  1 drivers
v000002e3937db1e0_0 .net *"_ivl_176", 0 0, L_000002e3938291b0;  1 drivers
v000002e3937db280_0 .net *"_ivl_180", 0 0, L_000002e393829300;  1 drivers
v000002e3937db320_0 .net *"_ivl_183", 0 0, L_000002e393829220;  1 drivers
v000002e39381b620_0 .net *"_ivl_186", 0 0, L_000002e393829290;  1 drivers
v000002e39381b8a0_0 .net *"_ivl_190", 0 0, L_000002e393829370;  1 drivers
v000002e39381bee0_0 .net *"_ivl_193", 0 0, L_000002e393829530;  1 drivers
v000002e39381b6c0_0 .net *"_ivl_196", 0 0, L_000002e3938298b0;  1 drivers
v000002e39381aae0_0 .net *"_ivl_20", 0 0, L_000002e393827070;  1 drivers
v000002e39381a720_0 .net *"_ivl_200", 0 0, L_000002e393829e60;  1 drivers
v000002e39381c520_0 .net *"_ivl_203", 0 0, L_000002e393829840;  1 drivers
v000002e39381bd00_0 .net *"_ivl_206", 0 0, L_000002e393829450;  1 drivers
v000002e39381a4a0_0 .net *"_ivl_210", 0 0, L_000002e393829920;  1 drivers
v000002e39381c840_0 .net *"_ivl_213", 0 0, L_000002e393829c30;  1 drivers
v000002e39381b580_0 .net *"_ivl_216", 0 0, L_000002e393829990;  1 drivers
v000002e39381bf80_0 .net *"_ivl_220", 0 0, L_000002e393829a00;  1 drivers
v000002e39381b4e0_0 .net *"_ivl_223", 0 0, L_000002e393829f40;  1 drivers
v000002e39381c480_0 .net *"_ivl_226", 0 0, L_000002e393829a70;  1 drivers
v000002e39381c660_0 .net *"_ivl_23", 0 0, L_000002e393826eb0;  1 drivers
v000002e39381b940_0 .net *"_ivl_230", 0 0, L_000002e393829ca0;  1 drivers
v000002e39381b300_0 .net *"_ivl_233", 0 0, L_000002e393829d10;  1 drivers
v000002e39381a7c0_0 .net *"_ivl_236", 0 0, L_000002e3938295a0;  1 drivers
v000002e39381b120_0 .net *"_ivl_240", 0 0, L_000002e393829ae0;  1 drivers
v000002e39381c340_0 .net *"_ivl_243", 0 0, L_000002e393829d80;  1 drivers
v000002e39381a900_0 .net *"_ivl_246", 0 0, L_000002e393829680;  1 drivers
v000002e39381acc0_0 .net *"_ivl_250", 0 0, L_000002e393829df0;  1 drivers
v000002e39381ab80_0 .net *"_ivl_253", 0 0, L_000002e39382b3e0;  1 drivers
v000002e39381bda0_0 .net *"_ivl_256", 0 0, L_000002e39382aa40;  1 drivers
v000002e39381a360_0 .net *"_ivl_26", 0 0, L_000002e393826e40;  1 drivers
v000002e39381b800_0 .net *"_ivl_260", 0 0, L_000002e39382b1b0;  1 drivers
v000002e39381b080_0 .net *"_ivl_263", 0 0, L_000002e39382a5e0;  1 drivers
v000002e39381b1c0_0 .net *"_ivl_266", 0 0, L_000002e39382a570;  1 drivers
v000002e39381c5c0_0 .net *"_ivl_270", 0 0, L_000002e39382aff0;  1 drivers
v000002e39381ba80_0 .net *"_ivl_273", 0 0, L_000002e39382ab90;  1 drivers
v000002e39381b260_0 .net *"_ivl_276", 0 0, L_000002e39382a960;  1 drivers
v000002e39381b9e0_0 .net *"_ivl_280", 0 0, L_000002e39382a500;  1 drivers
v000002e39381c700_0 .net *"_ivl_283", 0 0, L_000002e39382a6c0;  1 drivers
v000002e39381c7a0_0 .net *"_ivl_286", 0 0, L_000002e39382adc0;  1 drivers
v000002e39381c3e0_0 .net *"_ivl_290", 0 0, L_000002e39382ac00;  1 drivers
v000002e39381a540_0 .net *"_ivl_293", 0 0, L_000002e39382b370;  1 drivers
v000002e39381bc60_0 .net *"_ivl_296", 0 0, L_000002e39382a650;  1 drivers
v000002e39381be40_0 .net *"_ivl_3", 0 0, L_000002e39379e310;  1 drivers
v000002e39381bb20_0 .net *"_ivl_30", 0 0, L_000002e393826f90;  1 drivers
v000002e39381c020_0 .net *"_ivl_300", 0 0, L_000002e39382b300;  1 drivers
v000002e39381c8e0_0 .net *"_ivl_303", 0 0, L_000002e39382a730;  1 drivers
v000002e39381a180_0 .net *"_ivl_306", 0 0, L_000002e39382ae30;  1 drivers
v000002e39381a220_0 .net *"_ivl_310", 0 0, L_000002e39382b060;  1 drivers
v000002e39381a2c0_0 .net *"_ivl_313", 0 0, L_000002e39382a7a0;  1 drivers
v000002e39381a400_0 .net *"_ivl_316", 0 0, L_000002e39382a810;  1 drivers
v000002e39381aea0_0 .net *"_ivl_320", 0 0, L_000002e39382b140;  1 drivers
v000002e39381a5e0_0 .net *"_ivl_323", 0 0, L_000002e39382a880;  1 drivers
v000002e39381a680_0 .net *"_ivl_326", 0 0, L_000002e39382aea0;  1 drivers
v000002e39381af40_0 .net *"_ivl_33", 0 0, L_000002e393826900;  1 drivers
v000002e39381b3a0_0 .net *"_ivl_330", 0 0, L_000002e39382af10;  1 drivers
v000002e39381bbc0_0 .net *"_ivl_333", 0 0, L_000002e39382b0d0;  1 drivers
v000002e39381c160_0 .net *"_ivl_336", 0 0, L_000002e39382af80;  1 drivers
v000002e39381ad60_0 .net *"_ivl_340", 0 0, L_000002e39382a8f0;  1 drivers
v000002e39381c0c0_0 .net *"_ivl_343", 0 0, L_000002e39382b220;  1 drivers
v000002e39381a860_0 .net *"_ivl_346", 0 0, L_000002e39382b290;  1 drivers
v000002e39381afe0_0 .net *"_ivl_350", 0 0, L_000002e39382a9d0;  1 drivers
v000002e39381c200_0 .net *"_ivl_353", 0 0, L_000002e39382aab0;  1 drivers
v000002e39381a9a0_0 .net *"_ivl_356", 0 0, L_000002e39382ab20;  1 drivers
v000002e39381aa40_0 .net *"_ivl_36", 0 0, L_000002e393826190;  1 drivers
v000002e39381c2a0_0 .net *"_ivl_360", 0 0, L_000002e39382ac70;  1 drivers
v000002e39381b440_0 .net *"_ivl_363", 0 0, L_000002e39382ace0;  1 drivers
v000002e39381b760_0 .net *"_ivl_366", 0 0, L_000002e39382ad50;  1 drivers
v000002e39381ac20_0 .net *"_ivl_370", 0 0, L_000002e3938280f0;  1 drivers
v000002e39381ae00_0 .net *"_ivl_373", 0 0, L_000002e393827c20;  1 drivers
v000002e39381dce0_0 .net *"_ivl_376", 0 0, L_000002e393827d00;  1 drivers
v000002e39381d060_0 .net *"_ivl_380", 0 0, L_000002e393827750;  1 drivers
v000002e39381d600_0 .net *"_ivl_383", 0 0, L_000002e393827980;  1 drivers
v000002e39381d4c0_0 .net *"_ivl_386", 0 0, L_000002e393827440;  1 drivers
v000002e39381ce80_0 .net *"_ivl_390", 0 0, L_000002e393828390;  1 drivers
v000002e39381d6a0_0 .net *"_ivl_393", 0 0, L_000002e393828630;  1 drivers
v000002e39381cca0_0 .net *"_ivl_396", 0 0, L_000002e393827a60;  1 drivers
v000002e39381d920_0 .net *"_ivl_40", 0 0, L_000002e3938264a0;  1 drivers
v000002e39381dd80_0 .net *"_ivl_400", 0 0, L_000002e393828a90;  1 drivers
v000002e39381db00_0 .net *"_ivl_403", 0 0, L_000002e393828400;  1 drivers
v000002e39381dba0_0 .net *"_ivl_406", 0 0, L_000002e393828710;  1 drivers
v000002e39381de20_0 .net *"_ivl_410", 0 0, L_000002e3938281d0;  1 drivers
v000002e39381dec0_0 .net *"_ivl_413", 0 0, L_000002e393828080;  1 drivers
v000002e39381d380_0 .net *"_ivl_416", 0 0, L_000002e393828470;  1 drivers
v000002e39381cb60_0 .net *"_ivl_420", 0 0, L_000002e3938287f0;  1 drivers
v000002e39381d740_0 .net *"_ivl_423", 0 0, L_000002e3938274b0;  1 drivers
v000002e39381d100_0 .net *"_ivl_426", 0 0, L_000002e393827360;  1 drivers
v000002e39381d9c0_0 .net *"_ivl_43", 0 0, L_000002e393826f20;  1 drivers
v000002e39381dc40_0 .net *"_ivl_430", 0 0, L_000002e3938284e0;  1 drivers
v000002e39381df60_0 .net *"_ivl_433", 0 0, L_000002e393828010;  1 drivers
v000002e39381d880_0 .net *"_ivl_436", 0 0, L_000002e393828cc0;  1 drivers
v000002e39381c980_0 .net *"_ivl_440", 0 0, L_000002e393827210;  1 drivers
v000002e39381da60_0 .net *"_ivl_443", 0 0, L_000002e3938286a0;  1 drivers
v000002e39381cc00_0 .net *"_ivl_446", 0 0, L_000002e393827600;  1 drivers
v000002e39381cfc0_0 .net *"_ivl_450", 0 0, L_000002e393827670;  1 drivers
v000002e39381e000_0 .net *"_ivl_453", 0 0, L_000002e393828b00;  1 drivers
v000002e39381ca20_0 .net *"_ivl_456", 0 0, L_000002e393828160;  1 drivers
v000002e39381cac0_0 .net *"_ivl_46", 0 0, L_000002e3938267b0;  1 drivers
v000002e39381cf20_0 .net *"_ivl_460", 0 0, L_000002e3938272f0;  1 drivers
v000002e39381cd40_0 .net *"_ivl_463", 0 0, L_000002e393828b70;  1 drivers
v000002e39381cde0_0 .net *"_ivl_466", 0 0, L_000002e393827f30;  1 drivers
v000002e39381d1a0_0 .net *"_ivl_470", 0 0, L_000002e393827d70;  1 drivers
v000002e39381d240_0 .net *"_ivl_473", 0 0, L_000002e393827830;  1 drivers
v000002e39381d2e0_0 .net *"_ivl_476", 0 0, L_000002e3938271a0;  1 drivers
v000002e39381d420_0 .net *"_ivl_480", 0 0, L_000002e393828550;  1 drivers
v000002e39381d560_0 .net *"_ivl_483", 0 0, L_000002e393828be0;  1 drivers
v000002e39381d7e0_0 .net *"_ivl_486", 0 0, L_000002e393827e50;  1 drivers
v000002e393821930_0 .net *"_ivl_490", 0 0, L_000002e393827de0;  1 drivers
v000002e393822970_0 .net *"_ivl_493", 0 0, L_000002e393827280;  1 drivers
v000002e393821cf0_0 .net *"_ivl_496", 0 0, L_000002e3938273d0;  1 drivers
v000002e393821b10_0 .net *"_ivl_50", 0 0, L_000002e393826740;  1 drivers
v000002e393820fd0_0 .net *"_ivl_500", 0 0, L_000002e393827520;  1 drivers
v000002e3938219d0_0 .net *"_ivl_503", 0 0, L_000002e3938285c0;  1 drivers
v000002e393822b50_0 .net *"_ivl_506", 0 0, L_000002e393828780;  1 drivers
v000002e393821110_0 .net *"_ivl_510", 0 0, L_000002e393827ad0;  1 drivers
v000002e3938214d0_0 .net *"_ivl_513", 0 0, L_000002e393827b40;  1 drivers
v000002e3938212f0_0 .net *"_ivl_516", 0 0, L_000002e393828d30;  1 drivers
v000002e393822510_0 .net *"_ivl_520", 0 0, L_000002e393828860;  1 drivers
v000002e393820b70_0 .net *"_ivl_523", 0 0, L_000002e393827bb0;  1 drivers
v000002e393822010_0 .net *"_ivl_526", 0 0, L_000002e393827c90;  1 drivers
v000002e393821890_0 .net *"_ivl_53", 0 0, L_000002e393827000;  1 drivers
v000002e393821a70_0 .net *"_ivl_530", 0 0, L_000002e3938288d0;  1 drivers
v000002e393822d30_0 .net *"_ivl_533", 0 0, L_000002e393828940;  1 drivers
v000002e393822290_0 .net *"_ivl_536", 0 0, L_000002e393827590;  1 drivers
v000002e393821bb0_0 .net *"_ivl_540", 0 0, L_000002e393828c50;  1 drivers
v000002e3938220b0_0 .net *"_ivl_543", 0 0, L_000002e393828240;  1 drivers
v000002e393822c90_0 .net *"_ivl_546", 0 0, L_000002e393827ec0;  1 drivers
v000002e393822e70_0 .net *"_ivl_550", 0 0, L_000002e3938282b0;  1 drivers
v000002e393822bf0_0 .net *"_ivl_553", 0 0, L_000002e3938289b0;  1 drivers
v000002e393820cb0_0 .net *"_ivl_556", 0 0, L_000002e3938276e0;  1 drivers
v000002e393822470_0 .net *"_ivl_56", 0 0, L_000002e393826200;  1 drivers
v000002e3938225b0_0 .net *"_ivl_560", 0 0, L_000002e3938279f0;  1 drivers
v000002e393822330_0 .net *"_ivl_563", 0 0, L_000002e393828a20;  1 drivers
v000002e393822650_0 .net *"_ivl_566", 0 0, L_000002e393827fa0;  1 drivers
v000002e393822f10_0 .net *"_ivl_570", 0 0, L_000002e3938277c0;  1 drivers
v000002e393822fb0_0 .net *"_ivl_573", 0 0, L_000002e3938278a0;  1 drivers
v000002e393822dd0_0 .net *"_ivl_576", 0 0, L_000002e393827910;  1 drivers
v000002e3938211b0_0 .net *"_ivl_580", 0 0, L_000002e393828320;  1 drivers
v000002e393822830_0 .net *"_ivl_583", 0 0, L_000002e393828da0;  1 drivers
v000002e3938216b0_0 .net *"_ivl_586", 0 0, L_000002e393828e10;  1 drivers
v000002e393821ed0_0 .net *"_ivl_590", 0 0, L_000002e393828f60;  1 drivers
v000002e3938226f0_0 .net *"_ivl_593", 0 0, L_000002e393828fd0;  1 drivers
v000002e393821c50_0 .net *"_ivl_596", 0 0, L_000002e393828e80;  1 drivers
v000002e393822790_0 .net *"_ivl_6", 0 0, L_000002e39379dba0;  1 drivers
v000002e393821750_0 .net *"_ivl_60", 0 0, L_000002e393826270;  1 drivers
v000002e393821070_0 .net *"_ivl_600", 0 0, L_000002e3938290b0;  1 drivers
v000002e393822150_0 .net *"_ivl_603", 0 0, L_000002e393828ef0;  1 drivers
v000002e393820990_0 .net *"_ivl_606", 0 0, L_000002e393829040;  1 drivers
v000002e393820e90_0 .net *"_ivl_610", 0 0, L_000002e39383ec50;  1 drivers
v000002e393821250_0 .net *"_ivl_613", 0 0, L_000002e39383ea90;  1 drivers
v000002e393823050_0 .net *"_ivl_616", 0 0, L_000002e39383e8d0;  1 drivers
v000002e3938230f0_0 .net *"_ivl_620", 0 0, L_000002e39383f900;  1 drivers
v000002e3938217f0_0 .net *"_ivl_623", 0 0, L_000002e39383feb0;  1 drivers
v000002e393821430_0 .net *"_ivl_626", 0 0, L_000002e393840000;  1 drivers
v000002e3938228d0_0 .net *"_ivl_63", 0 0, L_000002e3938266d0;  1 drivers
v000002e393821610_0 .net *"_ivl_630", 0 0, L_000002e39383eef0;  1 drivers
v000002e393822a10_0 .net *"_ivl_634", 0 0, L_000002e39383f270;  1 drivers
v000002e393821390_0 .net *"_ivl_638", 0 0, L_000002e39383f9e0;  1 drivers
v000002e393820a30_0 .net *"_ivl_66", 0 0, L_000002e3938262e0;  1 drivers
v000002e393820ad0_0 .net *"_ivl_70", 0 0, L_000002e393826350;  1 drivers
v000002e393820c10_0 .net *"_ivl_73", 0 0, L_000002e393826820;  1 drivers
v000002e393820d50_0 .net *"_ivl_76", 0 0, L_000002e393826890;  1 drivers
v000002e393820df0_0 .net *"_ivl_80", 0 0, L_000002e393826cf0;  1 drivers
v000002e393822ab0_0 .net *"_ivl_83", 0 0, L_000002e393826660;  1 drivers
v000002e393820f30_0 .net *"_ivl_86", 0 0, L_000002e393826a50;  1 drivers
v000002e393821570_0 .net *"_ivl_90", 0 0, L_000002e393826970;  1 drivers
v000002e393821d90_0 .net *"_ivl_93", 0 0, L_000002e393826c80;  1 drivers
v000002e393821e30_0 .net *"_ivl_96", 0 0, L_000002e3938263c0;  1 drivers
v000002e393821f70_0 .net "mux_out", 63 0, L_000002e393830ec0;  alias, 1 drivers
v000002e3938221f0_0 .net "not_S", 0 0, L_000002e39383fac0;  1 drivers
v000002e3938223d0_0 .net "temp1", 63 0, L_000002e393831780;  1 drivers
v000002e393823cd0_0 .net "temp2", 63 0, L_000002e3938302e0;  1 drivers
L_000002e393823550 .part v000002e3938255d0_0, 0, 1;
L_000002e3938235f0 .part v000002e393824810_0, 0, 1;
L_000002e393824d10 .part L_000002e393831780, 0, 1;
L_000002e393825030 .part L_000002e3938302e0, 0, 1;
L_000002e393824e50 .part v000002e3938255d0_0, 1, 1;
L_000002e393824450 .part v000002e393824810_0, 1, 1;
L_000002e393823690 .part L_000002e393831780, 1, 1;
L_000002e393823ff0 .part L_000002e3938302e0, 1, 1;
L_000002e393824130 .part v000002e3938255d0_0, 2, 1;
L_000002e3938241d0 .part v000002e393824810_0, 2, 1;
L_000002e3938243b0 .part L_000002e393831780, 2, 1;
L_000002e3938237d0 .part L_000002e3938302e0, 2, 1;
L_000002e393824770 .part v000002e3938255d0_0, 3, 1;
L_000002e393825850 .part v000002e393824810_0, 3, 1;
L_000002e393823c30 .part L_000002e393831780, 3, 1;
L_000002e3938250d0 .part L_000002e3938302e0, 3, 1;
L_000002e393823730 .part v000002e3938255d0_0, 4, 1;
L_000002e3938248b0 .part v000002e393824810_0, 4, 1;
L_000002e393825530 .part L_000002e393831780, 4, 1;
L_000002e393824a90 .part L_000002e3938302e0, 4, 1;
L_000002e393824590 .part v000002e3938255d0_0, 5, 1;
L_000002e393823870 .part v000002e393824810_0, 5, 1;
L_000002e393824f90 .part L_000002e393831780, 5, 1;
L_000002e393824db0 .part L_000002e3938302e0, 5, 1;
L_000002e393824ef0 .part v000002e3938255d0_0, 6, 1;
L_000002e393824270 .part v000002e393824810_0, 6, 1;
L_000002e3938249f0 .part L_000002e393831780, 6, 1;
L_000002e393824310 .part L_000002e3938302e0, 6, 1;
L_000002e393824090 .part v000002e3938255d0_0, 7, 1;
L_000002e393823370 .part v000002e393824810_0, 7, 1;
L_000002e393824950 .part L_000002e393831780, 7, 1;
L_000002e393824630 .part L_000002e3938302e0, 7, 1;
L_000002e393824b30 .part v000002e3938255d0_0, 8, 1;
L_000002e393825170 .part v000002e393824810_0, 8, 1;
L_000002e393824c70 .part L_000002e393831780, 8, 1;
L_000002e393824bd0 .part L_000002e3938302e0, 8, 1;
L_000002e393825670 .part v000002e3938255d0_0, 9, 1;
L_000002e393825210 .part v000002e393824810_0, 9, 1;
L_000002e393823910 .part L_000002e393831780, 9, 1;
L_000002e3938252b0 .part L_000002e3938302e0, 9, 1;
L_000002e393825350 .part v000002e3938255d0_0, 10, 1;
L_000002e3938246d0 .part v000002e393824810_0, 10, 1;
L_000002e3938253f0 .part L_000002e393831780, 10, 1;
L_000002e393825490 .part L_000002e3938302e0, 10, 1;
L_000002e393825710 .part v000002e3938255d0_0, 11, 1;
L_000002e3938239b0 .part v000002e393824810_0, 11, 1;
L_000002e3938257b0 .part L_000002e393831780, 11, 1;
L_000002e3938258f0 .part L_000002e3938302e0, 11, 1;
L_000002e393823af0 .part v000002e3938255d0_0, 12, 1;
L_000002e393823190 .part v000002e393824810_0, 12, 1;
L_000002e393823230 .part L_000002e393831780, 12, 1;
L_000002e3938232d0 .part L_000002e3938302e0, 12, 1;
L_000002e393823410 .part v000002e3938255d0_0, 13, 1;
L_000002e393823a50 .part v000002e393824810_0, 13, 1;
L_000002e393823b90 .part L_000002e393831780, 13, 1;
L_000002e393823d70 .part L_000002e3938302e0, 13, 1;
L_000002e393823e10 .part v000002e3938255d0_0, 14, 1;
L_000002e393823eb0 .part v000002e393824810_0, 14, 1;
L_000002e393823f50 .part L_000002e393831780, 14, 1;
L_000002e393825b70 .part L_000002e3938302e0, 14, 1;
L_000002e393826070 .part v000002e3938255d0_0, 15, 1;
L_000002e393825fd0 .part v000002e393824810_0, 15, 1;
L_000002e393825d50 .part L_000002e393831780, 15, 1;
L_000002e393825c10 .part L_000002e3938302e0, 15, 1;
L_000002e393825cb0 .part v000002e3938255d0_0, 16, 1;
L_000002e393825df0 .part v000002e393824810_0, 16, 1;
L_000002e393825e90 .part L_000002e393831780, 16, 1;
L_000002e393825f30 .part L_000002e3938302e0, 16, 1;
L_000002e393825990 .part v000002e3938255d0_0, 17, 1;
L_000002e393825a30 .part v000002e393824810_0, 17, 1;
L_000002e393825ad0 .part L_000002e393831780, 17, 1;
L_000002e39381f6d0 .part L_000002e3938302e0, 17, 1;
L_000002e39381ee10 .part v000002e3938255d0_0, 18, 1;
L_000002e39381f4f0 .part v000002e393824810_0, 18, 1;
L_000002e39381e2d0 .part L_000002e393831780, 18, 1;
L_000002e39381fef0 .part L_000002e3938302e0, 18, 1;
L_000002e393820670 .part v000002e3938255d0_0, 19, 1;
L_000002e39381f130 .part v000002e393824810_0, 19, 1;
L_000002e39381eeb0 .part L_000002e393831780, 19, 1;
L_000002e393820350 .part L_000002e3938302e0, 19, 1;
L_000002e39381f090 .part v000002e3938255d0_0, 20, 1;
L_000002e3938205d0 .part v000002e393824810_0, 20, 1;
L_000002e39381f590 .part L_000002e393831780, 20, 1;
L_000002e39381f1d0 .part L_000002e3938302e0, 20, 1;
L_000002e39381e550 .part v000002e3938255d0_0, 21, 1;
L_000002e39381f9f0 .part v000002e393824810_0, 21, 1;
L_000002e3938208f0 .part L_000002e393831780, 21, 1;
L_000002e39381e4b0 .part L_000002e3938302e0, 21, 1;
L_000002e39381fa90 .part v000002e3938255d0_0, 22, 1;
L_000002e39381f630 .part v000002e393824810_0, 22, 1;
L_000002e39381f270 .part L_000002e393831780, 22, 1;
L_000002e39381e190 .part L_000002e3938302e0, 22, 1;
L_000002e39381fb30 .part v000002e3938255d0_0, 23, 1;
L_000002e39381f3b0 .part v000002e393824810_0, 23, 1;
L_000002e39381e230 .part L_000002e393831780, 23, 1;
L_000002e39381e370 .part L_000002e3938302e0, 23, 1;
L_000002e3938203f0 .part v000002e3938255d0_0, 24, 1;
L_000002e39381f950 .part v000002e393824810_0, 24, 1;
L_000002e39381ef50 .part L_000002e393831780, 24, 1;
L_000002e39381f450 .part L_000002e3938302e0, 24, 1;
L_000002e39381ecd0 .part v000002e3938255d0_0, 25, 1;
L_000002e393820710 .part v000002e393824810_0, 25, 1;
L_000002e39381fc70 .part L_000002e393831780, 25, 1;
L_000002e39381e730 .part L_000002e3938302e0, 25, 1;
L_000002e39381e910 .part v000002e3938255d0_0, 26, 1;
L_000002e393820490 .part v000002e393824810_0, 26, 1;
L_000002e39381e410 .part L_000002e393831780, 26, 1;
L_000002e39381fd10 .part L_000002e3938302e0, 26, 1;
L_000002e39381fbd0 .part v000002e3938255d0_0, 27, 1;
L_000002e39381e7d0 .part v000002e393824810_0, 27, 1;
L_000002e39381e870 .part L_000002e393831780, 27, 1;
L_000002e39381ed70 .part L_000002e3938302e0, 27, 1;
L_000002e3938202b0 .part v000002e3938255d0_0, 28, 1;
L_000002e39381fdb0 .part v000002e393824810_0, 28, 1;
L_000002e39381e5f0 .part L_000002e393831780, 28, 1;
L_000002e39381fe50 .part L_000002e3938302e0, 28, 1;
L_000002e39381f770 .part v000002e3938255d0_0, 29, 1;
L_000002e39381e690 .part v000002e393824810_0, 29, 1;
L_000002e39381ff90 .part L_000002e393831780, 29, 1;
L_000002e393820030 .part L_000002e3938302e0, 29, 1;
L_000002e3938200d0 .part v000002e3938255d0_0, 30, 1;
L_000002e393820170 .part v000002e393824810_0, 30, 1;
L_000002e39381f810 .part L_000002e393831780, 30, 1;
L_000002e39381eff0 .part L_000002e3938302e0, 30, 1;
L_000002e39381e9b0 .part v000002e3938255d0_0, 31, 1;
L_000002e39381f310 .part v000002e393824810_0, 31, 1;
L_000002e39381f8b0 .part L_000002e393831780, 31, 1;
L_000002e393820210 .part L_000002e3938302e0, 31, 1;
L_000002e393820530 .part v000002e3938255d0_0, 32, 1;
L_000002e39381ea50 .part v000002e393824810_0, 32, 1;
L_000002e3938207b0 .part L_000002e393831780, 32, 1;
L_000002e393820850 .part L_000002e3938302e0, 32, 1;
L_000002e39381eaf0 .part v000002e3938255d0_0, 33, 1;
L_000002e39381eb90 .part v000002e393824810_0, 33, 1;
L_000002e39381ec30 .part L_000002e393831780, 33, 1;
L_000002e39382db80 .part L_000002e3938302e0, 33, 1;
L_000002e39382e760 .part v000002e3938255d0_0, 34, 1;
L_000002e39382e300 .part v000002e393824810_0, 34, 1;
L_000002e39382eda0 .part L_000002e393831780, 34, 1;
L_000002e39382f8e0 .part L_000002e3938302e0, 34, 1;
L_000002e39382df40 .part v000002e3938255d0_0, 35, 1;
L_000002e39382d180 .part v000002e393824810_0, 35, 1;
L_000002e39382e9e0 .part L_000002e393831780, 35, 1;
L_000002e39382dae0 .part L_000002e3938302e0, 35, 1;
L_000002e39382d220 .part v000002e3938255d0_0, 36, 1;
L_000002e39382ed00 .part v000002e393824810_0, 36, 1;
L_000002e39382e4e0 .part L_000002e393831780, 36, 1;
L_000002e39382dc20 .part L_000002e3938302e0, 36, 1;
L_000002e39382d2c0 .part v000002e3938255d0_0, 37, 1;
L_000002e39382ea80 .part v000002e393824810_0, 37, 1;
L_000002e39382f160 .part L_000002e393831780, 37, 1;
L_000002e39382dfe0 .part L_000002e3938302e0, 37, 1;
L_000002e39382d360 .part v000002e3938255d0_0, 38, 1;
L_000002e39382f3e0 .part v000002e393824810_0, 38, 1;
L_000002e39382f700 .part L_000002e393831780, 38, 1;
L_000002e39382e580 .part L_000002e3938302e0, 38, 1;
L_000002e39382e3a0 .part v000002e3938255d0_0, 39, 1;
L_000002e39382ee40 .part v000002e393824810_0, 39, 1;
L_000002e39382e620 .part L_000002e393831780, 39, 1;
L_000002e39382f340 .part L_000002e3938302e0, 39, 1;
L_000002e39382d720 .part v000002e3938255d0_0, 40, 1;
L_000002e39382dcc0 .part v000002e393824810_0, 40, 1;
L_000002e39382f480 .part L_000002e393831780, 40, 1;
L_000002e39382d900 .part L_000002e3938302e0, 40, 1;
L_000002e39382d540 .part v000002e3938255d0_0, 41, 1;
L_000002e39382d400 .part v000002e393824810_0, 41, 1;
L_000002e39382f200 .part L_000002e393831780, 41, 1;
L_000002e39382eb20 .part L_000002e3938302e0, 41, 1;
L_000002e39382f520 .part v000002e3938255d0_0, 42, 1;
L_000002e39382ebc0 .part v000002e393824810_0, 42, 1;
L_000002e39382e6c0 .part L_000002e393831780, 42, 1;
L_000002e39382d4a0 .part L_000002e3938302e0, 42, 1;
L_000002e39382f5c0 .part v000002e3938255d0_0, 43, 1;
L_000002e39382f660 .part v000002e393824810_0, 43, 1;
L_000002e39382eee0 .part L_000002e393831780, 43, 1;
L_000002e39382f7a0 .part L_000002e3938302e0, 43, 1;
L_000002e39382d5e0 .part v000002e3938255d0_0, 44, 1;
L_000002e39382dd60 .part v000002e393824810_0, 44, 1;
L_000002e39382f840 .part L_000002e393831780, 44, 1;
L_000002e39382ec60 .part L_000002e3938302e0, 44, 1;
L_000002e39382de00 .part v000002e3938255d0_0, 45, 1;
L_000002e39382d680 .part v000002e393824810_0, 45, 1;
L_000002e39382e080 .part L_000002e393831780, 45, 1;
L_000002e39382d7c0 .part L_000002e3938302e0, 45, 1;
L_000002e39382ef80 .part v000002e3938255d0_0, 46, 1;
L_000002e39382e800 .part v000002e393824810_0, 46, 1;
L_000002e39382d860 .part L_000002e393831780, 46, 1;
L_000002e39382d9a0 .part L_000002e3938302e0, 46, 1;
L_000002e39382f020 .part v000002e3938255d0_0, 47, 1;
L_000002e39382da40 .part v000002e393824810_0, 47, 1;
L_000002e39382f0c0 .part L_000002e393831780, 47, 1;
L_000002e39382f2a0 .part L_000002e3938302e0, 47, 1;
L_000002e39382dea0 .part v000002e3938255d0_0, 48, 1;
L_000002e39382e120 .part v000002e393824810_0, 48, 1;
L_000002e39382e1c0 .part L_000002e393831780, 48, 1;
L_000002e39382e260 .part L_000002e3938302e0, 48, 1;
L_000002e39382e440 .part v000002e3938255d0_0, 49, 1;
L_000002e39382e8a0 .part v000002e393824810_0, 49, 1;
L_000002e39382e940 .part L_000002e393831780, 49, 1;
L_000002e393831be0 .part L_000002e3938302e0, 49, 1;
L_000002e393831140 .part v000002e3938255d0_0, 50, 1;
L_000002e393830060 .part v000002e393824810_0, 50, 1;
L_000002e393831d20 .part L_000002e393831780, 50, 1;
L_000002e3938315a0 .part L_000002e3938302e0, 50, 1;
L_000002e393830240 .part v000002e3938255d0_0, 51, 1;
L_000002e3938310a0 .part v000002e393824810_0, 51, 1;
L_000002e393830420 .part L_000002e393831780, 51, 1;
L_000002e393830380 .part L_000002e3938302e0, 51, 1;
L_000002e393830f60 .part v000002e3938255d0_0, 52, 1;
L_000002e393830b00 .part v000002e393824810_0, 52, 1;
L_000002e393831640 .part L_000002e393831780, 52, 1;
L_000002e3938320e0 .part L_000002e3938302e0, 52, 1;
L_000002e393832040 .part v000002e3938255d0_0, 53, 1;
L_000002e393830e20 .part v000002e393824810_0, 53, 1;
L_000002e393830100 .part L_000002e393831780, 53, 1;
L_000002e39382f980 .part L_000002e3938302e0, 53, 1;
L_000002e3938307e0 .part v000002e3938255d0_0, 54, 1;
L_000002e393831c80 .part v000002e393824810_0, 54, 1;
L_000002e3938301a0 .part L_000002e393831780, 54, 1;
L_000002e39382fca0 .part L_000002e3938302e0, 54, 1;
L_000002e39382fac0 .part v000002e3938255d0_0, 55, 1;
L_000002e393830740 .part v000002e393824810_0, 55, 1;
L_000002e393831320 .part L_000002e393831780, 55, 1;
L_000002e393830ba0 .part L_000002e3938302e0, 55, 1;
L_000002e393830600 .part v000002e3938255d0_0, 56, 1;
L_000002e3938316e0 .part v000002e393824810_0, 56, 1;
L_000002e393831280 .part L_000002e393831780, 56, 1;
L_000002e393830880 .part L_000002e3938302e0, 56, 1;
L_000002e393831dc0 .part v000002e3938255d0_0, 57, 1;
L_000002e39382fa20 .part v000002e393824810_0, 57, 1;
L_000002e393831500 .part L_000002e393831780, 57, 1;
L_000002e3938318c0 .part L_000002e3938302e0, 57, 1;
L_000002e393831b40 .part v000002e3938255d0_0, 58, 1;
L_000002e393830a60 .part v000002e393824810_0, 58, 1;
L_000002e3938306a0 .part L_000002e393831780, 58, 1;
L_000002e393831000 .part L_000002e3938302e0, 58, 1;
L_000002e393831960 .part v000002e3938255d0_0, 59, 1;
L_000002e39382fb60 .part v000002e393824810_0, 59, 1;
L_000002e3938311e0 .part L_000002e393831780, 59, 1;
L_000002e3938313c0 .part L_000002e3938302e0, 59, 1;
L_000002e393831f00 .part v000002e3938255d0_0, 60, 1;
L_000002e393830920 .part v000002e393824810_0, 60, 1;
L_000002e393831e60 .part L_000002e393831780, 60, 1;
L_000002e3938309c0 .part L_000002e3938302e0, 60, 1;
L_000002e393830c40 .part v000002e3938255d0_0, 61, 1;
L_000002e39382fc00 .part v000002e393824810_0, 61, 1;
L_000002e3938304c0 .part L_000002e393831780, 61, 1;
L_000002e393831820 .part L_000002e3938302e0, 61, 1;
L_000002e393830ce0 .part v000002e3938255d0_0, 62, 1;
L_000002e393830d80 .part v000002e393824810_0, 62, 1;
L_000002e39382fd40 .part L_000002e393831780, 62, 1;
L_000002e393831460 .part L_000002e3938302e0, 62, 1;
LS_000002e393831780_0_0 .concat8 [ 1 1 1 1], L_000002e39379da50, L_000002e39379e2a0, L_000002e393827070, L_000002e393826f90;
LS_000002e393831780_0_4 .concat8 [ 1 1 1 1], L_000002e3938264a0, L_000002e393826740, L_000002e393826270, L_000002e393826350;
LS_000002e393831780_0_8 .concat8 [ 1 1 1 1], L_000002e393826cf0, L_000002e393826970, L_000002e393826d60, L_000002e393826b30;
LS_000002e393831780_0_12 .concat8 [ 1 1 1 1], L_000002e393826ba0, L_000002e393826dd0, L_000002e3938296f0, L_000002e3938294c0;
LS_000002e393831780_0_16 .concat8 [ 1 1 1 1], L_000002e393829fb0, L_000002e393829bc0, L_000002e393829300, L_000002e393829370;
LS_000002e393831780_0_20 .concat8 [ 1 1 1 1], L_000002e393829e60, L_000002e393829920, L_000002e393829a00, L_000002e393829ca0;
LS_000002e393831780_0_24 .concat8 [ 1 1 1 1], L_000002e393829ae0, L_000002e393829df0, L_000002e39382b1b0, L_000002e39382aff0;
LS_000002e393831780_0_28 .concat8 [ 1 1 1 1], L_000002e39382a500, L_000002e39382ac00, L_000002e39382b300, L_000002e39382b060;
LS_000002e393831780_0_32 .concat8 [ 1 1 1 1], L_000002e39382b140, L_000002e39382af10, L_000002e39382a8f0, L_000002e39382a9d0;
LS_000002e393831780_0_36 .concat8 [ 1 1 1 1], L_000002e39382ac70, L_000002e3938280f0, L_000002e393827750, L_000002e393828390;
LS_000002e393831780_0_40 .concat8 [ 1 1 1 1], L_000002e393828a90, L_000002e3938281d0, L_000002e3938287f0, L_000002e3938284e0;
LS_000002e393831780_0_44 .concat8 [ 1 1 1 1], L_000002e393827210, L_000002e393827670, L_000002e3938272f0, L_000002e393827d70;
LS_000002e393831780_0_48 .concat8 [ 1 1 1 1], L_000002e393828550, L_000002e393827de0, L_000002e393827520, L_000002e393827ad0;
LS_000002e393831780_0_52 .concat8 [ 1 1 1 1], L_000002e393828860, L_000002e3938288d0, L_000002e393828c50, L_000002e3938282b0;
LS_000002e393831780_0_56 .concat8 [ 1 1 1 1], L_000002e3938279f0, L_000002e3938277c0, L_000002e393828320, L_000002e393828f60;
LS_000002e393831780_0_60 .concat8 [ 1 1 1 1], L_000002e3938290b0, L_000002e39383ec50, L_000002e39383f900, L_000002e39383eef0;
LS_000002e393831780_1_0 .concat8 [ 4 4 4 4], LS_000002e393831780_0_0, LS_000002e393831780_0_4, LS_000002e393831780_0_8, LS_000002e393831780_0_12;
LS_000002e393831780_1_4 .concat8 [ 4 4 4 4], LS_000002e393831780_0_16, LS_000002e393831780_0_20, LS_000002e393831780_0_24, LS_000002e393831780_0_28;
LS_000002e393831780_1_8 .concat8 [ 4 4 4 4], LS_000002e393831780_0_32, LS_000002e393831780_0_36, LS_000002e393831780_0_40, LS_000002e393831780_0_44;
LS_000002e393831780_1_12 .concat8 [ 4 4 4 4], LS_000002e393831780_0_48, LS_000002e393831780_0_52, LS_000002e393831780_0_56, LS_000002e393831780_0_60;
L_000002e393831780 .concat8 [ 16 16 16 16], LS_000002e393831780_1_0, LS_000002e393831780_1_4, LS_000002e393831780_1_8, LS_000002e393831780_1_12;
L_000002e393830560 .part v000002e3938255d0_0, 63, 1;
LS_000002e3938302e0_0_0 .concat8 [ 1 1 1 1], L_000002e39379e310, L_000002e39379d9e0, L_000002e393826eb0, L_000002e393826900;
LS_000002e3938302e0_0_4 .concat8 [ 1 1 1 1], L_000002e393826f20, L_000002e393827000, L_000002e3938266d0, L_000002e393826820;
LS_000002e3938302e0_0_8 .concat8 [ 1 1 1 1], L_000002e393826660, L_000002e393826c80, L_000002e393826ac0, L_000002e393826510;
LS_000002e3938302e0_0_12 .concat8 [ 1 1 1 1], L_000002e393826580, L_000002e393826c10, L_000002e393829610, L_000002e3938293e0;
LS_000002e3938302e0_0_16 .concat8 [ 1 1 1 1], L_000002e39382a090, L_000002e393829ed0, L_000002e393829220, L_000002e393829530;
LS_000002e3938302e0_0_20 .concat8 [ 1 1 1 1], L_000002e393829840, L_000002e393829c30, L_000002e393829f40, L_000002e393829d10;
LS_000002e3938302e0_0_24 .concat8 [ 1 1 1 1], L_000002e393829d80, L_000002e39382b3e0, L_000002e39382a5e0, L_000002e39382ab90;
LS_000002e3938302e0_0_28 .concat8 [ 1 1 1 1], L_000002e39382a6c0, L_000002e39382b370, L_000002e39382a730, L_000002e39382a7a0;
LS_000002e3938302e0_0_32 .concat8 [ 1 1 1 1], L_000002e39382a880, L_000002e39382b0d0, L_000002e39382b220, L_000002e39382aab0;
LS_000002e3938302e0_0_36 .concat8 [ 1 1 1 1], L_000002e39382ace0, L_000002e393827c20, L_000002e393827980, L_000002e393828630;
LS_000002e3938302e0_0_40 .concat8 [ 1 1 1 1], L_000002e393828400, L_000002e393828080, L_000002e3938274b0, L_000002e393828010;
LS_000002e3938302e0_0_44 .concat8 [ 1 1 1 1], L_000002e3938286a0, L_000002e393828b00, L_000002e393828b70, L_000002e393827830;
LS_000002e3938302e0_0_48 .concat8 [ 1 1 1 1], L_000002e393828be0, L_000002e393827280, L_000002e3938285c0, L_000002e393827b40;
LS_000002e3938302e0_0_52 .concat8 [ 1 1 1 1], L_000002e393827bb0, L_000002e393828940, L_000002e393828240, L_000002e3938289b0;
LS_000002e3938302e0_0_56 .concat8 [ 1 1 1 1], L_000002e393828a20, L_000002e3938278a0, L_000002e393828da0, L_000002e393828fd0;
LS_000002e3938302e0_0_60 .concat8 [ 1 1 1 1], L_000002e393828ef0, L_000002e39383ea90, L_000002e39383feb0, L_000002e39383f270;
LS_000002e3938302e0_1_0 .concat8 [ 4 4 4 4], LS_000002e3938302e0_0_0, LS_000002e3938302e0_0_4, LS_000002e3938302e0_0_8, LS_000002e3938302e0_0_12;
LS_000002e3938302e0_1_4 .concat8 [ 4 4 4 4], LS_000002e3938302e0_0_16, LS_000002e3938302e0_0_20, LS_000002e3938302e0_0_24, LS_000002e3938302e0_0_28;
LS_000002e3938302e0_1_8 .concat8 [ 4 4 4 4], LS_000002e3938302e0_0_32, LS_000002e3938302e0_0_36, LS_000002e3938302e0_0_40, LS_000002e3938302e0_0_44;
LS_000002e3938302e0_1_12 .concat8 [ 4 4 4 4], LS_000002e3938302e0_0_48, LS_000002e3938302e0_0_52, LS_000002e3938302e0_0_56, LS_000002e3938302e0_0_60;
L_000002e3938302e0 .concat8 [ 16 16 16 16], LS_000002e3938302e0_1_0, LS_000002e3938302e0_1_4, LS_000002e3938302e0_1_8, LS_000002e3938302e0_1_12;
L_000002e393831fa0 .part v000002e393824810_0, 63, 1;
LS_000002e393830ec0_0_0 .concat8 [ 1 1 1 1], L_000002e39379dba0, L_000002e39379e070, L_000002e393826e40, L_000002e393826190;
LS_000002e393830ec0_0_4 .concat8 [ 1 1 1 1], L_000002e3938267b0, L_000002e393826200, L_000002e3938262e0, L_000002e393826890;
LS_000002e393830ec0_0_8 .concat8 [ 1 1 1 1], L_000002e393826a50, L_000002e3938263c0, L_000002e393826430, L_000002e3938269e0;
LS_000002e393830ec0_0_12 .concat8 [ 1 1 1 1], L_000002e3938265f0, L_000002e393829b50, L_000002e393829760, L_000002e39382a020;
LS_000002e393830ec0_0_16 .concat8 [ 1 1 1 1], L_000002e3938297d0, L_000002e3938291b0, L_000002e393829290, L_000002e3938298b0;
LS_000002e393830ec0_0_20 .concat8 [ 1 1 1 1], L_000002e393829450, L_000002e393829990, L_000002e393829a70, L_000002e3938295a0;
LS_000002e393830ec0_0_24 .concat8 [ 1 1 1 1], L_000002e393829680, L_000002e39382aa40, L_000002e39382a570, L_000002e39382a960;
LS_000002e393830ec0_0_28 .concat8 [ 1 1 1 1], L_000002e39382adc0, L_000002e39382a650, L_000002e39382ae30, L_000002e39382a810;
LS_000002e393830ec0_0_32 .concat8 [ 1 1 1 1], L_000002e39382aea0, L_000002e39382af80, L_000002e39382b290, L_000002e39382ab20;
LS_000002e393830ec0_0_36 .concat8 [ 1 1 1 1], L_000002e39382ad50, L_000002e393827d00, L_000002e393827440, L_000002e393827a60;
LS_000002e393830ec0_0_40 .concat8 [ 1 1 1 1], L_000002e393828710, L_000002e393828470, L_000002e393827360, L_000002e393828cc0;
LS_000002e393830ec0_0_44 .concat8 [ 1 1 1 1], L_000002e393827600, L_000002e393828160, L_000002e393827f30, L_000002e3938271a0;
LS_000002e393830ec0_0_48 .concat8 [ 1 1 1 1], L_000002e393827e50, L_000002e3938273d0, L_000002e393828780, L_000002e393828d30;
LS_000002e393830ec0_0_52 .concat8 [ 1 1 1 1], L_000002e393827c90, L_000002e393827590, L_000002e393827ec0, L_000002e3938276e0;
LS_000002e393830ec0_0_56 .concat8 [ 1 1 1 1], L_000002e393827fa0, L_000002e393827910, L_000002e393828e10, L_000002e393828e80;
LS_000002e393830ec0_0_60 .concat8 [ 1 1 1 1], L_000002e393829040, L_000002e39383e8d0, L_000002e393840000, L_000002e39383f9e0;
LS_000002e393830ec0_1_0 .concat8 [ 4 4 4 4], LS_000002e393830ec0_0_0, LS_000002e393830ec0_0_4, LS_000002e393830ec0_0_8, LS_000002e393830ec0_0_12;
LS_000002e393830ec0_1_4 .concat8 [ 4 4 4 4], LS_000002e393830ec0_0_16, LS_000002e393830ec0_0_20, LS_000002e393830ec0_0_24, LS_000002e393830ec0_0_28;
LS_000002e393830ec0_1_8 .concat8 [ 4 4 4 4], LS_000002e393830ec0_0_32, LS_000002e393830ec0_0_36, LS_000002e393830ec0_0_40, LS_000002e393830ec0_0_44;
LS_000002e393830ec0_1_12 .concat8 [ 4 4 4 4], LS_000002e393830ec0_0_48, LS_000002e393830ec0_0_52, LS_000002e393830ec0_0_56, LS_000002e393830ec0_0_60;
L_000002e393830ec0 .concat8 [ 16 16 16 16], LS_000002e393830ec0_1_0, LS_000002e393830ec0_1_4, LS_000002e393830ec0_1_8, LS_000002e393830ec0_1_12;
L_000002e393831a00 .part L_000002e393831780, 63, 1;
L_000002e393831aa0 .part L_000002e3938302e0, 63, 1;
S_000002e3936f2a00 .scope generate, "genblk1[0]" "genblk1[0]" 3 9, 3 9 0, S_000002e3936f2870;
 .timescale -9 -12;
P_000002e3937aff50 .param/l "i" 0 3 9, +C4<00>;
L_000002e39379da50 .functor AND 1, L_000002e393823550, L_000002e39383fac0, C4<1>, C4<1>;
L_000002e39379e310 .functor AND 1, L_000002e3938235f0, v000002e3938244f0_0, C4<1>, C4<1>;
L_000002e39379dba0 .functor OR 1, L_000002e393824d10, L_000002e393825030, C4<0>, C4<0>;
v000002e39379a9e0_0 .net *"_ivl_1", 0 0, L_000002e393823550;  1 drivers
v000002e39379bac0_0 .net *"_ivl_3", 0 0, L_000002e3938235f0;  1 drivers
v000002e39379aa80_0 .net *"_ivl_5", 0 0, L_000002e393824d10;  1 drivers
v000002e39379a440_0 .net *"_ivl_6", 0 0, L_000002e393825030;  1 drivers
S_000002e3936f2b90 .scope generate, "genblk1[1]" "genblk1[1]" 3 9, 3 9 0, S_000002e3936f2870;
 .timescale -9 -12;
P_000002e3937b0150 .param/l "i" 0 3 9, +C4<01>;
L_000002e39379e2a0 .functor AND 1, L_000002e393824e50, L_000002e39383fac0, C4<1>, C4<1>;
L_000002e39379d9e0 .functor AND 1, L_000002e393824450, v000002e3938244f0_0, C4<1>, C4<1>;
L_000002e39379e070 .functor OR 1, L_000002e393823690, L_000002e393823ff0, C4<0>, C4<0>;
v000002e39379b020_0 .net *"_ivl_1", 0 0, L_000002e393824e50;  1 drivers
v000002e393799680_0 .net *"_ivl_3", 0 0, L_000002e393824450;  1 drivers
v000002e39379a080_0 .net *"_ivl_5", 0 0, L_000002e393823690;  1 drivers
v000002e3937997c0_0 .net *"_ivl_6", 0 0, L_000002e393823ff0;  1 drivers
S_000002e3938118c0 .scope generate, "genblk1[2]" "genblk1[2]" 3 9, 3 9 0, S_000002e3936f2870;
 .timescale -9 -12;
P_000002e3937b0190 .param/l "i" 0 3 9, +C4<010>;
L_000002e393827070 .functor AND 1, L_000002e393824130, L_000002e39383fac0, C4<1>, C4<1>;
L_000002e393826eb0 .functor AND 1, L_000002e3938241d0, v000002e3938244f0_0, C4<1>, C4<1>;
L_000002e393826e40 .functor OR 1, L_000002e3938243b0, L_000002e3938237d0, C4<0>, C4<0>;
v000002e39379b200_0 .net *"_ivl_1", 0 0, L_000002e393824130;  1 drivers
v000002e3937999a0_0 .net *"_ivl_3", 0 0, L_000002e3938241d0;  1 drivers
v000002e39379a260_0 .net *"_ivl_5", 0 0, L_000002e3938243b0;  1 drivers
v000002e39379b480_0 .net *"_ivl_6", 0 0, L_000002e3938237d0;  1 drivers
S_000002e393811a50 .scope generate, "genblk1[3]" "genblk1[3]" 3 9, 3 9 0, S_000002e3936f2870;
 .timescale -9 -12;
P_000002e3937afad0 .param/l "i" 0 3 9, +C4<011>;
L_000002e393826f90 .functor AND 1, L_000002e393824770, L_000002e39383fac0, C4<1>, C4<1>;
L_000002e393826900 .functor AND 1, L_000002e393825850, v000002e3938244f0_0, C4<1>, C4<1>;
L_000002e393826190 .functor OR 1, L_000002e393823c30, L_000002e3938250d0, C4<0>, C4<0>;
v000002e39379b520_0 .net *"_ivl_1", 0 0, L_000002e393824770;  1 drivers
v000002e39379b660_0 .net *"_ivl_3", 0 0, L_000002e393825850;  1 drivers
v000002e39379b700_0 .net *"_ivl_5", 0 0, L_000002e393823c30;  1 drivers
v000002e393799a40_0 .net *"_ivl_6", 0 0, L_000002e3938250d0;  1 drivers
S_000002e393811be0 .scope generate, "genblk1[4]" "genblk1[4]" 3 9, 3 9 0, S_000002e3936f2870;
 .timescale -9 -12;
P_000002e3937afb10 .param/l "i" 0 3 9, +C4<0100>;
L_000002e3938264a0 .functor AND 1, L_000002e393823730, L_000002e39383fac0, C4<1>, C4<1>;
L_000002e393826f20 .functor AND 1, L_000002e3938248b0, v000002e3938244f0_0, C4<1>, C4<1>;
L_000002e3938267b0 .functor OR 1, L_000002e393825530, L_000002e393824a90, C4<0>, C4<0>;
v000002e393799f40_0 .net *"_ivl_1", 0 0, L_000002e393823730;  1 drivers
v000002e39379b7a0_0 .net *"_ivl_3", 0 0, L_000002e3938248b0;  1 drivers
v000002e393799e00_0 .net *"_ivl_5", 0 0, L_000002e393825530;  1 drivers
v000002e393799fe0_0 .net *"_ivl_6", 0 0, L_000002e393824a90;  1 drivers
S_000002e393811d70 .scope generate, "genblk1[5]" "genblk1[5]" 3 9, 3 9 0, S_000002e3936f2870;
 .timescale -9 -12;
P_000002e3937b04d0 .param/l "i" 0 3 9, +C4<0101>;
L_000002e393826740 .functor AND 1, L_000002e393824590, L_000002e39383fac0, C4<1>, C4<1>;
L_000002e393827000 .functor AND 1, L_000002e393823870, v000002e3938244f0_0, C4<1>, C4<1>;
L_000002e393826200 .functor OR 1, L_000002e393824f90, L_000002e393824db0, C4<0>, C4<0>;
v000002e39379c880_0 .net *"_ivl_1", 0 0, L_000002e393824590;  1 drivers
v000002e39379c9c0_0 .net *"_ivl_3", 0 0, L_000002e393823870;  1 drivers
v000002e39379cb00_0 .net *"_ivl_5", 0 0, L_000002e393824f90;  1 drivers
v000002e39379d000_0 .net *"_ivl_6", 0 0, L_000002e393824db0;  1 drivers
S_000002e3937d18d0 .scope generate, "genblk1[6]" "genblk1[6]" 3 9, 3 9 0, S_000002e3936f2870;
 .timescale -9 -12;
P_000002e3937b0410 .param/l "i" 0 3 9, +C4<0110>;
L_000002e393826270 .functor AND 1, L_000002e393824ef0, L_000002e39383fac0, C4<1>, C4<1>;
L_000002e3938266d0 .functor AND 1, L_000002e393824270, v000002e3938244f0_0, C4<1>, C4<1>;
L_000002e3938262e0 .functor OR 1, L_000002e3938249f0, L_000002e393824310, C4<0>, C4<0>;
v000002e39379d1e0_0 .net *"_ivl_1", 0 0, L_000002e393824ef0;  1 drivers
v000002e39379d280_0 .net *"_ivl_3", 0 0, L_000002e393824270;  1 drivers
v000002e39379c100_0 .net *"_ivl_5", 0 0, L_000002e3938249f0;  1 drivers
v000002e39379bd40_0 .net *"_ivl_6", 0 0, L_000002e393824310;  1 drivers
S_000002e3937d1a60 .scope generate, "genblk1[7]" "genblk1[7]" 3 9, 3 9 0, S_000002e3936f2870;
 .timescale -9 -12;
P_000002e3937b0110 .param/l "i" 0 3 9, +C4<0111>;
L_000002e393826350 .functor AND 1, L_000002e393824090, L_000002e39383fac0, C4<1>, C4<1>;
L_000002e393826820 .functor AND 1, L_000002e393823370, v000002e3938244f0_0, C4<1>, C4<1>;
L_000002e393826890 .functor OR 1, L_000002e393824950, L_000002e393824630, C4<0>, C4<0>;
v000002e39379c560_0 .net *"_ivl_1", 0 0, L_000002e393824090;  1 drivers
v000002e39379be80_0 .net *"_ivl_3", 0 0, L_000002e393823370;  1 drivers
v000002e39379bf20_0 .net *"_ivl_5", 0 0, L_000002e393824950;  1 drivers
v000002e39378c210_0 .net *"_ivl_6", 0 0, L_000002e393824630;  1 drivers
S_000002e3937d1bf0 .scope generate, "genblk1[8]" "genblk1[8]" 3 9, 3 9 0, S_000002e3936f2870;
 .timescale -9 -12;
P_000002e3937afa50 .param/l "i" 0 3 9, +C4<01000>;
L_000002e393826cf0 .functor AND 1, L_000002e393824b30, L_000002e39383fac0, C4<1>, C4<1>;
L_000002e393826660 .functor AND 1, L_000002e393825170, v000002e3938244f0_0, C4<1>, C4<1>;
L_000002e393826a50 .functor OR 1, L_000002e393824c70, L_000002e393824bd0, C4<0>, C4<0>;
v000002e39378b8b0_0 .net *"_ivl_1", 0 0, L_000002e393824b30;  1 drivers
v000002e39378ac30_0 .net *"_ivl_3", 0 0, L_000002e393825170;  1 drivers
v000002e39378ae10_0 .net *"_ivl_5", 0 0, L_000002e393824c70;  1 drivers
v000002e39378aeb0_0 .net *"_ivl_6", 0 0, L_000002e393824bd0;  1 drivers
S_000002e3937d1d80 .scope generate, "genblk1[9]" "genblk1[9]" 3 9, 3 9 0, S_000002e3936f2870;
 .timescale -9 -12;
P_000002e3937b0810 .param/l "i" 0 3 9, +C4<01001>;
L_000002e393826970 .functor AND 1, L_000002e393825670, L_000002e39383fac0, C4<1>, C4<1>;
L_000002e393826c80 .functor AND 1, L_000002e393825210, v000002e3938244f0_0, C4<1>, C4<1>;
L_000002e3938263c0 .functor OR 1, L_000002e393823910, L_000002e3938252b0, C4<0>, C4<0>;
v000002e39378af50_0 .net *"_ivl_1", 0 0, L_000002e393825670;  1 drivers
v000002e39378b310_0 .net *"_ivl_3", 0 0, L_000002e393825210;  1 drivers
v000002e39378b3b0_0 .net *"_ivl_5", 0 0, L_000002e393823910;  1 drivers
v000002e39378b950_0 .net *"_ivl_6", 0 0, L_000002e3938252b0;  1 drivers
S_000002e3937d1f10 .scope generate, "genblk1[10]" "genblk1[10]" 3 9, 3 9 0, S_000002e3936f2870;
 .timescale -9 -12;
P_000002e3937b0450 .param/l "i" 0 3 9, +C4<01010>;
L_000002e393826d60 .functor AND 1, L_000002e393825350, L_000002e39383fac0, C4<1>, C4<1>;
L_000002e393826ac0 .functor AND 1, L_000002e3938246d0, v000002e3938244f0_0, C4<1>, C4<1>;
L_000002e393826430 .functor OR 1, L_000002e3938253f0, L_000002e393825490, C4<0>, C4<0>;
v000002e39378b770_0 .net *"_ivl_1", 0 0, L_000002e393825350;  1 drivers
v000002e39378b9f0_0 .net *"_ivl_3", 0 0, L_000002e3938246d0;  1 drivers
v000002e393789ab0_0 .net *"_ivl_5", 0 0, L_000002e3938253f0;  1 drivers
v000002e393789f10_0 .net *"_ivl_6", 0 0, L_000002e393825490;  1 drivers
S_000002e3937d20a0 .scope generate, "genblk1[11]" "genblk1[11]" 3 9, 3 9 0, S_000002e3936f2870;
 .timescale -9 -12;
P_000002e3937b0690 .param/l "i" 0 3 9, +C4<01011>;
L_000002e393826b30 .functor AND 1, L_000002e393825710, L_000002e39383fac0, C4<1>, C4<1>;
L_000002e393826510 .functor AND 1, L_000002e3938239b0, v000002e3938244f0_0, C4<1>, C4<1>;
L_000002e3938269e0 .functor OR 1, L_000002e3938257b0, L_000002e3938258f0, C4<0>, C4<0>;
v000002e393788bb0_0 .net *"_ivl_1", 0 0, L_000002e393825710;  1 drivers
v000002e393789d30_0 .net *"_ivl_3", 0 0, L_000002e3938239b0;  1 drivers
v000002e393789830_0 .net *"_ivl_5", 0 0, L_000002e3938257b0;  1 drivers
v000002e393789e70_0 .net *"_ivl_6", 0 0, L_000002e3938258f0;  1 drivers
S_000002e3937d2230 .scope generate, "genblk1[12]" "genblk1[12]" 3 9, 3 9 0, S_000002e3936f2870;
 .timescale -9 -12;
P_000002e3937b0090 .param/l "i" 0 3 9, +C4<01100>;
L_000002e393826ba0 .functor AND 1, L_000002e393823af0, L_000002e39383fac0, C4<1>, C4<1>;
L_000002e393826580 .functor AND 1, L_000002e393823190, v000002e3938244f0_0, C4<1>, C4<1>;
L_000002e3938265f0 .functor OR 1, L_000002e393823230, L_000002e3938232d0, C4<0>, C4<0>;
v000002e39378a370_0 .net *"_ivl_1", 0 0, L_000002e393823af0;  1 drivers
v000002e39378a410_0 .net *"_ivl_3", 0 0, L_000002e393823190;  1 drivers
v000002e393788c50_0 .net *"_ivl_5", 0 0, L_000002e393823230;  1 drivers
v000002e393789330_0 .net *"_ivl_6", 0 0, L_000002e3938232d0;  1 drivers
S_000002e3937d23c0 .scope generate, "genblk1[13]" "genblk1[13]" 3 9, 3 9 0, S_000002e3936f2870;
 .timescale -9 -12;
P_000002e3937afb50 .param/l "i" 0 3 9, +C4<01101>;
L_000002e393826dd0 .functor AND 1, L_000002e393823410, L_000002e39383fac0, C4<1>, C4<1>;
L_000002e393826c10 .functor AND 1, L_000002e393823a50, v000002e3938244f0_0, C4<1>, C4<1>;
L_000002e393829b50 .functor OR 1, L_000002e393823b90, L_000002e393823d70, C4<0>, C4<0>;
v000002e39378a4b0_0 .net *"_ivl_1", 0 0, L_000002e393823410;  1 drivers
v000002e393788570_0 .net *"_ivl_3", 0 0, L_000002e393823a50;  1 drivers
v000002e393788610_0 .net *"_ivl_5", 0 0, L_000002e393823b90;  1 drivers
v000002e3937887f0_0 .net *"_ivl_6", 0 0, L_000002e393823d70;  1 drivers
S_000002e3937d28c0 .scope generate, "genblk1[14]" "genblk1[14]" 3 9, 3 9 0, S_000002e3936f2870;
 .timescale -9 -12;
P_000002e3937b0510 .param/l "i" 0 3 9, +C4<01110>;
L_000002e3938296f0 .functor AND 1, L_000002e393823e10, L_000002e39383fac0, C4<1>, C4<1>;
L_000002e393829610 .functor AND 1, L_000002e393823eb0, v000002e3938244f0_0, C4<1>, C4<1>;
L_000002e393829760 .functor OR 1, L_000002e393823f50, L_000002e393825b70, C4<0>, C4<0>;
v000002e39378a690_0 .net *"_ivl_1", 0 0, L_000002e393823e10;  1 drivers
v000002e393788890_0 .net *"_ivl_3", 0 0, L_000002e393823eb0;  1 drivers
v000002e393788d90_0 .net *"_ivl_5", 0 0, L_000002e393823f50;  1 drivers
v000002e393788e30_0 .net *"_ivl_6", 0 0, L_000002e393825b70;  1 drivers
S_000002e3937d3220 .scope generate, "genblk1[15]" "genblk1[15]" 3 9, 3 9 0, S_000002e3936f2870;
 .timescale -9 -12;
P_000002e3937af990 .param/l "i" 0 3 9, +C4<01111>;
L_000002e3938294c0 .functor AND 1, L_000002e393826070, L_000002e39383fac0, C4<1>, C4<1>;
L_000002e3938293e0 .functor AND 1, L_000002e393825fd0, v000002e3938244f0_0, C4<1>, C4<1>;
L_000002e39382a020 .functor OR 1, L_000002e393825d50, L_000002e393825c10, C4<0>, C4<0>;
v000002e393789010_0 .net *"_ivl_1", 0 0, L_000002e393826070;  1 drivers
v000002e3937402d0_0 .net *"_ivl_3", 0 0, L_000002e393825fd0;  1 drivers
v000002e39373f790_0 .net *"_ivl_5", 0 0, L_000002e393825d50;  1 drivers
v000002e39373f650_0 .net *"_ivl_6", 0 0, L_000002e393825c10;  1 drivers
S_000002e3937d2f00 .scope generate, "genblk1[16]" "genblk1[16]" 3 9, 3 9 0, S_000002e3936f2870;
 .timescale -9 -12;
P_000002e3937aff90 .param/l "i" 0 3 9, +C4<010000>;
L_000002e393829fb0 .functor AND 1, L_000002e393825cb0, L_000002e39383fac0, C4<1>, C4<1>;
L_000002e39382a090 .functor AND 1, L_000002e393825df0, v000002e3938244f0_0, C4<1>, C4<1>;
L_000002e3938297d0 .functor OR 1, L_000002e393825e90, L_000002e393825f30, C4<0>, C4<0>;
v000002e3937409b0_0 .net *"_ivl_1", 0 0, L_000002e393825cb0;  1 drivers
v000002e393740550_0 .net *"_ivl_3", 0 0, L_000002e393825df0;  1 drivers
v000002e39373ee30_0 .net *"_ivl_5", 0 0, L_000002e393825e90;  1 drivers
v000002e39373ef70_0 .net *"_ivl_6", 0 0, L_000002e393825f30;  1 drivers
S_000002e3937d2a50 .scope generate, "genblk1[17]" "genblk1[17]" 3 9, 3 9 0, S_000002e3936f2870;
 .timescale -9 -12;
P_000002e3937b0010 .param/l "i" 0 3 9, +C4<010001>;
L_000002e393829bc0 .functor AND 1, L_000002e393825990, L_000002e39383fac0, C4<1>, C4<1>;
L_000002e393829ed0 .functor AND 1, L_000002e393825a30, v000002e3938244f0_0, C4<1>, C4<1>;
L_000002e3938291b0 .functor OR 1, L_000002e393825ad0, L_000002e39381f6d0, C4<0>, C4<0>;
v000002e39373f0b0_0 .net *"_ivl_1", 0 0, L_000002e393825990;  1 drivers
v000002e39373f830_0 .net *"_ivl_3", 0 0, L_000002e393825a30;  1 drivers
v000002e39373ffb0_0 .net *"_ivl_5", 0 0, L_000002e393825ad0;  1 drivers
v000002e39373f8d0_0 .net *"_ivl_6", 0 0, L_000002e39381f6d0;  1 drivers
S_000002e3937d2be0 .scope generate, "genblk1[18]" "genblk1[18]" 3 9, 3 9 0, S_000002e3936f2870;
 .timescale -9 -12;
P_000002e3937b0050 .param/l "i" 0 3 9, +C4<010010>;
L_000002e393829300 .functor AND 1, L_000002e39381ee10, L_000002e39383fac0, C4<1>, C4<1>;
L_000002e393829220 .functor AND 1, L_000002e39381f4f0, v000002e3938244f0_0, C4<1>, C4<1>;
L_000002e393829290 .functor OR 1, L_000002e39381e2d0, L_000002e39381fef0, C4<0>, C4<0>;
v000002e39373fbf0_0 .net *"_ivl_1", 0 0, L_000002e39381ee10;  1 drivers
v000002e3937405f0_0 .net *"_ivl_3", 0 0, L_000002e39381f4f0;  1 drivers
v000002e393740690_0 .net *"_ivl_5", 0 0, L_000002e39381e2d0;  1 drivers
v000002e393740730_0 .net *"_ivl_6", 0 0, L_000002e39381fef0;  1 drivers
S_000002e3937d3090 .scope generate, "genblk1[19]" "genblk1[19]" 3 9, 3 9 0, S_000002e3936f2870;
 .timescale -9 -12;
P_000002e3937b0550 .param/l "i" 0 3 9, +C4<010011>;
L_000002e393829370 .functor AND 1, L_000002e393820670, L_000002e39383fac0, C4<1>, C4<1>;
L_000002e393829530 .functor AND 1, L_000002e39381f130, v000002e3938244f0_0, C4<1>, C4<1>;
L_000002e3938298b0 .functor OR 1, L_000002e39381eeb0, L_000002e393820350, C4<0>, C4<0>;
v000002e393748a40_0 .net *"_ivl_1", 0 0, L_000002e393820670;  1 drivers
v000002e393748180_0 .net *"_ivl_3", 0 0, L_000002e39381f130;  1 drivers
v000002e393748ea0_0 .net *"_ivl_5", 0 0, L_000002e39381eeb0;  1 drivers
v000002e393749d00_0 .net *"_ivl_6", 0 0, L_000002e393820350;  1 drivers
S_000002e3937d2d70 .scope generate, "genblk1[20]" "genblk1[20]" 3 9, 3 9 0, S_000002e3936f2870;
 .timescale -9 -12;
P_000002e3937afe90 .param/l "i" 0 3 9, +C4<010100>;
L_000002e393829e60 .functor AND 1, L_000002e39381f090, L_000002e39383fac0, C4<1>, C4<1>;
L_000002e393829840 .functor AND 1, L_000002e3938205d0, v000002e3938244f0_0, C4<1>, C4<1>;
L_000002e393829450 .functor OR 1, L_000002e39381f590, L_000002e39381f1d0, C4<0>, C4<0>;
v000002e393749760_0 .net *"_ivl_1", 0 0, L_000002e39381f090;  1 drivers
v000002e393749300_0 .net *"_ivl_3", 0 0, L_000002e3938205d0;  1 drivers
v000002e393749080_0 .net *"_ivl_5", 0 0, L_000002e39381f590;  1 drivers
v000002e393749ee0_0 .net *"_ivl_6", 0 0, L_000002e39381f1d0;  1 drivers
S_000002e3937d33b0 .scope generate, "genblk1[21]" "genblk1[21]" 3 9, 3 9 0, S_000002e3936f2870;
 .timescale -9 -12;
P_000002e3937b0310 .param/l "i" 0 3 9, +C4<010101>;
L_000002e393829920 .functor AND 1, L_000002e39381e550, L_000002e39383fac0, C4<1>, C4<1>;
L_000002e393829c30 .functor AND 1, L_000002e39381f9f0, v000002e3938244f0_0, C4<1>, C4<1>;
L_000002e393829990 .functor OR 1, L_000002e3938208f0, L_000002e39381e4b0, C4<0>, C4<0>;
v000002e3937493a0_0 .net *"_ivl_1", 0 0, L_000002e39381e550;  1 drivers
v000002e393748220_0 .net *"_ivl_3", 0 0, L_000002e39381f9f0;  1 drivers
v000002e393748400_0 .net *"_ivl_5", 0 0, L_000002e3938208f0;  1 drivers
v000002e393749a80_0 .net *"_ivl_6", 0 0, L_000002e39381e4b0;  1 drivers
S_000002e3937d25a0 .scope generate, "genblk1[22]" "genblk1[22]" 3 9, 3 9 0, S_000002e3936f2870;
 .timescale -9 -12;
P_000002e3937b0590 .param/l "i" 0 3 9, +C4<010110>;
L_000002e393829a00 .functor AND 1, L_000002e39381fa90, L_000002e39383fac0, C4<1>, C4<1>;
L_000002e393829f40 .functor AND 1, L_000002e39381f630, v000002e3938244f0_0, C4<1>, C4<1>;
L_000002e393829a70 .functor OR 1, L_000002e39381f270, L_000002e39381e190, C4<0>, C4<0>;
v000002e393748cc0_0 .net *"_ivl_1", 0 0, L_000002e39381fa90;  1 drivers
v000002e393749b20_0 .net *"_ivl_3", 0 0, L_000002e39381f630;  1 drivers
v000002e393748540_0 .net *"_ivl_5", 0 0, L_000002e39381f270;  1 drivers
v000002e39374fb90_0 .net *"_ivl_6", 0 0, L_000002e39381e190;  1 drivers
S_000002e3937d2730 .scope generate, "genblk1[23]" "genblk1[23]" 3 9, 3 9 0, S_000002e3936f2870;
 .timescale -9 -12;
P_000002e3937af890 .param/l "i" 0 3 9, +C4<010111>;
L_000002e393829ca0 .functor AND 1, L_000002e39381fb30, L_000002e39383fac0, C4<1>, C4<1>;
L_000002e393829d10 .functor AND 1, L_000002e39381f3b0, v000002e3938244f0_0, C4<1>, C4<1>;
L_000002e3938295a0 .functor OR 1, L_000002e39381e230, L_000002e39381e370, C4<0>, C4<0>;
v000002e393751490_0 .net *"_ivl_1", 0 0, L_000002e39381fb30;  1 drivers
v000002e39374fe10_0 .net *"_ivl_3", 0 0, L_000002e39381f3b0;  1 drivers
v000002e39374feb0_0 .net *"_ivl_5", 0 0, L_000002e39381e230;  1 drivers
v000002e393750270_0 .net *"_ivl_6", 0 0, L_000002e39381e370;  1 drivers
S_000002e3937d3bf0 .scope generate, "genblk1[24]" "genblk1[24]" 3 9, 3 9 0, S_000002e3936f2870;
 .timescale -9 -12;
P_000002e3937b01d0 .param/l "i" 0 3 9, +C4<011000>;
L_000002e393829ae0 .functor AND 1, L_000002e3938203f0, L_000002e39383fac0, C4<1>, C4<1>;
L_000002e393829d80 .functor AND 1, L_000002e39381f950, v000002e3938244f0_0, C4<1>, C4<1>;
L_000002e393829680 .functor OR 1, L_000002e39381ef50, L_000002e39381f450, C4<0>, C4<0>;
v000002e3937509f0_0 .net *"_ivl_1", 0 0, L_000002e3938203f0;  1 drivers
v000002e393750db0_0 .net *"_ivl_3", 0 0, L_000002e39381f950;  1 drivers
v000002e393750310_0 .net *"_ivl_5", 0 0, L_000002e39381ef50;  1 drivers
v000002e393750450_0 .net *"_ivl_6", 0 0, L_000002e39381f450;  1 drivers
S_000002e3937d5040 .scope generate, "genblk1[25]" "genblk1[25]" 3 9, 3 9 0, S_000002e3936f2870;
 .timescale -9 -12;
P_000002e3937b0350 .param/l "i" 0 3 9, +C4<011001>;
L_000002e393829df0 .functor AND 1, L_000002e39381ecd0, L_000002e39383fac0, C4<1>, C4<1>;
L_000002e39382b3e0 .functor AND 1, L_000002e393820710, v000002e3938244f0_0, C4<1>, C4<1>;
L_000002e39382aa40 .functor OR 1, L_000002e39381fc70, L_000002e39381e730, C4<0>, C4<0>;
v000002e39374fff0_0 .net *"_ivl_1", 0 0, L_000002e39381ecd0;  1 drivers
v000002e393750630_0 .net *"_ivl_3", 0 0, L_000002e393820710;  1 drivers
v000002e393750e50_0 .net *"_ivl_5", 0 0, L_000002e39381fc70;  1 drivers
v000002e393750f90_0 .net *"_ivl_6", 0 0, L_000002e39381e730;  1 drivers
S_000002e3937d3a60 .scope generate, "genblk1[26]" "genblk1[26]" 3 9, 3 9 0, S_000002e3936f2870;
 .timescale -9 -12;
P_000002e3937b0290 .param/l "i" 0 3 9, +C4<011010>;
L_000002e39382b1b0 .functor AND 1, L_000002e39381e910, L_000002e39383fac0, C4<1>, C4<1>;
L_000002e39382a5e0 .functor AND 1, L_000002e393820490, v000002e3938244f0_0, C4<1>, C4<1>;
L_000002e39382a570 .functor OR 1, L_000002e39381e410, L_000002e39381fd10, C4<0>, C4<0>;
v000002e393751170_0 .net *"_ivl_1", 0 0, L_000002e39381e910;  1 drivers
v000002e3937512b0_0 .net *"_ivl_3", 0 0, L_000002e393820490;  1 drivers
v000002e3937594f0_0 .net *"_ivl_5", 0 0, L_000002e39381e410;  1 drivers
v000002e39375a030_0 .net *"_ivl_6", 0 0, L_000002e39381fd10;  1 drivers
S_000002e3937d4b90 .scope generate, "genblk1[27]" "genblk1[27]" 3 9, 3 9 0, S_000002e3936f2870;
 .timescale -9 -12;
P_000002e3937b07d0 .param/l "i" 0 3 9, +C4<011011>;
L_000002e39382aff0 .functor AND 1, L_000002e39381fbd0, L_000002e39383fac0, C4<1>, C4<1>;
L_000002e39382ab90 .functor AND 1, L_000002e39381e7d0, v000002e3938244f0_0, C4<1>, C4<1>;
L_000002e39382a960 .functor OR 1, L_000002e39381e870, L_000002e39381ed70, C4<0>, C4<0>;
v000002e39375a210_0 .net *"_ivl_1", 0 0, L_000002e39381fbd0;  1 drivers
v000002e393758a50_0 .net *"_ivl_3", 0 0, L_000002e39381e7d0;  1 drivers
v000002e39375a490_0 .net *"_ivl_5", 0 0, L_000002e39381e870;  1 drivers
v000002e393758f50_0 .net *"_ivl_6", 0 0, L_000002e39381ed70;  1 drivers
S_000002e3937d3740 .scope generate, "genblk1[28]" "genblk1[28]" 3 9, 3 9 0, S_000002e3936f2870;
 .timescale -9 -12;
P_000002e3937af9d0 .param/l "i" 0 3 9, +C4<011100>;
L_000002e39382a500 .functor AND 1, L_000002e3938202b0, L_000002e39383fac0, C4<1>, C4<1>;
L_000002e39382a6c0 .functor AND 1, L_000002e39381fdb0, v000002e3938244f0_0, C4<1>, C4<1>;
L_000002e39382adc0 .functor OR 1, L_000002e39381e5f0, L_000002e39381fe50, C4<0>, C4<0>;
v000002e393759db0_0 .net *"_ivl_1", 0 0, L_000002e3938202b0;  1 drivers
v000002e393758cd0_0 .net *"_ivl_3", 0 0, L_000002e39381fdb0;  1 drivers
v000002e39375a670_0 .net *"_ivl_5", 0 0, L_000002e39381e5f0;  1 drivers
v000002e393758d70_0 .net *"_ivl_6", 0 0, L_000002e39381fe50;  1 drivers
S_000002e3937d4d20 .scope generate, "genblk1[29]" "genblk1[29]" 3 9, 3 9 0, S_000002e3936f2870;
 .timescale -9 -12;
P_000002e3937b06d0 .param/l "i" 0 3 9, +C4<011101>;
L_000002e39382ac00 .functor AND 1, L_000002e39381f770, L_000002e39383fac0, C4<1>, C4<1>;
L_000002e39382b370 .functor AND 1, L_000002e39381e690, v000002e3938244f0_0, C4<1>, C4<1>;
L_000002e39382a650 .functor OR 1, L_000002e39381ff90, L_000002e393820030, C4<0>, C4<0>;
v000002e393759950_0 .net *"_ivl_1", 0 0, L_000002e39381f770;  1 drivers
v000002e393759590_0 .net *"_ivl_3", 0 0, L_000002e39381e690;  1 drivers
v000002e393758eb0_0 .net *"_ivl_5", 0 0, L_000002e39381ff90;  1 drivers
v000002e3937596d0_0 .net *"_ivl_6", 0 0, L_000002e393820030;  1 drivers
S_000002e3937d38d0 .scope generate, "genblk1[30]" "genblk1[30]" 3 9, 3 9 0, S_000002e3936f2870;
 .timescale -9 -12;
P_000002e3937b0390 .param/l "i" 0 3 9, +C4<011110>;
L_000002e39382b300 .functor AND 1, L_000002e3938200d0, L_000002e39383fac0, C4<1>, C4<1>;
L_000002e39382a730 .functor AND 1, L_000002e393820170, v000002e3938244f0_0, C4<1>, C4<1>;
L_000002e39382ae30 .functor OR 1, L_000002e39381f810, L_000002e39381eff0, C4<0>, C4<0>;
v000002e393759a90_0 .net *"_ivl_1", 0 0, L_000002e3938200d0;  1 drivers
v000002e393763760_0 .net *"_ivl_3", 0 0, L_000002e393820170;  1 drivers
v000002e393762540_0 .net *"_ivl_5", 0 0, L_000002e39381f810;  1 drivers
v000002e3937638a0_0 .net *"_ivl_6", 0 0, L_000002e39381eff0;  1 drivers
S_000002e3937d4eb0 .scope generate, "genblk1[31]" "genblk1[31]" 3 9, 3 9 0, S_000002e3936f2870;
 .timescale -9 -12;
P_000002e3937af8d0 .param/l "i" 0 3 9, +C4<011111>;
L_000002e39382b060 .functor AND 1, L_000002e39381e9b0, L_000002e39383fac0, C4<1>, C4<1>;
L_000002e39382a7a0 .functor AND 1, L_000002e39381f310, v000002e3938244f0_0, C4<1>, C4<1>;
L_000002e39382a810 .functor OR 1, L_000002e39381f8b0, L_000002e393820210, C4<0>, C4<0>;
v000002e393763e40_0 .net *"_ivl_1", 0 0, L_000002e39381e9b0;  1 drivers
v000002e393763a80_0 .net *"_ivl_3", 0 0, L_000002e39381f310;  1 drivers
v000002e3937633a0_0 .net *"_ivl_5", 0 0, L_000002e39381f8b0;  1 drivers
v000002e393762ae0_0 .net *"_ivl_6", 0 0, L_000002e393820210;  1 drivers
S_000002e3937d46e0 .scope generate, "genblk1[32]" "genblk1[32]" 3 9, 3 9 0, S_000002e3936f2870;
 .timescale -9 -12;
P_000002e3937b03d0 .param/l "i" 0 3 9, +C4<0100000>;
L_000002e39382b140 .functor AND 1, L_000002e393820530, L_000002e39383fac0, C4<1>, C4<1>;
L_000002e39382a880 .functor AND 1, L_000002e39381ea50, v000002e3938244f0_0, C4<1>, C4<1>;
L_000002e39382aea0 .functor OR 1, L_000002e3938207b0, L_000002e393820850, C4<0>, C4<0>;
v000002e393762d60_0 .net *"_ivl_1", 0 0, L_000002e393820530;  1 drivers
v000002e3937629a0_0 .net *"_ivl_3", 0 0, L_000002e39381ea50;  1 drivers
v000002e393763f80_0 .net *"_ivl_5", 0 0, L_000002e3938207b0;  1 drivers
v000002e3937625e0_0 .net *"_ivl_6", 0 0, L_000002e393820850;  1 drivers
S_000002e3937d3d80 .scope generate, "genblk1[33]" "genblk1[33]" 3 9, 3 9 0, S_000002e3936f2870;
 .timescale -9 -12;
P_000002e3937b0610 .param/l "i" 0 3 9, +C4<0100001>;
L_000002e39382af10 .functor AND 1, L_000002e39381eaf0, L_000002e39383fac0, C4<1>, C4<1>;
L_000002e39382b0d0 .functor AND 1, L_000002e39381eb90, v000002e3938244f0_0, C4<1>, C4<1>;
L_000002e39382af80 .functor OR 1, L_000002e39381ec30, L_000002e39382db80, C4<0>, C4<0>;
v000002e3937627c0_0 .net *"_ivl_1", 0 0, L_000002e39381eaf0;  1 drivers
v000002e393763440_0 .net *"_ivl_3", 0 0, L_000002e39381eb90;  1 drivers
v000002e393762a40_0 .net *"_ivl_5", 0 0, L_000002e39381ec30;  1 drivers
v000002e393763580_0 .net *"_ivl_6", 0 0, L_000002e39382db80;  1 drivers
S_000002e3937d51d0 .scope generate, "genblk1[34]" "genblk1[34]" 3 9, 3 9 0, S_000002e3936f2870;
 .timescale -9 -12;
P_000002e3937b0210 .param/l "i" 0 3 9, +C4<0100010>;
L_000002e39382a8f0 .functor AND 1, L_000002e39382e760, L_000002e39383fac0, C4<1>, C4<1>;
L_000002e39382b220 .functor AND 1, L_000002e39382e300, v000002e3938244f0_0, C4<1>, C4<1>;
L_000002e39382b290 .functor OR 1, L_000002e39382eda0, L_000002e39382f8e0, C4<0>, C4<0>;
v000002e39376afe0_0 .net *"_ivl_1", 0 0, L_000002e39382e760;  1 drivers
v000002e39376aae0_0 .net *"_ivl_3", 0 0, L_000002e39382e300;  1 drivers
v000002e39376bd00_0 .net *"_ivl_5", 0 0, L_000002e39382eda0;  1 drivers
v000002e39376b4e0_0 .net *"_ivl_6", 0 0, L_000002e39382f8e0;  1 drivers
S_000002e3937d3f10 .scope generate, "genblk1[35]" "genblk1[35]" 3 9, 3 9 0, S_000002e3936f2870;
 .timescale -9 -12;
P_000002e3937b0650 .param/l "i" 0 3 9, +C4<0100011>;
L_000002e39382a9d0 .functor AND 1, L_000002e39382df40, L_000002e39383fac0, C4<1>, C4<1>;
L_000002e39382aab0 .functor AND 1, L_000002e39382d180, v000002e3938244f0_0, C4<1>, C4<1>;
L_000002e39382ab20 .functor OR 1, L_000002e39382e9e0, L_000002e39382dae0, C4<0>, C4<0>;
v000002e39376c160_0 .net *"_ivl_1", 0 0, L_000002e39382df40;  1 drivers
v000002e39376b620_0 .net *"_ivl_3", 0 0, L_000002e39382d180;  1 drivers
v000002e39376ab80_0 .net *"_ivl_5", 0 0, L_000002e39382e9e0;  1 drivers
v000002e39376acc0_0 .net *"_ivl_6", 0 0, L_000002e39382dae0;  1 drivers
S_000002e3937d5360 .scope generate, "genblk1[36]" "genblk1[36]" 3 9, 3 9 0, S_000002e3936f2870;
 .timescale -9 -12;
P_000002e3937b0710 .param/l "i" 0 3 9, +C4<0100100>;
L_000002e39382ac70 .functor AND 1, L_000002e39382d220, L_000002e39383fac0, C4<1>, C4<1>;
L_000002e39382ace0 .functor AND 1, L_000002e39382ed00, v000002e3938244f0_0, C4<1>, C4<1>;
L_000002e39382ad50 .functor OR 1, L_000002e39382e4e0, L_000002e39382dc20, C4<0>, C4<0>;
v000002e39376ae00_0 .net *"_ivl_1", 0 0, L_000002e39382d220;  1 drivers
v000002e39376c0c0_0 .net *"_ivl_3", 0 0, L_000002e39382ed00;  1 drivers
v000002e39376c2a0_0 .net *"_ivl_5", 0 0, L_000002e39382e4e0;  1 drivers
v000002e39376aea0_0 .net *"_ivl_6", 0 0, L_000002e39382dc20;  1 drivers
S_000002e3937d35b0 .scope generate, "genblk1[37]" "genblk1[37]" 3 9, 3 9 0, S_000002e3936f2870;
 .timescale -9 -12;
P_000002e3937b0750 .param/l "i" 0 3 9, +C4<0100101>;
L_000002e3938280f0 .functor AND 1, L_000002e39382d2c0, L_000002e39383fac0, C4<1>, C4<1>;
L_000002e393827c20 .functor AND 1, L_000002e39382ea80, v000002e3938244f0_0, C4<1>, C4<1>;
L_000002e393827d00 .functor OR 1, L_000002e39382f160, L_000002e39382dfe0, C4<0>, C4<0>;
v000002e39376c340_0 .net *"_ivl_1", 0 0, L_000002e39382d2c0;  1 drivers
v000002e39376af40_0 .net *"_ivl_3", 0 0, L_000002e39382ea80;  1 drivers
v000002e39376c3e0_0 .net *"_ivl_5", 0 0, L_000002e39382f160;  1 drivers
v000002e3937730c0_0 .net *"_ivl_6", 0 0, L_000002e39382dfe0;  1 drivers
S_000002e3937d4870 .scope generate, "genblk1[38]" "genblk1[38]" 3 9, 3 9 0, S_000002e3936f2870;
 .timescale -9 -12;
P_000002e3937b05d0 .param/l "i" 0 3 9, +C4<0100110>;
L_000002e393827750 .functor AND 1, L_000002e39382d360, L_000002e39383fac0, C4<1>, C4<1>;
L_000002e393827980 .functor AND 1, L_000002e39382f3e0, v000002e3938244f0_0, C4<1>, C4<1>;
L_000002e393827440 .functor OR 1, L_000002e39382f700, L_000002e39382e580, C4<0>, C4<0>;
v000002e393774740_0 .net *"_ivl_1", 0 0, L_000002e39382d360;  1 drivers
v000002e393773480_0 .net *"_ivl_3", 0 0, L_000002e39382f3e0;  1 drivers
v000002e393774a60_0 .net *"_ivl_5", 0 0, L_000002e39382f700;  1 drivers
v000002e393773660_0 .net *"_ivl_6", 0 0, L_000002e39382e580;  1 drivers
S_000002e3937d40a0 .scope generate, "genblk1[39]" "genblk1[39]" 3 9, 3 9 0, S_000002e3936f2870;
 .timescale -9 -12;
P_000002e3937afe10 .param/l "i" 0 3 9, +C4<0100111>;
L_000002e393828390 .functor AND 1, L_000002e39382e3a0, L_000002e39383fac0, C4<1>, C4<1>;
L_000002e393828630 .functor AND 1, L_000002e39382ee40, v000002e3938244f0_0, C4<1>, C4<1>;
L_000002e393827a60 .functor OR 1, L_000002e39382e620, L_000002e39382f340, C4<0>, C4<0>;
v000002e393774ba0_0 .net *"_ivl_1", 0 0, L_000002e39382e3a0;  1 drivers
v000002e393774c40_0 .net *"_ivl_3", 0 0, L_000002e39382ee40;  1 drivers
v000002e393774880_0 .net *"_ivl_5", 0 0, L_000002e39382e620;  1 drivers
v000002e393773a20_0 .net *"_ivl_6", 0 0, L_000002e39382f340;  1 drivers
S_000002e3937d4230 .scope generate, "genblk1[40]" "genblk1[40]" 3 9, 3 9 0, S_000002e3936f2870;
 .timescale -9 -12;
P_000002e3937b0790 .param/l "i" 0 3 9, +C4<0101000>;
L_000002e393828a90 .functor AND 1, L_000002e39382d720, L_000002e39383fac0, C4<1>, C4<1>;
L_000002e393828400 .functor AND 1, L_000002e39382dcc0, v000002e3938244f0_0, C4<1>, C4<1>;
L_000002e393828710 .functor OR 1, L_000002e39382f480, L_000002e39382d900, C4<0>, C4<0>;
v000002e393773700_0 .net *"_ivl_1", 0 0, L_000002e39382d720;  1 drivers
v000002e3937738e0_0 .net *"_ivl_3", 0 0, L_000002e39382dcc0;  1 drivers
v000002e393773ac0_0 .net *"_ivl_5", 0 0, L_000002e39382f480;  1 drivers
v000002e393773c00_0 .net *"_ivl_6", 0 0, L_000002e39382d900;  1 drivers
S_000002e3937d43c0 .scope generate, "genblk1[41]" "genblk1[41]" 3 9, 3 9 0, S_000002e3936f2870;
 .timescale -9 -12;
P_000002e3937afed0 .param/l "i" 0 3 9, +C4<0101001>;
L_000002e3938281d0 .functor AND 1, L_000002e39382d540, L_000002e39383fac0, C4<1>, C4<1>;
L_000002e393828080 .functor AND 1, L_000002e39382d400, v000002e3938244f0_0, C4<1>, C4<1>;
L_000002e393828470 .functor OR 1, L_000002e39382f200, L_000002e39382eb20, C4<0>, C4<0>;
v000002e393773e80_0 .net *"_ivl_1", 0 0, L_000002e39382d540;  1 drivers
v000002e3937741a0_0 .net *"_ivl_3", 0 0, L_000002e39382d400;  1 drivers
v000002e39377f470_0 .net *"_ivl_5", 0 0, L_000002e39382f200;  1 drivers
v000002e39377ebb0_0 .net *"_ivl_6", 0 0, L_000002e39382eb20;  1 drivers
S_000002e3937d4550 .scope generate, "genblk1[42]" "genblk1[42]" 3 9, 3 9 0, S_000002e3936f2870;
 .timescale -9 -12;
P_000002e3937b0250 .param/l "i" 0 3 9, +C4<0101010>;
L_000002e3938287f0 .functor AND 1, L_000002e39382f520, L_000002e39383fac0, C4<1>, C4<1>;
L_000002e3938274b0 .functor AND 1, L_000002e39382ebc0, v000002e3938244f0_0, C4<1>, C4<1>;
L_000002e393827360 .functor OR 1, L_000002e39382e6c0, L_000002e39382d4a0, C4<0>, C4<0>;
v000002e39377ee30_0 .net *"_ivl_1", 0 0, L_000002e39382f520;  1 drivers
v000002e39377f0b0_0 .net *"_ivl_3", 0 0, L_000002e39382ebc0;  1 drivers
v000002e39377e6b0_0 .net *"_ivl_5", 0 0, L_000002e39382e6c0;  1 drivers
v000002e39377e750_0 .net *"_ivl_6", 0 0, L_000002e39382d4a0;  1 drivers
S_000002e3937d4a00 .scope generate, "genblk1[43]" "genblk1[43]" 3 9, 3 9 0, S_000002e3936f2870;
 .timescale -9 -12;
P_000002e3937af910 .param/l "i" 0 3 9, +C4<0101011>;
L_000002e3938284e0 .functor AND 1, L_000002e39382f5c0, L_000002e39383fac0, C4<1>, C4<1>;
L_000002e393828010 .functor AND 1, L_000002e39382f660, v000002e3938244f0_0, C4<1>, C4<1>;
L_000002e393828cc0 .functor OR 1, L_000002e39382eee0, L_000002e39382f7a0, C4<0>, C4<0>;
v000002e39377fd30_0 .net *"_ivl_1", 0 0, L_000002e39382f5c0;  1 drivers
v000002e39377fe70_0 .net *"_ivl_3", 0 0, L_000002e39382f660;  1 drivers
v000002e39377e1b0_0 .net *"_ivl_5", 0 0, L_000002e39382eee0;  1 drivers
v000002e39377f1f0_0 .net *"_ivl_6", 0 0, L_000002e39382f7a0;  1 drivers
S_000002e3937d8400 .scope generate, "genblk1[44]" "genblk1[44]" 3 9, 3 9 0, S_000002e3936f2870;
 .timescale -9 -12;
P_000002e3937af950 .param/l "i" 0 3 9, +C4<0101100>;
L_000002e393827210 .functor AND 1, L_000002e39382d5e0, L_000002e39383fac0, C4<1>, C4<1>;
L_000002e3938286a0 .functor AND 1, L_000002e39382dd60, v000002e3938244f0_0, C4<1>, C4<1>;
L_000002e393827600 .functor OR 1, L_000002e39382f840, L_000002e39382ec60, C4<0>, C4<0>;
v000002e39377f5b0_0 .net *"_ivl_1", 0 0, L_000002e39382d5e0;  1 drivers
v000002e39377f6f0_0 .net *"_ivl_3", 0 0, L_000002e39382dd60;  1 drivers
v000002e39377e250_0 .net *"_ivl_5", 0 0, L_000002e39382f840;  1 drivers
v000002e39377f8d0_0 .net *"_ivl_6", 0 0, L_000002e39382ec60;  1 drivers
S_000002e3937d72d0 .scope generate, "genblk1[45]" "genblk1[45]" 3 9, 3 9 0, S_000002e3936f2870;
 .timescale -9 -12;
P_000002e3937afa90 .param/l "i" 0 3 9, +C4<0101101>;
L_000002e393827670 .functor AND 1, L_000002e39382de00, L_000002e39383fac0, C4<1>, C4<1>;
L_000002e393828b00 .functor AND 1, L_000002e39382d680, v000002e3938244f0_0, C4<1>, C4<1>;
L_000002e393828160 .functor OR 1, L_000002e39382e080, L_000002e39382d7c0, C4<0>, C4<0>;
v000002e39377fab0_0 .net *"_ivl_1", 0 0, L_000002e39382de00;  1 drivers
v000002e393739a00_0 .net *"_ivl_3", 0 0, L_000002e39382d680;  1 drivers
v000002e393739960_0 .net *"_ivl_5", 0 0, L_000002e39382e080;  1 drivers
v000002e393739320_0 .net *"_ivl_6", 0 0, L_000002e39382d7c0;  1 drivers
S_000002e3937d8590 .scope generate, "genblk1[46]" "genblk1[46]" 3 9, 3 9 0, S_000002e3936f2870;
 .timescale -9 -12;
P_000002e3937afdd0 .param/l "i" 0 3 9, +C4<0101110>;
L_000002e3938272f0 .functor AND 1, L_000002e39382ef80, L_000002e39383fac0, C4<1>, C4<1>;
L_000002e393828b70 .functor AND 1, L_000002e39382e800, v000002e3938244f0_0, C4<1>, C4<1>;
L_000002e393827f30 .functor OR 1, L_000002e39382d860, L_000002e39382d9a0, C4<0>, C4<0>;
v000002e393739aa0_0 .net *"_ivl_1", 0 0, L_000002e39382ef80;  1 drivers
v000002e393739dc0_0 .net *"_ivl_3", 0 0, L_000002e39382e800;  1 drivers
v000002e393739460_0 .net *"_ivl_5", 0 0, L_000002e39382d860;  1 drivers
v000002e393739140_0 .net *"_ivl_6", 0 0, L_000002e39382d9a0;  1 drivers
S_000002e3937d7c30 .scope generate, "genblk1[47]" "genblk1[47]" 3 9, 3 9 0, S_000002e3936f2870;
 .timescale -9 -12;
P_000002e3937afa10 .param/l "i" 0 3 9, +C4<0101111>;
L_000002e393827d70 .functor AND 1, L_000002e39382f020, L_000002e39383fac0, C4<1>, C4<1>;
L_000002e393827830 .functor AND 1, L_000002e39382da40, v000002e3938244f0_0, C4<1>, C4<1>;
L_000002e3938271a0 .functor OR 1, L_000002e39382f0c0, L_000002e39382f2a0, C4<0>, C4<0>;
v000002e3937d88a0_0 .net *"_ivl_1", 0 0, L_000002e39382f020;  1 drivers
v000002e3937dad80_0 .net *"_ivl_3", 0 0, L_000002e39382da40;  1 drivers
v000002e3937da240_0 .net *"_ivl_5", 0 0, L_000002e39382f0c0;  1 drivers
v000002e3937d9a20_0 .net *"_ivl_6", 0 0, L_000002e39382f2a0;  1 drivers
S_000002e3937d7460 .scope generate, "genblk1[48]" "genblk1[48]" 3 9, 3 9 0, S_000002e3936f2870;
 .timescale -9 -12;
P_000002e3937afe50 .param/l "i" 0 3 9, +C4<0110000>;
L_000002e393828550 .functor AND 1, L_000002e39382dea0, L_000002e39383fac0, C4<1>, C4<1>;
L_000002e393828be0 .functor AND 1, L_000002e39382e120, v000002e3938244f0_0, C4<1>, C4<1>;
L_000002e393827e50 .functor OR 1, L_000002e39382e1c0, L_000002e39382e260, C4<0>, C4<0>;
v000002e3937d9840_0 .net *"_ivl_1", 0 0, L_000002e39382dea0;  1 drivers
v000002e3937d8bc0_0 .net *"_ivl_3", 0 0, L_000002e39382e120;  1 drivers
v000002e3937d9660_0 .net *"_ivl_5", 0 0, L_000002e39382e1c0;  1 drivers
v000002e3937da2e0_0 .net *"_ivl_6", 0 0, L_000002e39382e260;  1 drivers
S_000002e3937d67e0 .scope generate, "genblk1[49]" "genblk1[49]" 3 9, 3 9 0, S_000002e3936f2870;
 .timescale -9 -12;
P_000002e3937aff10 .param/l "i" 0 3 9, +C4<0110001>;
L_000002e393827de0 .functor AND 1, L_000002e39382e440, L_000002e39383fac0, C4<1>, C4<1>;
L_000002e393827280 .functor AND 1, L_000002e39382e8a0, v000002e3938244f0_0, C4<1>, C4<1>;
L_000002e3938273d0 .functor OR 1, L_000002e39382e940, L_000002e393831be0, C4<0>, C4<0>;
v000002e3937daa60_0 .net *"_ivl_1", 0 0, L_000002e39382e440;  1 drivers
v000002e3937d9980_0 .net *"_ivl_3", 0 0, L_000002e39382e8a0;  1 drivers
v000002e3937da560_0 .net *"_ivl_5", 0 0, L_000002e39382e940;  1 drivers
v000002e3937da4c0_0 .net *"_ivl_6", 0 0, L_000002e393831be0;  1 drivers
S_000002e3937d75f0 .scope generate, "genblk1[50]" "genblk1[50]" 3 9, 3 9 0, S_000002e3936f2870;
 .timescale -9 -12;
P_000002e3937b00d0 .param/l "i" 0 3 9, +C4<0110010>;
L_000002e393827520 .functor AND 1, L_000002e393831140, L_000002e39383fac0, C4<1>, C4<1>;
L_000002e3938285c0 .functor AND 1, L_000002e393830060, v000002e3938244f0_0, C4<1>, C4<1>;
L_000002e393828780 .functor OR 1, L_000002e393831d20, L_000002e3938315a0, C4<0>, C4<0>;
v000002e3937daba0_0 .net *"_ivl_1", 0 0, L_000002e393831140;  1 drivers
v000002e3937d9480_0 .net *"_ivl_3", 0 0, L_000002e393830060;  1 drivers
v000002e3937d90c0_0 .net *"_ivl_5", 0 0, L_000002e393831d20;  1 drivers
v000002e3937da9c0_0 .net *"_ivl_6", 0 0, L_000002e3938315a0;  1 drivers
S_000002e3937d6970 .scope generate, "genblk1[51]" "genblk1[51]" 3 9, 3 9 0, S_000002e3936f2870;
 .timescale -9 -12;
P_000002e3937afb90 .param/l "i" 0 3 9, +C4<0110011>;
L_000002e393827ad0 .functor AND 1, L_000002e393830240, L_000002e39383fac0, C4<1>, C4<1>;
L_000002e393827b40 .functor AND 1, L_000002e3938310a0, v000002e3938244f0_0, C4<1>, C4<1>;
L_000002e393828d30 .functor OR 1, L_000002e393830420, L_000002e393830380, C4<0>, C4<0>;
v000002e3937da380_0 .net *"_ivl_1", 0 0, L_000002e393830240;  1 drivers
v000002e3937d8d00_0 .net *"_ivl_3", 0 0, L_000002e3938310a0;  1 drivers
v000002e3937d9de0_0 .net *"_ivl_5", 0 0, L_000002e393830420;  1 drivers
v000002e3937d8c60_0 .net *"_ivl_6", 0 0, L_000002e393830380;  1 drivers
S_000002e3937d7dc0 .scope generate, "genblk1[52]" "genblk1[52]" 3 9, 3 9 0, S_000002e3936f2870;
 .timescale -9 -12;
P_000002e3937afd90 .param/l "i" 0 3 9, +C4<0110100>;
L_000002e393828860 .functor AND 1, L_000002e393830f60, L_000002e39383fac0, C4<1>, C4<1>;
L_000002e393827bb0 .functor AND 1, L_000002e393830b00, v000002e3938244f0_0, C4<1>, C4<1>;
L_000002e393827c90 .functor OR 1, L_000002e393831640, L_000002e3938320e0, C4<0>, C4<0>;
v000002e3937da7e0_0 .net *"_ivl_1", 0 0, L_000002e393830f60;  1 drivers
v000002e3937d95c0_0 .net *"_ivl_3", 0 0, L_000002e393830b00;  1 drivers
v000002e3937da420_0 .net *"_ivl_5", 0 0, L_000002e393831640;  1 drivers
v000002e3937d93e0_0 .net *"_ivl_6", 0 0, L_000002e3938320e0;  1 drivers
S_000002e3937d7f50 .scope generate, "genblk1[53]" "genblk1[53]" 3 9, 3 9 0, S_000002e3936f2870;
 .timescale -9 -12;
P_000002e3937afd10 .param/l "i" 0 3 9, +C4<0110101>;
L_000002e3938288d0 .functor AND 1, L_000002e393832040, L_000002e39383fac0, C4<1>, C4<1>;
L_000002e393828940 .functor AND 1, L_000002e393830e20, v000002e3938244f0_0, C4<1>, C4<1>;
L_000002e393827590 .functor OR 1, L_000002e393830100, L_000002e39382f980, C4<0>, C4<0>;
v000002e3937d9ac0_0 .net *"_ivl_1", 0 0, L_000002e393832040;  1 drivers
v000002e3937d98e0_0 .net *"_ivl_3", 0 0, L_000002e393830e20;  1 drivers
v000002e3937d9d40_0 .net *"_ivl_5", 0 0, L_000002e393830100;  1 drivers
v000002e3937da600_0 .net *"_ivl_6", 0 0, L_000002e39382f980;  1 drivers
S_000002e3937d7780 .scope generate, "genblk1[54]" "genblk1[54]" 3 9, 3 9 0, S_000002e3936f2870;
 .timescale -9 -12;
P_000002e3937afbd0 .param/l "i" 0 3 9, +C4<0110110>;
L_000002e393828c50 .functor AND 1, L_000002e3938307e0, L_000002e39383fac0, C4<1>, C4<1>;
L_000002e393828240 .functor AND 1, L_000002e393831c80, v000002e3938244f0_0, C4<1>, C4<1>;
L_000002e393827ec0 .functor OR 1, L_000002e3938301a0, L_000002e39382fca0, C4<0>, C4<0>;
v000002e3937d9b60_0 .net *"_ivl_1", 0 0, L_000002e3938307e0;  1 drivers
v000002e3937daec0_0 .net *"_ivl_3", 0 0, L_000002e393831c80;  1 drivers
v000002e3937d8940_0 .net *"_ivl_5", 0 0, L_000002e3938301a0;  1 drivers
v000002e3937dae20_0 .net *"_ivl_6", 0 0, L_000002e39382fca0;  1 drivers
S_000002e3937d7910 .scope generate, "genblk1[55]" "genblk1[55]" 3 9, 3 9 0, S_000002e3936f2870;
 .timescale -9 -12;
P_000002e3937afc50 .param/l "i" 0 3 9, +C4<0110111>;
L_000002e3938282b0 .functor AND 1, L_000002e39382fac0, L_000002e39383fac0, C4<1>, C4<1>;
L_000002e3938289b0 .functor AND 1, L_000002e393830740, v000002e3938244f0_0, C4<1>, C4<1>;
L_000002e3938276e0 .functor OR 1, L_000002e393831320, L_000002e393830ba0, C4<0>, C4<0>;
v000002e3937d9f20_0 .net *"_ivl_1", 0 0, L_000002e39382fac0;  1 drivers
v000002e3937d9520_0 .net *"_ivl_3", 0 0, L_000002e393830740;  1 drivers
v000002e3937d8e40_0 .net *"_ivl_5", 0 0, L_000002e393831320;  1 drivers
v000002e3937dab00_0 .net *"_ivl_6", 0 0, L_000002e393830ba0;  1 drivers
S_000002e3937d6fb0 .scope generate, "genblk1[56]" "genblk1[56]" 3 9, 3 9 0, S_000002e3936f2870;
 .timescale -9 -12;
P_000002e3937afcd0 .param/l "i" 0 3 9, +C4<0111000>;
L_000002e3938279f0 .functor AND 1, L_000002e393830600, L_000002e39383fac0, C4<1>, C4<1>;
L_000002e393828a20 .functor AND 1, L_000002e3938316e0, v000002e3938244f0_0, C4<1>, C4<1>;
L_000002e393827fa0 .functor OR 1, L_000002e393831280, L_000002e393830880, C4<0>, C4<0>;
v000002e3937d8da0_0 .net *"_ivl_1", 0 0, L_000002e393830600;  1 drivers
v000002e3937dac40_0 .net *"_ivl_3", 0 0, L_000002e3938316e0;  1 drivers
v000002e3937d9e80_0 .net *"_ivl_5", 0 0, L_000002e393831280;  1 drivers
v000002e3937d9c00_0 .net *"_ivl_6", 0 0, L_000002e393830880;  1 drivers
S_000002e3937d6c90 .scope generate, "genblk1[57]" "genblk1[57]" 3 9, 3 9 0, S_000002e3936f2870;
 .timescale -9 -12;
P_000002e3937afc90 .param/l "i" 0 3 9, +C4<0111001>;
L_000002e3938277c0 .functor AND 1, L_000002e393831dc0, L_000002e39383fac0, C4<1>, C4<1>;
L_000002e3938278a0 .functor AND 1, L_000002e39382fa20, v000002e3938244f0_0, C4<1>, C4<1>;
L_000002e393827910 .functor OR 1, L_000002e393831500, L_000002e3938318c0, C4<0>, C4<0>;
v000002e3937d9700_0 .net *"_ivl_1", 0 0, L_000002e393831dc0;  1 drivers
v000002e3937d9fc0_0 .net *"_ivl_3", 0 0, L_000002e39382fa20;  1 drivers
v000002e3937d9160_0 .net *"_ivl_5", 0 0, L_000002e393831500;  1 drivers
v000002e3937d8ee0_0 .net *"_ivl_6", 0 0, L_000002e3938318c0;  1 drivers
S_000002e3937d6b00 .scope generate, "genblk1[58]" "genblk1[58]" 3 9, 3 9 0, S_000002e3936f2870;
 .timescale -9 -12;
P_000002e3937b0b50 .param/l "i" 0 3 9, +C4<0111010>;
L_000002e393828320 .functor AND 1, L_000002e393831b40, L_000002e39383fac0, C4<1>, C4<1>;
L_000002e393828da0 .functor AND 1, L_000002e393830a60, v000002e3938244f0_0, C4<1>, C4<1>;
L_000002e393828e10 .functor OR 1, L_000002e3938306a0, L_000002e393831000, C4<0>, C4<0>;
v000002e3937da6a0_0 .net *"_ivl_1", 0 0, L_000002e393831b40;  1 drivers
v000002e3937da740_0 .net *"_ivl_3", 0 0, L_000002e393830a60;  1 drivers
v000002e3937d9ca0_0 .net *"_ivl_5", 0 0, L_000002e3938306a0;  1 drivers
v000002e3937dace0_0 .net *"_ivl_6", 0 0, L_000002e393831000;  1 drivers
S_000002e3937d6e20 .scope generate, "genblk1[59]" "genblk1[59]" 3 9, 3 9 0, S_000002e3936f2870;
 .timescale -9 -12;
P_000002e3937b0850 .param/l "i" 0 3 9, +C4<0111011>;
L_000002e393828f60 .functor AND 1, L_000002e393831960, L_000002e39383fac0, C4<1>, C4<1>;
L_000002e393828fd0 .functor AND 1, L_000002e39382fb60, v000002e3938244f0_0, C4<1>, C4<1>;
L_000002e393828e80 .functor OR 1, L_000002e3938311e0, L_000002e3938313c0, C4<0>, C4<0>;
v000002e3937da060_0 .net *"_ivl_1", 0 0, L_000002e393831960;  1 drivers
v000002e3937da100_0 .net *"_ivl_3", 0 0, L_000002e39382fb60;  1 drivers
v000002e3937da1a0_0 .net *"_ivl_5", 0 0, L_000002e3938311e0;  1 drivers
v000002e3937d89e0_0 .net *"_ivl_6", 0 0, L_000002e3938313c0;  1 drivers
S_000002e3937d7aa0 .scope generate, "genblk1[60]" "genblk1[60]" 3 9, 3 9 0, S_000002e3936f2870;
 .timescale -9 -12;
P_000002e3937b0f10 .param/l "i" 0 3 9, +C4<0111100>;
L_000002e3938290b0 .functor AND 1, L_000002e393831f00, L_000002e39383fac0, C4<1>, C4<1>;
L_000002e393828ef0 .functor AND 1, L_000002e393830920, v000002e3938244f0_0, C4<1>, C4<1>;
L_000002e393829040 .functor OR 1, L_000002e393831e60, L_000002e3938309c0, C4<0>, C4<0>;
v000002e3937d97a0_0 .net *"_ivl_1", 0 0, L_000002e393831f00;  1 drivers
v000002e3937da880_0 .net *"_ivl_3", 0 0, L_000002e393830920;  1 drivers
v000002e3937da920_0 .net *"_ivl_5", 0 0, L_000002e393831e60;  1 drivers
v000002e3937d8a80_0 .net *"_ivl_6", 0 0, L_000002e3938309c0;  1 drivers
S_000002e3937d8270 .scope generate, "genblk1[61]" "genblk1[61]" 3 9, 3 9 0, S_000002e3936f2870;
 .timescale -9 -12;
P_000002e3937b0cd0 .param/l "i" 0 3 9, +C4<0111101>;
L_000002e39383ec50 .functor AND 1, L_000002e393830c40, L_000002e39383fac0, C4<1>, C4<1>;
L_000002e39383ea90 .functor AND 1, L_000002e39382fc00, v000002e3938244f0_0, C4<1>, C4<1>;
L_000002e39383e8d0 .functor OR 1, L_000002e3938304c0, L_000002e393831820, C4<0>, C4<0>;
v000002e3937daf60_0 .net *"_ivl_1", 0 0, L_000002e393830c40;  1 drivers
v000002e3937d8800_0 .net *"_ivl_3", 0 0, L_000002e39382fc00;  1 drivers
v000002e3937d8b20_0 .net *"_ivl_5", 0 0, L_000002e3938304c0;  1 drivers
v000002e3937d8f80_0 .net *"_ivl_6", 0 0, L_000002e393831820;  1 drivers
S_000002e3937d80e0 .scope generate, "genblk1[62]" "genblk1[62]" 3 9, 3 9 0, S_000002e3936f2870;
 .timescale -9 -12;
P_000002e3937b0bd0 .param/l "i" 0 3 9, +C4<0111110>;
L_000002e39383f900 .functor AND 1, L_000002e393830ce0, L_000002e39383fac0, C4<1>, C4<1>;
L_000002e39383feb0 .functor AND 1, L_000002e393830d80, v000002e3938244f0_0, C4<1>, C4<1>;
L_000002e393840000 .functor OR 1, L_000002e39382fd40, L_000002e393831460, C4<0>, C4<0>;
v000002e3937d9020_0 .net *"_ivl_1", 0 0, L_000002e393830ce0;  1 drivers
v000002e3937d9200_0 .net *"_ivl_3", 0 0, L_000002e393830d80;  1 drivers
v000002e3937d92a0_0 .net *"_ivl_5", 0 0, L_000002e39382fd40;  1 drivers
v000002e3937d9340_0 .net *"_ivl_6", 0 0, L_000002e393831460;  1 drivers
S_000002e3937d7140 .scope generate, "genblk1[63]" "genblk1[63]" 3 9, 3 9 0, S_000002e3936f2870;
 .timescale -9 -12;
P_000002e3937b0e10 .param/l "i" 0 3 9, +C4<0111111>;
L_000002e39383eef0 .functor AND 1, L_000002e393830560, L_000002e39383fac0, C4<1>, C4<1>;
L_000002e39383f270 .functor AND 1, L_000002e393831fa0, v000002e3938244f0_0, C4<1>, C4<1>;
L_000002e39383f9e0 .functor OR 1, L_000002e393831a00, L_000002e393831aa0, C4<0>, C4<0>;
v000002e3937dc180_0 .net *"_ivl_1", 0 0, L_000002e393830560;  1 drivers
v000002e3937db820_0 .net *"_ivl_3", 0 0, L_000002e393831fa0;  1 drivers
v000002e3937dbaa0_0 .net *"_ivl_5", 0 0, L_000002e393831a00;  1 drivers
v000002e3937db640_0 .net *"_ivl_6", 0 0, L_000002e393831aa0;  1 drivers
    .scope S_000002e3937ab8a0;
T_1 ;
    %vpi_call 2 25 "$dumpfile", "multiplexer_tb.vcd" {0 0 0};
    %vpi_call 2 26 "$dumpvars", 32'sb00000000000000000000000000000000, S_000002e3937ab8a0 {0 0 0};
    %pushi/vec4 170, 0, 64;
    %store/vec4 v000002e3938255d0_0, 0, 64;
    %pushi/vec4 187, 0, 64;
    %store/vec4 v000002e393824810_0, 0, 64;
    %pushi/vec4 0, 0, 1;
    %store/vec4 v000002e3938244f0_0, 0, 1;
    %pushi/vec4 170, 0, 64;
    %store/vec4 v000002e3937995e0_0, 0, 64;
    %fork TD_multiplexer_tb.check, S_000002e3937ad340;
    %join;
    %pushi/vec4 1, 0, 1;
    %store/vec4 v000002e3938244f0_0, 0, 1;
    %pushi/vec4 187, 0, 64;
    %store/vec4 v000002e3937995e0_0, 0, 64;
    %fork TD_multiplexer_tb.check, S_000002e3937ad340;
    %join;
    %pushi/vec4 0, 0, 64;
    %store/vec4 v000002e3938255d0_0, 0, 64;
    %pushi/vec4 0, 0, 64;
    %store/vec4 v000002e393824810_0, 0, 64;
    %pushi/vec4 0, 0, 1;
    %store/vec4 v000002e3938244f0_0, 0, 1;
    %pushi/vec4 0, 0, 64;
    %store/vec4 v000002e3937995e0_0, 0, 64;
    %fork TD_multiplexer_tb.check, S_000002e3937ad340;
    %join;
    %pushi/vec4 1, 0, 1;
    %store/vec4 v000002e3938244f0_0, 0, 1;
    %pushi/vec4 0, 0, 64;
    %store/vec4 v000002e3937995e0_0, 0, 64;
    %fork TD_multiplexer_tb.check, S_000002e3937ad340;
    %join;
    %pushi/vec4 4294967295, 0, 32;
    %concati/vec4 4294967295, 0, 32;
    %store/vec4 v000002e3938255d0_0, 0, 64;
    %pushi/vec4 4294967295, 0, 32;
    %concati/vec4 4294967295, 0, 32;
    %store/vec4 v000002e393824810_0, 0, 64;
    %pushi/vec4 0, 0, 1;
    %store/vec4 v000002e3938244f0_0, 0, 1;
    %pushi/vec4 4294967295, 0, 32;
    %concati/vec4 4294967295, 0, 32;
    %store/vec4 v000002e3937995e0_0, 0, 64;
    %fork TD_multiplexer_tb.check, S_000002e3937ad340;
    %join;
    %pushi/vec4 1, 0, 1;
    %store/vec4 v000002e3938244f0_0, 0, 1;
    %pushi/vec4 4294967295, 0, 32;
    %concati/vec4 4294967295, 0, 32;
    %store/vec4 v000002e3937995e0_0, 0, 64;
    %fork TD_multiplexer_tb.check, S_000002e3937ad340;
    %join;
    %pushi/vec4 2863311530, 0, 32;
    %concati/vec4 2863311530, 0, 32;
    %store/vec4 v000002e3938255d0_0, 0, 64;
    %pushi/vec4 2863311530, 0, 33;
    %concati/vec4 1431655765, 0, 31;
    %store/vec4 v000002e393824810_0, 0, 64;
    %pushi/vec4 0, 0, 1;
    %store/vec4 v000002e3938244f0_0, 0, 1;
    %pushi/vec4 2863311530, 0, 32;
    %concati/vec4 2863311530, 0, 32;
    %store/vec4 v000002e3937995e0_0, 0, 64;
    %fork TD_multiplexer_tb.check, S_000002e3937ad340;
    %join;
    %pushi/vec4 1, 0, 1;
    %store/vec4 v000002e3938244f0_0, 0, 1;
    %pushi/vec4 2863311530, 0, 33;
    %concati/vec4 1431655765, 0, 31;
    %store/vec4 v000002e3937995e0_0, 0, 64;
    %fork TD_multiplexer_tb.check, S_000002e3937ad340;
    %join;
    %pushi/vec4 4294967295, 0, 32;
    %concati/vec4 4294967295, 0, 32;
    %store/vec4 v000002e3938255d0_0, 0, 64;
    %pushi/vec4 0, 0, 64;
    %store/vec4 v000002e393824810_0, 0, 64;
    %pushi/vec4 1, 0, 1;
    %store/vec4 v000002e3938244f0_0, 0, 1;
    %pushi/vec4 0, 0, 64;
    %store/vec4 v000002e3937995e0_0, 0, 64;
    %fork TD_multiplexer_tb.check, S_000002e3937ad340;
    %join;
    %pushi/vec4 0, 0, 1;
    %store/vec4 v000002e3938244f0_0, 0, 1;
    %pushi/vec4 4294967295, 0, 32;
    %concati/vec4 4294967295, 0, 32;
    %store/vec4 v000002e3937995e0_0, 0, 64;
    %fork TD_multiplexer_tb.check, S_000002e3937ad340;
    %join;
    %vpi_call 2 54 "$finish" {0 0 0};
    %end;
    .thread T_1;
# The file index is used to find the file name in the following table.
:file_names 4;
    "N/A";
    "<interactive>";
    "Multiplexer_tb.v";
    "./Multiplexer.v";
