#! /c/Source/iverilog-install/bin/vvp
:ivl_version "12.0 (devel)" "(s20150603-1539-g2693dd32b)";
:ivl_delay_selection "TYPICAL";
:vpi_time_precision - 12;
:vpi_module "C:\iverilog\lib\ivl\system.vpi";
:vpi_module "C:\iverilog\lib\ivl\vhdl_sys.vpi";
:vpi_module "C:\iverilog\lib\ivl\vhdl_textio.vpi";
:vpi_module "C:\iverilog\lib\ivl\v2005_math.vpi";
:vpi_module "C:\iverilog\lib\ivl\va_math.vpi";
S_00000200d55fb690 .scope module, "RegMem_tb" "RegMem_tb" 2 4;
 .timescale -9 -12;
v00000200d566c710_0 .var "clk", 0 0;
v00000200d566c670_0 .net "read_data1", 63 0, L_00000200d566bf90;  1 drivers
v00000200d566c350_0 .net "read_data2", 63 0, L_00000200d566b6d0;  1 drivers
v00000200d566bef0_0 .var "read_reg1", 4 0;
v00000200d566aff0_0 .var "read_reg2", 4 0;
v00000200d566c990_0 .var "reg_write_en", 0 0;
v00000200d566ab90_0 .var "reset", 0 0;
v00000200d566b090_0 .var "write_data", 63 0;
v00000200d566c170_0 .var "write_reg", 4 0;
E_00000200d5604090 .event posedge, v00000200d55feae0_0;
S_00000200d55fde40 .scope module, "uut" "RegMem" 2 10, 3 3 0, S_00000200d55fb690;
 .timescale -9 -12;
    .port_info 0 /INPUT 1 "clk";
    .port_info 1 /INPUT 1 "reset";
    .port_info 2 /INPUT 5 "read_reg1";
    .port_info 3 /INPUT 5 "read_reg2";
    .port_info 4 /INPUT 5 "write_reg";
    .port_info 5 /INPUT 64 "write_data";
    .port_info 6 /INPUT 1 "reg_write_en";
    .port_info 7 /OUTPUT 64 "read_data1";
    .port_info 8 /OUTPUT 64 "read_data2";
L_00000200d566cb58 .functor BUFT 1, C4<00000>, C4<0>, C4<0>, C4<0>;
v00000200d55fefe0_0 .net/2u *"_ivl_0", 4 0, L_00000200d566cb58;  1 drivers
L_00000200d566cbe8 .functor BUFT 1, C4<00>, C4<0>, C4<0>, C4<0>;
v00000200d55ff4e0_0 .net *"_ivl_11", 1 0, L_00000200d566cbe8;  1 drivers
L_00000200d566cc30 .functor BUFT 1, C4<00000>, C4<0>, C4<0>, C4<0>;
v00000200d55fe860_0 .net/2u *"_ivl_14", 4 0, L_00000200d566cc30;  1 drivers
v00000200d55fe9a0_0 .net *"_ivl_16", 0 0, L_00000200d566be50;  1 drivers
L_00000200d566cc78 .functor BUFT 1, C4<0000000000000000000000000000000000000000000000000000000000000000>, C4<0>, C4<0>, C4<0>;
v00000200d55fea40_0 .net/2u *"_ivl_18", 63 0, L_00000200d566cc78;  1 drivers
v00000200d55fe7c0_0 .net *"_ivl_2", 0 0, L_00000200d566c3f0;  1 drivers
v00000200d55ff1c0_0 .net *"_ivl_20", 63 0, L_00000200d566b810;  1 drivers
v00000200d55fed60_0 .net *"_ivl_22", 6 0, L_00000200d566c2b0;  1 drivers
L_00000200d566ccc0 .functor BUFT 1, C4<00>, C4<0>, C4<0>, C4<0>;
v00000200d55ff580_0 .net *"_ivl_25", 1 0, L_00000200d566ccc0;  1 drivers
L_00000200d566cba0 .functor BUFT 1, C4<0000000000000000000000000000000000000000000000000000000000000000>, C4<0>, C4<0>, C4<0>;
v00000200d55fecc0_0 .net/2u *"_ivl_4", 63 0, L_00000200d566cba0;  1 drivers
v00000200d55ff120_0 .net *"_ivl_6", 63 0, L_00000200d566b450;  1 drivers
v00000200d55ff620_0 .net *"_ivl_8", 6 0, L_00000200d566b950;  1 drivers
v00000200d55feae0_0 .net "clk", 0 0, v00000200d566c710_0;  1 drivers
v00000200d55fe720_0 .var/i "i", 31 0;
v00000200d55fee00_0 .net "read_data1", 63 0, L_00000200d566bf90;  alias, 1 drivers
v00000200d55ff080_0 .net "read_data2", 63 0, L_00000200d566b6d0;  alias, 1 drivers
v00000200d55ff260_0 .net "read_reg1", 4 0, v00000200d566bef0_0;  1 drivers
v00000200d55ff300_0 .net "read_reg2", 4 0, v00000200d566aff0_0;  1 drivers
v00000200d55ff3a0_0 .net "reg_write_en", 0 0, v00000200d566c990_0;  1 drivers
v00000200d55ff440 .array "registers", 31 0, 63 0;
v00000200d566b630_0 .net "reset", 0 0, v00000200d566ab90_0;  1 drivers
v00000200d566c7b0_0 .net "write_data", 63 0, v00000200d566b090_0;  1 drivers
v00000200d566b770_0 .net "write_reg", 4 0, v00000200d566c170_0;  1 drivers
E_00000200d5603d90 .event posedge, v00000200d566b630_0, v00000200d55feae0_0;
L_00000200d566c3f0 .cmp/eq 5, v00000200d566bef0_0, L_00000200d566cb58;
L_00000200d566b450 .array/port v00000200d55ff440, L_00000200d566b950;
L_00000200d566b950 .concat [ 5 2 0 0], v00000200d566bef0_0, L_00000200d566cbe8;
L_00000200d566bf90 .functor MUXZ 64, L_00000200d566b450, L_00000200d566cba0, L_00000200d566c3f0, C4<>;
L_00000200d566be50 .cmp/eq 5, v00000200d566aff0_0, L_00000200d566cc30;
L_00000200d566b810 .array/port v00000200d55ff440, L_00000200d566c2b0;
L_00000200d566c2b0 .concat [ 5 2 0 0], v00000200d566aff0_0, L_00000200d566ccc0;
L_00000200d566b6d0 .functor MUXZ 64, L_00000200d566b810, L_00000200d566cc78, L_00000200d566be50, C4<>;
S_00000200d55fc200 .scope task, "dump_registers" "dump_registers" 3 21, 3 21 0, S_00000200d55fde40;
 .timescale -9 -12;
v00000200d55feb80_0 .var/i "cycle_count", 31 0;
v00000200d55fec20_0 .var/i "file_handle", 31 0;
v00000200d55fe900_0 .var/i "j", 31 0;
TD_RegMem_tb.uut.dump_registers ;
    %vpi_func 3 26 "$fopen" 32, "register_file.txt", "w" {0 0 0};
    %store/vec4 v00000200d55fec20_0, 0, 32;
    %pushi/vec4 0, 0, 32;
    %store/vec4 v00000200d55fe900_0, 0, 32;
T_0.0 ;
    %load/vec4 v00000200d55fe900_0;
    %cmpi/s 32, 0, 32;
    %jmp/0xz T_0.1, 5;
    %vpi_call 3 28 "$fwrite", v00000200d55fec20_0, "%016h\012", &A<v00000200d55ff440, v00000200d55fe900_0 > {0 0 0};
    %load/vec4 v00000200d55fe900_0;
    %addi 1, 0, 32;
    %store/vec4 v00000200d55fe900_0, 0, 32;
    %jmp T_0.0;
T_0.1 ;
    %vpi_call 3 30 "$fwrite", v00000200d55fec20_0, "%0d\012", v00000200d55feb80_0 {0 0 0};
    %vpi_call 3 31 "$fclose", v00000200d55fec20_0 {0 0 0};
    %end;
    .scope S_00000200d55fde40;
T_1 ;
    %wait E_00000200d5603d90;
    %load/vec4 v00000200d566b630_0;
    %flag_set/vec4 8;
    %jmp/0xz  T_1.0, 8;
    %pushi/vec4 0, 0, 32;
    %store/vec4 v00000200d55fe720_0, 0, 32;
T_1.2 ;
    %load/vec4 v00000200d55fe720_0;
    %cmpi/s 32, 0, 32;
    %jmp/0xz T_1.3, 5;
    %pushi/vec4 0, 0, 64;
    %ix/getv/s 3, v00000200d55fe720_0;
    %ix/load 4, 0, 0; Constant delay
    %assign/vec4/a/d v00000200d55ff440, 0, 4;
    %load/vec4 v00000200d55fe720_0;
    %addi 1, 0, 32;
    %store/vec4 v00000200d55fe720_0, 0, 32;
    %jmp T_1.2;
T_1.3 ;
    %jmp T_1.1;
T_1.0 ;
    %load/vec4 v00000200d55ff3a0_0;
    %flag_set/vec4 9;
    %flag_get/vec4 9;
    %jmp/0 T_1.6, 9;
    %load/vec4 v00000200d566b770_0;
    %pushi/vec4 0, 0, 5;
    %cmp/ne;
    %flag_get/vec4 4;
    %and;
T_1.6;
    %flag_set/vec4 8;
    %jmp/0xz  T_1.4, 8;
    %load/vec4 v00000200d566c7b0_0;
    %load/vec4 v00000200d566b770_0;
    %pad/u 7;
    %ix/vec4 3;
    %ix/load 4, 0, 0; Constant delay
    %assign/vec4/a/d v00000200d55ff440, 0, 4;
T_1.4 ;
T_1.1 ;
    %jmp T_1;
    .thread T_1;
    .scope S_00000200d55fb690;
T_2 ;
    %pushi/vec4 0, 0, 1;
    %store/vec4 v00000200d566c710_0, 0, 1;
    %end;
    .thread T_2;
    .scope S_00000200d55fb690;
T_3 ;
    %delay 5000, 0;
    %load/vec4 v00000200d566c710_0;
    %inv;
    %store/vec4 v00000200d566c710_0, 0, 1;
    %jmp T_3;
    .thread T_3;
    .scope S_00000200d55fb690;
T_4 ;
    %vpi_call 2 20 "$dumpfile", "RegMem_tb.vcd" {0 0 0};
    %vpi_call 2 21 "$dumpvars", 32'sb00000000000000000000000000000000, S_00000200d55fb690 {0 0 0};
    %pushi/vec4 1, 0, 1;
    %store/vec4 v00000200d566ab90_0, 0, 1;
    %pushi/vec4 0, 0, 1;
    %store/vec4 v00000200d566c990_0, 0, 1;
    %pushi/vec4 0, 0, 5;
    %store/vec4 v00000200d566bef0_0, 0, 5;
    %pushi/vec4 0, 0, 5;
    %store/vec4 v00000200d566aff0_0, 0, 5;
    %pushi/vec4 0, 0, 5;
    %store/vec4 v00000200d566c170_0, 0, 5;
    %pushi/vec4 0, 0, 64;
    %store/vec4 v00000200d566b090_0, 0, 64;
    %delay 10000, 0;
    %pushi/vec4 0, 0, 1;
    %store/vec4 v00000200d566ab90_0, 0, 1;
    %pushi/vec4 1, 0, 5;
    %store/vec4 v00000200d566bef0_0, 0, 5;
    %delay 1000, 0;
    %vpi_call 2 33 "$display", "RESET TEST: x1 = %h (expected 0)", v00000200d566c670_0 {0 0 0};
    %wait E_00000200d5604090;
    %pushi/vec4 1, 0, 1;
    %store/vec4 v00000200d566c990_0, 0, 1;
    %pushi/vec4 1, 0, 5;
    %store/vec4 v00000200d566c170_0, 0, 5;
    %pushi/vec4 3735928559, 0, 32;
    %concati/vec4 3405691582, 0, 32;
    %store/vec4 v00000200d566b090_0, 0, 64;
    %wait E_00000200d5604090;
    %pushi/vec4 0, 0, 1;
    %store/vec4 v00000200d566c990_0, 0, 1;
    %pushi/vec4 1, 0, 5;
    %store/vec4 v00000200d566bef0_0, 0, 5;
    %pushi/vec4 0, 0, 5;
    %store/vec4 v00000200d566aff0_0, 0, 5;
    %delay 1000, 0;
    %vpi_call 2 45 "$display", "WRITE TEST: x1 = %h (expected DEAD_BEEF_CAFE_BABE)", v00000200d566c670_0 {0 0 0};
    %vpi_call 2 46 "$display", "WRITE TEST: x0 = %h (expected 0)", v00000200d566c350_0 {0 0 0};
    %wait E_00000200d5604090;
    %pushi/vec4 1, 0, 1;
    %store/vec4 v00000200d566c990_0, 0, 1;
    %pushi/vec4 0, 0, 5;
    %store/vec4 v00000200d566c170_0, 0, 5;
    %pushi/vec4 4294967295, 0, 32;
    %concati/vec4 4294967295, 0, 32;
    %store/vec4 v00000200d566b090_0, 0, 64;
    %wait E_00000200d5604090;
    %pushi/vec4 0, 0, 1;
    %store/vec4 v00000200d566c990_0, 0, 1;
    %pushi/vec4 0, 0, 5;
    %store/vec4 v00000200d566bef0_0, 0, 5;
    %delay 1000, 0;
    %vpi_call 2 57 "$display", "x0 TEST: x0 = %h (expected 0)", v00000200d566c670_0 {0 0 0};
    %wait E_00000200d5604090;
    %pushi/vec4 1, 0, 1;
    %store/vec4 v00000200d566c990_0, 0, 1;
    %pushi/vec4 2, 0, 5;
    %store/vec4 v00000200d566c170_0, 0, 5;
    %pushi/vec4 10, 0, 64;
    %store/vec4 v00000200d566b090_0, 0, 64;
    %wait E_00000200d5604090;
    %pushi/vec4 3, 0, 5;
    %store/vec4 v00000200d566c170_0, 0, 5;
    %pushi/vec4 20, 0, 64;
    %store/vec4 v00000200d566b090_0, 0, 64;
    %wait E_00000200d5604090;
    %pushi/vec4 0, 0, 1;
    %store/vec4 v00000200d566c990_0, 0, 1;
    %pushi/vec4 2, 0, 5;
    %store/vec4 v00000200d566bef0_0, 0, 5;
    %pushi/vec4 3, 0, 5;
    %store/vec4 v00000200d566aff0_0, 0, 5;
    %delay 1000, 0;
    %vpi_call 2 69 "$display", "MULTI WRITE: x2 = %d (expected 10)", v00000200d566c670_0 {0 0 0};
    %vpi_call 2 70 "$display", "MULTI WRITE: x3 = %d (expected 20)", v00000200d566c350_0 {0 0 0};
    %pushi/vec4 3, 0, 5;
    %store/vec4 v00000200d566bef0_0, 0, 5;
    %pushi/vec4 3, 0, 5;
    %store/vec4 v00000200d566aff0_0, 0, 5;
    %delay 1000, 0;
    %vpi_call 2 75 "$display", "DUAL READ: x3 = %d , %d (expected 20,20)", v00000200d566c670_0, v00000200d566c350_0 {0 0 0};
    %pushi/vec4 1, 0, 1;
    %store/vec4 v00000200d566ab90_0, 0, 1;
    %delay 10000, 0;
    %pushi/vec4 0, 0, 1;
    %store/vec4 v00000200d566ab90_0, 0, 1;
    %pushi/vec4 1, 0, 5;
    %store/vec4 v00000200d566bef0_0, 0, 5;
    %pushi/vec4 2, 0, 5;
    %store/vec4 v00000200d566aff0_0, 0, 5;
    %delay 1000, 0;
    %vpi_call 2 80 "$display", "RESET AFTER WRITE: x1=%h x2=%h (expected 0,0)", v00000200d566c670_0, v00000200d566c350_0 {0 0 0};
    %wait E_00000200d5604090;
    %pushi/vec4 1, 0, 1;
    %store/vec4 v00000200d566c990_0, 0, 1;
    %pushi/vec4 5, 0, 5;
    %store/vec4 v00000200d566c170_0, 0, 5;
    %pushi/vec4 2443359172, 0, 35;
    %concati/vec4 448585456, 0, 29;
    %store/vec4 v00000200d566b090_0, 0, 64;
    %wait E_00000200d5604090;
    %pushi/vec4 0, 0, 1;
    %store/vec4 v00000200d566c990_0, 0, 1;
    %pushi/vec4 5, 0, 5;
    %store/vec4 v00000200d566bef0_0, 0, 5;
    %delay 1000, 0;
    %vpi_call 2 90 "$display", "POST RESET WRITE: x5=%h (expected 123456789ABCDEF0)", v00000200d566c670_0 {0 0 0};
    %pushi/vec4 42, 0, 32;
    %store/vec4 v00000200d55feb80_0, 0, 32;
    %fork TD_RegMem_tb.uut.dump_registers, S_00000200d55fc200;
    %join;
    %vpi_call 2 93 "$display", "register_file.txt dumped (cycle_count = 42)" {0 0 0};
    %vpi_call 2 94 "$finish" {0 0 0};
    %end;
    .thread T_4;
# The file index is used to find the file name in the following table.
:file_names 4;
    "N/A";
    "<interactive>";
    "RegMem_tb.v";
    "./RegMem.v";
